[2025-05-27 13:51:02.913] [INFO] 日志目录初始化成功: D:/_Tools/My_Tools_Project/NetworkConfigManager/bin/logs
[2025-05-27 14:27:23.867] [INFO] 日志目录初始化成功: D:/_Tools/My_Tools_Project/NetworkConfigManager/bin/logs
[2025-05-27 14:30:06.100] [INFO] 日志目录初始化成功: D:/_Tools/My_Tools_Project/NetworkConfigManager/bin/logs
[2025-05-27 14:42:54.381] [DEBUG] 开始检查单实例运行
[2025-05-27 14:42:55.049] [DEBUG] 检查程序是否已运行
[2025-05-27 14:42:55.049] [INFO] 单实例检查通过
[2025-05-27 14:42:55.812] [INFO] 使用的配置文件路径:D:\_Tools\My_Tools_Project\NetworkConfigManager\bin\config\posConfig.ini
[2025-05-27 14:42:56.321] [DEBUG] 初始化快速应用配置菜单
[2025-05-27 14:42:57.348] [INFO] 开始初始化UI组件
[2025-05-27 14:42:57.798] [DEBUG] 设置UI初始状态
[2025-05-27 14:42:57.798] [DEBUG] IP方法切换: DHCP
[2025-05-27 14:42:57.802] [DEBUG] 恢复窗口状态
[2025-05-27 14:42:57.802] [DEBUG] 恢复窗口状态
[2025-05-27 14:42:57.802] [INFO] 窗口状态已恢复
[2025-05-27 14:42:57.803] [WARNING] QPixmap::scaled: Pixmap is a null pixmap
[2025-05-27 14:42:57.803] [INFO] UI初始化完成
[2025-05-27 14:42:58.141] [INFO] 开始初始化应用程序配置
[2025-05-27 14:42:58.438] [INFO] 开始初始化应用程序
[2025-05-27 14:42:58.442] [INFO] 配置文件加载成功
[2025-05-27 14:42:58.442] [DEBUG] 更新网络接口列表
[2025-05-27 14:42:58.442] [DEBUG] 更新网络接口列表
[2025-05-27 14:42:58.570] [INFO] 找到 3 个网络接口
[2025-05-27 14:42:58.570] [DEBUG] 更新所有配置列表
[2025-05-27 14:42:58.571] [INFO] 显示 2 个配置
[2025-05-27 14:42:58.571] [DEBUG] 更新快速应用菜单
[2025-05-27 14:42:58.633] [DEBUG] 获取当前网卡的网络配置
[2025-05-27 14:42:58.633] [DEBUG] 查询接口配置: WLAN
[2025-05-27 14:42:58.693] [DEBUG] 接口 DHCP 状态: 禁用
[2025-05-27 14:42:58.753] [DEBUG] 尝试通过QNetworkInterface获取子网掩码
[2025-05-27 14:42:58.812] [DEBUG] 确定为静态IP模式
[2025-05-27 14:42:58.812] [INFO] 当前网络配置获取完成
[2025-05-27 14:42:58.813] [DEBUG] 获取当前网卡的网络配置
[2025-05-27 14:42:58.813] [DEBUG] 查询接口配置: MWS_WIFI
[2025-05-27 14:42:58.869] [DEBUG] 接口 DHCP 状态: 禁用
[2025-05-27 14:42:58.925] [DEBUG] 尝试通过QNetworkInterface获取子网掩码
[2025-05-27 14:42:58.934] [DEBUG] 确定为静态IP模式
[2025-05-27 14:42:58.934] [INFO] 当前网络配置获取完成
[2025-05-27 14:42:58.935] [DEBUG] 获取当前网卡的网络配置
[2025-05-27 14:42:58.935] [DEBUG] 查询接口配置: 以太网
[2025-05-27 14:42:58.995] [DEBUG] 接口 DHCP 状态: 禁用
[2025-05-27 14:42:59.051] [DEBUG] 尝试通过QNetworkInterface获取子网掩码
[2025-05-27 14:42:59.055] [DEBUG] 确定为静态IP模式
[2025-05-27 14:42:59.055] [INFO] 当前网络配置获取完成
[2025-05-27 14:42:59.055] [DEBUG] 比较静态IP配置
[2025-05-27 14:42:59.055] [DEBUG] 比较结果 - IP: 不匹配, 子网: 不匹配, 网关: 匹配
[2025-05-27 14:42:59.056] [DEBUG] 方法不匹配: static != dhcp
[2025-05-27 14:42:59.056] [INFO] 快速应用菜单更新完成
[2025-05-27 14:42:59.056] [INFO] 网络接口列表更新完成
[2025-05-27 14:42:59.056] [DEBUG] 刷新网卡列表
[2025-05-27 14:42:59.347] [DEBUG] 更新网卡控制状态: WLAN, 可启用: 0, 可禁用: 1
[2025-05-27 14:42:59.693] [DEBUG] 更新网卡控制状态: WLAN, 可启用: 0, 可禁用: 1
[2025-05-27 14:42:59.693] [INFO] 开机自启动状态: 已启用
[2025-05-27 14:42:59.693] [DEBUG] 显示浮动窗口
[2025-05-27 14:43:00.136] [INFO] 应用程序初始化完成
[2025-05-27 14:43:21.736] [INFO] 初始化系统托盘和悬浮窗
[2025-05-27 14:43:21.736] [INFO] 初始化系统托盘图标
[2025-05-27 14:43:21.749] [DEBUG] 更新快速应用菜单
[2025-05-27 14:43:21.883] [DEBUG] 获取当前网卡的网络配置
[2025-05-27 14:43:21.883] [DEBUG] 查询接口配置: WLAN
[2025-05-27 14:43:21.946] [DEBUG] 接口 DHCP 状态: 禁用
[2025-05-27 14:43:22.003] [DEBUG] 尝试通过QNetworkInterface获取子网掩码
[2025-05-27 14:43:22.006] [DEBUG] 确定为静态IP模式
[2025-05-27 14:43:22.006] [INFO] 当前网络配置获取完成
[2025-05-27 14:43:22.007] [DEBUG] 获取当前网卡的网络配置
[2025-05-27 14:43:22.007] [DEBUG] 查询接口配置: MWS_WIFI
[2025-05-27 14:43:22.062] [DEBUG] 接口 DHCP 状态: 禁用
[2025-05-27 14:43:22.117] [DEBUG] 尝试通过QNetworkInterface获取子网掩码
[2025-05-27 14:43:22.121] [DEBUG] 确定为静态IP模式
[2025-05-27 14:43:22.121] [INFO] 当前网络配置获取完成
[2025-05-27 14:43:22.121] [DEBUG] 获取当前网卡的网络配置
[2025-05-27 14:43:22.121] [DEBUG] 查询接口配置: 以太网
[2025-05-27 14:43:22.175] [DEBUG] 接口 DHCP 状态: 禁用
[2025-05-27 14:43:22.233] [DEBUG] 尝试通过QNetworkInterface获取子网掩码
[2025-05-27 14:43:22.238] [DEBUG] 确定为静态IP模式
[2025-05-27 14:43:22.238] [INFO] 当前网络配置获取完成
[2025-05-27 14:43:22.239] [DEBUG] 比较静态IP配置
[2025-05-27 14:43:22.239] [DEBUG] 比较结果 - IP: 不匹配, 子网: 不匹配, 网关: 匹配
[2025-05-27 14:43:22.239] [DEBUG] 方法不匹配: static != dhcp
[2025-05-27 14:43:22.239] [INFO] 快速应用菜单更新完成
[2025-05-27 14:43:22.491] [INFO] 系统托盘图标初始化完成
[2025-05-27 14:43:22.491] [DEBUG] 建立信号槽连接
[2025-05-27 14:43:22.491] [DEBUG] 开始建立信号槽连接
[2025-05-27 14:43:22.492] [INFO] 信号槽连接建立完成
[2025-05-27 14:43:22.492] [DEBUG] 显示悬浮窗
[2025-05-27 14:43:22.515] [INFO] 主窗口初始化完成
[2025-05-27 14:43:23.620] [INFO] 应用程序正常启动
[2025-05-27 14:43:29.863] [DEBUG] 显示悬浮窗上下文菜单
[2025-05-27 14:43:29.990] [DEBUG] 获取当前网卡的网络配置
[2025-05-27 14:43:29.990] [DEBUG] 查询接口配置: WLAN
[2025-05-27 14:43:30.048] [DEBUG] 接口 DHCP 状态: 禁用
[2025-05-27 14:43:30.104] [DEBUG] 尝试通过QNetworkInterface获取子网掩码
[2025-05-27 14:43:30.107] [DEBUG] 确定为静态IP模式
[2025-05-27 14:43:30.107] [INFO] 当前网络配置获取完成
[2025-05-27 14:43:30.166] [DEBUG] 获取当前网卡的网络配置
[2025-05-27 14:43:30.166] [DEBUG] 查询接口配置: MWS_WIFI
[2025-05-27 14:43:30.222] [DEBUG] 接口 DHCP 状态: 禁用
[2025-05-27 14:43:30.277] [DEBUG] 尝试通过QNetworkInterface获取子网掩码
[2025-05-27 14:43:30.282] [DEBUG] 确定为静态IP模式
[2025-05-27 14:43:30.282] [INFO] 当前网络配置获取完成
[2025-05-27 14:43:30.341] [DEBUG] 获取当前网卡的网络配置
[2025-05-27 14:43:30.341] [DEBUG] 查询接口配置: 以太网
[2025-05-27 14:43:30.395] [DEBUG] 接口 DHCP 状态: 禁用
[2025-05-27 14:43:30.451] [DEBUG] 尝试通过QNetworkInterface获取子网掩码
[2025-05-27 14:43:30.455] [DEBUG] 确定为静态IP模式
[2025-05-27 14:43:30.455] [INFO] 当前网络配置获取完成
[2025-05-27 14:43:30.455] [DEBUG] 比较静态IP配置
[2025-05-27 14:43:30.455] [DEBUG] 比较结果 - IP: 不匹配, 子网: 不匹配, 网关: 匹配
[2025-05-27 14:43:30.455] [DEBUG] 方法不匹配: static != dhcp
[2025-05-27 14:43:35.233] [INFO] 从悬浮窗菜单应用配置: 以太网 (专用)
[2025-05-27 14:43:35.233] [DEBUG] 获取当前网卡的网络配置
[2025-05-27 14:43:35.233] [DEBUG] 查询接口配置: 以太网
[2025-05-27 14:43:35.290] [DEBUG] 接口 DHCP 状态: 禁用
[2025-05-27 14:43:35.345] [DEBUG] 尝试通过QNetworkInterface获取子网掩码
[2025-05-27 14:43:35.359] [DEBUG] 确定为静态IP模式
[2025-05-27 14:43:35.359] [INFO] 当前网络配置获取完成
[2025-05-27 14:43:35.359] [DEBUG] 比较静态IP配置
[2025-05-27 14:43:35.359] [DEBUG] 比较结果 - IP: 不匹配, 子网: 不匹配, 网关: 匹配
[2025-05-27 14:43:35.427] [ERROR] 配置管理器错误: 设置静态IP地址失败
[2025-05-27 14:43:36.869] [ERROR] 配置应用失败: 设置静态IP地址失败
[2025-05-27 14:43:37.539] [DEBUG] 悬浮窗上下文菜单已显示
[2025-05-27 14:43:44.517] [DEBUG] 显示悬浮窗上下文菜单
[2025-05-27 14:43:44.645] [DEBUG] 获取当前网卡的网络配置
[2025-05-27 14:43:44.645] [DEBUG] 查询接口配置: WLAN
[2025-05-27 14:43:44.703] [DEBUG] 接口 DHCP 状态: 禁用
[2025-05-27 14:43:44.758] [DEBUG] 尝试通过QNetworkInterface获取子网掩码
[2025-05-27 14:43:44.762] [DEBUG] 确定为静态IP模式
[2025-05-27 14:43:44.762] [INFO] 当前网络配置获取完成
[2025-05-27 14:43:44.823] [DEBUG] 获取当前网卡的网络配置
[2025-05-27 14:43:44.823] [DEBUG] 查询接口配置: MWS_WIFI
[2025-05-27 14:43:44.879] [DEBUG] 接口 DHCP 状态: 禁用
[2025-05-27 14:43:44.934] [DEBUG] 尝试通过QNetworkInterface获取子网掩码
[2025-05-27 14:43:44.938] [DEBUG] 确定为静态IP模式
[2025-05-27 14:43:44.938] [INFO] 当前网络配置获取完成
[2025-05-27 14:43:44.998] [DEBUG] 获取当前网卡的网络配置
[2025-05-27 14:43:44.998] [DEBUG] 查询接口配置: 以太网
[2025-05-27 14:43:45.053] [DEBUG] 接口 DHCP 状态: 禁用
[2025-05-27 14:43:45.111] [DEBUG] 尝试通过QNetworkInterface获取子网掩码
[2025-05-27 14:43:45.114] [DEBUG] 确定为静态IP模式
[2025-05-27 14:43:45.114] [INFO] 当前网络配置获取完成
[2025-05-27 14:43:45.115] [DEBUG] 比较静态IP配置
[2025-05-27 14:43:45.115] [DEBUG] 比较结果 - IP: 不匹配, 子网: 不匹配, 网关: 匹配
[2025-05-27 14:43:45.115] [DEBUG] 方法不匹配: static != dhcp
[2025-05-27 14:43:47.888] [INFO] 从悬浮窗菜单应用配置: 以太网 (专用)
[2025-05-27 14:43:47.888] [DEBUG] 获取当前网卡的网络配置
[2025-05-27 14:43:47.888] [DEBUG] 查询接口配置: 以太网
[2025-05-27 14:43:47.945] [DEBUG] 接口 DHCP 状态: 禁用
[2025-05-27 14:43:48.001] [DEBUG] 尝试通过QNetworkInterface获取子网掩码
[2025-05-27 14:43:48.009] [DEBUG] 确定为静态IP模式
[2025-05-27 14:43:48.009] [INFO] 当前网络配置获取完成
[2025-05-27 14:43:48.009] [DEBUG] 方法不匹配: static != dhcp
[2025-05-27 14:43:48.127] [INFO] 配置应用成功: 以太网[自动获取IP]
[2025-05-27 14:43:48.127] [DEBUG] 更新快速应用菜单
[2025-05-27 14:43:48.185] [DEBUG] 获取当前网卡的网络配置
[2025-05-27 14:43:48.185] [DEBUG] 查询接口配置: WLAN
[2025-05-27 14:43:48.241] [DEBUG] 接口 DHCP 状态: 禁用
[2025-05-27 14:43:48.297] [DEBUG] 尝试通过QNetworkInterface获取子网掩码
[2025-05-27 14:43:48.305] [DEBUG] 确定为静态IP模式
[2025-05-27 14:43:48.305] [INFO] 当前网络配置获取完成
[2025-05-27 14:43:48.305] [DEBUG] 获取当前网卡的网络配置
[2025-05-27 14:43:48.305] [DEBUG] 查询接口配置: MWS_WIFI
[2025-05-27 14:43:48.360] [DEBUG] 接口 DHCP 状态: 禁用
[2025-05-27 14:43:48.414] [DEBUG] 尝试通过QNetworkInterface获取子网掩码
[2025-05-27 14:43:48.423] [DEBUG] 确定为静态IP模式
[2025-05-27 14:43:48.423] [INFO] 当前网络配置获取完成
[2025-05-27 14:43:48.423] [DEBUG] 获取当前网卡的网络配置
[2025-05-27 14:43:48.423] [DEBUG] 查询接口配置: 以太网
[2025-05-27 14:43:48.478] [DEBUG] 接口 DHCP 状态: 禁用
[2025-05-27 14:43:48.534] [DEBUG] 尝试通过QNetworkInterface获取子网掩码
[2025-05-27 14:43:48.543] [DEBUG] 确定为静态IP模式
[2025-05-27 14:43:48.543] [INFO] 当前网络配置获取完成
[2025-05-27 14:43:48.543] [DEBUG] 比较静态IP配置
[2025-05-27 14:43:48.543] [DEBUG] 比较结果 - IP: 不匹配, 子网: 不匹配, 网关: 匹配
[2025-05-27 14:43:48.543] [DEBUG] 方法不匹配: static != dhcp
[2025-05-27 14:43:48.543] [INFO] 快速应用菜单更新完成
[2025-05-27 14:43:48.544] [DEBUG] 悬浮窗上下文菜单已显示
[2025-05-27 14:43:49.043] [DEBUG] 更新快速应用菜单
[2025-05-27 14:43:49.101] [DEBUG] 获取当前网卡的网络配置
[2025-05-27 14:43:49.101] [DEBUG] 查询接口配置: WLAN
[2025-05-27 14:43:49.159] [DEBUG] 接口 DHCP 状态: 禁用
[2025-05-27 14:43:49.216] [DEBUG] 尝试通过QNetworkInterface获取子网掩码
[2025-05-27 14:43:49.220] [DEBUG] 确定为静态IP模式
[2025-05-27 14:43:49.220] [INFO] 当前网络配置获取完成
[2025-05-27 14:43:49.220] [DEBUG] 获取当前网卡的网络配置
[2025-05-27 14:43:49.220] [DEBUG] 查询接口配置: MWS_WIFI
[2025-05-27 14:43:49.277] [DEBUG] 接口 DHCP 状态: 禁用
[2025-05-27 14:43:49.333] [DEBUG] 尝试通过QNetworkInterface获取子网掩码
[2025-05-27 14:43:49.338] [DEBUG] 确定为静态IP模式
[2025-05-27 14:43:49.338] [INFO] 当前网络配置获取完成
[2025-05-27 14:43:49.338] [DEBUG] 获取当前网卡的网络配置
[2025-05-27 14:43:49.338] [DEBUG] 查询接口配置: 以太网
[2025-05-27 14:43:49.394] [DEBUG] 接口 DHCP 状态: 禁用
[2025-05-27 14:43:49.449] [DEBUG] 尝试通过QNetworkInterface获取子网掩码
[2025-05-27 14:43:49.452] [DEBUG] 确定为静态IP模式
[2025-05-27 14:43:49.453] [INFO] 当前网络配置获取完成
[2025-05-27 14:43:49.453] [DEBUG] 比较静态IP配置
[2025-05-27 14:43:49.453] [DEBUG] 比较结果 - IP: 不匹配, 子网: 不匹配, 网关: 匹配
[2025-05-27 14:43:49.453] [DEBUG] 方法不匹配: static != dhcp
[2025-05-27 14:43:49.453] [INFO] 快速应用菜单更新完成
[2025-05-27 14:43:51.573] [DEBUG] 显示悬浮窗上下文菜单
[2025-05-27 14:43:51.632] [DEBUG] 获取当前网卡的网络配置
[2025-05-27 14:43:51.632] [DEBUG] 查询接口配置: WLAN
[2025-05-27 14:43:51.690] [DEBUG] 接口 DHCP 状态: 禁用
[2025-05-27 14:43:51.746] [DEBUG] 尝试通过QNetworkInterface获取子网掩码
[2025-05-27 14:43:51.751] [DEBUG] 确定为静态IP模式
[2025-05-27 14:43:51.751] [INFO] 当前网络配置获取完成
[2025-05-27 14:43:51.811] [DEBUG] 获取当前网卡的网络配置
[2025-05-27 14:43:51.811] [DEBUG] 查询接口配置: MWS_WIFI
[2025-05-27 14:43:51.866] [DEBUG] 接口 DHCP 状态: 禁用
[2025-05-27 14:43:51.922] [DEBUG] 尝试通过QNetworkInterface获取子网掩码
[2025-05-27 14:43:51.926] [DEBUG] 确定为静态IP模式
[2025-05-27 14:43:51.926] [INFO] 当前网络配置获取完成
[2025-05-27 14:43:51.987] [DEBUG] 获取当前网卡的网络配置
[2025-05-27 14:43:51.987] [DEBUG] 查询接口配置: 以太网
[2025-05-27 14:43:52.042] [DEBUG] 接口 DHCP 状态: 禁用
[2025-05-27 14:43:52.095] [DEBUG] 尝试通过QNetworkInterface获取子网掩码
[2025-05-27 14:43:52.100] [DEBUG] 确定为静态IP模式
[2025-05-27 14:43:52.100] [INFO] 当前网络配置获取完成
[2025-05-27 14:43:52.100] [DEBUG] 比较静态IP配置
[2025-05-27 14:43:52.100] [DEBUG] 比较结果 - IP: 不匹配, 子网: 不匹配, 网关: 匹配
[2025-05-27 14:43:52.101] [DEBUG] 方法不匹配: static != dhcp
[2025-05-27 14:43:55.568] [INFO] 从悬浮窗菜单应用配置: 以太网 (专用)
[2025-05-27 14:43:55.568] [DEBUG] 获取当前网卡的网络配置
[2025-05-27 14:43:55.568] [DEBUG] 查询接口配置: 以太网
[2025-05-27 14:43:55.624] [DEBUG] 接口 DHCP 状态: 禁用
[2025-05-27 14:43:55.680] [DEBUG] 尝试通过QNetworkInterface获取子网掩码
[2025-05-27 14:43:55.688] [DEBUG] 确定为静态IP模式
[2025-05-27 14:43:55.688] [INFO] 当前网络配置获取完成
[2025-05-27 14:43:55.688] [DEBUG] 比较静态IP配置
[2025-05-27 14:43:55.688] [DEBUG] 比较结果 - IP: 不匹配, 子网: 不匹配, 网关: 匹配
[2025-05-27 14:43:55.748] [ERROR] 配置管理器错误: 设置静态IP地址失败
[2025-05-27 14:43:56.993] [ERROR] 配置应用失败: 设置静态IP地址失败
[2025-05-27 14:43:57.619] [DEBUG] 悬浮窗上下文菜单已显示
[2025-05-27 14:46:25.592] [DEBUG] 显示悬浮窗上下文菜单
[2025-05-27 14:46:25.661] [DEBUG] 获取当前网卡的网络配置
[2025-05-27 14:46:25.661] [DEBUG] 查询接口配置: WLAN
[2025-05-27 14:46:25.724] [DEBUG] 接口 DHCP 状态: 禁用
[2025-05-27 14:46:25.782] [DEBUG] 尝试通过QNetworkInterface获取子网掩码
[2025-05-27 14:46:25.788] [DEBUG] 确定为静态IP模式
[2025-05-27 14:46:25.788] [INFO] 当前网络配置获取完成
[2025-05-27 14:46:25.854] [DEBUG] 获取当前网卡的网络配置
[2025-05-27 14:46:25.854] [DEBUG] 查询接口配置: MWS_WIFI
[2025-05-27 14:46:25.913] [DEBUG] 接口 DHCP 状态: 禁用
[2025-05-27 14:46:25.972] [DEBUG] 尝试通过QNetworkInterface获取子网掩码
[2025-05-27 14:46:25.975] [DEBUG] 确定为静态IP模式
[2025-05-27 14:46:25.975] [INFO] 当前网络配置获取完成
[2025-05-27 14:46:26.040] [DEBUG] 获取当前网卡的网络配置
[2025-05-27 14:46:26.040] [DEBUG] 查询接口配置: 以太网
[2025-05-27 14:46:26.098] [DEBUG] 接口 DHCP 状态: 禁用
[2025-05-27 14:46:26.157] [DEBUG] 尝试通过QNetworkInterface获取子网掩码
[2025-05-27 14:46:26.160] [DEBUG] 确定为静态IP模式
[2025-05-27 14:46:26.160] [INFO] 当前网络配置获取完成
[2025-05-27 14:46:26.160] [DEBUG] 比较静态IP配置
[2025-05-27 14:46:26.160] [DEBUG] 比较结果 - IP: 不匹配, 子网: 不匹配, 网关: 匹配
[2025-05-27 14:46:26.160] [DEBUG] 方法不匹配: static != dhcp
[2025-05-27 14:46:27.335] [DEBUG] 悬浮窗上下文菜单已显示
[2025-05-27 14:46:27.896] [INFO] 主窗口关闭事件
[2025-05-27 14:46:27.896] [DEBUG] 保存窗口状态
[2025-05-27 14:46:27.897] [INFO] 窗口状态已保存
[2025-05-27 14:46:27.902] [DEBUG] 主窗口已隐藏，程序在后台运行
[2025-05-27 14:46:28.768] [DEBUG] 显示悬浮窗上下文菜单
[2025-05-27 14:46:28.832] [DEBUG] 获取当前网卡的网络配置
[2025-05-27 14:46:28.832] [DEBUG] 查询接口配置: WLAN
[2025-05-27 14:46:28.896] [DEBUG] 接口 DHCP 状态: 禁用
[2025-05-27 14:46:28.956] [DEBUG] 尝试通过QNetworkInterface获取子网掩码
[2025-05-27 14:46:28.960] [DEBUG] 确定为静态IP模式
[2025-05-27 14:46:28.960] [INFO] 当前网络配置获取完成
[2025-05-27 14:46:29.024] [DEBUG] 获取当前网卡的网络配置
[2025-05-27 14:46:29.024] [DEBUG] 查询接口配置: MWS_WIFI
[2025-05-27 14:46:29.098] [DEBUG] 接口 DHCP 状态: 禁用
[2025-05-27 14:46:29.160] [DEBUG] 尝试通过QNetworkInterface获取子网掩码
[2025-05-27 14:46:29.165] [DEBUG] 确定为静态IP模式
[2025-05-27 14:46:29.165] [INFO] 当前网络配置获取完成
[2025-05-27 14:46:29.247] [DEBUG] 获取当前网卡的网络配置
[2025-05-27 14:46:29.247] [DEBUG] 查询接口配置: 以太网
[2025-05-27 14:46:29.304] [DEBUG] 接口 DHCP 状态: 禁用
[2025-05-27 14:46:29.355] [DEBUG] 尝试通过QNetworkInterface获取子网掩码
[2025-05-27 14:46:29.358] [DEBUG] 确定为静态IP模式
[2025-05-27 14:46:29.358] [INFO] 当前网络配置获取完成
[2025-05-27 14:46:29.358] [DEBUG] 比较静态IP配置
[2025-05-27 14:46:29.358] [DEBUG] 比较结果 - IP: 不匹配, 子网: 不匹配, 网关: 匹配
[2025-05-27 14:46:29.358] [DEBUG] 方法不匹配: static != dhcp
[2025-05-27 14:46:37.996] [DEBUG] 刷新网卡列表
[2025-05-27 14:46:38.152] [DEBUG] 无可用网卡，禁用操作按钮
[2025-05-27 14:46:38.546] [DEBUG] 更新网卡控制状态: WLAN, 可启用: 0, 可禁用: 1
[2025-05-27 14:46:38.928] [DEBUG] 更新网卡控制状态: WLAN, 可启用: 0, 可禁用: 1
[2025-05-27 14:46:38.928] [DEBUG] 悬浮窗上下文菜单已显示
[2025-05-27 14:46:38.932] [DEBUG] 显示悬浮窗上下文菜单
[2025-05-27 14:46:39.002] [DEBUG] 获取当前网卡的网络配置
[2025-05-27 14:46:39.002] [DEBUG] 查询接口配置: WLAN
[2025-05-27 14:46:39.061] [DEBUG] 接口 DHCP 状态: 禁用
[2025-05-27 14:46:39.120] [DEBUG] 尝试通过QNetworkInterface获取子网掩码
[2025-05-27 14:46:39.123] [DEBUG] 确定为静态IP模式
[2025-05-27 14:46:39.123] [INFO] 当前网络配置获取完成
[2025-05-27 14:46:39.182] [DEBUG] 获取当前网卡的网络配置
[2025-05-27 14:46:39.182] [DEBUG] 查询接口配置: MWS_WIFI
[2025-05-27 14:46:39.238] [DEBUG] 接口 DHCP 状态: 禁用
[2025-05-27 14:46:39.294] [DEBUG] 尝试通过QNetworkInterface获取子网掩码
[2025-05-27 14:46:39.299] [DEBUG] 确定为静态IP模式
[2025-05-27 14:46:39.299] [INFO] 当前网络配置获取完成
[2025-05-27 14:46:39.357] [DEBUG] 获取当前网卡的网络配置
[2025-05-27 14:46:39.357] [DEBUG] 查询接口配置: 以太网
[2025-05-27 14:46:39.413] [DEBUG] 接口 DHCP 状态: 禁用
[2025-05-27 14:46:39.468] [DEBUG] 尝试通过QNetworkInterface获取子网掩码
[2025-05-27 14:46:39.471] [DEBUG] 确定为静态IP模式
[2025-05-27 14:46:39.471] [INFO] 当前网络配置获取完成
[2025-05-27 14:46:39.472] [DEBUG] 比较静态IP配置
[2025-05-27 14:46:39.472] [DEBUG] 比较结果 - IP: 不匹配, 子网: 不匹配, 网关: 匹配
[2025-05-27 14:46:39.472] [DEBUG] 方法不匹配: static != dhcp
[2025-05-27 14:46:44.811] [INFO] 从悬浮窗菜单应用配置: 以太网 (专用)
[2025-05-27 14:46:44.811] [DEBUG] 获取当前网卡的网络配置
[2025-05-27 14:46:44.811] [DEBUG] 查询接口配置: 以太网
[2025-05-27 14:46:44.876] [DEBUG] 接口 DHCP 状态: 禁用
[2025-05-27 14:46:44.940] [DEBUG] 尝试通过QNetworkInterface获取子网掩码
[2025-05-27 14:46:44.944] [DEBUG] 确定为静态IP模式
[2025-05-27 14:46:44.944] [INFO] 当前网络配置获取完成
[2025-05-27 14:46:44.944] [DEBUG] 方法不匹配: static != dhcp
[2025-05-27 14:46:45.273] [INFO] 配置应用成功: 以太网[自动获取IP]
[2025-05-27 14:46:45.273] [DEBUG] 更新快速应用菜单
[2025-05-27 14:46:45.351] [DEBUG] 获取当前网卡的网络配置
[2025-05-27 14:46:45.351] [DEBUG] 查询接口配置: WLAN
[2025-05-27 14:46:45.422] [DEBUG] 接口 DHCP 状态: 禁用
[2025-05-27 14:46:45.479] [DEBUG] 尝试通过QNetworkInterface获取子网掩码
[2025-05-27 14:46:45.483] [DEBUG] 确定为静态IP模式
[2025-05-27 14:46:45.483] [INFO] 当前网络配置获取完成
[2025-05-27 14:46:45.484] [DEBUG] 获取当前网卡的网络配置
[2025-05-27 14:46:45.484] [DEBUG] 查询接口配置: MWS_WIFI
[2025-05-27 14:46:45.541] [DEBUG] 接口 DHCP 状态: 禁用
[2025-05-27 14:46:45.600] [DEBUG] 尝试通过QNetworkInterface获取子网掩码
[2025-05-27 14:46:45.604] [DEBUG] 确定为静态IP模式
[2025-05-27 14:46:45.605] [INFO] 当前网络配置获取完成
[2025-05-27 14:46:45.605] [DEBUG] 获取当前网卡的网络配置
[2025-05-27 14:46:45.605] [DEBUG] 查询接口配置: 以太网
[2025-05-27 14:46:45.663] [DEBUG] 接口 DHCP 状态: 禁用
[2025-05-27 14:46:45.722] [DEBUG] 尝试通过QNetworkInterface获取子网掩码
[2025-05-27 14:46:45.726] [DEBUG] 确定为静态IP模式
[2025-05-27 14:46:45.726] [INFO] 当前网络配置获取完成
[2025-05-27 14:46:45.726] [DEBUG] 比较静态IP配置
[2025-05-27 14:46:45.727] [DEBUG] 比较结果 - IP: 不匹配, 子网: 不匹配, 网关: 匹配
[2025-05-27 14:46:45.727] [DEBUG] 方法不匹配: static != dhcp
[2025-05-27 14:46:45.727] [INFO] 快速应用菜单更新完成
[2025-05-27 14:46:45.727] [DEBUG] 悬浮窗上下文菜单已显示
[2025-05-27 14:46:46.228] [DEBUG] 更新快速应用菜单
[2025-05-27 14:46:46.309] [DEBUG] 获取当前网卡的网络配置
[2025-05-27 14:46:46.309] [DEBUG] 查询接口配置: WLAN
[2025-05-27 14:46:46.371] [DEBUG] 接口 DHCP 状态: 禁用
[2025-05-27 14:46:46.443] [DEBUG] 尝试通过QNetworkInterface获取子网掩码
[2025-05-27 14:46:46.447] [DEBUG] 确定为静态IP模式
[2025-05-27 14:46:46.447] [INFO] 当前网络配置获取完成
[2025-05-27 14:46:46.448] [DEBUG] 获取当前网卡的网络配置
[2025-05-27 14:46:46.448] [DEBUG] 查询接口配置: MWS_WIFI
[2025-05-27 14:46:46.511] [DEBUG] 接口 DHCP 状态: 禁用
[2025-05-27 14:46:46.574] [DEBUG] 尝试通过QNetworkInterface获取子网掩码
[2025-05-27 14:46:46.578] [DEBUG] 确定为静态IP模式
[2025-05-27 14:46:46.578] [INFO] 当前网络配置获取完成
[2025-05-27 14:46:46.579] [DEBUG] 获取当前网卡的网络配置
[2025-05-27 14:46:46.579] [DEBUG] 查询接口配置: 以太网
[2025-05-27 14:46:46.645] [DEBUG] 接口 DHCP 状态: 禁用
[2025-05-27 14:46:46.712] [DEBUG] 尝试通过QNetworkInterface获取子网掩码
[2025-05-27 14:46:46.716] [DEBUG] 确定为静态IP模式
[2025-05-27 14:46:46.716] [INFO] 当前网络配置获取完成
[2025-05-27 14:46:46.717] [DEBUG] 比较静态IP配置
[2025-05-27 14:46:46.717] [DEBUG] 比较结果 - IP: 不匹配, 子网: 不匹配, 网关: 匹配
[2025-05-27 14:46:46.717] [DEBUG] 方法不匹配: static != dhcp
[2025-05-27 14:46:46.717] [INFO] 快速应用菜单更新完成
[2025-05-27 14:46:46.888] [DEBUG] 显示悬浮窗上下文菜单
[2025-05-27 14:46:46.959] [DEBUG] 获取当前网卡的网络配置
[2025-05-27 14:46:46.959] [DEBUG] 查询接口配置: WLAN
[2025-05-27 14:46:47.027] [DEBUG] 接口 DHCP 状态: 禁用
[2025-05-27 14:46:47.091] [DEBUG] 尝试通过QNetworkInterface获取子网掩码
[2025-05-27 14:46:47.095] [DEBUG] 确定为静态IP模式
[2025-05-27 14:46:47.095] [INFO] 当前网络配置获取完成
[2025-05-27 14:46:47.165] [DEBUG] 获取当前网卡的网络配置
[2025-05-27 14:46:47.165] [DEBUG] 查询接口配置: MWS_WIFI
[2025-05-27 14:46:47.259] [DEBUG] 接口 DHCP 状态: 禁用
[2025-05-27 14:46:47.357] [DEBUG] 尝试通过QNetworkInterface获取子网掩码
[2025-05-27 14:46:47.361] [DEBUG] 确定为静态IP模式
[2025-05-27 14:46:47.361] [INFO] 当前网络配置获取完成
[2025-05-27 14:46:47.442] [DEBUG] 获取当前网卡的网络配置
[2025-05-27 14:46:47.442] [DEBUG] 查询接口配置: 以太网
[2025-05-27 14:46:47.503] [DEBUG] 接口 DHCP 状态: 禁用
[2025-05-27 14:46:47.561] [DEBUG] 尝试通过QNetworkInterface获取子网掩码
[2025-05-27 14:46:47.565] [DEBUG] 确定为静态IP模式
[2025-05-27 14:46:47.565] [INFO] 当前网络配置获取完成
[2025-05-27 14:46:47.565] [DEBUG] 比较静态IP配置
[2025-05-27 14:46:47.565] [DEBUG] 比较结果 - IP: 不匹配, 子网: 不匹配, 网关: 匹配
[2025-05-27 14:46:47.565] [DEBUG] 方法不匹配: static != dhcp
[2025-05-27 14:46:50.059] [INFO] 从悬浮窗菜单应用配置: 以太网 (专用)
[2025-05-27 14:46:50.059] [DEBUG] 获取当前网卡的网络配置
[2025-05-27 14:46:50.059] [DEBUG] 查询接口配置: 以太网
[2025-05-27 14:46:50.123] [DEBUG] 接口 DHCP 状态: 禁用
[2025-05-27 14:46:50.185] [DEBUG] 尝试通过QNetworkInterface获取子网掩码
[2025-05-27 14:46:50.190] [DEBUG] 确定为静态IP模式
[2025-05-27 14:46:50.190] [INFO] 当前网络配置获取完成
[2025-05-27 14:46:50.190] [DEBUG] 比较静态IP配置
[2025-05-27 14:46:50.190] [DEBUG] 比较结果 - IP: 不匹配, 子网: 不匹配, 网关: 匹配
[2025-05-27 14:46:50.346] [INFO] 配置应用成功: 以太网[192.168.4.101]
[2025-05-27 14:46:50.346] [DEBUG] 更新快速应用菜单
[2025-05-27 14:46:50.448] [DEBUG] 获取当前网卡的网络配置
[2025-05-27 14:46:50.448] [DEBUG] 查询接口配置: WLAN
[2025-05-27 14:46:50.542] [DEBUG] 接口 DHCP 状态: 禁用
[2025-05-27 14:46:50.639] [DEBUG] 尝试通过QNetworkInterface获取子网掩码
[2025-05-27 14:46:50.646] [DEBUG] 确定为静态IP模式
[2025-05-27 14:46:50.646] [INFO] 当前网络配置获取完成
[2025-05-27 14:46:50.647] [DEBUG] 获取当前网卡的网络配置
[2025-05-27 14:46:50.647] [DEBUG] 查询接口配置: MWS_WIFI
[2025-05-27 14:46:50.720] [DEBUG] 接口 DHCP 状态: 禁用
[2025-05-27 14:46:50.783] [DEBUG] 尝试通过QNetworkInterface获取子网掩码
[2025-05-27 14:46:50.788] [DEBUG] 确定为静态IP模式
[2025-05-27 14:46:50.788] [INFO] 当前网络配置获取完成
[2025-05-27 14:46:50.788] [DEBUG] 获取当前网卡的网络配置
[2025-05-27 14:46:50.788] [DEBUG] 查询接口配置: 以太网
[2025-05-27 14:46:50.847] [DEBUG] 接口 DHCP 状态: 禁用
[2025-05-27 14:46:50.902] [DEBUG] 尝试通过QNetworkInterface获取子网掩码
[2025-05-27 14:46:50.906] [DEBUG] 确定为静态IP模式
[2025-05-27 14:46:50.906] [INFO] 当前网络配置获取完成
[2025-05-27 14:46:50.907] [DEBUG] 比较静态IP配置
[2025-05-27 14:46:50.907] [DEBUG] 比较结果 - IP: 不匹配, 子网: 不匹配, 网关: 匹配
[2025-05-27 14:46:50.907] [DEBUG] 方法不匹配: static != dhcp
[2025-05-27 14:46:50.907] [INFO] 快速应用菜单更新完成
[2025-05-27 14:46:50.907] [DEBUG] 悬浮窗上下文菜单已显示
[2025-05-27 14:46:51.407] [DEBUG] 更新快速应用菜单
[2025-05-27 14:46:51.476] [DEBUG] 获取当前网卡的网络配置
[2025-05-27 14:46:51.476] [DEBUG] 查询接口配置: WLAN
[2025-05-27 14:46:51.549] [DEBUG] 接口 DHCP 状态: 禁用
[2025-05-27 14:46:51.612] [DEBUG] 尝试通过QNetworkInterface获取子网掩码
[2025-05-27 14:46:51.617] [DEBUG] 确定为静态IP模式
[2025-05-27 14:46:51.617] [INFO] 当前网络配置获取完成
[2025-05-27 14:46:51.617] [DEBUG] 获取当前网卡的网络配置
[2025-05-27 14:46:51.618] [DEBUG] 查询接口配置: MWS_WIFI
[2025-05-27 14:46:51.678] [DEBUG] 接口 DHCP 状态: 禁用
[2025-05-27 14:46:51.736] [DEBUG] 尝试通过QNetworkInterface获取子网掩码
[2025-05-27 14:46:51.740] [DEBUG] 确定为静态IP模式
[2025-05-27 14:46:51.740] [INFO] 当前网络配置获取完成
[2025-05-27 14:46:51.740] [DEBUG] 获取当前网卡的网络配置
[2025-05-27 14:46:51.740] [DEBUG] 查询接口配置: 以太网
[2025-05-27 14:46:51.802] [DEBUG] 接口 DHCP 状态: 禁用
[2025-05-27 14:46:51.863] [DEBUG] 尝试通过QNetworkInterface获取子网掩码
[2025-05-27 14:46:51.868] [DEBUG] 确定为静态IP模式
[2025-05-27 14:46:51.868] [INFO] 当前网络配置获取完成
[2025-05-27 14:46:51.868] [DEBUG] 比较静态IP配置
[2025-05-27 14:46:51.869] [DEBUG] 比较结果 - IP: 不匹配, 子网: 不匹配, 网关: 匹配
[2025-05-27 14:46:51.869] [DEBUG] 方法不匹配: static != dhcp
[2025-05-27 14:46:51.869] [INFO] 快速应用菜单更新完成
[2025-05-27 14:46:51.870] [DEBUG] 显示悬浮窗上下文菜单
[2025-05-27 14:46:51.936] [DEBUG] 获取当前网卡的网络配置
[2025-05-27 14:46:51.936] [DEBUG] 查询接口配置: WLAN
[2025-05-27 14:46:51.995] [DEBUG] 接口 DHCP 状态: 禁用
[2025-05-27 14:46:52.054] [DEBUG] 尝试通过QNetworkInterface获取子网掩码
[2025-05-27 14:46:52.058] [DEBUG] 确定为静态IP模式
[2025-05-27 14:46:52.058] [INFO] 当前网络配置获取完成
[2025-05-27 14:46:52.123] [DEBUG] 获取当前网卡的网络配置
[2025-05-27 14:46:52.123] [DEBUG] 查询接口配置: MWS_WIFI
[2025-05-27 14:46:52.182] [DEBUG] 接口 DHCP 状态: 禁用
[2025-05-27 14:46:52.240] [DEBUG] 尝试通过QNetworkInterface获取子网掩码
[2025-05-27 14:46:52.245] [DEBUG] 确定为静态IP模式
[2025-05-27 14:46:52.246] [INFO] 当前网络配置获取完成
[2025-05-27 14:46:52.307] [DEBUG] 获取当前网卡的网络配置
[2025-05-27 14:46:52.307] [DEBUG] 查询接口配置: 以太网
[2025-05-27 14:46:52.364] [DEBUG] 接口 DHCP 状态: 禁用
[2025-05-27 14:46:52.425] [DEBUG] 尝试通过QNetworkInterface获取子网掩码
[2025-05-27 14:46:52.431] [DEBUG] 确定为静态IP模式
[2025-05-27 14:46:52.431] [INFO] 当前网络配置获取完成
[2025-05-27 14:46:52.431] [DEBUG] 比较静态IP配置
[2025-05-27 14:46:52.431] [DEBUG] 比较结果 - IP: 不匹配, 子网: 不匹配, 网关: 匹配
[2025-05-27 14:46:52.431] [DEBUG] 方法不匹配: static != dhcp
[2025-05-27 14:46:58.173] [DEBUG] 悬浮窗上下文菜单已显示
