[2025-06-17 15:42:53.562] [DEBUG] 开始检查单实例运行
[2025-06-17 15:42:53.562] [DEBUG] 检查程序是否已运行
[2025-06-17 15:42:53.562] [INFO] 单实例检查通过
[2025-06-17 15:42:53.564] [INFO] 使用的配置文件路径:D:\_Tools\My_Tools_Project\NetworkConfigManager\bin\config\posConfig.ini
[2025-06-17 15:42:53.564] [DEBUG] 初始化快速应用配置菜单
[2025-06-17 15:42:53.564] [INFO] 开始初始化UI组件
[2025-06-17 15:42:53.564] [DEBUG] 设置UI初始状态
[2025-06-17 15:42:53.564] [DEBUG] IP方法切换: DHCP
[2025-06-17 15:42:53.564] [DEBUG] 恢复窗口状态
[2025-06-17 15:42:53.564] [DEBUG] 恢复窗口状态
[2025-06-17 15:42:53.564] [INFO] 窗口状态已恢复
[2025-06-17 15:42:53.565] [WARNING] QPixmap::scaled: Pixmap is a null pixmap
[2025-06-17 15:42:53.565] [INFO] UI初始化完成
[2025-06-17 15:42:53.565] [INFO] 开始初始化应用程序配置
[2025-06-17 15:42:53.565] [INFO] 开始初始化应用程序
[2025-06-17 15:42:53.568] [INFO] 配置文件加载成功
[2025-06-17 15:42:53.568] [DEBUG] 更新网络接口列表
[2025-06-17 15:42:53.568] [DEBUG] 更新网络接口列表
[2025-06-17 15:42:53.788] [INFO] 找到 3 个网络接口
[2025-06-17 15:42:53.789] [DEBUG] 更新所有配置列表
[2025-06-17 15:42:53.789] [INFO] 显示 2 个配置
[2025-06-17 15:42:53.789] [DEBUG] 更新快速应用菜单
[2025-06-17 15:42:53.853] [DEBUG] 获取当前网卡的网络配置
[2025-06-17 15:42:53.853] [DEBUG] 查询接口配置: WLAN
[2025-06-17 15:42:53.916] [DEBUG] 接口 DHCP 状态: 禁用
[2025-06-17 15:42:53.988] [DEBUG] 尝试通过QNetworkInterface获取子网掩码
[2025-06-17 15:42:53.998] [DEBUG] 确定为静态IP模式
[2025-06-17 15:42:53.998] [INFO] 当前网络配置获取完成
[2025-06-17 15:42:53.998] [DEBUG] 获取当前网卡的网络配置
[2025-06-17 15:42:53.998] [DEBUG] 查询接口配置: MWS_WIFI
[2025-06-17 15:42:54.079] [DEBUG] 接口 DHCP 状态: 禁用
[2025-06-17 15:42:54.151] [DEBUG] 尝试通过QNetworkInterface获取子网掩码
[2025-06-17 15:42:54.156] [DEBUG] 确定为静态IP模式
[2025-06-17 15:42:54.156] [INFO] 当前网络配置获取完成
[2025-06-17 15:42:54.156] [DEBUG] 获取当前网卡的网络配置
[2025-06-17 15:42:54.156] [DEBUG] 查询接口配置: 以太网
[2025-06-17 15:42:54.231] [DEBUG] 接口 DHCP 状态: 禁用
[2025-06-17 15:42:54.292] [DEBUG] 尝试通过QNetworkInterface获取子网掩码
[2025-06-17 15:42:54.295] [DEBUG] 确定为静态IP模式
[2025-06-17 15:42:54.295] [INFO] 当前网络配置获取完成
[2025-06-17 15:42:54.295] [DEBUG] 比较静态IP配置
[2025-06-17 15:42:54.295] [DEBUG] 比较结果 - IP: 不匹配, 子网: 不匹配, 网关: 匹配
[2025-06-17 15:42:54.295] [DEBUG] 方法不匹配: static != dhcp
[2025-06-17 15:42:54.295] [INFO] 快速应用菜单更新完成
[2025-06-17 15:42:54.296] [INFO] 网络接口列表更新完成
[2025-06-17 15:42:54.296] [DEBUG] 刷新网卡列表
[2025-06-17 15:42:54.597] [DEBUG] 更新网卡控制状态: WLAN, 可启用: 0, 可禁用: 1
[2025-06-17 15:42:54.949] [DEBUG] 更新网卡控制状态: WLAN, 可启用: 0, 可禁用: 1
[2025-06-17 15:42:54.982] [INFO] 开机自启动状态: 已禁用
[2025-06-17 15:42:54.982] [DEBUG] 显示浮动窗口
[2025-06-17 15:42:55.057] [INFO] 应用程序初始化完成
[2025-06-17 15:42:55.057] [INFO] 初始化系统托盘和悬浮窗
[2025-06-17 15:42:55.057] [INFO] 初始化系统托盘图标
[2025-06-17 15:42:55.133] [DEBUG] 更新快速应用菜单
[2025-06-17 15:42:55.197] [DEBUG] 获取当前网卡的网络配置
[2025-06-17 15:42:55.197] [DEBUG] 查询接口配置: WLAN
[2025-06-17 15:42:55.260] [DEBUG] 接口 DHCP 状态: 禁用
[2025-06-17 15:42:55.317] [DEBUG] 尝试通过QNetworkInterface获取子网掩码
[2025-06-17 15:42:55.320] [DEBUG] 确定为静态IP模式
[2025-06-17 15:42:55.320] [INFO] 当前网络配置获取完成
[2025-06-17 15:42:55.321] [DEBUG] 获取当前网卡的网络配置
[2025-06-17 15:42:55.321] [DEBUG] 查询接口配置: MWS_WIFI
[2025-06-17 15:42:55.376] [DEBUG] 接口 DHCP 状态: 禁用
[2025-06-17 15:42:55.432] [DEBUG] 尝试通过QNetworkInterface获取子网掩码
[2025-06-17 15:42:55.435] [DEBUG] 确定为静态IP模式
[2025-06-17 15:42:55.435] [INFO] 当前网络配置获取完成
[2025-06-17 15:42:55.435] [DEBUG] 获取当前网卡的网络配置
[2025-06-17 15:42:55.435] [DEBUG] 查询接口配置: 以太网
[2025-06-17 15:42:55.492] [DEBUG] 接口 DHCP 状态: 禁用
[2025-06-17 15:42:55.547] [DEBUG] 尝试通过QNetworkInterface获取子网掩码
[2025-06-17 15:42:55.550] [DEBUG] 确定为静态IP模式
[2025-06-17 15:42:55.550] [INFO] 当前网络配置获取完成
[2025-06-17 15:42:55.550] [DEBUG] 比较静态IP配置
[2025-06-17 15:42:55.550] [DEBUG] 比较结果 - IP: 不匹配, 子网: 不匹配, 网关: 匹配
[2025-06-17 15:42:55.550] [DEBUG] 方法不匹配: static != dhcp
[2025-06-17 15:42:55.550] [INFO] 快速应用菜单更新完成
[2025-06-17 15:42:55.823] [INFO] 系统托盘图标初始化完成
[2025-06-17 15:42:55.823] [DEBUG] 建立信号槽连接
[2025-06-17 15:42:55.823] [DEBUG] 开始建立信号槽连接
[2025-06-17 15:42:55.823] [INFO] 信号槽连接建立完成
[2025-06-17 15:42:55.824] [DEBUG] 显示悬浮窗
[2025-06-17 15:42:55.833] [INFO] 主窗口初始化完成
[2025-06-17 15:42:55.855] [INFO] 应用程序正常启动
[2025-06-17 15:43:00.381] [INFO] 设置开机自启动: 启用
[2025-06-17 15:43:06.947] [DEBUG] 选择配置: [以太网] 自动获取IP
[2025-06-17 15:43:06.947] [DEBUG] 配置使用DHCP模式
[2025-06-17 15:43:06.947] [INFO] 已加载配置: [以太网] 自动获取IP
[2025-06-17 15:43:08.106] [INFO] 主窗口关闭事件
[2025-06-17 15:43:08.107] [DEBUG] 保存窗口状态
[2025-06-17 15:43:08.107] [INFO] 窗口状态已保存
[2025-06-17 15:43:08.111] [DEBUG] 主窗口已隐藏，程序在后台运行
