[2025-06-16 15:44:53.508] [DEBUG] 开始检查单实例运行
[2025-06-16 15:44:53.508] [DEBUG] 检查程序是否已运行
[2025-06-16 15:44:53.508] [INFO] 单实例检查通过
[2025-06-16 15:44:53.520] [INFO] 使用的配置文件路径:D:\_Tools\My_Tools_Project\NetworkConfigManager\bin\config\posConfig.ini
[2025-06-16 15:44:53.520] [DEBUG] 初始化快速应用配置菜单
[2025-06-16 15:44:53.521] [INFO] 开始初始化UI组件
[2025-06-16 15:44:53.521] [DEBUG] 设置UI初始状态
[2025-06-16 15:44:53.521] [DEBUG] IP方法切换: DHCP
[2025-06-16 15:44:53.521] [DEBUG] 恢复窗口状态
[2025-06-16 15:44:53.521] [DEBUG] 恢复窗口状态
[2025-06-16 15:44:53.521] [INFO] 窗口状态已恢复
[2025-06-16 15:44:53.521] [WARNING] QPixmap::scaled: Pixmap is a null pixmap
[2025-06-16 15:44:53.522] [INFO] UI初始化完成
[2025-06-16 15:44:53.522] [INFO] 开始初始化应用程序配置
[2025-06-16 15:44:53.522] [INFO] 开始初始化应用程序
[2025-06-16 15:44:53.522] [INFO] 配置文件加载成功
[2025-06-16 15:44:53.522] [DEBUG] 更新网络接口列表
[2025-06-16 15:44:53.522] [DEBUG] 更新网络接口列表
[2025-06-16 15:44:53.675] [INFO] 找到 3 个网络接口
[2025-06-16 15:44:53.676] [DEBUG] 更新所有配置列表
[2025-06-16 15:44:53.676] [INFO] 显示 2 个配置
[2025-06-16 15:44:53.676] [DEBUG] 更新快速应用菜单
[2025-06-16 15:44:53.738] [DEBUG] 获取当前网卡的网络配置
[2025-06-16 15:44:53.738] [DEBUG] 查询接口配置: WLAN
[2025-06-16 15:44:53.798] [DEBUG] 接口 DHCP 状态: 禁用
[2025-06-16 15:44:53.854] [DEBUG] 尝试通过QNetworkInterface获取子网掩码
[2025-06-16 15:44:53.876] [DEBUG] 确定为静态IP模式
[2025-06-16 15:44:53.876] [INFO] 当前网络配置获取完成
[2025-06-16 15:44:53.876] [DEBUG] 获取当前网卡的网络配置
[2025-06-16 15:44:53.876] [DEBUG] 查询接口配置: MWS_WIFI
[2025-06-16 15:44:53.933] [DEBUG] 接口 DHCP 状态: 禁用
[2025-06-16 15:44:53.988] [DEBUG] 尝试通过QNetworkInterface获取子网掩码
[2025-06-16 15:44:53.991] [DEBUG] 确定为静态IP模式
[2025-06-16 15:44:53.991] [INFO] 当前网络配置获取完成
[2025-06-16 15:44:53.992] [DEBUG] 获取当前网卡的网络配置
[2025-06-16 15:44:53.992] [DEBUG] 查询接口配置: 以太网
[2025-06-16 15:44:54.049] [DEBUG] 接口 DHCP 状态: 禁用
[2025-06-16 15:44:54.104] [DEBUG] 尝试通过QNetworkInterface获取子网掩码
[2025-06-16 15:44:54.107] [DEBUG] 确定为静态IP模式
[2025-06-16 15:44:54.107] [INFO] 当前网络配置获取完成
[2025-06-16 15:44:54.107] [DEBUG] 比较静态IP配置
[2025-06-16 15:44:54.107] [DEBUG] 比较结果 - IP: 不匹配, 子网: 不匹配, 网关: 匹配
[2025-06-16 15:44:54.107] [DEBUG] 方法不匹配: static != dhcp
[2025-06-16 15:44:54.107] [INFO] 快速应用菜单更新完成
[2025-06-16 15:44:54.107] [INFO] 网络接口列表更新完成
[2025-06-16 15:44:54.107] [DEBUG] 刷新网卡列表
[2025-06-16 15:44:54.402] [DEBUG] 更新网卡控制状态: WLAN, 可启用: 0, 可禁用: 1
[2025-06-16 15:44:54.846] [DEBUG] 更新网卡控制状态: WLAN, 可启用: 0, 可禁用: 1
[2025-06-16 15:44:54.846] [INFO] 开机自启动状态: 已启用
[2025-06-16 15:44:54.846] [DEBUG] 显示浮动窗口
[2025-06-16 15:44:54.874] [INFO] 应用程序初始化完成
[2025-06-16 15:44:54.874] [INFO] 初始化系统托盘和悬浮窗
[2025-06-16 15:44:54.874] [INFO] 初始化系统托盘图标
[2025-06-16 15:44:54.883] [DEBUG] 更新快速应用菜单
[2025-06-16 15:44:54.967] [DEBUG] 获取当前网卡的网络配置
[2025-06-16 15:44:54.967] [DEBUG] 查询接口配置: WLAN
[2025-06-16 15:44:55.019] [DEBUG] 接口 DHCP 状态: 禁用
[2025-06-16 15:44:55.074] [DEBUG] 尝试通过QNetworkInterface获取子网掩码
[2025-06-16 15:44:55.078] [DEBUG] 确定为静态IP模式
[2025-06-16 15:44:55.078] [INFO] 当前网络配置获取完成
[2025-06-16 15:44:55.078] [DEBUG] 获取当前网卡的网络配置
[2025-06-16 15:44:55.078] [DEBUG] 查询接口配置: MWS_WIFI
[2025-06-16 15:44:55.132] [DEBUG] 接口 DHCP 状态: 禁用
[2025-06-16 15:44:55.191] [DEBUG] 尝试通过QNetworkInterface获取子网掩码
[2025-06-16 15:44:55.194] [DEBUG] 确定为静态IP模式
[2025-06-16 15:44:55.195] [INFO] 当前网络配置获取完成
[2025-06-16 15:44:55.195] [DEBUG] 获取当前网卡的网络配置
[2025-06-16 15:44:55.195] [DEBUG] 查询接口配置: 以太网
[2025-06-16 15:44:55.258] [DEBUG] 接口 DHCP 状态: 禁用
[2025-06-16 15:44:55.319] [DEBUG] 尝试通过QNetworkInterface获取子网掩码
[2025-06-16 15:44:55.322] [DEBUG] 确定为静态IP模式
[2025-06-16 15:44:55.322] [INFO] 当前网络配置获取完成
[2025-06-16 15:44:55.322] [DEBUG] 比较静态IP配置
[2025-06-16 15:44:55.322] [DEBUG] 比较结果 - IP: 不匹配, 子网: 不匹配, 网关: 匹配
[2025-06-16 15:44:55.322] [DEBUG] 方法不匹配: static != dhcp
[2025-06-16 15:44:55.322] [INFO] 快速应用菜单更新完成
[2025-06-16 15:44:55.674] [INFO] 系统托盘图标初始化完成
[2025-06-16 15:44:55.674] [DEBUG] 建立信号槽连接
[2025-06-16 15:44:55.674] [DEBUG] 开始建立信号槽连接
[2025-06-16 15:44:55.674] [INFO] 信号槽连接建立完成
[2025-06-16 15:44:55.674] [DEBUG] 显示悬浮窗
[2025-06-16 15:44:55.683] [INFO] 主窗口初始化完成
[2025-06-16 15:44:55.702] [INFO] 应用程序正常启动
[2025-06-16 15:45:03.602] [INFO] 主窗口关闭事件
[2025-06-16 15:45:03.602] [DEBUG] 保存窗口状态
[2025-06-16 15:45:03.602] [INFO] 窗口状态已保存
[2025-06-16 15:45:03.607] [DEBUG] 主窗口已隐藏，程序在后台运行
[2025-06-16 15:45:04.318] [DEBUG] 显示悬浮窗上下文菜单
[2025-06-16 15:45:04.456] [DEBUG] 获取当前网卡的网络配置
[2025-06-16 15:45:04.456] [DEBUG] 查询接口配置: WLAN
[2025-06-16 15:45:04.517] [DEBUG] 接口 DHCP 状态: 禁用
[2025-06-16 15:45:04.577] [DEBUG] 尝试通过QNetworkInterface获取子网掩码
[2025-06-16 15:45:04.580] [DEBUG] 确定为静态IP模式
[2025-06-16 15:45:04.580] [INFO] 当前网络配置获取完成
[2025-06-16 15:45:04.646] [DEBUG] 获取当前网卡的网络配置
[2025-06-16 15:45:04.646] [DEBUG] 查询接口配置: MWS_WIFI
[2025-06-16 15:45:04.706] [DEBUG] 接口 DHCP 状态: 禁用
[2025-06-16 15:45:04.792] [DEBUG] 尝试通过QNetworkInterface获取子网掩码
[2025-06-16 15:45:04.795] [DEBUG] 确定为静态IP模式
[2025-06-16 15:45:04.795] [INFO] 当前网络配置获取完成
[2025-06-16 15:45:04.882] [DEBUG] 获取当前网卡的网络配置
[2025-06-16 15:45:04.882] [DEBUG] 查询接口配置: 以太网
[2025-06-16 15:45:04.951] [DEBUG] 接口 DHCP 状态: 禁用
[2025-06-16 15:45:05.014] [DEBUG] 尝试通过QNetworkInterface获取子网掩码
[2025-06-16 15:45:05.017] [DEBUG] 确定为静态IP模式
[2025-06-16 15:45:05.017] [INFO] 当前网络配置获取完成
[2025-06-16 15:45:05.019] [DEBUG] 比较静态IP配置
[2025-06-16 15:45:05.019] [DEBUG] 比较结果 - IP: 不匹配, 子网: 不匹配, 网关: 匹配
[2025-06-16 15:45:05.019] [DEBUG] 方法不匹配: static != dhcp
[2025-06-16 15:45:08.708] [DEBUG] 刷新网卡列表
[2025-06-16 15:45:08.799] [DEBUG] 无可用网卡，禁用操作按钮
[2025-06-16 15:45:09.107] [DEBUG] 更新网卡控制状态: WLAN, 可启用: 0, 可禁用: 1
[2025-06-16 15:45:09.514] [DEBUG] 更新网卡控制状态: WLAN, 可启用: 0, 可禁用: 1
[2025-06-16 15:45:09.514] [DEBUG] 悬浮窗上下文菜单已显示
[2025-06-16 15:45:10.465] [DEBUG] 显示悬浮窗上下文菜单
[2025-06-16 15:45:10.533] [DEBUG] 获取当前网卡的网络配置
[2025-06-16 15:45:10.533] [DEBUG] 查询接口配置: WLAN
[2025-06-16 15:45:10.601] [DEBUG] 接口 DHCP 状态: 禁用
[2025-06-16 15:45:10.666] [DEBUG] 尝试通过QNetworkInterface获取子网掩码
[2025-06-16 15:45:10.670] [DEBUG] 确定为静态IP模式
[2025-06-16 15:45:10.670] [INFO] 当前网络配置获取完成
[2025-06-16 15:45:10.742] [DEBUG] 获取当前网卡的网络配置
[2025-06-16 15:45:10.742] [DEBUG] 查询接口配置: MWS_WIFI
[2025-06-16 15:45:10.802] [DEBUG] 接口 DHCP 状态: 禁用
[2025-06-16 15:45:10.861] [DEBUG] 尝试通过QNetworkInterface获取子网掩码
[2025-06-16 15:45:10.864] [DEBUG] 确定为静态IP模式
[2025-06-16 15:45:10.864] [INFO] 当前网络配置获取完成
[2025-06-16 15:45:10.933] [DEBUG] 获取当前网卡的网络配置
[2025-06-16 15:45:10.933] [DEBUG] 查询接口配置: 以太网
[2025-06-16 15:45:11.004] [DEBUG] 接口 DHCP 状态: 禁用
[2025-06-16 15:45:11.080] [DEBUG] 尝试通过QNetworkInterface获取子网掩码
[2025-06-16 15:45:11.084] [DEBUG] 确定为静态IP模式
[2025-06-16 15:45:11.084] [INFO] 当前网络配置获取完成
[2025-06-16 15:45:11.084] [DEBUG] 比较静态IP配置
[2025-06-16 15:45:11.084] [DEBUG] 比较结果 - IP: 不匹配, 子网: 不匹配, 网关: 匹配
[2025-06-16 15:45:11.084] [DEBUG] 方法不匹配: static != dhcp
[2025-06-16 15:45:13.259] [INFO] 从悬浮窗菜单应用配置: 以太网 (专用)
[2025-06-16 15:45:13.259] [DEBUG] 获取当前网卡的网络配置
[2025-06-16 15:45:13.259] [DEBUG] 查询接口配置: 以太网
[2025-06-16 15:45:13.331] [DEBUG] 接口 DHCP 状态: 禁用
[2025-06-16 15:45:13.420] [DEBUG] 尝试通过QNetworkInterface获取子网掩码
[2025-06-16 15:45:13.425] [DEBUG] 确定为静态IP模式
[2025-06-16 15:45:13.425] [INFO] 当前网络配置获取完成
[2025-06-16 15:45:13.425] [DEBUG] 比较静态IP配置
[2025-06-16 15:45:13.425] [DEBUG] 比较结果 - IP: 不匹配, 子网: 不匹配, 网关: 匹配
[2025-06-16 15:45:13.684] [INFO] 配置应用成功: 以太网[192.168.4.101]
[2025-06-16 15:45:13.684] [DEBUG] 更新快速应用菜单
[2025-06-16 15:45:13.811] [DEBUG] 获取当前网卡的网络配置
[2025-06-16 15:45:13.811] [DEBUG] 查询接口配置: WLAN
[2025-06-16 15:45:13.882] [DEBUG] 接口 DHCP 状态: 禁用
[2025-06-16 15:45:13.945] [DEBUG] 尝试通过QNetworkInterface获取子网掩码
[2025-06-16 15:45:13.950] [DEBUG] 确定为静态IP模式
[2025-06-16 15:45:13.950] [INFO] 当前网络配置获取完成
[2025-06-16 15:45:13.950] [DEBUG] 获取当前网卡的网络配置
[2025-06-16 15:45:13.950] [DEBUG] 查询接口配置: MWS_WIFI
[2025-06-16 15:45:14.010] [DEBUG] 接口 DHCP 状态: 禁用
[2025-06-16 15:45:14.074] [DEBUG] 尝试通过QNetworkInterface获取子网掩码
[2025-06-16 15:45:14.077] [DEBUG] 确定为静态IP模式
[2025-06-16 15:45:14.077] [INFO] 当前网络配置获取完成
[2025-06-16 15:45:14.077] [DEBUG] 获取当前网卡的网络配置
[2025-06-16 15:45:14.077] [DEBUG] 查询接口配置: 以太网
[2025-06-16 15:45:14.141] [DEBUG] 接口 DHCP 状态: 禁用
[2025-06-16 15:45:14.206] [DEBUG] 尝试通过QNetworkInterface获取子网掩码
[2025-06-16 15:45:14.209] [DEBUG] 确定为静态IP模式
[2025-06-16 15:45:14.209] [INFO] 当前网络配置获取完成
[2025-06-16 15:45:14.209] [DEBUG] 比较静态IP配置
[2025-06-16 15:45:14.209] [DEBUG] 比较结果 - IP: 不匹配, 子网: 不匹配, 网关: 匹配
[2025-06-16 15:45:14.209] [DEBUG] 方法不匹配: static != dhcp
[2025-06-16 15:45:14.209] [INFO] 快速应用菜单更新完成
[2025-06-16 15:45:14.231] [DEBUG] 悬浮窗上下文菜单已显示
[2025-06-16 15:45:14.709] [DEBUG] 更新快速应用菜单
[2025-06-16 15:45:14.785] [DEBUG] 获取当前网卡的网络配置
[2025-06-16 15:45:14.786] [DEBUG] 查询接口配置: WLAN
[2025-06-16 15:45:14.851] [DEBUG] 接口 DHCP 状态: 禁用
[2025-06-16 15:45:14.917] [DEBUG] 尝试通过QNetworkInterface获取子网掩码
[2025-06-16 15:45:14.921] [DEBUG] 确定为静态IP模式
[2025-06-16 15:45:14.921] [INFO] 当前网络配置获取完成
[2025-06-16 15:45:14.921] [DEBUG] 获取当前网卡的网络配置
[2025-06-16 15:45:14.921] [DEBUG] 查询接口配置: MWS_WIFI
[2025-06-16 15:45:14.982] [DEBUG] 接口 DHCP 状态: 禁用
[2025-06-16 15:45:15.043] [DEBUG] 尝试通过QNetworkInterface获取子网掩码
[2025-06-16 15:45:15.046] [DEBUG] 确定为静态IP模式
[2025-06-16 15:45:15.046] [INFO] 当前网络配置获取完成
[2025-06-16 15:45:15.047] [DEBUG] 获取当前网卡的网络配置
[2025-06-16 15:45:15.047] [DEBUG] 查询接口配置: 以太网
[2025-06-16 15:45:15.121] [DEBUG] 接口 DHCP 状态: 禁用
[2025-06-16 15:45:15.179] [DEBUG] 尝试通过QNetworkInterface获取子网掩码
[2025-06-16 15:45:15.184] [DEBUG] 确定为静态IP模式
[2025-06-16 15:45:15.184] [INFO] 当前网络配置获取完成
[2025-06-16 15:45:15.184] [DEBUG] 比较静态IP配置
[2025-06-16 15:45:15.184] [DEBUG] 比较结果 - IP: 不匹配, 子网: 不匹配, 网关: 匹配
[2025-06-16 15:45:15.184] [DEBUG] 方法不匹配: static != dhcp
[2025-06-16 15:45:15.184] [INFO] 快速应用菜单更新完成
[2025-06-16 15:45:17.231] [WARNING] QPixmap::scaled: Pixmap is a null pixmap
[2025-06-16 15:45:17.656] [DEBUG] 显示悬浮窗上下文菜单
[2025-06-16 15:45:17.724] [DEBUG] 获取当前网卡的网络配置
[2025-06-16 15:45:17.724] [DEBUG] 查询接口配置: WLAN
[2025-06-16 15:45:17.801] [DEBUG] 接口 DHCP 状态: 禁用
[2025-06-16 15:45:17.862] [DEBUG] 尝试通过QNetworkInterface获取子网掩码
[2025-06-16 15:45:17.866] [DEBUG] 确定为静态IP模式
[2025-06-16 15:45:17.866] [INFO] 当前网络配置获取完成
[2025-06-16 15:45:17.931] [DEBUG] 获取当前网卡的网络配置
[2025-06-16 15:45:17.931] [DEBUG] 查询接口配置: MWS_WIFI
[2025-06-16 15:45:17.990] [DEBUG] 接口 DHCP 状态: 禁用
[2025-06-16 15:45:18.048] [DEBUG] 尝试通过QNetworkInterface获取子网掩码
[2025-06-16 15:45:18.053] [DEBUG] 确定为静态IP模式
[2025-06-16 15:45:18.053] [INFO] 当前网络配置获取完成
[2025-06-16 15:45:18.116] [DEBUG] 获取当前网卡的网络配置
[2025-06-16 15:45:18.116] [DEBUG] 查询接口配置: 以太网
[2025-06-16 15:45:18.178] [DEBUG] 接口 DHCP 状态: 禁用
[2025-06-16 15:45:18.242] [DEBUG] 尝试通过QNetworkInterface获取子网掩码
[2025-06-16 15:45:18.250] [DEBUG] 确定为静态IP模式
[2025-06-16 15:45:18.250] [INFO] 当前网络配置获取完成
[2025-06-16 15:45:18.250] [DEBUG] 比较静态IP配置
[2025-06-16 15:45:18.250] [DEBUG] 比较结果 - IP: 不匹配, 子网: 不匹配, 网关: 匹配
[2025-06-16 15:45:18.251] [DEBUG] 方法不匹配: static != dhcp
[2025-06-16 15:45:21.081] [DEBUG] 悬浮窗上下文菜单已显示
[2025-06-16 15:45:27.019] [INFO] 开始销毁主窗口
[2025-06-16 15:45:27.019] [DEBUG] 保存窗口状态
[2025-06-16 15:45:27.019] [DEBUG] 保存窗口状态
[2025-06-16 15:45:27.019] [INFO] 窗口状态已保存
[2025-06-16 15:45:27.019] [INFO] 主窗口销毁完成
[2025-06-16 15:45:32.147] [DEBUG] 开始检查单实例运行
[2025-06-16 15:45:32.147] [DEBUG] 检查程序是否已运行
[2025-06-16 15:45:32.147] [INFO] 单实例检查通过
[2025-06-16 15:45:32.147] [INFO] 使用的配置文件路径:D:\_Tools\My_Tools_Project\NetworkConfigManager\bin\config\posConfig.ini
[2025-06-16 15:45:32.148] [DEBUG] 初始化快速应用配置菜单
[2025-06-16 15:45:32.148] [INFO] 开始初始化UI组件
[2025-06-16 15:45:32.148] [DEBUG] 设置UI初始状态
[2025-06-16 15:45:32.148] [DEBUG] IP方法切换: DHCP
[2025-06-16 15:45:32.148] [DEBUG] 恢复窗口状态
[2025-06-16 15:45:32.148] [DEBUG] 恢复窗口状态
[2025-06-16 15:45:32.148] [INFO] 窗口状态已恢复
[2025-06-16 15:45:32.148] [WARNING] QPixmap::scaled: Pixmap is a null pixmap
[2025-06-16 15:45:32.148] [INFO] UI初始化完成
[2025-06-16 15:45:32.148] [INFO] 开始初始化应用程序配置
[2025-06-16 15:45:32.148] [INFO] 开始初始化应用程序
[2025-06-16 15:45:32.148] [INFO] 配置文件加载成功
[2025-06-16 15:45:32.148] [DEBUG] 更新网络接口列表
[2025-06-16 15:45:32.148] [DEBUG] 更新网络接口列表
[2025-06-16 15:45:32.219] [INFO] 找到 3 个网络接口
[2025-06-16 15:45:32.219] [DEBUG] 更新所有配置列表
[2025-06-16 15:45:32.219] [INFO] 显示 2 个配置
[2025-06-16 15:45:32.219] [DEBUG] 更新快速应用菜单
[2025-06-16 15:45:32.285] [DEBUG] 获取当前网卡的网络配置
[2025-06-16 15:45:32.285] [DEBUG] 查询接口配置: WLAN
[2025-06-16 15:45:32.344] [DEBUG] 接口 DHCP 状态: 禁用
[2025-06-16 15:45:32.404] [DEBUG] 尝试通过QNetworkInterface获取子网掩码
[2025-06-16 15:45:32.409] [DEBUG] 确定为静态IP模式
[2025-06-16 15:45:32.409] [INFO] 当前网络配置获取完成
[2025-06-16 15:45:32.409] [DEBUG] 获取当前网卡的网络配置
[2025-06-16 15:45:32.409] [DEBUG] 查询接口配置: MWS_WIFI
[2025-06-16 15:45:32.473] [DEBUG] 接口 DHCP 状态: 禁用
[2025-06-16 15:45:32.536] [DEBUG] 尝试通过QNetworkInterface获取子网掩码
[2025-06-16 15:45:32.539] [DEBUG] 确定为静态IP模式
[2025-06-16 15:45:32.539] [INFO] 当前网络配置获取完成
[2025-06-16 15:45:32.539] [DEBUG] 获取当前网卡的网络配置
[2025-06-16 15:45:32.539] [DEBUG] 查询接口配置: 以太网
[2025-06-16 15:45:32.605] [DEBUG] 接口 DHCP 状态: 禁用
[2025-06-16 15:45:32.692] [DEBUG] 尝试通过QNetworkInterface获取子网掩码
[2025-06-16 15:45:32.698] [DEBUG] 确定为静态IP模式
[2025-06-16 15:45:32.698] [INFO] 当前网络配置获取完成
[2025-06-16 15:45:32.698] [DEBUG] 比较静态IP配置
[2025-06-16 15:45:32.698] [DEBUG] 比较结果 - IP: 不匹配, 子网: 不匹配, 网关: 匹配
[2025-06-16 15:45:32.698] [DEBUG] 方法不匹配: static != dhcp
[2025-06-16 15:45:32.698] [INFO] 快速应用菜单更新完成
[2025-06-16 15:45:32.698] [INFO] 网络接口列表更新完成
[2025-06-16 15:45:32.698] [DEBUG] 刷新网卡列表
[2025-06-16 15:45:33.073] [DEBUG] 更新网卡控制状态: WLAN, 可启用: 0, 可禁用: 1
[2025-06-16 15:45:33.576] [DEBUG] 更新网卡控制状态: WLAN, 可启用: 0, 可禁用: 1
[2025-06-16 15:45:33.576] [INFO] 开机自启动状态: 已启用
[2025-06-16 15:45:33.576] [DEBUG] 显示浮动窗口
[2025-06-16 15:45:33.599] [INFO] 应用程序初始化完成
[2025-06-16 15:45:33.599] [INFO] 初始化系统托盘和悬浮窗
[2025-06-16 15:45:33.600] [INFO] 初始化系统托盘图标
[2025-06-16 15:45:33.604] [DEBUG] 更新快速应用菜单
[2025-06-16 15:45:33.668] [DEBUG] 获取当前网卡的网络配置
[2025-06-16 15:45:33.668] [DEBUG] 查询接口配置: WLAN
[2025-06-16 15:45:33.730] [DEBUG] 接口 DHCP 状态: 禁用
[2025-06-16 15:45:33.799] [DEBUG] 尝试通过QNetworkInterface获取子网掩码
[2025-06-16 15:45:33.804] [DEBUG] 确定为静态IP模式
[2025-06-16 15:45:33.804] [INFO] 当前网络配置获取完成
[2025-06-16 15:45:33.805] [DEBUG] 获取当前网卡的网络配置
[2025-06-16 15:45:33.805] [DEBUG] 查询接口配置: MWS_WIFI
[2025-06-16 15:45:33.865] [DEBUG] 接口 DHCP 状态: 禁用
[2025-06-16 15:45:33.939] [DEBUG] 尝试通过QNetworkInterface获取子网掩码
[2025-06-16 15:45:33.944] [DEBUG] 确定为静态IP模式
[2025-06-16 15:45:33.944] [INFO] 当前网络配置获取完成
[2025-06-16 15:45:33.944] [DEBUG] 获取当前网卡的网络配置
[2025-06-16 15:45:33.944] [DEBUG] 查询接口配置: 以太网
[2025-06-16 15:45:34.006] [DEBUG] 接口 DHCP 状态: 禁用
[2025-06-16 15:45:34.070] [DEBUG] 尝试通过QNetworkInterface获取子网掩码
[2025-06-16 15:45:34.074] [DEBUG] 确定为静态IP模式
[2025-06-16 15:45:34.074] [INFO] 当前网络配置获取完成
[2025-06-16 15:45:34.074] [DEBUG] 比较静态IP配置
[2025-06-16 15:45:34.074] [DEBUG] 比较结果 - IP: 不匹配, 子网: 不匹配, 网关: 匹配
[2025-06-16 15:45:34.074] [DEBUG] 方法不匹配: static != dhcp
[2025-06-16 15:45:34.074] [INFO] 快速应用菜单更新完成
[2025-06-16 15:45:34.419] [INFO] 系统托盘图标初始化完成
[2025-06-16 15:45:34.419] [DEBUG] 建立信号槽连接
[2025-06-16 15:45:34.419] [DEBUG] 开始建立信号槽连接
[2025-06-16 15:45:34.419] [INFO] 信号槽连接建立完成
[2025-06-16 15:45:34.420] [DEBUG] 显示悬浮窗
[2025-06-16 15:45:34.431] [INFO] 主窗口初始化完成
[2025-06-16 15:45:34.591] [INFO] 应用程序正常启动
[2025-06-16 15:45:35.656] [INFO] 主窗口关闭事件
[2025-06-16 15:45:35.656] [DEBUG] 保存窗口状态
[2025-06-16 15:45:35.656] [INFO] 窗口状态已保存
[2025-06-16 15:45:35.663] [DEBUG] 主窗口已隐藏，程序在后台运行
