[2025-09-17 14:23:30.570] [DEBUG] 开始检查单实例运行
[2025-09-17 14:23:30.570] [DEBUG] 检查程序是否已运行
[2025-09-17 14:23:30.570] [INFO] 单实例检查通过
[2025-09-17 14:23:30.587] [INFO] 使用的配置文件路径:D:\_Tools\My_Tools_Project\NetworkConfigManager\bin\config\posConfig.ini
[2025-09-17 14:23:30.587] [DEBUG] 初始化快速应用配置菜单
[2025-09-17 14:23:30.588] [INFO] 开始初始化UI组件
[2025-09-17 14:23:30.588] [DEBUG] 设置UI初始状态
[2025-09-17 14:23:30.588] [DEBUG] IP方法切换: DHCP
[2025-09-17 14:23:30.593] [DEBUG] 恢复窗口状态
[2025-09-17 14:23:30.593] [DEBUG] 恢复窗口状态
[2025-09-17 14:23:30.593] [INFO] 窗口状态已恢复
[2025-09-17 14:23:30.593] [WARNING] QPixmap::scaled: Pixmap is a null pixmap
[2025-09-17 14:23:30.594] [INFO] UI初始化完成
[2025-09-17 14:23:30.594] [INFO] 开始初始化应用程序配置
[2025-09-17 14:23:30.594] [INFO] 开始初始化应用程序
[2025-09-17 14:23:30.598] [INFO] 配置文件加载成功
[2025-09-17 14:23:30.598] [DEBUG] 更新网络接口列表
[2025-09-17 14:23:30.598] [DEBUG] 更新网络接口列表
[2025-09-17 14:23:30.906] [INFO] 找到 3 个网络接口
[2025-09-17 14:23:30.906] [DEBUG] 更新所有配置列表
[2025-09-17 14:23:30.907] [INFO] 显示 2 个配置
[2025-09-17 14:23:30.907] [DEBUG] 更新快速应用菜单
[2025-09-17 14:23:30.985] [DEBUG] 获取当前网卡的网络配置
[2025-09-17 14:23:30.985] [DEBUG] 查询接口配置: WLAN
[2025-09-17 14:23:31.064] [DEBUG] 接口 DHCP 状态: 禁用
[2025-09-17 14:23:31.137] [DEBUG] 尝试通过QNetworkInterface获取子网掩码
[2025-09-17 14:23:31.151] [DEBUG] 确定为静态IP模式
[2025-09-17 14:23:31.151] [INFO] 当前网络配置获取完成
[2025-09-17 14:23:31.151] [DEBUG] 获取当前网卡的网络配置
[2025-09-17 14:23:31.151] [DEBUG] 查询接口配置: MWS_WIFI
[2025-09-17 14:23:31.223] [DEBUG] 接口 DHCP 状态: 禁用
[2025-09-17 14:23:31.299] [DEBUG] 尝试通过QNetworkInterface获取子网掩码
[2025-09-17 14:23:31.303] [DEBUG] 确定为静态IP模式
[2025-09-17 14:23:31.303] [INFO] 当前网络配置获取完成
[2025-09-17 14:23:31.303] [DEBUG] 获取当前网卡的网络配置
[2025-09-17 14:23:31.303] [DEBUG] 查询接口配置: 以太网
[2025-09-17 14:23:31.384] [DEBUG] 接口 DHCP 状态: 禁用
[2025-09-17 14:23:31.457] [DEBUG] 尝试通过QNetworkInterface获取子网掩码
[2025-09-17 14:23:31.460] [DEBUG] 确定为静态IP模式
[2025-09-17 14:23:31.460] [INFO] 当前网络配置获取完成
[2025-09-17 14:23:31.460] [DEBUG] 比较静态IP配置
[2025-09-17 14:23:31.460] [DEBUG] 比较结果 - IP: 不匹配, 子网: 不匹配, 网关: 匹配
[2025-09-17 14:23:31.460] [DEBUG] 方法不匹配: static != dhcp
[2025-09-17 14:23:31.460] [INFO] 快速应用菜单更新完成
[2025-09-17 14:23:31.460] [INFO] 网络接口列表更新完成
[2025-09-17 14:23:31.460] [DEBUG] 刷新网卡列表
[2025-09-17 14:23:31.867] [DEBUG] 更新网卡控制状态: WLAN, 可启用: 0, 可禁用: 1
[2025-09-17 14:23:32.321] [DEBUG] 更新网卡控制状态: WLAN, 可启用: 0, 可禁用: 1
[2025-09-17 14:23:32.321] [INFO] 开机自启动状态: 已禁用
[2025-09-17 14:23:32.321] [DEBUG] 显示浮动窗口
[2025-09-17 14:23:32.378] [INFO] 应用程序初始化完成
[2025-09-17 14:23:32.378] [INFO] 初始化系统托盘和悬浮窗
[2025-09-17 14:23:32.378] [INFO] 初始化系统托盘图标
[2025-09-17 14:23:32.384] [DEBUG] 更新快速应用菜单
[2025-09-17 14:23:32.459] [DEBUG] 获取当前网卡的网络配置
[2025-09-17 14:23:32.459] [DEBUG] 查询接口配置: WLAN
[2025-09-17 14:23:32.534] [DEBUG] 接口 DHCP 状态: 禁用
[2025-09-17 14:23:32.608] [DEBUG] 尝试通过QNetworkInterface获取子网掩码
[2025-09-17 14:23:32.611] [DEBUG] 确定为静态IP模式
[2025-09-17 14:23:32.611] [INFO] 当前网络配置获取完成
[2025-09-17 14:23:32.611] [DEBUG] 获取当前网卡的网络配置
[2025-09-17 14:23:32.611] [DEBUG] 查询接口配置: MWS_WIFI
[2025-09-17 14:23:32.685] [DEBUG] 接口 DHCP 状态: 禁用
[2025-09-17 14:23:32.757] [DEBUG] 尝试通过QNetworkInterface获取子网掩码
[2025-09-17 14:23:32.759] [DEBUG] 确定为静态IP模式
[2025-09-17 14:23:32.759] [INFO] 当前网络配置获取完成
[2025-09-17 14:23:32.759] [DEBUG] 获取当前网卡的网络配置
[2025-09-17 14:23:32.759] [DEBUG] 查询接口配置: 以太网
[2025-09-17 14:23:32.837] [DEBUG] 接口 DHCP 状态: 禁用
[2025-09-17 14:23:32.923] [DEBUG] 尝试通过QNetworkInterface获取子网掩码
[2025-09-17 14:23:32.927] [DEBUG] 确定为静态IP模式
[2025-09-17 14:23:32.927] [INFO] 当前网络配置获取完成
[2025-09-17 14:23:32.927] [DEBUG] 比较静态IP配置
[2025-09-17 14:23:32.927] [DEBUG] 比较结果 - IP: 不匹配, 子网: 不匹配, 网关: 匹配
[2025-09-17 14:23:32.927] [DEBUG] 方法不匹配: static != dhcp
[2025-09-17 14:23:32.927] [INFO] 快速应用菜单更新完成
[2025-09-17 14:23:33.697] [DEBUG] 开始检查单实例运行
[2025-09-17 14:23:33.697] [DEBUG] 检查程序是否已运行
[2025-09-17 14:23:33.697] [INFO] 单实例检查通过
[2025-09-17 14:23:33.698] [INFO] 使用的配置文件路径:D:\_Tools\My_Tools_Project\NetworkConfigManager\bin\config\posConfig.ini
[2025-09-17 14:23:33.698] [DEBUG] 初始化快速应用配置菜单
[2025-09-17 14:23:33.[2025-09-17 14:23:46.166] [INFO] 主窗口关闭事件
[2025-09-17 14:23:46.166] [DEBUG] 保存窗口状态
[2025-09-17 14:23:46.166] [INFO] 窗口状态已保存
[2025-09-17 14:23:46.170] [DEBUG] 主窗口已隐藏，程序在后台运行
[2025-09-17 14:23:52.417] [INFO] 设置开机自启动: 启用
[2025-09-19 17:19:07.302] [DEBUG] 显示悬浮窗上下文菜单
[2025-09-19 17:19:07.557] [DEBUG] 获取当前网卡的网络配置
[2025-09-19 17:19:07.557] [DEBUG] 查询接口配置: WLAN
[2025-09-19 17:19:07.643] [DEBUG] 接口 DHCP 状态: 禁用
[2025-09-19 17:19:07.720] [DEBUG] 尝试通过QNetworkInterface获取子网掩码
[2025-09-19 17:19:07.732] [DEBUG] 确定为静态IP模式
[2025-09-19 17:19:07.732] [INFO] 当前网络配置获取完成
[2025-09-19 17:19:07.814] [DEBUG] 获取当前网卡的网络配置
[2025-09-19 17:19:07.814] [DEBUG] 查询接口配置: MWS_WIFI
[2025-09-19 17:19:07.891] [DEBUG] 接口 DHCP 状态: 禁用
[2025-09-19 17:19:07.969] [DEBUG] 尝试通过QNetworkInterface获取子网掩码
[2025-09-19 17:19:07.972] [DEBUG] 确定为静态IP模式
[2025-09-19 17:19:07.972] [INFO] 当前网络配置获取完成
[2025-09-19 17:19:08.054] [DEBUG] 获取当前网卡的网络配置
[2025-09-19 17:19:08.054] [DEBUG] 查询接口配置: 以太网
[2025-09-19 17:19:08.133] [DEBUG] 接口 DHCP 状态: 禁用
[2025-09-19 17:19:08.212] [DEBUG] 尝试通过QNetworkInterface获取子网掩码
[2025-09-19 17:19:08.215] [DEBUG] 确定为静态IP模式
[2025-09-19 17:19:08.215] [INFO] 当前网络配置获取完成
[2025-09-19 17:19:08.215] [DEBUG] 比较静态IP配置
[2025-09-19 17:19:08.215] [DEBUG] 比较结果 - IP: 不匹配, 子网: 不匹配, 网关: 匹配
[2025-09-19 17:19:08.215] [DEBUG] 方法不匹配: static != dhcp
[2025-09-19 17:19:11.955] [INFO] 从悬浮窗菜单应用配置: 以太网 (专用)
[2025-09-19 17:19:11.955] [DEBUG] 获取当前网卡的网络配置
[2025-09-19 17:19:11.955] [DEBUG] 查询接口配置: 以太网
[2025-09-19 17:19:12.032] [DEBUG] 接口 DHCP 状态: 禁用
[2025-09-19 17:19:12.109] [DEBUG] 尝试通过QNetworkInterface获取子网掩码
[2025-09-19 17:19:12.113] [DEBUG] 确定为静态IP模式
[2025-09-19 17:19:12.113] [INFO] 当前网络配置获取完成
[2025-09-19 17:19:12.113] [DEBUG] 方法不匹配: static != dhcp
[2025-09-19 17:19:12.752] [INFO] 配置应用成功: 以太网[自动获取IP]
[2025-09-19 17:19:12.752] [DEBUG] 更新快速应用菜单
[2025-09-19 17:19:12.939] [DEBUG] 获取当前网卡的网络配置
[2025-09-19 17:19:12.939] [DEBUG] 查询接口配置: WLAN
[2025-09-19 17:19:13.015] [DEBUG] 接口 DHCP 状态: 禁用
[2025-09-19 17:19:13.109] [DEBUG] 尝试通过QNetworkInterface获取子网掩码
[2025-09-19 17:19:13.113] [DEBUG] 确定为静态IP模式
[2025-09-19 17:19:13.113] [INFO] 当前网络配置获取完成
[2025-09-19 17:19:13.123] [DEBUG] 获取当前网卡的网络配置
[2025-09-19 17:19:13.123] [DEBUG] 查询接口配置: MWS_WIFI
[2025-09-19 17:19:13.213] [DEBUG] 接口 DHCP 状态: 禁用
[2025-09-19 17:19:13.290] [DEBUG] 尝试通过QNetworkInterface获取子网掩码
[2025-09-19 17:19:13.293] [DEBUG] 确定为静态IP模式
[2025-09-19 17:19:13.293] [INFO] 当前网络配置获取完成
[2025-09-19 17:19:13.293] [DEBUG] 获取当前网卡的网络配置
[2025-09-19 17:19:13.293] [DEBUG] 查询接口配置: 以太网
[2025-09-19 17:19:13.375] [DEBUG] 接口 DHCP 状态: 禁用
[2025-09-19 17:19:13.455] [DEBUG] 尝试通过QNetworkInterface获取子网掩码
[2025-09-19 17:19:13.460] [DEBUG] 确定为静态IP模式
[2025-09-19 17:19:13.460] [INFO] 当前网络配置获取完成
[2025-09-19 17:19:13.460] [DEBUG] 比较静态IP配置
[2025-09-19 17:19:13.460] [DEBUG] 比较结果 - IP: 不匹配, 子网: 不匹配, 网关: 匹配
[2025-09-19 17:19:13.460] [DEBUG] 方法不匹配: static != dhcp
[2025-09-19 17:19:13.460] [INFO] 快速应用菜单更新完成
[2025-09-19 17:19:13.558] [DEBUG] 悬浮窗上下文菜单已显示
[2025-09-19 17:19:13.961] [DEBUG] 更新快速应用菜单
[2025-09-19 17:19:14.053] [DEBUG] 获取当前网卡的网络配置
[2025-09-19 17:19:14.053] [DEBUG] 查询接口配置: WLAN
[2025-09-19 17:19:14.139] [DEBUG] 接口 DHCP 状态: 禁用
[2025-09-19 17:19:14.223] [DEBUG] 尝试通过QNetworkInterface获取子网掩码
[2025-09-19 17:19:14.228] [DEBUG] 确定为静态IP模式
[2025-09-19 17:19:14.228] [INFO] 当前网络配置获取完成
[2025-09-19 17:19:14.228] [DEBUG] 获取当前网卡的网络配置
[2025-09-19 17:19:14.228] [DEBUG] 查询接口配置: MWS_WIFI
[2025-09-19 17:19:14.306] [DEBUG] 接口 DHCP 状态: 禁用
[2025-09-19 17:19:14.385] [DEBUG] 尝试通过QNetworkInterface获取子网掩码
[2025-09-19 17:19:14.388] [DEBUG] 确定为静态IP模式
[2025-09-19 17:19:14.388] [INFO] 当前网络配置获取完成
[2025-09-19 17:19:14.388] [DEBUG] 获取当前网卡的网络配置
[2025-09-19 17:19:14.388] [DEBUG] 查询接口配置: 以太网
[2025-09-19 17:19:14.474] [DEBUG] 接口 DHCP 状态: 禁用
[2025-09-19 17:19:14.554] [DEBUG] 尝试通过QNetworkInterface获取子网掩码
[2025-09-19 17:19:14.557] [DEBUG] 确定为静态IP模式
[2025-09-19 17:19:14.557] [INFO] 当前网络配置获取完成
[2025-09-19 17:19:14.558] [DEBUG] 比较静态IP配置
[2025-09-19 17:19:14.558] [DEBUG] 比较结果 - IP: 不匹配, 子网: 不匹配, 网关: 匹配
[2025-09-19 17:19:14.558] [DEBUG] 方法不匹配: static != dhcp
[2025-09-19 17:19:14.558] [INFO] 快速应用菜单更新完成
[2025-09-19 17:19:14.560] [DEBUG] 显示悬浮窗上下文菜单
[2025-09-19 17:19:14.643] [DEBUG] 获取当前网卡的网络配置
[2025-09-19 17:19:14.643] [DEBUG] 查询接口配置: WLAN
[2025-09-19 17:19:14.725] [DEBUG] 接口 DHCP 状态: 禁用
[2025-09-19 17:19:14.819] [DEBUG] 尝试通过QNetworkInterface获取子网掩码
[2025-09-19 17:19:14.823] [DEBUG] 确定为静态IP模式
[2025-09-19 17:19:14.823] [INFO] 当前网络配置获取完成
[2025-09-19 17:19:14.910] [DEBUG] 获取当前网卡的网络配置
[2025-09-19 17:19:14.910] [DEBUG] 查询接口配置: MWS_WIFI
[2025-09-19 17:19:14.993] [DEBUG] 接口 DHCP 状态: 禁用
[2025-09-19 17:19:15.071] [DEBUG] 尝试通过QNetworkInterface获取子网掩码
[2025-09-19 17:19:15.074] [DEBUG] 确定为静态IP模式
[2025-09-19 17:19:15.074] [INFO] 当前网络配置获取完成
[2025-09-19 17:19:15.157] [DEBUG] 获取当前网卡的网络配置
[2025-09-19 17:19:15.157] [DEBUG] 查询接口配置: 以太网
[2025-09-19 17:19:15.240] [DEBUG] 接口 DHCP 状态: 禁用
[2025-09-19 17:19:15.327] [DEBUG] 尝试通过QNetworkInterface获取子网掩码
[2025-09-19 17:19:15.330] [DEBUG] 确定为静态IP模式
[2025-09-19 17:19:15.330] [INFO] 当前网络配置获取完成
[2025-09-19 17:19:15.331] [DEBUG] 比较静态IP配置
[2025-09-19 17:19:15.331] [DEBUG] 比较结果 - IP: 不匹配, 子网: 不匹配, 网关: 匹配
[2025-09-19 17:19:15.331] [DEBUG] 方法不匹配: static != dhcp
[2025-09-19 17:19:16.585] [WARNING] QPixmap::scaled: Pixmap is a null pixmap
[2025-09-19 17:19:20.510] [ERROR] Netsh命令执行超时: interface set interface "WLAN" disable
[2025-09-19 17:19:20.534] [WARNING] QProcess: Destroyed while process ("netsh") is still running.
[2025-09-19 17:19:20.540] [ERROR] 禁用网卡 WLAN 失败: ERROR: 命令执行超时
[2025-09-19 17:19:21.923] [DEBUG] 悬浮窗上下文菜单已显示
[2025-09-19 17:19:23.489] [DEBUG] 显示悬浮窗上下文菜单
[2025-09-19 17:19:23.572] [DEBUG] 获取当前网卡的网络配置
[2025-09-19 17:19:23.572] [DEBUG] 查询接口配置: WLAN
[2025-09-19 17:19:23.654] [DEBUG] 接口 DHCP 状态: 禁用
[2025-09-19 17:19:23.732] [DEBUG] 尝试通过QNetworkInterface获取子网掩码
[2025-09-19 17:19:23.736] [DEBUG] 确定为静态IP模式
[2025-09-19 17:19:23.736] [INFO] 当前网络配置获取完成
[2025-09-19 17:19:23.821] [DEBUG] 获取当前网卡的网络配置
[2025-09-19 17:19:23.821] [DEBUG] 查询接口配置: MWS_WIFI
[2025-09-19 17:19:23.900] [DEBUG] 接口 DHCP 状态: 禁用
[2025-09-19 17:19:23.978] [DEBUG] 尝试通过QNetworkInterface获取子网掩码
[2025-09-19 17:19:23.982] [DEBUG] 确定为静态IP模式
[2025-09-19 17:19:23.982] [INFO] 当前网络配置获取完成
[2025-09-19 17:19:24.064] [DEBUG] 获取当前网卡的网络配置
[2025-09-19 17:19:24.064] [DEBUG] 查询接口配置: 以太网
[2025-09-19 17:19:24.149] [DEBUG] 接口 DHCP 状态: 禁用
[2025-09-19 17:19:24.228] [DEBUG] 尝试通过QNetworkInterface获取子网掩码
[2025-09-19 17:19:24.230] [DEBUG] 确定为静态IP模式
[2025-09-19 17:19:24.230] [INFO] 当前网络配置获取完成
[2025-09-19 17:19:24.230] [DEBUG] 比较静态IP配置
[2025-09-19 17:19:24.230] [DEBUG] 比较结果 - IP: 不匹配, 子网: 不匹配, 网关: 匹配
[2025-09-19 17:19:24.230] [DEBUG] 方法不匹配: static != dhcp
[2025-09-19 17:19:27.101] [DEBUG] 悬浮窗上下文菜单已显示
[2025-09-19 17:23:52.179] [DEBUG] 显示悬浮窗上下文菜单
[2025-09-19 17:23:52.316] [DEBUG] 获取当前网卡的网络配置
[2025-09-19 17:23:52.316] [DEBUG] 查询接口配置: WLAN
[2025-09-19 17:23:52.389] [DEBUG] 接口 DHCP 状态: 禁用
[2025-09-19 17:23:52.462] [DEBUG] 尝试通过QNetworkInterface获取子网掩码
[2025-09-19 17:23:52.464] [DEBUG] 确定为静态IP模式
[2025-09-19 17:23:52.464] [INFO] 当前网络配置获取完成
[2025-09-19 17:23:52.542] [DEBUG] 获取当前网卡的网络配置
[2025-09-19 17:23:52.542] [DEBUG] 查询接口配置: MWS_WIFI
[2025-09-19 17:23:52.618] [DEBUG] 接口 DHCP 状态: 禁用
[2025-09-19 17:23:52.694] [DEBUG] 尝试通过QNetworkInterface获取子网掩码
[2025-09-19 17:23:52.696] [DEBUG] 确定为静态IP模式
[2025-09-19 17:23:52.696] [INFO] 当前网络配置获取完成
[2025-09-19 17:23:52.774] [DEBUG] 获取当前网卡的网络配置
[2025-09-19 17:23:52.774] [DEBUG] 查询接口配置: 以太网
[2025-09-19 17:23:52.850] [DEBUG] 接口 DHCP 状态: 禁用
[2025-09-19 17:23:52.922] [DEBUG] 尝试通过QNetworkInterface获取子网掩码
[2025-09-19 17:23:52.924] [DEBUG] 确定为静态IP模式
[2025-09-19 17:23:52.924] [INFO] 当前网络配置获取完成
[2025-09-19 17:23:52.924] [DEBUG] 比较静态IP配置
[2025-09-19 17:23:52.924] [DEBUG] 比较结果 - IP: 不匹配, 子网: 不匹配, 网关: 匹配
[2025-09-19 17:23:52.925] [DEBUG] 方法不匹配: static != dhcp
[2025-09-19 17:23:54.917] [INFO] 从悬浮窗菜单应用配置: 以太网 (专用)
[2025-09-19 17:23:54.917] [DEBUG] 获取当前网卡的网络配置
[2025-09-19 17:23:54.917] [DEBUG] 查询接口配置: 以太网
[2025-09-19 17:23:54.995] [DEBUG] 接口 DHCP 状态: 禁用
[2025-09-19 17:23:55.082] [DEBUG] 尝试通过QNetworkInterface获取子网掩码
[2025-09-19 17:23:55.083] [DEBUG] 确定为静态IP模式
[2025-09-19 17:23:55.083] [INFO] 当前网络配置获取完成
[2025-09-19 17:23:55.084] [DEBUG] 比较静态IP配置
[2025-09-19 17:23:55.084] [DEBUG] 比较结果 - IP: 不匹配, 子网: 不匹配, 网关: 匹配
[2025-09-19 17:23:55.427] [INFO] 配置应用成功: 以太网[192.168.4.101]
[2025-09-19 17:23:55.427] [DEBUG] 更新快速应用菜单
[2025-09-19 17:23:55.515] [DEBUG] 获取当前网卡的网络配置
[2025-09-19 17:23:55.515] [DEBUG] 查询接口配置: WLAN
[2025-09-19 17:23:55.585] [DEBUG] 接口 DHCP 状态: 禁用
[2025-09-19 17:23:55.657] [DEBUG] 尝试通过QNetworkInterface获取子网掩码
[2025-09-19 17:23:55.659] [DEBUG] 确定为静态IP模式
[2025-09-19 17:23:55.659] [INFO] 当前网络配置获取完成
[2025-09-19 17:23:55.660] [DEBUG] 获取当前网卡的网络配置
[2025-09-19 17:23:55.660] [DEBUG] 查询接口配置: MWS_WIFI
[2025-09-19 17:23:55.732] [DEBUG] 接口 DHCP 状态: 禁用
[2025-09-19 17:23:55.803] [DEBUG] 尝试通过QNetworkInterface获取子网掩码
[2025-09-19 17:23:55.805] [DEBUG] 确定为静态IP模式
[2025-09-19 17:23:55.805] [INFO] 当前网络配置获取完成
[2025-09-19 17:23:55.805] [DEBUG] 获取当前网卡的网络配置
[2025-09-19 17:23:55.805] [DEBUG] 查询接口配置: 以太网
[2025-09-19 17:23:55.880] [DEBUG] 接口 DHCP 状态: 禁用
[2025-09-19 17:23:55.952] [DEBUG] 尝试通过QNetworkInterface获取子网掩码
[2025-09-19 17:23:55.954] [DEBUG] 确定为静态IP模式
[2025-09-19 17:23:55.954] [INFO] 当前网络配置获取完成
[2025-09-19 17:23:55.954] [DEBUG] 比较静态IP配置
[2025-09-19 17:23:55.954] [DEBUG] 比较结果 - IP: 不匹配, 子网: 不匹配, 网关: 匹配
[2025-09-19 17:23:55.954] [DEBUG] 方法不匹配: static != dhcp
[2025-09-19 17:23:55.954] [INFO] 快速应用菜单更新完成
[2025-09-19 17:23:55.961] [DEBUG] 悬浮窗上下文菜单已显示
[2025-09-19 17:23:56.060] [DEBUG] 显示悬浮窗上下文菜单
[2025-09-19 17:23:56.153] [DEBUG] 获取当前网卡的网络配置
[2025-09-19 17:23:56.153] [DEBUG] 查询接口配置: WLAN
[2025-09-19 17:23:56.227] [DEBUG] 接口 DHCP 状态: 禁用
[2025-09-19 17:23:56.318] [DEBUG] 尝试通过QNetworkInterface获取子网掩码
[2025-09-19 17:23:56.320] [DEBUG] 确定为静态IP模式
[2025-09-19 17:23:56.320] [INFO] 当前网络配置获取完成
[2025-09-19 17:23:56.400] [DEBUG] 获取当前网卡的网络配置
[2025-09-19 17:23:56.400] [DEBUG] 查询接口配置: MWS_WIFI
[2025-09-19 17:23:56.475] [DEBUG] 接口 DHCP 状态: 禁用
[2025-09-19 17:23:56.550] [DEBUG] 尝试通过QNetworkInterface获取子网掩码
[2025-09-19 17:23:56.552] [DEBUG] 确定为静态IP模式
[2025-09-19 17:23:56.552] [INFO] 当前网络配置获取完成
[2025-09-19 17:23:56.634] [DEBUG] 获取当前网卡的网络配置
[2025-09-19 17:23:56.634] [DEBUG] 查询接口配置: 以太网
[2025-09-19 17:23:56.712] [DEBUG] 接口 DHCP 状态: 禁用
[2025-09-19 17:23:56.790] [DEBUG] 尝试通过QNetworkInterface获取子网掩码
[2025-09-19 17:23:56.793] [DEBUG] 确定为静态IP模式
[2025-09-19 17:23:56.793] [INFO] 当前网络配置获取完成
[2025-09-19 17:23:56.793] [DEBUG] 比较静态IP配置
[2025-09-19 17:23:56.793] [DEBUG] 比较结果 - IP: 不匹配, 子网: 不匹配, 网关: 匹配
[2025-09-19 17:23:56.793] [DEBUG] 方法不匹配: static != dhcp
[2025-09-19 17:23:56.881] [DEBUG] 更新快速应用菜单
[2025-09-19 17:23:56.960] [DEBUG] 获取当前网卡的网络配置
[2025-09-19 17:23:56.960] [DEBUG] 查询接口配置: WLAN
[2025-09-19 17:23:57.036] [DEBUG] 接口 DHCP 状态: 禁用
[2025-09-19 17:23:57.108] [DEBUG] 尝试通过QNetworkInterface获取子网掩码
[2025-09-19 17:23:57.110] [DEBUG] 确定为静态IP模式
[2025-09-19 17:23:57.110] [INFO] 当前网络配置获取完成
[2025-09-19 17:23:57.110] [DEBUG] 获取当前网卡的网络配置
[2025-09-19 17:23:57.110] [DEBUG] 查询接口配置: MWS_WIFI
[2025-09-19 17:23:57.186] [DEBUG] 接口 DHCP 状态: 禁用
[2025-09-19 17:23:57.262] [DEBUG] 尝试通过QNetworkInterface获取子网掩码
[2025-09-19 17:23:57.264] [DEBUG] 确定为静态IP模式
[2025-09-19 17:23:57.264] [INFO] 当前网络配置获取完成
[2025-09-19 17:23:57.264] [DEBUG] 获取当前网卡的网络配置
[2025-09-19 17:23:57.264] [DEBUG] 查询接口配置: 以太网
[2025-09-19 17:23:57.341] [DEBUG] 接口 DHCP 状态: 禁用
[2025-09-19 17:23:57.421] [DEBUG] 尝试通过QNetworkInterface获取子网掩码
[2025-09-19 17:23:57.424] [DEBUG] 确定为静态IP模式
[2025-09-19 17:23:57.424] [INFO] 当前网络配置获取完成
[2025-09-19 17:23:57.424] [DEBUG] 比较静态IP配置
[2025-09-19 17:23:57.424] [DEBUG] 比较结果 - IP: 不匹配, 子网: 不匹配, 网关: 匹配
[2025-09-19 17:23:57.424] [DEBUG] 方法不匹配: static != dhcp
[2025-09-19 17:23:57.424] [INFO] 快速应用菜单更新完成
[2025-09-19 17:23:58.960] [WARNING] QPixmap::scaled: Pixmap is a null pixmap
[2025-09-19 17:24:00.346] [DEBUG] 刷新网卡列表
[2025-09-19 17:24:00.464] [DEBUG] 无可用网卡，禁用操作按钮
[2025-09-19 17:24:01.243] [DEBUG] 更新网卡控制状态: WLAN, 可启用: 0, 可禁用: 1
[2025-09-19 17:24:02.276] [DEBUG] 更新网卡控制状态: WLAN, 可启用: 0, 可禁用: 1
[2025-09-19 17:24:02.276] [DEBUG] 悬浮窗上下文菜单已显示
