[2025-12-18 14:50:49.924] [DEBUG] QFactoryLoader::QFactoryLoader() checking directory path "D:/__Install/Qt/Qt5.12.8/5.12.8/mingw73_64/plugins/iconengines" ...
[2025-12-18 14:50:49.925] [DEBUG] QFactoryLoader::QFactoryLoader() looking at "D:/__Install/Qt/Qt5.12.8/5.12.8/mingw73_64/plugins/iconengines/qsvgicon.dll"
[2025-12-18 14:50:49.925] [WARNING] Found metadata in lib D:/__Install/Qt/Qt5.12.8/5.12.8/mingw73_64/plugins/iconengines/qsvgicon.dll, metadata=
{
    "IID": "org.qt-project.Qt.QIconEngineFactoryInterface",
    "MetaData": {
        "Keys": [
            "svg",
            "svgz",
            "svg.gz"
        ]
    },
    "archreq": 0,
    "className": "QSvgIconPlugin",
    "debug": false,
    "version": 330752
}


[2025-12-18 14:50:49.925] [DEBUG] "The plugin 'D:/__Install/Qt/Qt5.12.8/5.12.8/mingw73_64/plugins/iconengines/qsvgicon.dll' uses incompatible Qt library. (Cannot mix debug and release libraries.)" 
         not a plugin
[2025-12-18 14:50:49.925] [DEBUG] QFactoryLoader::QFactoryLoader() looking at "D:/__Install/Qt/Qt5.12.8/5.12.8/mingw73_64/plugins/iconengines/qsvgicond.dll"
[2025-12-18 14:50:49.929] [WARNING] Found metadata in lib D:/__Install/Qt/Qt5.12.8/5.12.8/mingw73_64/plugins/iconengines/qsvgicond.dll, metadata=
{
    "IID": "org.qt-project.Qt.QIconEngineFactoryInterface",
    "MetaData": {
        "Keys": [
            "svg",
            "svgz",
            "svg.gz"
        ]
    },
    "archreq": 1,
    "className": "QSvgIconPlugin",
    "debug": true,
    "version": 330752
}


[2025-12-18 14:50:49.929] [DEBUG] Got keys from plugin meta data ("svg", "svgz", "svg.gz")
[2025-12-18 14:50:49.930] [DEBUG] QFactoryLoader::QFactoryLoader() checking directory path "D:/_Tools/My_Tools_Project/NetworkConfigManager/bin/iconengines" ...
[2025-12-18 14:50:50.158] [DEBUG] QFactoryLoader::QFactoryLoader() checking directory path "D:/__Install/Qt/Qt5.12.8/5.12.8/mingw73_64/plugins/imageformats" ...
[2025-12-18 14:50:50.158] [DEBUG] QFactoryLoader::QFactoryLoader() looking at "D:/__Install/Qt/Qt5.12.8/5.12.8/mingw73_64/plugins/imageformats/qgif.dll"
[2025-12-18 14:50:50.158] [WARNING] Found metadata in lib D:/__Install/Qt/Qt5.12.8/5.12.8/mingw73_64/plugins/imageformats/qgif.dll, metadata=
{
    "IID": "org.qt-project.Qt.QImageIOHandlerFactoryInterface",
    "MetaData": {
        "Keys": [
            "gif"
        ],
        "MimeTypes": [
            "image/gif"
        ]
    },
    "archreq": 0,
    "className": "QGifPlugin",
    "debug": false,
    "version": 330752
}


[2025-12-18 14:50:50.158] [DEBUG] "The plugin 'D:/__Install/Qt/Qt5.12.8/5.12.8/mingw73_64/plugins/imageformats/qgif.dll' uses incompatible Qt library. (Cannot mix debug and release libraries.)" 
         not a plugin
[2025-12-18 14:50:50.158] [DEBUG] QFactoryLoader::QFactoryLoader() looking at "D:/__Install/Qt/Qt5.12.8/5.12.8/mingw73_64/plugins/imageformats/qgifd.dll"
[2025-12-18 14:50:50.161] [WARNING] Found metadata in lib D:/__Install/Qt/Qt5.12.8/5.12.8/mingw73_64/plugins/imageformats/qgifd.dll, metadata=
{
    "IID": "org.qt-project.Qt.QImageIOHandlerFactoryInterface",
    "MetaData": {
        "Keys": [
            "gif"
        ],
        "MimeTypes": [
            "image/gif"
        ]
    },
    "archreq": 1,
    "className": "QGifPlugin",
    "debug": true,
    "version": 330752
}


[2025-12-18 14:50:50.162] [DEBUG] Got keys from plugin meta data ("gif")
[2025-12-18 14:50:50.162] [DEBUG] QFactoryLoader::QFactoryLoader() looking at "D:/__Install/Qt/Qt5.12.8/5.12.8/mingw73_64/plugins/imageformats/qicns.dll"
[2025-12-18 14:50:50.163] [WARNING] Found metadata in lib D:/__Install/Qt/Qt5.12.8/5.12.8/mingw73_64/plugins/imageformats/qicns.dll, metadata=
{
    "IID": "org.qt-project.Qt.QImageIOHandlerFactoryInterface",
    "MetaData": {
        "Keys": [
            "icns"
        ],
        "MimeTypes": [
            "image/x-icns"
        ]
    },
    "archreq": 0,
    "className": "QICNSPlugin",
    "debug": false,
    "version": 330752
}


[2025-12-18 14:50:50.163] [DEBUG] "The plugin 'D:/__Install/Qt/Qt5.12.8/5.12.8/mingw73_64/plugins/imageformats/qicns.dll' uses incompatible Qt library. (Cannot mix debug and release libraries.)" 
         not a plugin
[2025-12-18 14:50:50.163] [DEBUG] QFactoryLoader::QFactoryLoader() looking at "D:/__Install/Qt/Qt5.12.8/5.12.8/mingw73_64/plugins/imageformats/qicnsd.dll"
[2025-12-18 14:50:50.165] [WARNING] Found metadata in lib D:/__Install/Qt/Qt5.12.8/5.12.8/mingw73_64/plugins/imageformats/qicnsd.dll, metadata=
{
    "IID": "org.qt-project.Qt.QImageIOHandlerFactoryInterface",
    "MetaData": {
        "Keys": [
            "icns"
        ],
        "MimeTypes": [
            "image/x-icns"
        ]
    },
    "archreq": 1,
    "className": "QICNSPlugin",
    "debug": true,
    "version": 330752
}


[2025-12-18 14:50:50.165] [DEBUG] Got keys from plugin meta data ("icns")
[2025-12-18 14:50:50.165] [DEBUG] QFactoryLoader::QFactoryLoader() looking at "D:/__Install/Qt/Qt5.12.8/5.12.8/mingw73_64/plugins/imageformats/qico.dll"
[2025-12-18 14:50:50.165] [WARNING] Found metadata in lib D:/__Install/Qt/Qt5.12.8/5.12.8/mingw73_64/plugins/imageformats/qico.dll, metadata=
{
    "IID": "org.qt-project.Qt.QImageIOHandlerFactoryInterface",
    "MetaData": {
        "Keys": [
            "ico",
            "cur"
        ],
        "MimeTypes": [
            "image/vnd.microsoft.icon",
            "image/vnd.microsoft.icon"
        ]
    },
    "archreq": 0,
    "className": "QICOPlugin",
    "debug": false,
    "version": 330752
}


[2025-12-18 14:50:50.166] [DEBUG] "The plugin 'D:/__Install/Qt/Qt5.12.8/5.12.8/mingw73_64/plugins/imageformats/qico.dll' uses incompatible Qt library. (Cannot mix debug and release libraries.)" 
         not a plugin
[2025-12-18 14:50:50.166] [DEBUG] QFactoryLoader::QFactoryLoader() looking at "D:/__Install/Qt/Qt5.12.8/5.12.8/mingw73_64/plugins/imageformats/qicod.dll"
[2025-12-18 14:50:50.170] [WARNING] Found metadata in lib D:/__Install/Qt/Qt5.12.8/5.12.8/mingw73_64/plugins/imageformats/qicod.dll, metadata=
{
    "IID": "org.qt-project.Qt.QImageIOHandlerFactoryInterface",
    "MetaData": {
        "Keys": [
            "ico",
            "cur"
        ],
        "MimeTypes": [
            "image/vnd.microsoft.icon",
            "image/vnd.microsoft.icon"
        ]
    },
    "archreq": 1,
    "className": "QICOPlugin",
    "debug": true,
    "version": 330752
}


[2025-12-18 14:50:50.170] [DEBUG] Got keys from plugin meta data ("ico", "cur")
[2025-12-18 14:50:50.170] [DEBUG] QFactoryLoader::QFactoryLoader() looking at "D:/__Install/Qt/Qt5.12.8/5.12.8/mingw73_64/plugins/imageformats/qjpeg.dll"
[2025-12-18 14:50:50.170] [WARNING] Found metadata in lib D:/__Install/Qt/Qt5.12.8/5.12.8/mingw73_64/plugins/imageformats/qjpeg.dll, metadata=
{
    "IID": "org.qt-project.Qt.QImageIOHandlerFactoryInterface",
    "MetaData": {
        "Keys": [
            "jpg",
            "jpeg"
        ],
        "MimeTypes": [
            "image/jpeg",
            "image/jpeg"
        ]
    },
    "archreq": 0,
    "className": "QJpegPlugin",
    "debug": false,
    "version": 330752
}


[2025-12-18 14:50:50.171] [DEBUG] "The plugin 'D:/__Install/Qt/Qt5.12.8/5.12.8/mingw73_64/plugins/imageformats/qjpeg.dll' uses incompatible Qt library. (Cannot mix debug and release libraries.)" 
         not a plugin
[2025-12-18 14:50:50.171] [DEBUG] QFactoryLoader::QFactoryLoader() looking at "D:/__Install/Qt/Qt5.12.8/5.12.8/mingw73_64/plugins/imageformats/qjpegd.dll"
[2025-12-18 14:50:50.177] [WARNING] Found metadata in lib D:/__Install/Qt/Qt5.12.8/5.12.8/mingw73_64/plugins/imageformats/qjpegd.dll, metadata=
{
    "IID": "org.qt-project.Qt.QImageIOHandlerFactoryInterface",
    "MetaData": {
        "Keys": [
            "jpg",
            "jpeg"
        ],
        "MimeTypes": [
            "image/jpeg",
            "image/jpeg"
        ]
    },
    "archreq": 1,
    "className": "QJpegPlugin",
    "debug": true,
    "version": 330752
}


[2025-12-18 14:50:50.178] [DEBUG] Got keys from plugin meta data ("jpg", "jpeg")
[2025-12-18 14:50:50.178] [DEBUG] QFactoryLoader::QFactoryLoader() looking at "D:/__Install/Qt/Qt5.12.8/5.12.8/mingw73_64/plugins/imageformats/qsvg.dll"
[2025-12-18 14:50:50.178] [WARNING] Found metadata in lib D:/__Install/Qt/Qt5.12.8/5.12.8/mingw73_64/plugins/imageformats/qsvg.dll, metadata=
{
    "IID": "org.qt-project.Qt.QImageIOHandlerFactoryInterface",
    "MetaData": {
        "Keys": [
            "svg",
            "svgz"
        ],
        "MimeTypes": [
            "image/svg+xml",
            "image/svg+xml-compressed"
        ]
    },
    "archreq": 0,
    "className": "QSvgPlugin",
    "debug": false,
    "version": 330752
}


[2025-12-18 14:50:50.178] [DEBUG] "The plugin 'D:/__Install/Qt/Qt5.12.8/5.12.8/mingw73_64/plugins/imageformats/qsvg.dll' uses incompatible Qt library. (Cannot mix debug and release libraries.)" 
         not a plugin
[2025-12-18 14:50:50.178] [DEBUG] QFactoryLoader::QFactoryLoader() looking at "D:/__Install/Qt/Qt5.12.8/5.12.8/mingw73_64/plugins/imageformats/qsvgd.dll"
[2025-12-18 14:50:50.181] [WARNING] Found metadata in lib D:/__Install/Qt/Qt5.12.8/5.12.8/mingw73_64/plugins/imageformats/qsvgd.dll, metadata=
{
    "IID": "org.qt-project.Qt.QImageIOHandlerFactoryInterface",
    "MetaData": {
        "Keys": [
            "svg",
            "svgz"
        ],
        "MimeTypes": [
            "image/svg+xml",
            "image/svg+xml-compressed"
        ]
    },
    "archreq": 1,
    "className": "QSvgPlugin",
    "debug": true,
    "version": 330752
}


[2025-12-18 14:50:50.181] [DEBUG] Got keys from plugin meta data ("svg", "svgz")
[2025-12-18 14:50:50.181] [DEBUG] QFactoryLoader::QFactoryLoader() looking at "D:/__Install/Qt/Qt5.12.8/5.12.8/mingw73_64/plugins/imageformats/qtga.dll"
[2025-12-18 14:50:50.182] [WARNING] Found metadata in lib D:/__Install/Qt/Qt5.12.8/5.12.8/mingw73_64/plugins/imageformats/qtga.dll, metadata=
{
    "IID": "org.qt-project.Qt.QImageIOHandlerFactoryInterface",
    "MetaData": {
        "Keys": [
            "tga"
        ],
        "MimeTypes": [
            "image/x-tga"
        ]
    },
    "archreq": 0,
    "className": "QTgaPlugin",
    "debug": false,
    "version": 330752
}


[2025-12-18 14:50:50.182] [DEBUG] "The plugin 'D:/__Install/Qt/Qt5.12.8/5.12.8/mingw73_64/plugins/imageformats/qtga.dll' uses incompatible Qt library. (Cannot mix debug and release libraries.)" 
         not a plugin
[2025-12-18 14:50:50.182] [DEBUG] QFactoryLoader::QFactoryLoader() looking at "D:/__Install/Qt/Qt5.12.8/5.12.8/mingw73_64/plugins/imageformats/qtgad.dll"
[2025-12-18 14:50:50.186] [WARNING] Found metadata in lib D:/__Install/Qt/Qt5.12.8/5.12.8/mingw73_64/plugins/imageformats/qtgad.dll, metadata=
{
    "IID": "org.qt-project.Qt.QImageIOHandlerFactoryInterface",
    "MetaData": {
        "Keys": [
            "tga"
        ],
        "MimeTypes": [
            "image/x-tga"
        ]
    },
    "archreq": 1,
    "className": "QTgaPlugin",
    "debug": true,
    "version": 330752
}


[2025-12-18 14:50:50.186] [DEBUG] Got keys from plugin meta data ("tga")
[2025-12-18 14:50:50.186] [DEBUG] QFactoryLoader::QFactoryLoader() looking at "D:/__Install/Qt/Qt5.12.8/5.12.8/mingw73_64/plugins/imageformats/qtiff.dll"
[2025-12-18 14:50:50.186] [WARNING] Found metadata in lib D:/__Install/Qt/Qt5.12.8/5.12.8/mingw73_64/plugins/imageformats/qtiff.dll, metadata=
{
    "IID": "org.qt-project.Qt.QImageIOHandlerFactoryInterface",
    "MetaData": {
        "Keys": [
            "tiff",
            "tif"
        ],
        "MimeTypes": [
            "image/tiff",
            "image/tiff"
        ]
    },
    "archreq": 0,
    "className": "QTiffPlugin",
    "debug": false,
    "version": 330752
}


[2025-12-18 14:50:50.186] [DEBUG] "The plugin 'D:/__Install/Qt/Qt5.12.8/5.12.8/mingw73_64/plugins/imageformats/qtiff.dll' uses incompatible Qt library. (Cannot mix debug and release libraries.)" 
         not a plugin
[2025-12-18 14:50:50.186] [DEBUG] QFactoryLoader::QFactoryLoader() looking at "D:/__Install/Qt/Qt5.12.8/5.12.8/mingw73_64/plugins/imageformats/qtiffd.dll"
[2025-12-18 14:50:50.194] [WARNING] Found metadata in lib D:/__Install/Qt/Qt5.12.8/5.12.8/mingw73_64/plugins/imageformats/qtiffd.dll, metadata=
{
    "IID": "org.qt-project.Qt.QImageIOHandlerFactoryInterface",
    "MetaData": {
        "Keys": [
            "tiff",
            "tif"
        ],
        "MimeTypes": [
            "image/tiff",
            "image/tiff"
        ]
    },
    "archreq": 1,
    "className": "QTiffPlugin",
    "debug": true,
    "version": 330752
}


[2025-12-18 14:50:50.194] [DEBUG] Got keys from plugin meta data ("tiff", "tif")
[2025-12-18 14:50:50.194] [DEBUG] QFactoryLoader::QFactoryLoader() looking at "D:/__Install/Qt/Qt5.12.8/5.12.8/mingw73_64/plugins/imageformats/qwbmp.dll"
[2025-12-18 14:50:50.194] [WARNING] Found metadata in lib D:/__Install/Qt/Qt5.12.8/5.12.8/mingw73_64/plugins/imageformats/qwbmp.dll, metadata=
{
    "IID": "org.qt-project.Qt.QImageIOHandlerFactoryInterface",
    "MetaData": {
        "Keys": [
            "wbmp"
        ],
        "MimeTypes": [
            "image/vnd.wap.wbmp"
        ]
    },
    "archreq": 0,
    "className": "QWbmpPlugin",
    "debug": false,
    "version": 330752
}


[2025-12-18 14:50:50.194] [DEBUG] "The plugin 'D:/__Install/Qt/Qt5.12.8/5.12.8/mingw73_64/plugins/imageformats/qwbmp.dll' uses incompatible Qt library. (Cannot mix debug and release libraries.)" 
         not a plugin
[2025-12-18 14:50:50.194] [DEBUG] QFactoryLoader::QFactoryLoader() looking at "D:/__Install/Qt/Qt5.12.8/5.12.8/mingw73_64/plugins/imageformats/qwbmpd.dll"
[2025-12-18 14:50:50.196] [WARNING] Found metadata in lib D:/__Install/Qt/Qt5.12.8/5.12.8/mingw73_64/plugins/imageformats/qwbmpd.dll, metadata=
{
    "IID": "org.qt-project.Qt.QImageIOHandlerFactoryInterface",
    "MetaData": {
        "Keys": [
            "wbmp"
        ],
        "MimeTypes": [
            "image/vnd.wap.wbmp"
        ]
    },
    "archreq": 1,
    "className": "QWbmpPlugin",
    "debug": true,
    "version": 330752
}


[2025-12-18 14:50:50.197] [DEBUG] Got keys from plugin meta data ("wbmp")
[2025-12-18 14:50:50.197] [DEBUG] QFactoryLoader::QFactoryLoader() looking at "D:/__Install/Qt/Qt5.12.8/5.12.8/mingw73_64/plugins/imageformats/qwebp.dll"
[2025-12-18 14:50:50.197] [WARNING] Found metadata in lib D:/__Install/Qt/Qt5.12.8/5.12.8/mingw73_64/plugins/imageformats/qwebp.dll, metadata=
{
    "IID": "org.qt-project.Qt.QImageIOHandlerFactoryInterface",
    "MetaData": {
        "Keys": [
            "webp"
        ],
        "MimeTypes": [
            "image/webp"
        ]
    },
    "archreq": 0,
    "className": "QWebpPlugin",
    "debug": false,
    "version": 330752
}


[2025-12-18 14:50:50.197] [DEBUG] "The plugin 'D:/__Install/Qt/Qt5.12.8/5.12.8/mingw73_64/plugins/imageformats/qwebp.dll' uses incompatible Qt library. (Cannot mix debug and release libraries.)" 
         not a plugin
[2025-12-18 14:50:50.197] [DEBUG] QFactoryLoader::QFactoryLoader() looking at "D:/__Install/Qt/Qt5.12.8/5.12.8/mingw73_64/plugins/imageformats/qwebpd.dll"
[2025-12-18 14:50:50.208] [WARNING] Found metadata in lib D:/__Install/Qt/Qt5.12.8/5.12.8/mingw73_64/plugins/imageformats/qwebpd.dll, metadata=
{
    "IID": "org.qt-project.Qt.QImageIOHandlerFactoryInterface",
    "MetaData": {
        "Keys": [
            "webp"
        ],
        "MimeTypes": [
            "image/webp"
        ]
    },
    "archreq": 1,
    "className": "QWebpPlugin",
    "debug": true,
    "version": 330752
}


[2025-12-18 14:50:50.209] [DEBUG] Got keys from plugin meta data ("webp")
[2025-12-18 14:50:50.209] [DEBUG] QFactoryLoader::QFactoryLoader() checking directory path "D:/_Tools/My_Tools_Project/NetworkConfigManager/bin/imageformats" ...
[2025-12-18 14:50:50.209] [DEBUG] loaded library "D:/__Install/Qt/Qt5.12.8/5.12.8/mingw73_64/plugins/imageformats/qgifd.dll"
[2025-12-18 14:50:50.209] [DEBUG] loaded library "D:/__Install/Qt/Qt5.12.8/5.12.8/mingw73_64/plugins/imageformats/qicnsd.dll"
[2025-12-18 14:50:50.209] [DEBUG] loaded library "D:/__Install/Qt/Qt5.12.8/5.12.8/mingw73_64/plugins/imageformats/qicod.dll"
[2025-12-18 14:50:50.210] [DEBUG] loaded library "D:/__Install/Qt/Qt5.12.8/5.12.8/mingw73_64/plugins/imageformats/qjpegd.dll"
[2025-12-18 14:50:50.212] [DEBUG] loaded library "D:/__Install/Qt/Qt5.12.8/5.12.8/mingw73_64/plugins/imageformats/qsvgd.dll"
[2025-12-18 14:50:50.213] [DEBUG] loaded library "D:/__Install/Qt/Qt5.12.8/5.12.8/mingw73_64/plugins/imageformats/qtgad.dll"
[2025-12-18 14:50:50.213] [DEBUG] loaded library "D:/__Install/Qt/Qt5.12.8/5.12.8/mingw73_64/plugins/imageformats/qtiffd.dll"
[2025-12-18 14:50:50.213] [DEBUG] loaded library "D:/__Install/Qt/Qt5.12.8/5.12.8/mingw73_64/plugins/imageformats/qwbmpd.dll"
[2025-12-18 14:50:50.214] [DEBUG] loaded library "D:/__Install/Qt/Qt5.12.8/5.12.8/mingw73_64/plugins/imageformats/qwebpd.dll"
[2025-12-18 14:50:50.749] [DEBUG] 开始检查单实例运行
[2025-12-18 14:50:50.750] [DEBUG] 检查程序是否已运行
[2025-12-18 14:50:50.750] [INFO] 单实例检查通过
[2025-12-18 14:50:50.750] [INFO] 使用的配置文件路径:D:\_Tools\My_Tools_Project\NetworkConfigManager\bin\config\posConfig.ini
[2025-12-18 14:50:50.750] [DEBUG] 初始化快速应用配置菜单
[2025-12-18 14:50:50.750] [INFO] 开始初始化UI组件
[2025-12-18 14:50:50.750] [DEBUG] 设置UI初始状态
[2025-12-18 14:50:50.750] [DEBUG] IP方法切换: DHCP
[2025-12-18 14:50:50.751] [DEBUG] 恢复窗口状态
[2025-12-18 14:50:50.751] [DEBUG] 恢复窗口状态
[2025-12-18 14:50:50.751] [INFO] 窗口状态已恢复
[2025-12-18 14:50:50.751] [WARNING] QPixmap::scaled: Pixmap is a null pixmap
[2025-12-18 14:50:50.751] [INFO] UI初始化完成
[2025-12-18 14:50:50.751] [INFO] 开始初始化应用程序配置
[2025-12-18 14:50:50.751] [INFO] 开始初始化应用程序
[2025-12-18 14:50:50.752] [INFO] 配置文件加载成功
[2025-12-18 14:50:50.752] [DEBUG] 更新网络接口列表
[2025-12-18 14:50:50.752] [DEBUG] 更新网络接口列表
[2025-12-18 14:50:50.997] [INFO] 找到 3 个网络接口
[2025-12-18 14:50:50.997] [DEBUG] 更新所有配置列表
[2025-12-18 14:50:50.997] [INFO] 显示 2 个配置
[2025-12-18 14:50:50.997] [DEBUG] 更新快速应用菜单
[2025-12-18 14:50:51.075] [DEBUG] 获取当前网卡的网络配置
[2025-12-18 14:50:51.075] [DEBUG] 查询接口配置: WLAN
[2025-12-18 14:50:51.150] [DEBUG] 接口 DHCP 状态: 启用
[2025-12-18 14:50:51.224] [DEBUG] 获取IP地址: 192.168.0.101
[2025-12-18 14:50:51.224] [DEBUG] 获取子网掩码: 255.255.255.0
[2025-12-18 14:50:51.224] [DEBUG] 获取默认网关: 192.168.0.1
[2025-12-18 14:50:51.224] [DEBUG] 确定为DHCP模式(通过DHCP状态检测)
[2025-12-18 14:50:51.224] [INFO] 当前网络配置获取完成
[2025-12-18 14:50:51.224] [DEBUG] 获取当前网卡的网络配置
[2025-12-18 14:50:51.224] [DEBUG] 查询接口配置: MWS_WIFI
[2025-12-18 14:50:51.296] [DEBUG] 接口 DHCP 状态: 禁用
[2025-12-18 14:50:51.373] [DEBUG] 尝试通过QNetworkInterface获取子网掩码
[2025-12-18 14:50:51.378] [DEBUG] 确定为静态IP模式
[2025-12-18 14:50:51.378] [INFO] 当前网络配置获取完成
[2025-12-18 14:50:51.379] [DEBUG] 获取当前网卡的网络配置
[2025-12-18 14:50:51.379] [DEBUG] 查询接口配置: 以太网
[2025-12-18 14:50:51.453] [DEBUG] 接口 DHCP 状态: 禁用
[2025-12-18 14:50:51.522] [DEBUG] 获取IP地址: 192.168.4.101
[2025-12-18 14:50:51.522] [DEBUG] 获取子网掩码: 255.255.255.0
[2025-12-18 14:50:51.522] [DEBUG] 确定为静态IP模式
[2025-12-18 14:50:51.522] [INFO] 当前网络配置获取完成
[2025-12-18 14:50:51.522] [DEBUG] 比较静态IP配置
[2025-12-18 14:50:51.522] [DEBUG] 比较结果 - IP: 匹配, 子网: 匹配, 网关: 匹配
[2025-12-18 14:50:51.522] [DEBUG] 方法不匹配: static != dhcp
[2025-12-18 14:50:51.522] [INFO] 快速应用菜单更新完成
[2025-12-18 14:50:51.522] [INFO] 网络接口列表更新完成
[2025-12-18 14:50:51.522] [DEBUG] 刷新网卡列表
[2025-12-18 14:50:51.911] [DEBUG] 更新网卡控制状态: WLAN, 可启用: 0, 可禁用: 1
[2025-12-18 14:50:52.365] [DEBUG] 更新网卡控制状态: WLAN, 可启用: 0, 可禁用: 1
[2025-12-18 14:50:52.365] [INFO] 开机自启动状态: 已启用
[2025-12-18 14:50:52.365] [DEBUG] 显示浮动窗口
[2025-12-18 14:50:52.395] [DEBUG] QFactoryLoader::QFactoryLoader() checking directory path "D:/__Install/Qt/Qt5.12.8/5.12.8/mingw73_64/plugins/accessible" ...
[2025-12-18 14:50:52.395] [DEBUG] QFactoryLoader::QFactoryLoader() checking directory path "D:/_Tools/My_Tools_Project/NetworkConfigManager/bin/accessible" ...
[2025-12-18 14:50:52.395] [INFO] 应用程序初始化完成
[2025-12-18 14:50:52.395] [INFO] 初始化系统托盘和悬浮窗
[2025-12-18 14:50:52.395] [INFO] 初始化系统托盘图标
[2025-12-18 14:50:52.402] [DEBUG] 更新快速应用菜单
[2025-12-18 14:50:52.482] [DEBUG] 获取当前网卡的网络配置
[2025-12-18 14:50:52.482] [DEBUG] 查询接口配置: WLAN
[2025-12-18 14:50:52.559] [DEBUG] 接口 DHCP 状态: 启用
[2025-12-18 14:50:52.629] [DEBUG] 获取IP地址: 192.168.0.101
[2025-12-18 14:50:52.629] [DEBUG] 获取子网掩码: 255.255.255.0
[2025-12-18 14:50:52.629] [DEBUG] 获取默认网关: 192.168.0.1
[2025-12-18 14:50:52.629] [DEBUG] 确定为DHCP模式(通过DHCP状态检测)
[2025-12-18 14:50:52.629] [INFO] 当前网络配置获取完成
[2025-12-18 14:50:52.629] [DEBUG] 获取当前网卡的网络配置
[2025-12-18 14:50:52.629] [DEBUG] 查询接口配置: MWS_WIFI
[2025-12-18 14:50:52.696] [DEBUG] 接口 DHCP 状态: 禁用
[2025-12-18 14:50:52.769] [DEBUG] 尝试通过QNetworkInterface获取子网掩码
[2025-12-18 14:50:52.773] [DEBUG] 确定为静态IP模式
[2025-12-18 14:50:52.773] [INFO] 当前网络配置获取完成
[2025-12-18 14:50:52.773] [DEBUG] 获取当前网卡的网络配置
[2025-12-18 14:50:52.773] [DEBUG] 查询接口配置: 以太网
[2025-12-18 14:50:52.844] [DEBUG] 接口 DHCP 状态: 禁用
[2025-12-18 14:50:52.916] [DEBUG] 获取IP地址: 192.168.4.101
[2025-12-18 14:50:52.916] [DEBUG] 获取子网掩码: 255.255.255.0
[2025-12-18 14:50:52.916] [DEBUG] 确定为静态IP模式
[2025-12-18 14:50:52.916] [INFO] 当前网络配置获取完成
[2025-12-18 14:50:52.916] [DEBUG] 比较静态IP配置
[2025-12-18 14:50:52.916] [DEBUG] 比较结果 - IP: 匹配, 子网: 匹配, 网关: 匹配
[2025-12-18 14:50:52.917] [DEBUG] 方法不匹配: static != dhcp
[2025-12-18 14:50:52.917] [INFO] 快速应用菜单更新完成
[2025-12-18 14:50:53.231] [INFO] 系统托盘图标初始化完成
[2025-12-18 14:50:53.231] [DEBUG] 建立信号槽连接
[2025-12-18 14:50:53.231] [DEBUG] 开始建立信号槽连接
[2025-12-18 14:50:53.231] [INFO] 信号槽连接建立完成
[2025-12-18 14:50:53.231] [DEBUG] 显示悬浮窗
[2025-12-18 14:50:53.243] [INFO] 主窗口初始化完成
[2025-12-18 14:50:53.384] [INFO] 应用程序正常启动
[2025-12-18 14:50:53.384] [DEBUG] QFactoryLoader::QFactoryLoader() checking directory path "D:/__Install/Qt/Qt5.12.8/5.12.8/mingw73_64/plugins/accessiblebridge" ...
[2025-12-18 14:50:53.384] [DEBUG] QFactoryLoader::QFactoryLoader() checking directory path "D:/_Tools/My_Tools_Project/NetworkConfigManager/bin/accessiblebridge" ...
[2025-12-18 14:50:56.898] [INFO] 主窗口关闭事件
[2025-12-18 14:50:56.898] [DEBUG] 保存窗口状态
[2025-12-18 14:50:56.898] [INFO] 窗口状态已保存
[2025-12-18 14:50:56.906] [DEBUG] 主窗口已隐藏，程序在后台运行
