[2025-04-27 09:16:01.421] [DEBUG] 开始检查单实例运行
[2025-04-27 09:16:01.437] [DEBUG] 检查程序是否已运行
[2025-04-27 09:16:01.437] [INFO] 单实例检查通过
[2025-04-27 09:16:01.437] [INFO] 使用的配置文件路径:D:\_Tools\My_Tools_Project\NetworkConfigManager\bin\config\posConfig.ini
[2025-04-27 09:16:01.437] [DEBUG] 初始化快速应用配置菜单
[2025-04-27 09:16:01.453] [INFO] 开始初始化UI组件
[2025-04-27 09:16:01.453] [DEBUG] 设置UI初始状态
[2025-04-27 09:16:01.453] [DEBUG] IP方法切换: DHCP
[2025-04-27 09:16:01.468] [DEBUG] 恢复窗口状态
[2025-04-27 09:16:01.468] [DEBUG] 恢复窗口状态
[2025-04-27 09:16:01.468] [INFO] 窗口状态已恢复
[2025-04-27 09:16:01.468] [INFO] UI初始化完成
[2025-04-27 09:16:01.468] [INFO] 开始初始化应用程序配置
[2025-04-27 09:16:01.468] [INFO] 开始初始化应用程序
[2025-04-27 09:16:01.500] [INFO] 配置文件加载成功
[2025-04-27 09:16:01.500] [DEBUG] 更新网络接口列表
[2025-04-27 09:16:01.500] [DEBUG] 更新网络接口列表
[2025-04-27 09:16:01.562] [INFO] 找到 1 个网络接口
[2025-04-27 09:16:01.562] [DEBUG] 更新所有配置列表
[2025-04-27 09:16:01.562] [INFO] 显示 2 个配置
[2025-04-27 09:16:01.562] [DEBUG] 更新快速应用菜单
[2025-04-27 09:16:01.562] [DEBUG] 获取当前网卡的网络配置
[2025-04-27 09:16:01.562] [DEBUG] 查询接口配置: 以太网
[2025-04-27 09:16:01.609] [DEBUG] 接口 DHCP 状态: 禁用
[2025-04-27 09:16:01.672] [DEBUG] 获取IP地址: 192.168.4.101
[2025-04-27 09:16:01.672] [DEBUG] 获取子网掩码: 255.255.255.0
[2025-04-27 09:16:01.672] [DEBUG] 确定为静态IP模式
[2025-04-27 09:16:01.672] [INFO] 当前网络配置获取完成
[2025-04-27 09:16:01.672] [DEBUG] 比较静态IP配置
[2025-04-27 09:16:01.672] [DEBUG] 比较DHCP配置
[2025-04-27 09:16:01.672] [INFO] 快速应用菜单更新完成
[2025-04-27 09:16:01.672] [INFO] 网络接口列表更新完成
[2025-04-27 09:16:01.672] [INFO] 开机自启动状态: 已启用
[2025-04-27 09:16:01.672] [DEBUG] 显示浮动窗口
[2025-04-27 09:16:01.703] [INFO] 应用程序初始化完成
[2025-04-27 09:16:01.703] [INFO] 初始化系统托盘和悬浮窗
[2025-04-27 09:16:01.703] [INFO] 初始化系统托盘图标
[2025-04-27 09:16:01.703] [DEBUG] 更新快速应用菜单
[2025-04-27 09:16:01.703] [DEBUG] 获取当前网卡的网络配置
[2025-04-27 09:16:01.703] [DEBUG] 查询接口配置: 以太网
[2025-04-27 09:16:01.766] [DEBUG] 接口 DHCP 状态: 禁用
[2025-04-27 09:16:01.813] [DEBUG] 获取IP地址: 192.168.4.101
[2025-04-27 09:16:01.813] [DEBUG] 获取子网掩码: 255.255.255.0
[2025-04-27 09:16:01.813] [DEBUG] 确定为静态IP模式
[2025-04-27 09:16:01.813] [INFO] 当前网络配置获取完成
[2025-04-27 09:16:01.813] [DEBUG] 比较静态IP配置
[2025-04-27 09:16:01.813] [DEBUG] 比较DHCP配置
[2025-04-27 09:16:01.813] [INFO] 快速应用菜单更新完成
[2025-04-27 09:16:01.834] [INFO] 系统托盘图标初始化完成
[2025-04-27 09:16:01.834] [DEBUG] 建立信号槽连接
[2025-04-27 09:16:01.834] [DEBUG] 开始建立信号槽连接
[2025-04-27 09:16:01.835] [INFO] 初始化系统托盘图标
[2025-04-27 09:16:01.835] [DEBUG] 更新快速应用菜单
[2025-04-27 09:16:01.835] [DEBUG] 获取当前网卡的网络配置
[2025-04-27 09:16:01.835] [DEBUG] 查询接口配置: 以太网
[2025-04-27 09:16:01.890] [DEBUG] 接口 DHCP 状态: 禁用
[2025-04-27 09:16:01.939] [DEBUG] 获取IP地址: 192.168.4.101
[2025-04-27 09:16:01.939] [DEBUG] 获取子网掩码: 255.255.255.0
[2025-04-27 09:16:01.939] [DEBUG] 确定为静态IP模式
[2025-04-27 09:16:01.939] [INFO] 当前网络配置获取完成
[2025-04-27 09:16:01.939] [DEBUG] 比较静态IP配置
[2025-04-27 09:16:01.939] [DEBUG] 比较DHCP配置
[2025-04-27 09:16:01.939] [INFO] 快速应用菜单更新完成
[2025-04-27 09:16:01.939] [INFO] 系统托盘图标初始化完成
[2025-04-27 09:16:01.939] [INFO] 信号槽连接建立完成
[2025-04-27 09:16:01.939] [DEBUG] 显示悬浮窗
[2025-04-27 09:16:01.939] [INFO] 主窗口初始化完成
[2025-04-27 09:25:31.444] [DEBUG] 显示悬浮窗上下文菜单
[2025-04-27 09:25:31.589] [DEBUG] 获取当前网卡的网络配置
[2025-04-27 09:25:31.589] [DEBUG] 查询接口配置: 2
[2025-04-27 09:25:31.656] [DEBUG] 接口 DHCP 状态: 禁用
[2025-04-27 09:25:31.726] [DEBUG] 尝试通过QNetworkInterface获取子网掩码
[2025-04-27 09:25:31.762] [DEBUG] 确定为静态IP模式
[2025-04-27 09:25:31.762] [INFO] 当前网络配置获取完成
[2025-04-27 09:25:31.762] [DEBUG] 获取当前网卡的网络配置
[2025-04-27 09:25:31.762] [DEBUG] 查询接口配置: 以太网
[2025-04-27 09:25:31.824] [DEBUG] 接口 DHCP 状态: 禁用
[2025-04-27 09:25:31.909] [DEBUG] 获取IP地址: 192.168.4.101
[2025-04-27 09:25:31.909] [DEBUG] 获取子网掩码: 255.255.255.0
[2025-04-27 09:25:31.909] [DEBUG] 确定为静态IP模式
[2025-04-27 09:25:31.909] [INFO] 当前网络配置获取完成
[2025-04-27 09:25:31.910] [DEBUG] 比较静态IP配置
[2025-04-27 09:25:31.910] [DEBUG] 比较DHCP配置
[2025-04-27 09:25:36.006] [DEBUG] 悬浮窗上下文菜单已显示
[2025-04-27 10:05:06.957] [INFO] 开始销毁主窗口
[2025-04-27 10:05:06.958] [DEBUG] 保存窗口状态
[2025-04-27 10:05:06.958] [DEBUG] 保存窗口状态
[2025-04-27 10:05:07.123] [INFO] 窗口状态已保存
[2025-04-27 10:05:07.123] [INFO] 主窗口销毁完成
[2025-04-27 10:11:13.396] [DEBUG] 开始检查单实例运行
[2025-04-27 10:11:13.408] [DEBUG] 检查程序是否已运行
[2025-04-27 10:11:13.408] [INFO] 单实例检查通过
[2025-04-27 10:11:13.426] [INFO] 使用的配置文件路径:D:\_Tools\My_Tools_Project\NetworkConfigManager\bin\config\posConfig.ini
[2025-04-27 10:11:13.426] [DEBUG] 初始化快速应用配置菜单
[2025-04-27 10:11:13.458] [INFO] 开始初始化UI组件
[2025-04-27 10:11:13.458] [DEBUG] 设置UI初始状态
[2025-04-27 10:11:13.458] [DEBUG] IP方法切换: DHCP
[2025-04-27 10:11:13.469] [DEBUG] 恢复窗口状态
[2025-04-27 10:11:13.469] [DEBUG] 恢复窗口状态
[2025-04-27 10:11:13.469] [INFO] 窗口状态已恢复
[2025-04-27 10:11:13.469] [INFO] UI初始化完成
[2025-04-27 10:11:13.469] [INFO] 开始初始化应用程序配置
[2025-04-27 10:11:13.469] [INFO] 开始初始化应用程序
[2025-04-27 10:11:13.506] [INFO] 配置文件加载成功
[2025-04-27 10:11:13.506] [DEBUG] 更新网络接口列表
[2025-04-27 10:11:13.506] [DEBUG] 更新网络接口列表
[2025-04-27 10:11:13.624] [INFO] 找到 2 个网络接口
[2025-04-27 10:11:13.624] [DEBUG] 更新所有配置列表
[2025-04-27 10:11:13.624] [INFO] 显示 2 个配置
[2025-04-27 10:11:13.624] [DEBUG] 更新快速应用菜单
[2025-04-27 10:11:13.624] [DEBUG] 获取当前网卡的网络配置
[2025-04-27 10:11:13.624] [DEBUG] 查询接口配置: 2
[2025-04-27 10:11:13.715] [DEBUG] 接口 DHCP 状态: 禁用
[2025-04-27 10:11:13.806] [DEBUG] 尝试通过QNetworkInterface获取子网掩码
[2025-04-27 10:11:13.826] [DEBUG] 确定为静态IP模式
[2025-04-27 10:11:13.826] [INFO] 当前网络配置获取完成
[2025-04-27 10:11:13.827] [DEBUG] 获取当前网卡的网络配置
[2025-04-27 10:11:13.827] [DEBUG] 查询接口配置: 以太网
[2025-04-27 10:11:13.904] [DEBUG] 接口 DHCP 状态: 禁用
[2025-04-27 10:11:13.976] [DEBUG] 获取IP地址: 192.168.4.101
[2025-04-27 10:11:13.976] [DEBUG] 获取子网掩码: 255.255.255.0
[2025-04-27 10:11:13.976] [DEBUG] 确定为静态IP模式
[2025-04-27 10:11:13.976] [INFO] 当前网络配置获取完成
[2025-04-27 10:11:13.976] [DEBUG] 比较静态IP配置
[2025-04-27 10:11:13.977] [DEBUG] 比较DHCP配置
[2025-04-27 10:11:13.977] [INFO] 快速应用菜单更新完成
[2025-04-27 10:11:13.977] [INFO] 网络接口列表更新完成
[2025-04-27 10:11:13.977] [INFO] 开机自启动状态: 已启用
[2025-04-27 10:11:13.977] [DEBUG] 显示浮动窗口
[2025-04-27 10:11:14.030] [INFO] 应用程序初始化完成
[2025-04-27 10:11:14.030] [INFO] 初始化系统托盘和悬浮窗
[2025-04-27 10:11:14.030] [INFO] 初始化系统托盘图标
[2025-04-27 10:11:14.035] [DEBUG] 更新快速应用菜单
[2025-04-27 10:11:14.035] [DEBUG] 获取当前网卡的网络配置
[2025-04-27 10:11:14.035] [DEBUG] 查询接口配置: 2
[2025-04-27 10:11:14.108] [DEBUG] 接口 DHCP 状态: 禁用
[2025-04-27 10:11:14.174] [DEBUG] 尝试通过QNetworkInterface获取子网掩码
[2025-04-27 10:11:14.179] [DEBUG] 确定为静态IP模式
[2025-04-27 10:11:14.179] [INFO] 当前网络配置获取完成
[2025-04-27 10:11:14.179] [DEBUG] 获取当前网卡的网络配置
[2025-04-27 10:11:14.179] [DEBUG] 查询接口配置: 以太网
[2025-04-27 10:11:14.249] [DEBUG] 接口 DHCP 状态: 禁用
[2025-04-27 10:11:14.322] [DEBUG] 获取IP地址: 192.168.4.101
[2025-04-27 10:11:14.322] [DEBUG] 获取子网掩码: 255.255.255.0
[2025-04-27 10:11:14.322] [DEBUG] 确定为静态IP模式
[2025-04-27 10:11:14.322] [INFO] 当前网络配置获取完成
[2025-04-27 10:11:14.322] [DEBUG] 比较静态IP配置
[2025-04-27 10:11:14.323] [DEBUG] 比较DHCP配置
[2025-04-27 10:11:14.323] [INFO] 快速应用菜单更新完成
[2025-04-27 10:11:14.341] [INFO] 系统托盘图标初始化完成
[2025-04-27 10:11:14.341] [DEBUG] 建立信号槽连接
[2025-04-27 10:11:14.341] [DEBUG] 开始建立信号槽连接
[2025-04-27 10:11:14.341] [INFO] 初始化系统托盘图标
[2025-04-27 10:11:14.343] [DEBUG] 更新快速应用菜单
[2025-04-27 10:11:14.343] [DEBUG] 获取当前网卡的网络配置
[2025-04-27 10:11:14.343] [DEBUG] 查询接口配置: 2
[2025-04-27 10:11:14.411] [DEBUG] 接口 DHCP 状态: 禁用
[2025-04-27 10:11:14.489] [DEBUG] 尝试通过QNetworkInterface获取子网掩码
[2025-04-27 10:11:14.495] [DEBUG] 确定为静态IP模式
[2025-04-27 10:11:14.495] [INFO] 当前网络配置获取完成
[2025-04-27 10:11:14.495] [DEBUG] 获取当前网卡的网络配置
[2025-04-27 10:11:14.495] [DEBUG] 查询接口配置: 以太网
[2025-04-27 10:11:14.585] [DEBUG] 接口 DHCP 状态: 禁用
[2025-04-27 10:11:14.653] [DEBUG] 获取IP地址: 192.168.4.101
[2025-04-27 10:11:14.653] [DEBUG] 获取子网掩码: 255.255.255.0
[2025-04-27 10:11:14.653] [DEBUG] 确定为静态IP模式
[2025-04-27 10:11:14.653] [INFO] 当前网络配置获取完成
[2025-04-27 10:11:14.654] [DEBUG] 比较静态IP配置
[2025-04-27 10:11:14.654] [DEBUG] 比较DHCP配置
[2025-04-27 10:11:14.654] [INFO] 快速应用菜单更新完成
[2025-04-27 10:11:14.654] [INFO] 系统托盘图标初始化完成
[2025-04-27 10:11:14.654] [INFO] 信号槽连接建立完成
[2025-04-27 10:11:14.654] [DEBUG] 显示悬浮窗
[2025-04-27 10:11:14.661] [INFO] 主窗口初始化完成
[2025-04-27 10:11:29.552] [INFO] 开始销毁主窗口
[2025-04-27 10:11:29.552] [DEBUG] 保存窗口状态
[2025-04-27 10:11:29.552] [DEBUG] 保存窗口状态
[2025-04-27 10:11:29.552] [INFO] 窗口状态已保存
[2025-04-27 10:11:29.552] [INFO] 主窗口销毁完成
 开始销毁主窗口
[2025-04-27 10:11:26.900] [DEBUG] 保存窗口状态
[2025-04-27 10:11:26.900] [DEBUG] 保存窗口状态
[2025-04-27 10:11:26.901] [INFO] 窗口状态已保存
[2025-04-27 10:11:26.901] [INFO] 主窗口销毁完成
[2025-04-27 10:12:09.836] [DEBUG] 开始检查单实例运行
[2025-04-27 10:12:09.836] [DEBUG] 检查程序是否已运行
[2025-04-27 10:12:09.837] [INFO] 单实例检查通过
[2025-04-27 10:12:09.837] [INFO] 使用的配置文件路径:D:\_Tools\My_Tools_Project\NetworkConfigManager\bin\config\posConfig.ini
[2025-04-27 10:12:09.837] [DEBUG] 初始化快速应用配置菜单
[2025-04-27 10:12:09.837] [INFO] 开始初始化UI组件
[2025-04-27 10:12:09.837] [DEBUG] 设置UI初始状态
[2025-04-27 10:12:09.837] [DEBUG] IP方法切换: DHCP
[2025-04-27 10:12:09.837] [DEBUG] 恢复窗口状态
[2025-04-27 10:12:09.837] [DEBUG] 恢复窗口状态
[2025-04-27 10:12:09.837] [INFO] 窗口状态已恢复
[2025-04-27 10:12:09.837] [INFO] UI初始化完成
[2025-04-27 10:12:09.837] [INFO] 开始初始化应用程序配置
[2025-04-27 10:12:09.837] [INFO] 开始初始化应用程序
[2025-04-27 10:12:09.838] [INFO] 配置文件加载成功
[2025-04-27 10:12:09.838] [DEBUG] 更新网络接口列表
[2025-04-27 10:12:09.838] [DEBUG] 更新网络接口列表
[2025-04-27 10:12:09.954] [INFO] 找到 2 个网络接口
[2025-04-27 10:12:09.954] [DEBUG] 更新所有配置列表
[2025-04-27 10:12:09.954] [INFO] 显示 2 个配置
[2025-04-27 10:12:09.954] [DEBUG] 更新快速应用菜单
[2025-04-27 10:12:09.954] [DEBUG] 获取当前网卡的网络配置
[2025-04-27 10:12:09.954] [DEBUG] 查询接口配置: 2
[2025-04-27 10:12:10.008] [DEBUG] 接口 DHCP 状态: 禁用
[2025-04-27 10:12:10.055] [DEBUG] 尝试通过QNetworkInterface获取子网掩码
[2025-04-27 10:12:10.061] [DEBUG] 确定为静态IP模式
[2025-04-27 10:12:10.061] [INFO] 当前网络配置获取完成
[2025-04-27 10:12:10.061] [DEBUG] 获取当前网卡的网络配置
[2025-04-27 10:12:10.061] [DEBUG] 查询接口配置: 以太网
[2025-04-27 10:12:10.110] [DEBUG] 接口 DHCP 状态: 禁用
[2025-04-27 10:12:10.158] [DEBUG] 获取IP地址: 192.168.4.101
[2025-04-27 10:12:10.158] [DEBUG] 获取子网掩码: 255.255.255.0
[2025-04-27 10:12:10.159] [DEBUG] 确定为静态IP模式
[2025-04-27 10:12:10.159] [INFO] 当前网络配置获取完成
[2025-04-27 10:12:10.159] [DEBUG] 比较静态IP配置
[2025-04-27 10:12:10.159] [DEBUG] 比较DHCP配置
[2025-04-27 10:12:10.159] [INFO] 快速应用菜单更新完成
[2025-04-27 10:12:10.159] [INFO] 网络接口列表更新完成
[2025-04-27 10:12:10.159] [INFO] 开机自启动状态: 已启用
[2025-04-27 10:12:10.159] [DEBUG] 显示浮动窗口
[2025-04-27 10:12:10.174] [INFO] 应用程序初始化完成
[2025-04-27 10:12:10.174] [INFO] 初始化系统托盘和悬浮窗
[2025-04-27 10:12:10.174] [INFO] 初始化系统托盘图标
[2025-04-27 10:12:10.177] [DEBUG] 更新快速应用菜单
[2025-04-27 10:12:10.177] [DEBUG] 获取当前网卡的网络配置
[2025-04-27 10:12:10.177] [DEBUG] 查询接口配置: 2
[2025-04-27 10:12:10.226] [DEBUG] 接口 DHCP 状态: 禁用
[2025-04-27 10:12:10.274] [DEBUG] 尝试通过QNetworkInterface获取子网掩码
[2025-04-27 10:12:10.277] [DEBUG] 确定为静态IP模式
[2025-04-27 10:12:10.277] [INFO] 当前网络配置获取完成
[2025-04-27 10:12:10.278] [DEBUG] 获取当前网卡的网络配置
[2025-04-27 10:12:10.278] [DEBUG] 查询接口配置: 以太网
[2025-04-27 10:12:10.328] [DEBUG] 接口 DHCP 状态: 禁用
[2025-04-27 10:12:10.377] [DEBUG] 获取IP地址: 192.168.4.101
[2025-04-27 10:12:10.377] [DEBUG] 获取子网掩码: 255.255.255.0
[2025-04-27 10:12:10.377] [DEBUG] 确定为静态IP模式
[2025-04-27 10:12:10.377] [INFO] 当前网络配置获取完成
[2025-04-27 10:12:10.377] [DEBUG] 比较静态IP配置
[2025-04-27 10:12:10.377] [DEBUG] 比较DHCP配置
[2025-04-27 10:12:10.378] [INFO] 快速应用菜单更新完成
[2025-04-27 10:12:10.387] [INFO] 系统托盘图标初始化完成
[2025-04-27 10:12:10.387] [DEBUG] 建立信号槽连接
[2025-04-27 10:12:10.387] [DEBUG] 开始建立信号槽连接
[2025-04-27 10:12:10.387] [INFO] 初始化系统托盘图标
[2025-04-27 10:12:10.389] [DEBUG] 更新快速应用菜单
[2025-04-27 10:12:10.389] [DEBUG] 获取当前网卡的网络配置
[2025-04-27 10:12:10.389] [DEBUG] 查询接口配置: 2
[2025-04-27 10:12:10.440] [DEBUG] 接口 DHCP 状态: 禁用
[2025-04-27 10:12:10.491] [DEBUG] 尝试通过QNetworkInterface获取子网掩码
[2025-04-27 10:12:10.494] [DEBUG] 确定为静态IP模式
[2025-04-27 10:12:10.494] [INFO] 当前网络配置获取完成
[2025-04-27 10:12:10.495] [DEBUG] 获取当前网卡的网络配置
[2025-04-27 10:12:10.495] [DEBUG] 查询接口配置: 以太网
[2025-04-27 10:12:10.546] [DEBUG] 接口 DHCP 状态: 禁用
[2025-04-27 10:12:10.596] [DEBUG] 获取IP地址: 192.168.4.101
[2025-04-27 10:12:10.596] [DEBUG] 获取子网掩码: 255.255.255.0
[2025-04-27 10:12:10.596] [DEBUG] 确定为静态IP模式
[2025-04-27 10:12:10.596] [INFO] 当前网络配置获取完成
[2025-04-27 10:12:10.596] [DEBUG] 比较静态IP配置
[2025-04-27 10:12:10.596] [DEBUG] 比较DHCP配置
[2025-04-27 10:12:10.596] [INFO] 快速应用菜单更新完成
[2025-04-27 10:12:10.596] [INFO] 系统托盘图标初始化完成
[2025-04-27 10:12:10.596] [INFO] 信号槽连接建立完成
[2025-04-27 10:12:10.597] [DEBUG] 显示悬浮窗
[2025-04-27 10:12:10.602] [INFO] 主窗口初始化完成
[2025-04-27 10:12:11.904] [INFO] 主窗口关闭事件
[2025-04-27 10:12:11.904] [DEBUG] 保存窗口状态
[2025-04-27 10:12:11.904] [INFO] 窗口状态已保存
[2025-04-27 10:12:11.908] [DEBUG] 主窗口已隐藏，程序在后台运行
[2025-04-27 11:27:50.108] [DEBUG] 显示悬浮窗上下文菜单
[2025-04-27 11:27:50.262] [DEBUG] 获取当前网卡的网络配置
[2025-04-27 11:27:50.262] [DEBUG] 查询接口配置: WLAN
[2025-04-27 11:27:50.320] [DEBUG] 接口 DHCP 状态: 启用
[2025-04-27 11:27:50.375] [DEBUG] 获取IP地址: 192.168.156.156
[2025-04-27 11:27:50.375] [DEBUG] 获取子网掩码: 255.255.255.0
[2025-04-27 11:27:50.375] [DEBUG] 获取默认网关: 192.168.156.104
[2025-04-27 11:27:50.375] [DEBUG] 确定为DHCP模式(通过DHCP状态检测)
[2025-04-27 11:27:50.375] [INFO] 当前网络配置获取完成
[2025-04-27 11:27:50.376] [DEBUG] 获取当前网卡的网络配置
[2025-04-27 11:27:50.376] [DEBUG] 查询接口配置: 以太网
[2025-04-27 11:27:50.430] [DEBUG] 接口 DHCP 状态: 禁用
[2025-04-27 11:27:50.482] [DEBUG] 获取IP地址: 192.168.4.101
[2025-04-27 11:27:50.482] [DEBUG] 获取子网掩码: 255.255.255.0
[2025-04-27 11:27:50.482] [DEBUG] 确定为静态IP模式
[2025-04-27 11:27:50.482] [INFO] 当前网络配置获取完成
[2025-04-27 11:27:50.482] [DEBUG] 比较静态IP配置
[2025-04-27 11:27:50.483] [DEBUG] 比较DHCP配置
[2025-04-27 11:27:52.831] [INFO] 从悬浮窗菜单应用配置: 以太网 (专用)
[2025-04-27 11:27:53.178] [INFO] 配置应用成功: 以太网[自动获取IP]
[2025-04-27 11:27:53.178] [DEBUG] 更新快速应用菜单
[2025-04-27 11:27:53.178] [DEBUG] 获取当前网卡的网络配置
[2025-04-27 11:27:53.178] [DEBUG] 查询接口配置: WLAN
[2025-04-27 11:27:53.266] [DEBUG] 接口 DHCP 状态: 启用
[2025-04-27 11:27:53.325] [DEBUG] 获取IP地址: 192.168.156.156
[2025-04-27 11:27:53.325] [DEBUG] 获取子网掩码: 255.255.255.0
[2025-04-27 11:27:53.325] [DEBUG] 获取默认网关: 192.168.156.104
[2025-04-27 11:27:53.325] [DEBUG] 确定为DHCP模式(通过DHCP状态检测)
[2025-04-27 11:27:53.325] [INFO] 当前网络配置获取完成
[2025-04-27 11:27:53.325] [DEBUG] 获取当前网卡的网络配置
[2025-04-27 11:27:53.325] [DEBUG] 查询接口配置: 以太网
[2025-04-27 11:27:53.377] [DEBUG] 接口 DHCP 状态: 启用
[2025-04-27 11:27:53.427] [DEBUG] 获取IP地址: 192.168.20.10
[2025-04-27 11:27:53.427] [DEBUG] 获取子网掩码: 255.255.255.0
[2025-04-27 11:27:53.427] [DEBUG] 获取默认网关: 192.168.20.1
[2025-04-27 11:27:53.427] [DEBUG] 确定为DHCP模式(通过DHCP状态检测)
[2025-04-27 11:27:53.427] [INFO] 当前网络配置获取完成
[2025-04-27 11:27:53.428] [DEBUG] 比较静态IP配置
[2025-04-27 11:27:53.428] [DEBUG] 比较DHCP配置
[2025-04-27 11:27:53.428] [INFO] 快速应用菜单更新完成
[2025-04-27 11:27:53.442] [DEBUG] 悬浮窗上下文菜单已显示
[2025-04-27 11:34:04.927] [DEBUG] 显示悬浮窗上下文菜单
[2025-04-27 11:34:05.044] [DEBUG] 获取当前网卡的网络配置
[2025-04-27 11:34:05.044] [DEBUG] 查询接口配置: WLAN
[2025-04-27 11:34:05.099] [DEBUG] 接口 DHCP 状态: 启用
[2025-04-27 11:34:05.152] [DEBUG] 获取IP地址: 192.168.156.156
[2025-04-27 11:34:05.152] [DEBUG] 获取子网掩码: 255.255.255.0
[2025-04-27 11:34:05.152] [DEBUG] 获取默认网关: 192.168.156.104
[2025-04-27 11:34:05.152] [DEBUG] 确定为DHCP模式(通过DHCP状态检测)
[2025-04-27 11:34:05.152] [INFO] 当前网络配置获取完成
[2025-04-27 11:34:05.152] [DEBUG] 获取当前网卡的网络配置
[2025-04-27 11:34:05.152] [DEBUG] 查询接口配置: 以太网
[2025-04-27 11:34:05.206] [DEBUG] 接口 DHCP 状态: 启用
[2025-04-27 11:34:05.261] [DEBUG] 获取IP地址: 192.168.20.10
[2025-04-27 11:34:05.261] [DEBUG] 获取子网掩码: 255.255.255.0
[2025-04-27 11:34:05.261] [DEBUG] 获取默认网关: 192.168.20.1
[2025-04-27 11:34:05.261] [DEBUG] 确定为DHCP模式(通过DHCP状态检测)
[2025-04-27 11:34:05.261] [INFO] 当前网络配置获取完成
[2025-04-27 11:34:05.261] [DEBUG] 比较静态IP配置
[2025-04-27 11:34:05.262] [DEBUG] 比较DHCP配置
[2025-04-27 11:34:07.289] [INFO] 从悬浮窗菜单应用配置: 以太网 (专用)
[2025-04-27 11:34:07.523] [INFO] 配置应用成功: 以太网[192.168.4.101]
[2025-04-27 11:34:07.523] [DEBUG] 更新快速应用菜单
[2025-04-27 11:34:07.523] [DEBUG] 获取当前网卡的网络配置
[2025-04-27 11:34:07.523] [DEBUG] 查询接口配置: WLAN
[2025-04-27 11:34:07.645] [DEBUG] 接口 DHCP 状态: 启用
[2025-04-27 11:34:07.735] [DEBUG] 获取IP地址: 192.168.156.156
[2025-04-27 11:34:07.735] [DEBUG] 获取子网掩码: 255.255.255.0
[2025-04-27 11:34:07.735] [DEBUG] 获取默认网关: 192.168.156.104
[2025-04-27 11:34:07.735] [DEBUG] 确定为DHCP模式(通过DHCP状态检测)
[2025-04-27 11:34:07.735] [INFO] 当前网络配置获取完成
[2025-04-27 11:34:07.735] [DEBUG] 获取当前网卡的网络配置
[2025-04-27 11:34:07.735] [DEBUG] 查询接口配置: 以太网
[2025-04-27 11:34:07.799] [DEBUG] 接口 DHCP 状态: 禁用
[2025-04-27 11:34:07.867] [DEBUG] 尝试通过QNetworkInterface获取子网掩码
[2025-04-27 11:34:07.871] [DEBUG] 确定为静态IP模式
[2025-04-27 11:34:07.871] [INFO] 当前网络配置获取完成
[2025-04-27 11:34:07.871] [DEBUG] 比较静态IP配置
[2025-04-27 11:34:07.871] [DEBUG] 比较DHCP配置
[2025-04-27 11:34:07.871] [INFO] 快速应用菜单更新完成
[2025-04-27 11:34:07.871] [DEBUG] 悬浮窗上下文菜单已显示
[2025-04-27 11:53:46.561] [INFO] 开始销毁主窗口
[2025-04-27 11:53:46.561] [DEBUG] 保存窗口状态
[2025-04-27 11:53:46.561] [DEBUG] 保存窗口状态
[2025-04-27 11:53:46.561] [INFO] 窗口状态已保存
[2025-04-27 11:53:46.561] [INFO] 主窗口销毁完成
[2025-04-27 11:55:32.860] [DEBUG] ʼ鵥ʵ
[2025-04-27 11:55:32.885] [DEBUG] Ƿ
[2025-04-27 11:55:32.885] [INFO] ʵͨ
[2025-04-27 11:55:32.943] [INFO] ʹõļ·:D:\_Tools\My_Tools_Project\NetworkConfigManager\bin\config\posConfig.ini
[2025-04-27 11:55:32.943] [DEBUG] ʼӦò˵
[2025-04-27 11:55:32.944] [INFO] ʼʼUI
[2025-04-27 11:55:32.944] [DEBUG] UIʼ״̬
[2025-04-27 11:55:32.944] [DEBUG] IPл: DHCP
[2025-04-27 11:55:32.982] [DEBUG] ָ״̬
[2025-04-27 11:55:32.982] [DEBUG] ָ״̬
[2025-04-27 11:55:32.988] [INFO] ״̬ѻָ
[2025-04-27 11:55:32.988] [INFO] UIʼ
[2025-04-27 11:55:32.988] [INFO] ʼʼӦó
[2025-04-27 11:55:32.988] [INFO] ʼʼӦó
[2025-04-27 11:55:33.072] [INFO] ļسɹ
[2025-04-27 11:55:33.072] [DEBUG] ӿб
[2025-04-27 11:55:33.072] [DEBUG] ӿб
[2025-04-27 11:55:33.204] [INFO] ҵ 2 ӿ
[2025-04-27 11:55:33.205] [DEBUG] б
[2025-04-27 11:55:33.205] [INFO] ʾ 2 
[2025-04-27 11:55:33.205] [DEBUG] ¿Ӧò˵
[2025-04-27 11:55:33.205] [DEBUG] ȡǰ
[2025-04-27 11:55:33.205] [DEBUG] ѯӿ: WLAN
[2025-04-27 11:55:33.264] [DEBUG] ӿ DHCP ״̬: 
[2025-04-27 11:55:33.339] [DEBUG] ͨQNetworkInterfaceȡ
[2025-04-27 11:55:33.370] [DEBUG] ȷΪ̬IPģʽ
[2025-04-27 11:55:33.370] [INFO] ǰûȡ
[2025-04-27 11:55:33.371] [DEBUG] ȡǰ
[2025-04-27 11:55:33.371] [DEBUG] ѯӿ: ̫
[2025-04-27 11:55:33.432] [DEBUG] ӿ DHCP ״̬: 
[2025-04-27 11:55:33.491] [DEBUG] ͨQNetworkInterfaceȡ
[2025-04-27 11:55:33.494] [DEBUG] ȷΪ̬IPģʽ
[2025-04-27 11:55:33.495] [INFO] ǰûȡ
[2025-04-27 11:55:33.495] [DEBUG] ȽϾ̬IP
[2025-04-27 11:55:33.495] [DEBUG] ȽDHCP
[2025-04-27 11:55:33.495] [INFO] Ӧò˵
[2025-04-27 11:55:33.495] [INFO] ӿб
[2025-04-27 11:55:33.496] [INFO] ״̬: 
[2025-04-27 11:55:33.496] [DEBUG] ʾ
[2025-04-27 11:55:33.535] [INFO] Ӧóʼ
[2025-04-27 11:55:33.535] [INFO] ʼϵͳ̺
[2025-04-27 11:55:33.535] [INFO] ʼϵͳͼ
[2025-04-27 11:55:33.540] [DEBUG] ¿Ӧò˵
[2025-04-27 11:55:33.540] [DEBUG] ȡǰ
[2025-04-27 11:55:33.540] [DEBUG] ѯӿ: WLAN
[2025-04-27 11:55:33.605] [DEBUG] ӿ DHCP ״̬: 
[2025-04-27 11:55:33.668] [DEBUG] ͨQNetworkInterfaceȡ
[2025-04-27 11:55:33.672] [DEBUG] ȷΪ̬IPģʽ
[2025-04-27 11:55:33.672] [INFO] ǰûȡ
[2025-04-27 11:55:33.672] [DEBUG] ȡǰ
[2025-04-27 11:55:33.672] [DEBUG] ѯӿ: ̫
[2025-04-27 11:55:33.765] [DEBUG] ӿ DHCP ״̬: 
[2025-04-27 11:55:33.835] [DEBUG] ͨQNetworkInterfaceȡ
[2025-04-27 11:55:33.839] [DEBUG] ȷΪ̬IPģʽ
[2025-04-27 11:55:33.839] [INFO] ǰûȡ
[2025-04-27 11:55:33.839] [DEBUG] ȽϾ̬IP
[2025-04-27 11:55:33.839] [DEBUG] ȽDHCP
[2025-04-27 11:55:33.839] [INFO] Ӧò˵
[2025-04-27 11:55:33.853] [INFO] ϵͳͼʼ
[2025-04-27 11:55:33.853] [DEBUG] źŲ
[2025-04-27 11:55:33.853] [DEBUG] ʼźŲ
[2025-04-27 11:55:33.853] [INFO] ʼϵͳͼ
[2025-04-27 11:55:33.854] [DEBUG] ¿Ӧò˵
[2025-04-27 11:55:33.854] [DEBUG] ȡǰ
[2025-04-27 11:55:33.854] [DEBUG] ѯӿ: WLAN
[2025-04-27 11:55:33.919] [DEBUG] ӿ DHCP ״̬: 
[2025-04-27 11:55:33.976] [DEBUG] ͨQNetworkInterfaceȡ
[2025-04-27 11:55:33.979] [DEBUG] ȷΪ̬IPģʽ
[2025-04-27 11:55:33.979] [INFO] ǰûȡ
[2025-04-27 11:55:33.979] [DEBUG] ȡǰ
[2025-04-27 11:55:33.979] [DEBUG] ѯӿ: ̫
[2025-04-27 11:55:34.036] [DEBUG] ӿ DHCP ״̬: 
[2025-04-27 11:55:34.094] [DEBUG] ͨQNetworkInterfaceȡ
[2025-04-27 11:55:34.098] [DEBUG] ȷΪ̬IPģʽ
[2025-04-27 11:55:34.098] [INFO] ǰûȡ
[2025-04-27 11:55:34.098] [DEBUG] ȽϾ̬IP
[2025-04-27 11:55:34.099] [DEBUG] ȽDHCP
[2025-04-27 11:55:34.099] [INFO] Ӧò˵
[2025-04-27 11:55:34.099] [INFO] ϵͳͼʼ
[2025-04-27 11:55:34.099] [INFO] źŲӽ
[2025-04-27 11:55:34.099] [DEBUG] ʾ
[2025-04-27 11:55:34.108] [INFO] ڳʼ
[2025-04-27 15:41:23.595] [INFO] ʼ
[2025-04-27 15:41:23.607] [DEBUG] 洰״̬
[2025-04-27 15:41:23.607] [DEBUG] 洰״̬
[2025-04-27 15:41:23.706] [INFO] ״̬ѱ
[2025-04-27 15:41:23.706] [INFO] 
[2025-04-27 15:43:02.661] [DEBUG] ʼ鵥ʵ
[2025-04-27 15:43:02.706] [DEBUG] Ƿ
[2025-04-27 15:43:02.706] [INFO] ʵͨ
[2025-04-27 15:43:02.707] [INFO] ʹõļ·:D:\_Tools\My_Tools_Project\NetworkConfigManager\bin\config\posConfig.ini
[2025-04-27 15:43:02.707] [DEBUG] ʼӦò˵
[2025-04-27 15:43:02.708] [INFO] ʼʼUI
[2025-04-27 15:43:02.708] [DEBUG] UIʼ״̬
[2025-04-27 15:43:02.708] [DEBUG] IPл: DHCP
[2025-04-27 15:43:02.745] [DEBUG] ָ״̬
[2025-04-27 15:43:02.745] [DEBUG] ָ״̬
[2025-04-27 15:43:02.745] [INFO] ״̬ѻָ
[2025-04-27 15:43:02.745] [INFO] UIʼ
[2025-04-27 15:43:02.745] [INFO] ʼʼӦó
[2025-04-27 15:43:02.745] [INFO] ʼʼӦó
[2025-04-27 15:43:02.773] [INFO] ļسɹ
[2025-04-27 15:43:02.773] [DEBUG] ӿб
[2025-04-27 15:43:02.773] [DEBUG] ӿб
[2025-04-27 15:43:02.891] [INFO] ҵ 2 ӿ
[2025-04-27 15:43:02.891] [DEBUG] б
[2025-04-27 15:43:02.891] [INFO] ʾ 2 
[2025-04-27 15:43:02.891] [DEBUG] ¿Ӧò˵
[2025-04-27 15:43:02.891] [DEBUG] ȡǰ
[2025-04-27 15:43:02.892] [DEBUG] ѯӿ: WLAN
[2025-04-27 15:43:02.947] [DEBUG] ӿ DHCP ״̬: 
[2025-04-27 15:43:03.000] [DEBUG] ͨQNetworkInterfaceȡ
[2025-04-27 15:43:03.032] [DEBUG] ȷΪ̬IPģʽ
[2025-04-27 15:43:03.032] [INFO] ǰûȡ
[2025-04-27 15:43:03.034] [DEBUG] ȡǰ
[2025-04-27 15:43:03.034] [DEBUG] ѯӿ: ̫
[2025-04-27 15:43:03.085] [DEBUG] ӿ DHCP ״̬: 
[2025-04-27 15:43:03.139] [DEBUG] ͨQNetworkInterfaceȡ
[2025-04-27 15:43:03.142] [DEBUG] ȷΪ̬IPģʽ
[2025-04-27 15:43:03.142] [INFO] ǰûȡ
[2025-04-27 15:43:03.143] [DEBUG] ȽϾ̬IP
[2025-04-27 15:43:03.143] [DEBUG] ȽDHCP
[2025-04-27 15:43:03.143] [INFO] Ӧò˵
[2025-04-27 15:43:03.143] [INFO] ӿб
[2025-04-27 15:43:03.143] [INFO] ״̬: 
[2025-04-27 15:43:03.143] [DEBUG] ʾ
[2025-04-27 15:43:03.191] [INFO] Ӧóʼ
[2025-04-27 15:43:03.191] [INFO] ʼϵͳ̺
[2025-04-27 15:43:03.191] [INFO] ʼϵͳͼ
[2025-04-27 15:43:03.194] [DEBUG] ¿Ӧò˵
[2025-04-27 15:43:03.194] [DEBUG] ȡǰ
[2025-04-27 15:43:03.194] [DEBUG] ѯӿ: WLAN
[2025-04-27 15:43:03.254] [DEBUG] ӿ DHCP ״̬: 
[2025-04-27 15:43:03.307] [DEBUG] ͨQNetworkInterfaceȡ
[2025-04-27 15:43:03.310] [DEBUG] ȷΪ̬IPģʽ
[2025-04-27 15:43:03.310] [INFO] ǰûȡ
[2025-04-27 15:43:03.310] [DEBUG] ȡǰ
[2025-04-27 15:43:03.310] [DEBUG] ѯӿ: ̫
[2025-04-27 15:43:03.363] [DEBUG] ӿ DHCP ״̬: 
[2025-04-27 15:43:03.416] [DEBUG] ͨQNetworkInterfaceȡ
[2025-04-27 15:43:03.419] [DEBUG] ȷΪ̬IPģʽ
[2025-04-27 15:43:03.419] [INFO] ǰûȡ
[2025-04-27 15:43:03.419] [DEBUG] ȽϾ̬IP
[2025-04-27 15:43:03.419] [DEBUG] ȽDHCP
[2025-04-27 15:43:03.419] [INFO] Ӧò˵
[2025-04-27 15:43:03.431] [INFO] ϵͳͼʼ
[2025-04-27 15:43:03.431] [DEBUG] źŲ
[2025-04-27 15:43:03.431] [DEBUG] ʼźŲ
[2025-04-27 15:43:03.431] [INFO] ʼϵͳͼ
[2025-04-27 15:43:03.434] [DEBUG] ¿Ӧò˵
[2025-04-27 15:43:03.434] [DEBUG] ȡǰ
[2025-04-27 15:43:03.434] [DEBUG] ѯӿ: WLAN
[2025-04-27 15:43:03.495] [DEBUG] ӿ DHCP ״̬: 
[2025-04-27 15:43:03.559] [DEBUG] ͨQNetworkInterfaceȡ
[2025-04-27 15:43:03.562] [DEBUG] ȷΪ̬IPģʽ
[2025-04-27 15:43:03.562] [INFO] ǰûȡ
[2025-04-27 15:43:03.563] [DEBUG] ȡǰ
[2025-04-27 15:43:03.563] [DEBUG] ѯӿ: ̫
[2025-04-27 15:43:03.626] [DEBUG] ӿ DHCP ״̬: 
[2025-04-27 15:43:03.689] [DEBUG] ͨQNetworkInterfaceȡ
[2025-04-27 15:43:03.692] [DEBUG] ȷΪ̬IPģʽ
[2025-04-27 15:43:03.692] [INFO] ǰûȡ
[2025-04-27 15:43:03.693] [DEBUG] ȽϾ̬IP
[2025-04-27 15:43:03.693] [DEBUG] ȽDHCP
[2025-04-27 15:43:03.693] [INFO] Ӧò˵
[2025-04-27 15:43:03.693] [INFO] ϵͳͼʼ
[2025-04-27 15:43:03.693] [INFO] źŲӽ
[2025-04-27 15:43:03.694] [DEBUG] ʾ
[2025-04-27 15:43:03.705] [INFO] ڳʼ
[2025-04-27 17:12:43.033] [DEBUG] ʾĲ˵
[2025-04-27 17:12:43.162] [DEBUG] ȡǰ
[2025-04-27 17:12:43.162] [DEBUG] ѯӿ: WLAN
[2025-04-27 17:12:43.215] [DEBUG] ӿ DHCP ״̬: 
[2025-04-27 17:12:43.268] [DEBUG] ͨQNetworkInterfaceȡ
[2025-04-27 17:12:43.271] [DEBUG] ȷΪ̬IPģʽ
[2025-04-27 17:12:43.271] [INFO] ǰûȡ
[2025-04-27 17:12:43.271] [DEBUG] ȡǰ
[2025-04-27 17:12:43.271] [DEBUG] ѯӿ: ̫
[2025-04-27 17:12:43.324] [DEBUG] ӿ DHCP ״̬: 
[2025-04-27 17:12:43.376] [DEBUG] ͨQNetworkInterfaceȡ
[2025-04-27 17:12:43.379] [DEBUG] ȷΪ̬IPģʽ
[2025-04-27 17:12:43.379] [INFO] ǰûȡ
[2025-04-27 17:12:43.379] [DEBUG] ȽϾ̬IP
[2025-04-27 17:12:43.379] [DEBUG] ȽDHCP
[2025-04-27 17:12:49.827] [INFO] ˵Ӧ: ̫ (ר)
[2025-04-27 17:12:50.141] [INFO] Ӧóɹ: ̫[ԶȡIP]
[2025-04-27 17:12:50.141] [DEBUG] ¿Ӧò˵
[2025-04-27 17:12:50.141] [DEBUG] ȡǰ
[2025-04-27 17:12:50.141] [DEBUG] ѯӿ: WLAN
[2025-04-27 17:12:50.221] [DEBUG] ӿ DHCP ״̬: 
[2025-04-27 17:12:50.276] [DEBUG] ͨQNetworkInterfaceȡ
[2025-04-27 17:12:50.279] [DEBUG] ȷΪ̬IPģʽ
[2025-04-27 17:12:50.279] [INFO] ǰûȡ
[2025-04-27 17:12:50.279] [DEBUG] ȡǰ
[2025-04-27 17:12:50.279] [DEBUG] ѯӿ: ̫
[2025-04-27 17:12:50.334] [DEBUG] ӿ DHCP ״̬: 
[2025-04-27 17:12:50.390] [DEBUG] ͨQNetworkInterfaceȡ
[2025-04-27 17:12:50.393] [DEBUG] ȷΪ̬IPģʽ
[2025-04-27 17:12:50.393] [INFO] ǰûȡ
[2025-04-27 17:12:50.393] [DEBUG] ȽϾ̬IP
[2025-04-27 17:12:50.393] [DEBUG] ȽDHCP
[2025-04-27 17:12:50.393] [INFO] Ӧò˵
[2025-04-27 17:12:50.393] [DEBUG] Ĳ˵ʾ
[2025-04-27 17:14:11.736] [DEBUG] ʾĲ˵
[2025-04-27 17:14:11.793] [DEBUG] ȡǰ
[2025-04-27 17:14:11.793] [DEBUG] ѯӿ: WLAN
[2025-04-27 17:14:11.847] [DEBUG] ӿ DHCP ״̬: 
[2025-04-27 17:14:11.900] [DEBUG] ͨQNetworkInterfaceȡ
[2025-04-27 17:14:11.903] [DEBUG] ȷΪ̬IPģʽ
[2025-04-27 17:14:11.903] [INFO] ǰûȡ
[2025-04-27 17:14:11.903] [DEBUG] ȡǰ
[2025-04-27 17:14:11.903] [DEBUG] ѯӿ: ̫
[2025-04-27 17:14:11.956] [DEBUG] ӿ DHCP ״̬: 
[2025-04-27 17:14:12.011] [DEBUG] ͨQNetworkInterfaceȡ
[2025-04-27 17:14:12.015] [DEBUG] ȷΪ̬IPģʽ
[2025-04-27 17:14:12.015] [INFO] ǰûȡ
[2025-04-27 17:14:12.015] [DEBUG] ȽϾ̬IP
[2025-04-27 17:14:12.015] [DEBUG] ȽDHCP
[2025-04-27 17:14:13.610] [INFO] ˵Ӧ: ̫ (ר)
[2025-04-27 17:14:13.805] [INFO] Ӧóɹ: ̫[192.168.4.101]
[2025-04-27 17:14:13.805] [DEBUG] ¿Ӧò˵
[2025-04-27 17:14:13.805] [DEBUG] ȡǰ
[2025-04-27 17:14:13.805] [DEBUG] ѯӿ: WLAN
[2025-04-27 17:14:13.924] [DEBUG] ӿ DHCP ״̬: 
[2025-04-27 17:14:14.035] [DEBUG] ͨQNetworkInterfaceȡ
[2025-04-27 17:14:14.040] [DEBUG] ȷΪ̬IPģʽ
[2025-04-27 17:14:14.041] [INFO] ǰûȡ
[2025-04-27 17:14:14.041] [DEBUG] ȡǰ
[2025-04-27 17:14:14.041] [DEBUG] ѯӿ: ̫
[2025-04-27 17:14:14.115] [DEBUG] ӿ DHCP ״̬: 
[2025-04-27 17:14:14.175] [DEBUG] ͨQNetworkInterfaceȡ
[2025-04-27 17:14:14.178] [DEBUG] ȷΪ̬IPģʽ
[2025-04-27 17:14:14.178] [INFO] ǰûȡ
[2025-04-27 17:14:14.179] [DEBUG] ȽϾ̬IP
[2025-04-27 17:14:14.179] [DEBUG] ȽDHCP
[2025-04-27 17:14:14.179] [INFO] Ӧò˵
[2025-04-27 17:14:14.179] [DEBUG] Ĳ˵ʾ
[2025-04-27 17:24:06.984] [DEBUG] ʾĲ˵
[2025-04-27 17:24:07.044] [DEBUG] ȡǰ
[2025-04-27 17:24:07.044] [DEBUG] ѯӿ: WLAN
[2025-04-27 17:24:07.098] [DEBUG] ӿ DHCP ״̬: 
[2025-04-27 17:24:07.153] [DEBUG] ͨQNetworkInterfaceȡ
[2025-04-27 17:24:07.156] [DEBUG] ȷΪ̬IPģʽ
[2025-04-27 17:24:07.156] [INFO] ǰûȡ
[2025-04-27 17:24:07.156] [DEBUG] ȡǰ
[2025-04-27 17:24:07.156] [DEBUG] ѯӿ: ̫
[2025-04-27 17:24:07.209] [DEBUG] ӿ DHCP ״̬: 
[2025-04-27 17:24:07.266] [DEBUG] ͨQNetworkInterfaceȡ
[2025-04-27 17:24:07.270] [DEBUG] ȷΪ̬IPģʽ
[2025-04-27 17:24:07.270] [INFO] ǰûȡ
[2025-04-27 17:24:07.270] [DEBUG] ȽϾ̬IP
[2025-04-27 17:24:07.270] [DEBUG] ȽDHCP
[2025-04-27 17:24:08.889] [INFO] ˵Ӧ: ̫ (ר)
[2025-04-27 17:24:09.172] [INFO] Ӧóɹ: ̫[ԶȡIP]
[2025-04-27 17:24:09.172] [DEBUG] ¿Ӧò˵
[2025-04-27 17:24:09.172] [DEBUG] ȡǰ
[2025-04-27 17:24:09.172] [DEBUG] ѯӿ: WLAN
[2025-04-27 17:24:09.267] [DEBUG] ӿ DHCP ״̬: 
[2025-04-27 17:24:09.340] [DEBUG] ͨQNetworkInterfaceȡ
[2025-04-27 17:24:09.343] [DEBUG] ȷΪ̬IPģʽ
[2025-04-27 17:24:09.343] [INFO] ǰûȡ
[2025-04-27 17:24:09.344] [DEBUG] ȡǰ
[2025-04-27 17:24:09.344] [DEBUG] ѯӿ: ̫
[2025-04-27 17:24:09.397] [DEBUG] ӿ DHCP ״̬: 
[2025-04-27 17:24:09.460] [DEBUG] ͨQNetworkInterfaceȡ
[2025-04-27 17:24:09.464] [DEBUG] ȷΪ̬IPģʽ
[2025-04-27 17:24:09.464] [INFO] ǰûȡ
[2025-04-27 17:24:09.465] [DEBUG] ȽϾ̬IP
[2025-04-27 17:24:09.465] [DEBUG] ȽDHCP
[2025-04-27 17:24:09.465] [INFO] Ӧò˵
[2025-04-27 17:24:09.465] [DEBUG] Ĳ˵ʾ
[2025-04-27 17:24:13.704] [DEBUG] ʾĲ˵
[2025-04-27 17:24:13.760] [DEBUG] ȡǰ
[2025-04-27 17:24:13.760] [DEBUG] ѯӿ: WLAN
[2025-04-27 17:24:13.820] [DEBUG] ӿ DHCP ״̬: 
[2025-04-27 17:24:13.871] [DEBUG] ͨQNetworkInterfaceȡ
[2025-04-27 17:24:13.874] [DEBUG] ȷΪ̬IPģʽ
[2025-04-27 17:24:13.874] [INFO] ǰûȡ
[2025-04-27 17:24:13.874] [DEBUG] ȡǰ
[2025-04-27 17:24:13.874] [DEBUG] ѯӿ: ̫
[2025-04-27 17:24:13.930] [DEBUG] ӿ DHCP ״̬: 
[2025-04-27 17:24:13.983] [DEBUG] ͨQNetworkInterfaceȡ
[2025-04-27 17:24:13.986] [DEBUG] ȷΪ̬IPģʽ
[2025-04-27 17:24:13.986] [INFO] ǰûȡ
[2025-04-27 17:24:13.986] [DEBUG] ȽϾ̬IP
[2025-04-27 17:24:13.986] [DEBUG] ȽDHCP
[2025-04-27 17:24:16.386] [DEBUG] Ĳ˵ʾ
[2025-04-28 09:45:20.021] [DEBUG] ʾĲ˵
[2025-04-28 09:45:20.210] [DEBUG] ȡǰ
[2025-04-28 09:45:20.210] [DEBUG] ѯӿ: WLAN
[2025-04-28 09:45:20.263] [DEBUG] ӿ DHCP ״̬: 
[2025-04-28 09:45:20.317] [DEBUG] ͨQNetworkInterfaceȡ
[2025-04-28 09:45:20.320] [DEBUG] ȷΪ̬IPģʽ
[2025-04-28 09:45:20.320] [INFO] ǰûȡ
[2025-04-28 09:45:20.320] [DEBUG] ȡǰ
[2025-04-28 09:45:20.320] [DEBUG] ѯӿ: ̫
[2025-04-28 09:45:20.377] [DEBUG] ӿ DHCP ״̬: 
[2025-04-28 09:45:20.432] [DEBUG] ͨQNetworkInterfaceȡ
[2025-04-28 09:45:20.435] [DEBUG] ȷΪ̬IPģʽ
[2025-04-28 09:45:20.435] [INFO] ǰûȡ
[2025-04-28 09:45:20.435] [DEBUG] ȽϾ̬IP
[2025-04-28 09:45:20.435] [DEBUG] ȽDHCP
[2025-04-28 09:45:22.654] [INFO] ˵Ӧ: ̫ (ר)
[2025-04-28 09:45:22.914] [INFO] Ӧóɹ: ̫[192.168.4.101]
[2025-04-28 09:45:22.914] [DEBUG] ¿Ӧò˵
[2025-04-28 09:45:22.914] [DEBUG] ȡǰ
[2025-04-28 09:45:22.914] [DEBUG] ѯӿ: WLAN
[2025-04-28 09:45:23.000] [DEBUG] ӿ DHCP ״̬: 
[2025-04-28 09:45:23.078] [DEBUG] ͨQNetworkInterfaceȡ
[2025-04-28 09:45:23.082] [DEBUG] ȷΪ̬IPģʽ
[2025-04-28 09:45:23.082] [INFO] ǰûȡ
[2025-04-28 09:45:23.082] [DEBUG] ȡǰ
[2025-04-28 09:45:23.083] [DEBUG] ѯӿ: ̫
[2025-04-28 09:45:23.145] [DEBUG] ӿ DHCP ״̬: 
[2025-04-28 09:45:23.201] [DEBUG] ͨQNetworkInterfaceȡ
[2025-04-28 09:45:23.204] [DEBUG] ȷΪ̬IPģʽ
[2025-04-28 09:45:23.204] [INFO] ǰûȡ
[2025-04-28 09:45:23.205] [DEBUG] ȽϾ̬IP
[2025-04-28 09:45:23.205] [DEBUG] ȽDHCP
[2025-04-28 09:45:23.205] [INFO] Ӧò˵
[2025-04-28 09:45:23.205] [DEBUG] Ĳ˵ʾ
[2025-04-28 11:10:53.700] [DEBUG] ʾĲ˵
[2025-04-28 11:10:53.914] [DEBUG] ȡǰ
[2025-04-28 11:10:53.914] [DEBUG] ѯӿ: WLAN
[2025-04-28 11:10:53.994] [DEBUG] ӿ DHCP ״̬: 
[2025-04-28 11:10:54.076] [DEBUG] ͨQNetworkInterfaceȡ
[2025-04-28 11:10:54.082] [DEBUG] ȷΪ̬IPģʽ
[2025-04-28 11:10:54.082] [INFO] ǰûȡ
[2025-04-28 11:10:54.082] [DEBUG] ȡǰ
[2025-04-28 11:10:54.082] [DEBUG] ѯӿ: ̫
[2025-04-28 11:10:54.164] [DEBUG] ӿ DHCP ״̬: 
[2025-04-28 11:10:54.245] [DEBUG] ͨQNetworkInterfaceȡ
[2025-04-28 11:10:54.249] [DEBUG] ȷΪ̬IPģʽ
[2025-04-28 11:10:54.250] [INFO] ǰûȡ
[2025-04-28 11:10:54.250] [DEBUG] ȽϾ̬IP
[2025-04-28 11:10:54.250] [DEBUG] ȽDHCP
[2025-04-28 11:10:56.453] [INFO] ˵Ӧ: ̫ (ר)
[2025-04-28 11:10:56.777] [INFO] Ӧóɹ: ̫[ԶȡIP]
[2025-04-28 11:10:56.777] [DEBUG] ¿Ӧò˵
[2025-04-28 11:10:56.777] [DEBUG] ȡǰ
[2025-04-28 11:10:56.777] [DEBUG] ѯӿ: WLAN
[2025-04-28 11:10:56.978] [DEBUG] ӿ DHCP ״̬: 
[2025-04-28 11:10:57.087] [DEBUG] ͨQNetworkInterfaceȡ
[2025-04-28 11:10:57.094] [DEBUG] ȷΪ̬IPģʽ
[2025-04-28 11:10:57.094] [INFO] ǰûȡ
[2025-04-28 11:10:57.095] [DEBUG] ȡǰ
[2025-04-28 11:10:57.095] [DEBUG] ѯӿ: ̫
[2025-04-28 11:10:57.194] [DEBUG] ӿ DHCP ״̬: 
[2025-04-28 11:10:57.298] [DEBUG] ͨQNetworkInterfaceȡ
[2025-04-28 11:10:57.302] [DEBUG] ȷΪ̬IPģʽ
[2025-04-28 11:10:57.303] [INFO] ǰûȡ
[2025-04-28 11:10:57.303] [DEBUG] ȽϾ̬IP
[2025-04-28 11:10:57.304] [DEBUG] ȽDHCP
[2025-04-28 11:10:57.304] [INFO] Ӧò˵
[2025-04-28 11:10:57.304] [DEBUG] Ĳ˵ʾ
[2025-04-28 11:13:43.385] [DEBUG] ʾĲ˵
[2025-04-28 11:13:43.500] [DEBUG] ȡǰ
[2025-04-28 11:13:43.500] [DEBUG] ѯӿ: WLAN
[2025-04-28 11:13:43.553] [DEBUG] ӿ DHCP ״̬: 
[2025-04-28 11:13:43.605] [DEBUG] ͨQNetworkInterfaceȡ
[2025-04-28 11:13:43.608] [DEBUG] ȷΪ̬IPģʽ
[2025-04-28 11:13:43.608] [INFO] ǰûȡ
[2025-04-28 11:13:43.608] [DEBUG] ȡǰ
[2025-04-28 11:13:43.608] [DEBUG] ѯӿ: ̫
[2025-04-28 11:13:43.661] [DEBUG] ӿ DHCP ״̬: 
[2025-04-28 11:13:43.715] [DEBUG] ͨQNetworkInterfaceȡ
[2025-04-28 11:13:43.718] [DEBUG] ȷΪ̬IPģʽ
[2025-04-28 11:13:43.718] [INFO] ǰûȡ
[2025-04-28 11:13:43.718] [DEBUG] ȽϾ̬IP
[2025-04-28 11:13:43.719] [DEBUG] ȽDHCP
[2025-04-28 11:13:45.651] [INFO] ˵Ӧ: ̫ (ר)
[2025-04-28 11:13:45.907] [INFO] Ӧóɹ: ̫[192.168.4.101]
[2025-04-28 11:13:45.907] [DEBUG] ¿Ӧò˵
[2025-04-28 11:13:45.907] [DEBUG] ȡǰ
[2025-04-28 11:13:45.907] [DEBUG] ѯӿ: WLAN
[2025-04-28 11:13:45.975] [DEBUG] ӿ DHCP ״̬: 
[2025-04-28 11:13:46.039] [DEBUG] ͨQNetworkInterfaceȡ
[2025-04-28 11:13:46.043] [DEBUG] ȷΪ̬IPģʽ
[2025-04-28 11:13:46.043] [INFO] ǰûȡ
[2025-04-28 11:13:46.043] [DEBUG] ȡǰ
[2025-04-28 11:13:46.043] [DEBUG] ѯӿ: ̫
[2025-04-28 11:13:46.098] [DEBUG] ӿ DHCP ״̬: 
[2025-04-28 11:13:46.146] [DEBUG] ͨQNetworkInterfaceȡ
[2025-04-28 11:13:46.152] [DEBUG] ȷΪ̬IPģʽ
[2025-04-28 11:13:46.152] [INFO] ǰûȡ
[2025-04-28 11:13:46.153] [DEBUG] ȽϾ̬IP
[2025-04-28 11:13:46.153] [DEBUG] ȽDHCP
[2025-04-28 11:13:46.153] [INFO] Ӧò˵
[2025-04-28 11:13:46.153] [DEBUG] Ĳ˵ʾ
[2025-04-28 12:34:33.074] [INFO] ʼ
[2025-04-28 12:34:33.074] [DEBUG] 洰״̬
[2025-04-28 12:34:33.074] [DEBUG] 洰״̬
[2025-04-28 12:34:33.074] [INFO] ״̬ѱ
[2025-04-28 12:34:33.074] [INFO] 
