[2025-04-25 10:54:52.777] [DEBUG] 开始检查单实例运行
[2025-04-25 10:54:52.777] [DEBUG] 检查程序是否已运行
[2025-04-25 10:54:52.777] [INFO] 单实例检查通过
[2025-04-25 10:54:52.778] [INFO] 使用的配置文件路径:D:\_Tools\My_Tools_Project\NetworkConfigManager\bin\config\posConfig.ini
[2025-04-25 10:54:52.778] [DEBUG] 初始化快速应用配置菜单
[2025-04-25 10:54:52.779] [INFO] 开始初始化UI组件
[2025-04-25 10:54:52.779] [DEBUG] 设置UI初始状态
[2025-04-25 10:54:52.779] [DEBUG] IP方法切换: DHCP
[2025-04-25 10:54:52.794] [DEBUG] 恢复窗口状态
[2025-04-25 10:54:52.794] [DEBUG] 恢复窗口状态
[2025-04-25 10:54:52.794] [INFO] 窗口状态已恢复
[2025-04-25 10:54:52.794] [INFO] UI初始化完成
[2025-04-25 10:54:52.794] [INFO] 开始初始化应用程序配置
[2025-04-25 10:54:52.795] [INFO] 开始初始化应用程序
[2025-04-25 10:54:52.822] [INFO] 配置文件加载成功
[2025-04-25 10:54:52.822] [DEBUG] 更新网络接口列表
[2025-04-25 10:54:52.822] [DEBUG] 更新网络接口列表
[2025-04-25 10:54:52.974] [INFO] 找到 1 个网络接口
[2025-04-25 10:54:52.974] [DEBUG] 更新所有配置列表
[2025-04-25 10:54:52.974] [INFO] 显示 3 个配置
[2025-04-25 10:54:52.975] [DEBUG] 更新快速应用菜单
[2025-04-25 10:54:52.975] [DEBUG] 获取当前网卡的网络配置
[2025-04-25 10:54:52.975] [DEBUG] 查询接口配置: WLAN
[2025-04-25 10:54:53.030] [DEBUG] 接口 DHCP 状态: 禁用
[2025-04-25 10:54:53.083] [DEBUG] 尝试通过QNetworkInterface获取子网掩码
[2025-04-25 10:54:53.104] [DEBUG] 确定为静态IP模式
[2025-04-25 10:54:53.104] [INFO] 当前网络配置获取完成
[2025-04-25 10:54:53.104] [DEBUG] 比较DHCP配置
[2025-04-25 10:54:53.104] [INFO] 快速应用菜单更新完成
[2025-04-25 10:54:53.104] [INFO] 网络接口列表更新完成
[2025-04-25 10:54:53.104] [INFO] 开机自启动状态: 已禁用
[2025-04-25 10:54:53.104] [DEBUG] 显示浮动窗口
[2025-04-25 10:54:53.140] [INFO] 应用程序初始化完成
[2025-04-25 10:54:53.140] [INFO] 初始化系统托盘和悬浮窗
[2025-04-25 10:54:53.140] [INFO] 初始化系统托盘图标
[2025-04-25 10:54:53.145] [DEBUG] 更新快速应用菜单
[2025-04-25 10:54:53.145] [DEBUG] 获取当前网卡的网络配置
[2025-04-25 10:54:53.145] [DEBUG] 查询接口配置: WLAN
[2025-04-25 10:54:53.203] [DEBUG] 接口 DHCP 状态: 禁用
[2025-04-25 10:54:53.259] [DEBUG] 尝试通过QNetworkInterface获取子网掩码
[2025-04-25 10:54:53.262] [DEBUG] 确定为静态IP模式
[2025-04-25 10:54:53.262] [INFO] 当前网络配置获取完成
[2025-04-25 10:54:53.262] [DEBUG] 比较DHCP配置
[2025-04-25 10:54:53.262] [INFO] 快速应用菜单更新完成
[2025-04-25 10:54:53.279] [INFO] 系统托盘图标初始化完成
[2025-04-25 10:54:53.279] [DEBUG] 建立信号槽连接
[2025-04-25 10:54:53.280] [DEBUG] 开始建立信号槽连接
[2025-04-25 10:54:53.280] [INFO] 初始化系统托盘图标
[2025-04-25 10:54:53.281] [DEBUG] 更新快速应用菜单
[2025-04-25 10:54:53.281] [DEBUG] 获取当前网卡的网络配置
[2025-04-25 10:54:53.281] [DEBUG] 查询接口配置: WLAN
[2025-04-25 10:54:53.339] [DEBUG] 接口 DHCP 状态: 禁用
[2025-04-25 10:54:53.395] [DEBUG] 尝试通过QNetworkInterface获取子网掩码
[2025-04-25 10:54:53.398] [DEBUG] 确定为静态IP模式
[2025-04-25 10:54:53.398] [INFO] 当前网络配置获取完成
[2025-04-25 10:54:53.399] [DEBUG] 比较DHCP配置
[2025-04-25 10:54:53.399] [INFO] 快速应用菜单更新完成
[2025-04-25 10:54:53.399] [INFO] 系统托盘图标初始化完成
[2025-04-25 10:54:53.399] [INFO] 信号槽连接建立完成
[2025-04-25 10:54:53.399] [DEBUG] 显示悬浮窗
[2025-04-25 10:54:53.410] [INFO] 主窗口初始化完成
[2025-04-25 10:54:58.488] [DEBUG] 更新网络接口列表
[2025-04-25 10:54:58.488] [WARNING] 无效的网络接口索引
[2025-04-25 10:54:58.488] [INFO] 找到 1 个网络接口
[2025-04-25 10:54:58.488] [DEBUG] 选择网络接口: WLAN (专用)
[2025-04-25 10:54:58.488] [DEBUG] 更新所有配置列表
[2025-04-25 10:54:58.488] [INFO] 显示 3 个配置
[2025-04-25 10:54:58.488] [DEBUG] 更新快速应用菜单
[2025-04-25 10:54:58.488] [DEBUG] 获取当前网卡的网络配置
[2025-04-25 10:54:58.488] [DEBUG] 查询接口配置: WLAN
[2025-04-25 10:54:58.548] [DEBUG] 接口 DHCP 状态: 禁用
[2025-04-25 10:54:58.607] [DEBUG] 尝试通过QNetworkInterface获取子网掩码
[2025-04-25 10:54:58.609] [DEBUG] 确定为静态IP模式
[2025-04-25 10:54:58.609] [INFO] 当前网络配置获取完成
[2025-04-25 10:54:58.609] [DEBUG] 比较DHCP配置
[2025-04-25 10:54:58.609] [INFO] 快速应用菜单更新完成
[2025-04-25 10:54:58.609] [INFO] 网络接口列表更新完成
[2025-04-25 10:55:02.399] [INFO] 主窗口关闭事件
[2025-04-25 10:55:02.399] [DEBUG] 保存窗口状态
[2025-04-25 10:55:02.399] [INFO] 窗口状态已保存
[2025-04-25 10:55:02.403] [DEBUG] 主窗口已隐藏，程序在后台运行
[2025-04-25 11:27:01.975] [INFO] 开始销毁主窗口
[2025-04-25 11:27:01.976] [DEBUG] 保存窗口状态
[2025-04-25 11:27:01.976] [DEBUG] 保存窗口状态
[2025-04-25 11:27:01.976] [INFO] 窗口状态已保存
[2025-04-25 11:27:01.976] [INFO] 主窗口销毁完成
[2025-04-25 11:54:00.293] [DEBUG] 开始检查单实例运行
[2025-04-25 11:54:00.299] [DEBUG] 检查程序是否已运行
[2025-04-25 11:54:00.299] [INFO] 单实例检查通过
[2025-04-25 11:54:00.302] [INFO] 使用的配置文件路径:D:\_Tools\My_Tools_Project\NetworkConfigManager\bin\config\posConfig.ini
[2025-04-25 11:54:00.302] [DEBUG] 初始化快速应用配置菜单
[2025-04-25 11:54:00.303] [INFO] 开始初始化UI组件
[2025-04-25 11:54:00.303] [DEBUG] 设置UI初始状态
[2025-04-25 11:54:00.303] [DEBUG] IP方法切换: DHCP
[2025-04-25 11:54:00.318] [DEBUG] 恢复窗口状态
[2025-04-25 11:54:00.318] [DEBUG] 恢复窗口状态
[2025-04-25 11:54:00.318] [INFO] 窗口状态已恢复
[2025-04-25 11:54:00.319] [INFO] UI初始化完成
[2025-04-25 11:54:00.319] [INFO] 开始初始化应用程序配置
[2025-04-25 11:54:00.319] [INFO] 开始初始化应用程序
[2025-04-25 11:54:00.389] [INFO] 配置文件加载成功
[2025-04-25 11:54:00.389] [DEBUG] 更新网络接口列表
[2025-04-25 11:54:00.389] [DEBUG] 更新网络接口列表
[2025-04-25 11:54:00.481] [INFO] 找到 1 个网络接口
[2025-04-25 11:54:00.481] [DEBUG] 更新所有配置列表
[2025-04-25 11:54:00.481] [INFO] 显示 3 个配置
[2025-04-25 11:54:00.481] [DEBUG] 更新快速应用菜单
[2025-04-25 11:54:00.481] [DEBUG] 获取当前网卡的网络配置
[2025-04-25 11:54:00.481] [DEBUG] 查询接口配置: WLAN
[2025-04-25 11:54:00.577] [DEBUG] 接口 DHCP 状态: 禁用
[2025-04-25 11:54:00.671] [DEBUG] 尝试通过QNetworkInterface获取子网掩码
[2025-04-25 11:54:00.697] [DEBUG] 确定为静态IP模式
[2025-04-25 11:54:00.697] [INFO] 当前网络配置获取完成
[2025-04-25 11:54:00.698] [DEBUG] 比较DHCP配置
[2025-04-25 11:54:00.698] [INFO] 快速应用菜单更新完成
[2025-04-25 11:54:00.698] [INFO] 网络接口列表更新完成
[2025-04-25 11:54:00.698] [INFO] 开机自启动状态: 已禁用
[2025-04-25 11:54:00.698] [DEBUG] 显示浮动窗口
[2025-04-25 11:54:00.781] [INFO] 应用程序初始化完成
[2025-04-25 11:54:00.781] [INFO] 初始化系统托盘和悬浮窗
[2025-04-25 11:54:00.781] [INFO] 初始化系统托盘图标
[2025-04-25 11:54:00.790] [DEBUG] 更新快速应用菜单
[2025-04-25 11:54:00.790] [DEBUG] 获取当前网卡的网络配置
[2025-04-25 11:54:00.790] [DEBUG] 查询接口配置: WLAN
[2025-04-25 11:54:00.895] [DEBUG] 接口 DHCP 状态: 禁用
[2025-04-25 11:54:00.964] [DEBUG] 尝试通过QNetworkInterface获取子网掩码
[2025-04-25 11:54:00.967] [DEBUG] 确定为静态IP模式
[2025-04-25 11:54:00.967] [INFO] 当前网络配置获取完成
[2025-04-25 11:54:00.967] [DEBUG] 比较DHCP配置
[2025-04-25 11:54:00.967] [INFO] 快速应用菜单更新完成
[2025-04-25 11:54:00.982] [INFO] 系统托盘图标初始化完成
[2025-04-25 11:54:00.982] [DEBUG] 建立信号槽连接
[2025-04-25 11:54:00.982] [DEBUG] 开始建立信号槽连接
[2025-04-25 11:54:00.982] [INFO] 初始化系统托盘图标
[2025-04-25 11:54:00.984] [DEBUG] 更新快速应用菜单
[2025-04-25 11:54:00.984] [DEBUG] 获取当前网卡的网络配置
[2025-04-25 11:54:00.984] [DEBUG] 查询接口配置: WLAN
[2025-04-25 11:54:01.041] [DEBUG] 接口 DHCP 状态: 禁用
[2025-04-25 11:54:01.092] [DEBUG] 尝试通过QNetworkInterface获取子网掩码
[2025-04-25 11:54:01.094] [DEBUG] 确定为静态IP模式
[2025-04-25 11:54:01.094] [INFO] 当前网络配置获取完成
[2025-04-25 11:54:01.094] [DEBUG] 比较DHCP配置
[2025-04-25 11:54:01.094] [INFO] 快速应用菜单更新完成
[2025-04-25 11:54:01.094] [INFO] 系统托盘图标初始化完成
[2025-04-25 11:54:01.094] [INFO] 信号槽连接建立完成
[2025-04-25 11:54:01.095] [DEBUG] 显示悬浮窗
[2025-04-25 11:54:01.103] [INFO] 主窗口初始化完成
[2025-04-25 11:54:02.609] [INFO] 主窗口关闭事件
[2025-04-25 11:54:02.609] [DEBUG] 保存窗口状态
[2025-04-25 11:54:02.609] [INFO] 窗口状态已保存
[2025-04-25 11:54:02.614] [DEBUG] 主窗口已隐藏，程序在后台运行
[2025-04-25 11:54:37.040] [DEBUG] 显示悬浮窗上下文菜单
[2025-04-25 11:54:37.173] [DEBUG] 获取当前网卡的网络配置
[2025-04-25 11:54:37.173] [DEBUG] 查询接口配置: WLAN
[2025-04-25 11:54:37.229] [DEBUG] 接口 DHCP 状态: 禁用
[2025-04-25 11:54:37.279] [DEBUG] 尝试通过QNetworkInterface获取子网掩码
[2025-04-25 11:54:37.282] [DEBUG] 确定为静态IP模式
[2025-04-25 11:54:37.282] [INFO] 当前网络配置获取完成
[2025-04-25 11:54:37.282] [DEBUG] 比较DHCP配置
[2025-04-25 11:54:41.722] [INFO] 从悬浮窗菜单应用配置: WLAN (专用)
[2025-04-25 11:54:41.770] [ERROR] 配置管理器错误: 设置DHCP地址失败: 
[2025-04-25 11:54:43.163] [ERROR] 配置应用失败: 设置DHCP地址失败: 
[2025-04-25 11:54:43.651] [DEBUG] 悬浮窗上下文菜单已显示
[2025-04-25 11:54:43.713] [INFO] 开始销毁主窗口
[2025-04-25 11:54:43.713] [DEBUG] 保存窗口状态
[2025-04-25 11:54:43.713] [DEBUG] 保存窗口状态
[2025-04-25 11:54:43.713] [INFO] 窗口状态已保存
[2025-04-25 11:54:43.713] [INFO] 主窗口销毁完成
[2025-04-25 11:55:27.398] [DEBUG] 开始检查单实例运行
[2025-04-25 11:55:27.398] [DEBUG] 检查程序是否已运行
[2025-04-25 11:55:27.398] [INFO] 单实例检查通过
[2025-04-25 11:55:27.398] [INFO] 使用的配置文件路径:D:\_Tools\My_Tools_Project\NetworkConfigManager\bin\config\posConfig.ini
[2025-04-25 11:55:27.398] [DEBUG] 初始化快速应用配置菜单
[2025-04-25 11:55:27.399] [INFO] 开始初始化UI组件
[2025-04-25 11:55:27.399] [DEBUG] 设置UI初始状态
[2025-04-25 11:55:27.399] [DEBUG] IP方法切换: DHCP
[2025-04-25 11:55:27.399] [DEBUG] 恢复窗口状态
[2025-04-25 11:55:27.399] [DEBUG] 恢复窗口状态
[2025-04-25 11:55:27.399] [INFO] 窗口状态已恢复
[2025-04-25 11:55:27.399] [INFO] UI初始化完成
[2025-04-25 11:55:27.399] [INFO] 开始初始化应用程序配置
[2025-04-25 11:55:27.399] [INFO] 开始初始化应用程序
[2025-04-25 11:55:27.399] [INFO] 配置文件加载成功
[2025-04-25 11:55:27.399] [DEBUG] 更新网络接口列表
[2025-04-25 11:55:27.399] [DEBUG] 更新网络接口列表
[2025-04-25 11:55:27.461] [INFO] 找到 3 个网络接口
[2025-04-25 11:55:27.461] [DEBUG] 更新所有配置列表
[2025-04-25 11:55:27.461] [INFO] 显示 3 个配置
[2025-04-25 11:55:27.461] [DEBUG] 更新快速应用菜单
[2025-04-25 11:55:27.461] [DEBUG] 获取当前网卡的网络配置
[2025-04-25 11:55:27.461] [DEBUG] 查询接口配置: WLAN
[2025-04-25 11:55:27.515] [DEBUG] 接口 DHCP 状态: 禁用
[2025-04-25 11:55:27.568] [DEBUG] 尝试通过QNetworkInterface获取子网掩码
[2025-04-25 11:55:27.572] [DEBUG] 确定为静态IP模式
[2025-04-25 11:55:27.572] [INFO] 当前网络配置获取完成
[2025-04-25 11:55:27.573] [DEBUG] 比较DHCP配置
[2025-04-25 11:55:27.573] [DEBUG] 获取当前网卡的网络配置
[2025-04-25 11:55:27.573] [DEBUG] 查询接口配置: 2
[2025-04-25 11:55:27.625] [DEBUG] 接口 DHCP 状态: 禁用
[2025-04-25 11:55:27.677] [DEBUG] 尝试通过QNetworkInterface获取子网掩码
[2025-04-25 11:55:27.680] [DEBUG] 确定为静态IP模式
[2025-04-25 11:55:27.680] [INFO] 当前网络配置获取完成
[2025-04-25 11:55:27.680] [DEBUG] 获取当前网卡的网络配置
[2025-04-25 11:55:27.680] [DEBUG] 查询接口配置: 以太网
[2025-04-25 11:55:27.733] [DEBUG] 接口 DHCP 状态: 禁用
[2025-04-25 11:55:27.785] [DEBUG] 尝试通过QNetworkInterface获取子网掩码
[2025-04-25 11:55:27.788] [DEBUG] 确定为静态IP模式
[2025-04-25 11:55:27.788] [INFO] 当前网络配置获取完成
[2025-04-25 11:55:27.789] [DEBUG] 比较静态IP配置
[2025-04-25 11:55:27.789] [DEBUG] 比较DHCP配置
[2025-04-25 11:55:27.789] [INFO] 快速应用菜单更新完成
[2025-04-25 11:55:27.789] [INFO] 网络接口列表更新完成
[2025-04-25 11:55:27.789] [INFO] 开机自启动状态: 已禁用
[2025-04-25 11:55:27.789] [DEBUG] 显示浮动窗口
[2025-04-25 11:55:27.806] [INFO] 应用程序初始化完成
[2025-04-25 11:55:27.806] [INFO] 初始化系统托盘和悬浮窗
[2025-04-25 11:55:27.806] [INFO] 初始化系统托盘图标
[2025-04-25 11:55:27.811] [DEBUG] 更新快速应用菜单
[2025-04-25 11:55:27.811] [DEBUG] 获取当前网卡的网络配置
[2025-04-25 11:55:27.811] [DEBUG] 查询接口配置: WLAN
[2025-04-25 11:55:27.866] [DEBUG] 接口 DHCP 状态: 禁用
[2025-04-25 11:55:27.920] [DEBUG] 尝试通过QNetworkInterface获取子网掩码
[2025-04-25 11:55:27.924] [DEBUG] 确定为静态IP模式
[2025-04-25 11:55:27.924] [INFO] 当前网络配置获取完成
[2025-04-25 11:55:27.924] [DEBUG] 比较DHCP配置
[2025-04-25 11:55:27.924] [DEBUG] 获取当前网卡的网络配置
[2025-04-25 11:55:27.924] [DEBUG] 查询接口配置: 2
[2025-04-25 11:55:27.978] [DEBUG] 接口 DHCP 状态: 禁用
[2025-04-25 11:55:28.030] [DEBUG] 尝试通过QNetworkInterface获取子网掩码
[2025-04-25 11:55:28.033] [DEBUG] 确定为静态IP模式
[2025-04-25 11:55:28.033] [INFO] 当前网络配置获取完成
[2025-04-25 11:55:28.034] [DEBUG] 获取当前网卡的网络配置
[2025-04-25 11:55:28.034] [DEBUG] 查询接口配置: 以太网
[2025-04-25 11:55:28.087] [DEBUG] 接口 DHCP 状态: 禁用
[2025-04-25 11:55:28.140] [DEBUG] 尝试通过QNetworkInterface获取子网掩码
[2025-04-25 11:55:28.143] [DEBUG] 确定为静态IP模式
[2025-04-25 11:55:28.143] [INFO] 当前网络配置获取完成
[2025-04-25 11:55:28.144] [DEBUG] 比较静态IP配置
[2025-04-25 11:55:28.144] [DEBUG] 比较DHCP配置
[2025-04-25 11:55:28.144] [INFO] 快速应用菜单更新完成
[2025-04-25 11:55:28.158] [INFO] 系统托盘图标初始化完成
[2025-04-25 11:55:28.158] [DEBUG] 建立信号槽连接
[2025-04-25 11:55:28.158] [DEBUG] 开始建立信号槽连接
[2025-04-25 11:55:28.158] [INFO] 初始化系统托盘图标
[2025-04-25 11:55:28.159] [DEBUG] 更新快速应用菜单
[2025-04-25 11:55:28.159] [DEBUG] 获取当前网卡的网络配置
[2025-04-25 11:55:28.159] [DEBUG] 查询接口配置: WLAN
[2025-04-25 11:55:28.229] [DEBUG] 接口 DHCP 状态: 禁用
[2025-04-25 11:55:28.301] [DEBUG] 尝试通过QNetworkInterface获取子网掩码
[2025-04-25 11:55:28.306] [DEBUG] 确定为静态IP模式
[2025-04-25 11:55:28.306] [INFO] 当前网络配置获取完成
[2025-04-25 11:55:28.306] [DEBUG] 比较DHCP配置
[2025-04-25 11:55:28.307] [DEBUG] 获取当前网卡的网络配置
[2025-04-25 11:55:28.307] [DEBUG] 查询接口配置: 2
[2025-04-25 11:55:28.360] [DEBUG] 接口 DHCP 状态: 禁用
[2025-04-25 11:55:28.408] [DEBUG] 尝试通过QNetworkInterface获取子网掩码
[2025-04-25 11:55:28.412] [DEBUG] 确定为静态IP模式
[2025-04-25 11:55:28.412] [INFO] 当前网络配置获取完成
[2025-04-25 11:55:28.412] [DEBUG] 获取当前网卡的网络配置
[2025-04-25 11:55:28.412] [DEBUG] 查询接口配置: 以太网
[2025-04-25 11:55:28.463] [DEBUG] 接口 DHCP 状态: 禁用
[2025-04-25 11:55:28.514] [DEBUG] 尝试通过QNetworkInterface获取子网掩码
[2025-04-25 11:55:28.518] [DEBUG] 确定为静态IP模式
[2025-04-25 11:55:28.518] [INFO] 当前网络配置获取完成
[2025-04-25 11:55:28.518] [DEBUG] 比较静态IP配置
[2025-04-25 11:55:28.518] [DEBUG] 比较DHCP配置
[2025-04-25 11:55:28.518] [INFO] 快速应用菜单更新完成
[2025-04-25 11:55:28.518] [INFO] 系统托盘图标初始化完成
[2025-04-25 11:55:28.518] [INFO] 信号槽连接建立完成
[2025-04-25 11:55:28.518] [DEBUG] 显示悬浮窗
[2025-04-25 11:55:28.524] [INFO] 主窗口初始化完成
[2025-04-25 11:55:35.032] [DEBUG] 选择网络接口: 以太网 (专用)
[2025-04-25 11:55:37.728] [DEBUG] 更新网络接口列表
[2025-04-25 11:55:37.728] [WARNING] 无效的网络接口索引
[2025-04-25 11:55:37.728] [INFO] 找到 3 个网络接口
[2025-04-25 11:55:37.728] [DEBUG] 选择网络接口: WLAN (专用)
[2025-04-25 11:55:37.728] [DEBUG] 更新所有配置列表
[2025-04-25 11:55:37.728] [INFO] 显示 3 个配置
[2025-04-25 11:55:37.728] [DEBUG] 更新快速应用菜单
[2025-04-25 11:55:37.728] [DEBUG] 获取当前网卡的网络配置
[2025-04-25 11:55:37.728] [DEBUG] 查询接口配置: WLAN
[2025-04-25 11:55:37.784] [DEBUG] 接口 DHCP 状态: 禁用
[2025-04-25 11:55:37.836] [DEBUG] 尝试通过QNetworkInterface获取子网掩码
[2025-04-25 11:55:37.840] [DEBUG] 确定为静态IP模式
[2025-04-25 11:55:37.840] [INFO] 当前网络配置获取完成
[2025-04-25 11:55:37.840] [DEBUG] 比较DHCP配置
[2025-04-25 11:55:37.840] [DEBUG] 获取当前网卡的网络配置
[2025-04-25 11:55:37.840] [DEBUG] 查询接口配置: 2
[2025-04-25 11:55:37.892] [DEBUG] 接口 DHCP 状态: 禁用
[2025-04-25 11:55:37.944] [DEBUG] 尝试通过QNetworkInterface获取子网掩码
[2025-04-25 11:55:37.947] [DEBUG] 确定为静态IP模式
[2025-04-25 11:55:37.947] [INFO] 当前网络配置获取完成
[2025-04-25 11:55:37.948] [DEBUG] 获取当前网卡的网络配置
[2025-04-25 11:55:37.948] [DEBUG] 查询接口配置: 以太网
[2025-04-25 11:55:38.003] [DEBUG] 接口 DHCP 状态: 禁用
[2025-04-25 11:55:38.058] [DEBUG] 尝试通过QNetworkInterface获取子网掩码
[2025-04-25 11:55:38.061] [DEBUG] 确定为静态IP模式
[2025-04-25 11:55:38.061] [INFO] 当前网络配置获取完成
[2025-04-25 11:55:38.061] [DEBUG] 比较静态IP配置
[2025-04-25 11:55:38.062] [DEBUG] 比较DHCP配置
[2025-04-25 11:55:38.062] [INFO] 快速应用菜单更新完成
[2025-04-25 11:55:38.062] [INFO] 网络接口列表更新完成
[2025-04-25 11:55:39.015] [INFO] 主窗口关闭事件
[2025-04-25 11:55:39.015] [DEBUG] 保存窗口状态
[2025-04-25 11:55:39.016] [INFO] 窗口状态已保存
[2025-04-25 11:55:39.019] [DEBUG] 主窗口已隐藏，程序在后台运行
[2025-04-25 11:55:39.719] [DEBUG] 显示悬浮窗上下文菜单
[2025-04-25 11:55:39.719] [DEBUG] 获取当前网卡的网络配置
[2025-04-25 11:55:39.719] [DEBUG] 查询接口配置: WLAN
[2025-04-25 11:55:39.777] [DEBUG] 接口 DHCP 状态: 禁用
[2025-04-25 11:55:39.833] [DEBUG] 尝试通过QNetworkInterface获取子网掩码
[2025-04-25 11:55:39.837] [DEBUG] 确定为静态IP模式
[2025-04-25 11:55:39.837] [INFO] 当前网络配置获取完成
[2025-04-25 11:55:39.837] [DEBUG] 比较DHCP配置
[2025-04-25 11:55:39.837] [DEBUG] 获取当前网卡的网络配置
[2025-04-25 11:55:39.837] [DEBUG] 查询接口配置: 2
[2025-04-25 11:55:39.889] [DEBUG] 接口 DHCP 状态: 禁用
[2025-04-25 11:55:39.940] [DEBUG] 尝试通过QNetworkInterface获取子网掩码
[2025-04-25 11:55:39.943] [DEBUG] 确定为静态IP模式
[2025-04-25 11:55:39.944] [INFO] 当前网络配置获取完成
[2025-04-25 11:55:39.944] [DEBUG] 获取当前网卡的网络配置
[2025-04-25 11:55:39.944] [DEBUG] 查询接口配置: 以太网
[2025-04-25 11:55:39.997] [DEBUG] 接口 DHCP 状态: 禁用
[2025-04-25 11:55:40.050] [DEBUG] 尝试通过QNetworkInterface获取子网掩码
[2025-04-25 11:55:40.055] [DEBUG] 确定为静态IP模式
[2025-04-25 11:55:40.055] [INFO] 当前网络配置获取完成
[2025-04-25 11:55:40.055] [DEBUG] 比较静态IP配置
[2025-04-25 11:55:40.055] [DEBUG] 比较DHCP配置
[2025-04-25 11:55:42.304] [INFO] 从悬浮窗菜单应用配置: 以太网 (专用)
[2025-04-25 11:55:42.494] [INFO] 配置应用成功: 以太网[192.168.4.101]
[2025-04-25 11:55:42.495] [DEBUG] 更新快速应用菜单
[2025-04-25 11:55:42.495] [DEBUG] 获取当前网卡的网络配置
[2025-04-25 11:55:42.495] [DEBUG] 查询接口配置: WLAN
[2025-04-25 11:55:42.548] [DEBUG] 接口 DHCP 状态: 禁用
[2025-04-25 11:55:42.600] [DEBUG] 尝试通过QNetworkInterface获取子网掩码
[2025-04-25 11:55:42.603] [DEBUG] 确定为静态IP模式
[2025-04-25 11:55:42.603] [INFO] 当前网络配置获取完成
[2025-04-25 11:55:42.604] [DEBUG] 比较DHCP配置
[2025-04-25 11:55:42.604] [DEBUG] 获取当前网卡的网络配置
[2025-04-25 11:55:42.604] [DEBUG] 查询接口配置: 2
[2025-04-25 11:55:42.656] [DEBUG] 接口 DHCP 状态: 禁用
[2025-04-25 11:55:42.706] [DEBUG] 尝试通过QNetworkInterface获取子网掩码
[2025-04-25 11:55:42.709] [DEBUG] 确定为静态IP模式
[2025-04-25 11:55:42.710] [INFO] 当前网络配置获取完成
[2025-04-25 11:55:42.710] [DEBUG] 获取当前网卡的网络配置
[2025-04-25 11:55:42.710] [DEBUG] 查询接口配置: 以太网
[2025-04-25 11:55:42.762] [DEBUG] 接口 DHCP 状态: 禁用
[2025-04-25 11:55:42.814] [DEBUG] 尝试通过QNetworkInterface获取子网掩码
[2025-04-25 11:55:42.817] [DEBUG] 确定为静态IP模式
[2025-04-25 11:55:42.817] [INFO] 当前网络配置获取完成
[2025-04-25 11:55:42.817] [DEBUG] 比较静态IP配置
[2025-04-25 11:55:42.817] [DEBUG] 比较DHCP配置
[2025-04-25 11:55:42.818] [INFO] 快速应用菜单更新完成
[2025-04-25 11:55:42.818] [DEBUG] 悬浮窗上下文菜单已显示
[2025-04-25 11:55:45.511] [DEBUG] 双击托盘图标，显示主窗口
[2025-04-25 11:55:45.516] [DEBUG] 双击托盘图标，显示主窗口
[2025-04-25 11:55:46.919] [DEBUG] 显示悬浮窗上下文菜单
[2025-04-25 11:55:47.001] [DEBUG] 获取当前网卡的网络配置
[2025-04-25 11:55:47.001] [DEBUG] 查询接口配置: WLAN
[2025-04-25 11:55:47.056] [DEBUG] 接口 DHCP 状态: 禁用
[2025-04-25 11:55:47.108] [DEBUG] 尝试通过QNetworkInterface获取子网掩码
[2025-04-25 11:55:47.111] [DEBUG] 确定为静态IP模式
[2025-04-25 11:55:47.112] [INFO] 当前网络配置获取完成
[2025-04-25 11:55:47.112] [DEBUG] 比较DHCP配置
[2025-04-25 11:55:47.112] [DEBUG] 获取当前网卡的网络配置
[2025-04-25 11:55:47.112] [DEBUG] 查询接口配置: 2
[2025-04-25 11:55:47.161] [DEBUG] 接口 DHCP 状态: 禁用
[2025-04-25 11:55:47.209] [DEBUG] 尝试通过QNetworkInterface获取子网掩码
[2025-04-25 11:55:47.213] [DEBUG] 确定为静态IP模式
[2025-04-25 11:55:47.213] [INFO] 当前网络配置获取完成
[2025-04-25 11:55:47.213] [DEBUG] 获取当前网卡的网络配置
[2025-04-25 11:55:47.213] [DEBUG] 查询接口配置: 以太网
[2025-04-25 11:55:47.264] [DEBUG] 接口 DHCP 状态: 禁用
[2025-04-25 11:55:47.312] [DEBUG] 尝试通过QNetworkInterface获取子网掩码
[2025-04-25 11:55:47.316] [DEBUG] 确定为静态IP模式
[2025-04-25 11:55:47.316] [INFO] 当前网络配置获取完成
[2025-04-25 11:55:47.316] [DEBUG] 比较静态IP配置
[2025-04-25 11:55:47.316] [DEBUG] 比较DHCP配置
[2025-04-25 11:55:50.344] [INFO] 从悬浮窗菜单应用配置: 以太网 (专用)
[2025-04-25 11:55:50.528] [INFO] 配置应用成功: 以太网[192.168.4.101]
[2025-04-25 11:55:50.528] [DEBUG] 更新快速应用菜单
[2025-04-25 11:55:50.528] [DEBUG] 获取当前网卡的网络配置
[2025-04-25 11:55:50.528] [DEBUG] 查询接口配置: WLAN
[2025-04-25 11:55:50.581] [DEBUG] 接口 DHCP 状态: 禁用
[2025-04-25 11:55:50.634] [DEBUG] 尝试通过QNetworkInterface获取子网掩码
[2025-04-25 11:55:50.637] [DEBUG] 确定为静态IP模式
[2025-04-25 11:55:50.637] [INFO] 当前网络配置获取完成
[2025-04-25 11:55:50.638] [DEBUG] 比较DHCP配置
[2025-04-25 11:55:50.638] [DEBUG] 获取当前网卡的网络配置
[2025-04-25 11:55:50.638] [DEBUG] 查询接口配置: 2
[2025-04-25 11:55:50.689] [DEBUG] 接口 DHCP 状态: 禁用
[2025-04-25 11:55:50.741] [DEBUG] 尝试通过QNetworkInterface获取子网掩码
[2025-04-25 11:55:50.744] [DEBUG] 确定为静态IP模式
[2025-04-25 11:55:50.744] [INFO] 当前网络配置获取完成
[2025-04-25 11:55:50.744] [DEBUG] 获取当前网卡的网络配置
[2025-04-25 11:55:50.744] [DEBUG] 查询接口配置: 以太网
[2025-04-25 11:55:50.796] [DEBUG] 接口 DHCP 状态: 禁用
[2025-04-25 11:55:50.846] [DEBUG] 尝试通过QNetworkInterface获取子网掩码
[2025-04-25 11:55:50.849] [DEBUG] 确定为静态IP模式
[2025-04-25 11:55:50.849] [INFO] 当前网络配置获取完成
[2025-04-25 11:55:50.849] [DEBUG] 比较静态IP配置
[2025-04-25 11:55:50.850] [DEBUG] 比较DHCP配置
[2025-04-25 11:55:50.850] [INFO] 快速应用菜单更新完成
[2025-04-25 11:55:50.850] [DEBUG] 悬浮窗上下文菜单已显示
[2025-04-25 11:55:51.800] [DEBUG] 显示悬浮窗上下文菜单
[2025-04-25 11:55:51.855] [DEBUG] 获取当前网卡的网络配置
[2025-04-25 11:55:51.855] [DEBUG] 查询接口配置: WLAN
[2025-04-25 11:55:51.908] [DEBUG] 接口 DHCP 状态: 禁用
[2025-04-25 11:55:51.960] [DEBUG] 尝试通过QNetworkInterface获取子网掩码
[2025-04-25 11:55:51.963] [DEBUG] 确定为静态IP模式
[2025-04-25 11:55:51.964] [INFO] 当前网络配置获取完成
[2025-04-25 11:55:51.964] [DEBUG] 比较DHCP配置
[2025-04-25 11:55:51.964] [DEBUG] 获取当前网卡的网络配置
[2025-04-25 11:55:51.964] [DEBUG] 查询接口配置: 2
[2025-04-25 11:55:52.021] [DEBUG] 接口 DHCP 状态: 禁用
[2025-04-25 11:55:52.073] [DEBUG] 尝试通过QNetworkInterface获取子网掩码
[2025-04-25 11:55:52.077] [DEBUG] 确定为静态IP模式
[2025-04-25 11:55:52.077] [INFO] 当前网络配置获取完成
[2025-04-25 11:55:52.077] [DEBUG] 获取当前网卡的网络配置
[2025-04-25 11:55:52.077] [DEBUG] 查询接口配置: 以太网
[2025-04-25 11:55:52.131] [DEBUG] 接口 DHCP 状态: 禁用
[2025-04-25 11:55:52.184] [DEBUG] 尝试通过QNetworkInterface获取子网掩码
[2025-04-25 11:55:52.187] [DEBUG] 确定为静态IP模式
[2025-04-25 11:55:52.187] [INFO] 当前网络配置获取完成
[2025-04-25 11:55:52.187] [DEBUG] 比较静态IP配置
[2025-04-25 11:55:52.187] [DEBUG] 比较DHCP配置
[2025-04-25 11:55:56.668] [DEBUG] 悬浮窗上下文菜单已显示
[2025-04-25 11:55:59.080] [DEBUG] 选择网络接口: 2 (以太网)
[2025-04-25 11:56:01.449] [INFO] 开始添加新配置
[2025-04-25 11:56:06.048] [DEBUG] 获取当前表单配置: 方法=dhcp, IP=
[2025-04-25 11:56:06.048] [DEBUG] DHCP配置无需验证
[2025-04-25 11:56:06.048] [INFO] IP配置验证通过
[2025-04-25 11:56:06.049] [INFO] 配置添加成功: [2] 自动获取IP
[2025-04-25 11:56:06.049] [DEBUG] 更新所有配置列表
[2025-04-25 11:56:06.049] [INFO] 显示 4 个配置
[2025-04-25 11:56:06.049] [DEBUG] 更新快速应用菜单
[2025-04-25 11:56:06.049] [DEBUG] 获取当前网卡的网络配置
[2025-04-25 11:56:06.049] [DEBUG] 查询接口配置: WLAN
[2025-04-25 11:56:06.107] [DEBUG] 接口 DHCP 状态: 禁用
[2025-04-25 11:56:06.162] [DEBUG] 尝试通过QNetworkInterface获取子网掩码
[2025-04-25 11:56:06.166] [DEBUG] 确定为静态IP模式
[2025-04-25 11:56:06.166] [INFO] 当前网络配置获取完成
[2025-04-25 11:56:06.166] [DEBUG] 比较DHCP配置
[2025-04-25 11:56:06.167] [DEBUG] 获取当前网卡的网络配置
[2025-04-25 11:56:06.167] [DEBUG] 查询接口配置: 2
[2025-04-25 11:56:06.223] [DEBUG] 接口 DHCP 状态: 禁用
[2025-04-25 11:56:06.276] [DEBUG] 尝试通过QNetworkInterface获取子网掩码
[2025-04-25 11:56:06.279] [DEBUG] 确定为静态IP模式
[2025-04-25 11:56:06.279] [INFO] 当前网络配置获取完成
[2025-04-25 11:56:06.280] [DEBUG] 获取当前网卡的网络配置
[2025-04-25 11:56:06.280] [DEBUG] 查询接口配置: 以太网
[2025-04-25 11:56:06.333] [DEBUG] 接口 DHCP 状态: 禁用
[2025-04-25 11:56:06.386] [DEBUG] 尝试通过QNetworkInterface获取子网掩码
[2025-04-25 11:56:06.390] [DEBUG] 确定为静态IP模式
[2025-04-25 11:56:06.390] [INFO] 当前网络配置获取完成
[2025-04-25 11:56:06.391] [DEBUG] 比较DHCP配置
[2025-04-25 11:56:06.391] [DEBUG] 比较静态IP配置
[2025-04-25 11:56:06.391] [DEBUG] 比较DHCP配置
[2025-04-25 11:56:06.391] [INFO] 快速应用菜单更新完成
[2025-04-25 11:56:09.423] [DEBUG] 显示悬浮窗上下文菜单
[2025-04-25 11:56:09.423] [DEBUG] 获取当前网卡的网络配置
[2025-04-25 11:56:09.423] [DEBUG] 查询接口配置: WLAN
[2025-04-25 11:56:09.477] [DEBUG] 接口 DHCP 状态: 禁用
[2025-04-25 11:56:09.529] [DEBUG] 尝试通过QNetworkInterface获取子网掩码
[2025-04-25 11:56:09.532] [DEBUG] 确定为静态IP模式
[2025-04-25 11:56:09.532] [INFO] 当前网络配置获取完成
[2025-04-25 11:56:09.533] [DEBUG] 比较DHCP配置
[2025-04-25 11:56:09.533] [DEBUG] 获取当前网卡的网络配置
[2025-04-25 11:56:09.533] [DEBUG] 查询接口配置: 2
[2025-04-25 11:56:09.585] [DEBUG] 接口 DHCP 状态: 禁用
[2025-04-25 11:56:09.636] [DEBUG] 尝试通过QNetworkInterface获取子网掩码
[2025-04-25 11:56:09.640] [DEBUG] 确定为静态IP模式
[2025-04-25 11:56:09.640] [INFO] 当前网络配置获取完成
[2025-04-25 11:56:09.640] [DEBUG] 获取当前网卡的网络配置
[2025-04-25 11:56:09.640] [DEBUG] 查询接口配置: 以太网
[2025-04-25 11:56:09.693] [DEBUG] 接口 DHCP 状态: 禁用
[2025-04-25 11:56:09.746] [DEBUG] 尝试通过QNetworkInterface获取子网掩码
[2025-04-25 11:56:09.749] [DEBUG] 确定为静态IP模式
[2025-04-25 11:56:09.749] [INFO] 当前网络配置获取完成
[2025-04-25 11:56:09.750] [DEBUG] 比较DHCP配置
[2025-04-25 11:56:09.750] [DEBUG] 比较静态IP配置
[2025-04-25 11:56:09.750] [DEBUG] 比较DHCP配置
[2025-04-25 11:56:12.920] [DEBUG] 悬浮窗上下文菜单已显示
[2025-04-25 11:56:15.007] [INFO] 主窗口关闭事件
[2025-04-25 11:56:15.007] [DEBUG] 保存窗口状态
[2025-04-25 11:56:15.007] [INFO] 窗口状态已保存
[2025-04-25 11:56:15.009] [DEBUG] 主窗口已隐藏，程序在后台运行
[2025-04-25 11:56:15.781] [DEBUG] 显示悬浮窗上下文菜单
[2025-04-25 11:56:15.781] [DEBUG] 获取当前网卡的网络配置
[2025-04-25 11:56:15.781] [DEBUG] 查询接口配置: WLAN
[2025-04-25 11:56:15.835] [DEBUG] 接口 DHCP 状态: 禁用
[2025-04-25 11:56:15.888] [DEBUG] 尝试通过QNetworkInterface获取子网掩码
[2025-04-25 11:56:15.892] [DEBUG] 确定为静态IP模式
[2025-04-25 11:56:15.892] [INFO] 当前网络配置获取完成
[2025-04-25 11:56:15.892] [DEBUG] 比较DHCP配置
[2025-04-25 11:56:15.892] [DEBUG] 获取当前网卡的网络配置
[2025-04-25 11:56:15.892] [DEBUG] 查询接口配置: 2
[2025-04-25 11:56:15.945] [DEBUG] 接口 DHCP 状态: 禁用
[2025-04-25 11:56:15.996] [DEBUG] 尝试通过QNetworkInterface获取子网掩码
[2025-04-25 11:56:16.000] [DEBUG] 确定为静态IP模式
[2025-04-25 11:56:16.000] [INFO] 当前网络配置获取完成
[2025-04-25 11:56:16.000] [DEBUG] 获取当前网卡的网络配置
[2025-04-25 11:56:16.000] [DEBUG] 查询接口配置: 以太网
[2025-04-25 11:56:16.054] [DEBUG] 接口 DHCP 状态: 禁用
[2025-04-25 11:56:16.107] [DEBUG] 尝试通过QNetworkInterface获取子网掩码
[2025-04-25 11:56:16.111] [DEBUG] 确定为静态IP模式
[2025-04-25 11:56:16.111] [INFO] 当前网络配置获取完成
[2025-04-25 11:56:16.111] [DEBUG] 比较DHCP配置
[2025-04-25 11:56:16.111] [DEBUG] 比较静态IP配置
[2025-04-25 11:56:16.111] [DEBUG] 比较DHCP配置
[2025-04-25 11:56:21.830] [INFO] 从悬浮窗菜单应用配置: WLAN (专用)
[2025-04-25 11:56:21.880] [ERROR] 配置管理器错误: 设置DHCP地址失败: 
[2025-04-25 11:56:23.201] [ERROR] 配置应用失败: 设置DHCP地址失败: 
[2025-04-25 11:56:23.704] [DEBUG] 悬浮窗上下文菜单已显示
[2025-04-25 11:56:24.058] [INFO] 开始销毁主窗口
[2025-04-25 11:56:24.058] [DEBUG] 保存窗口状态
[2025-04-25 11:56:24.058] [DEBUG] 保存窗口状态
[2025-04-25 11:56:24.058] [INFO] 窗口状态已保存
[2025-04-25 11:56:24.058] [INFO] 主窗口销毁完成
[2025-04-25 11:56:27.470] [DEBUG] 开始检查单实例运行
[2025-04-25 11:56:27.470] [DEBUG] 检查程序是否已运行
[2025-04-25 11:56:27.470] [INFO] 单实例检查通过
[2025-04-25 11:56:27.470] [INFO] 使用的配置文件路径:D:\_Tools\My_Tools_Project\NetworkConfigManager\bin\config\posConfig.ini
[2025-04-25 11:56:27.470] [DEBUG] 初始化快速应用配置菜单
[2025-04-25 11:56:27.470] [INFO] 开始初始化UI组件
[2025-04-25 11:56:27.470] [DEBUG] 设置UI初始状态
[2025-04-25 11:56:27.470] [DEBUG] IP方法切换: DHCP
[2025-04-25 11:56:27.470] [DEBUG] 恢复窗口状态
[2025-04-25 11:56:27.470] [DEBUG] 恢复窗口状态
[2025-04-25 11:56:27.470] [INFO] 窗口状态已恢复
[2025-04-25 11:56:27.470] [INFO] UI初始化完成
[2025-04-25 11:56:27.470] [INFO] 开始初始化应用程序配置
[2025-04-25 11:56:27.470] [INFO] 开始初始化应用程序
[2025-04-25 11:56:27.471] [INFO] 配置文件加载成功
[2025-04-25 11:56:27.471] [DEBUG] 更新网络接口列表
[2025-04-25 11:56:27.471] [DEBUG] 更新网络接口列表
[2025-04-25 11:56:27.630] [INFO] 找到 3 个网络接口
[2025-04-25 11:56:27.630] [DEBUG] 更新所有配置列表
[2025-04-25 11:56:27.630] [INFO] 显示 4 个配置
[2025-04-25 11:56:27.630] [DEBUG] 更新快速应用菜单
[2025-04-25 11:56:27.630] [DEBUG] 获取当前网卡的网络配置
[2025-04-25 11:56:27.630] [DEBUG] 查询接口配置: WLAN
[2025-04-25 11:56:27.683] [DEBUG] 接口 DHCP 状态: 禁用
[2025-04-25 11:56:27.736] [DEBUG] 尝试通过QNetworkInterface获取子网掩码
[2025-04-25 11:56:27.742] [DEBUG] 确定为静态IP模式
[2025-04-25 11:56:27.742] [INFO] 当前网络配置获取完成
[2025-04-25 11:56:27.742] [DEBUG] 比较DHCP配置
[2025-04-25 11:56:27.742] [DEBUG] 获取当前网卡的网络配置
[2025-04-25 11:56:27.742] [DEBUG] 查询接口配置: 2
[2025-04-25 11:56:27.796] [DEBUG] 接口 DHCP 状态: 禁用
[2025-04-25 11:56:27.849] [DEBUG] 尝试通过QNetworkInterface获取子网掩码
[2025-04-25 11:56:27.853] [DEBUG] 确定为静态IP模式
[2025-04-25 11:56:27.853] [INFO] 当前网络配置获取完成
[2025-04-25 11:56:27.853] [DEBUG] 获取当前网卡的网络配置
[2025-04-25 11:56:27.853] [DEBUG] 查询接口配置: 以太网
[2025-04-25 11:56:27.908] [DEBUG] 接口 DHCP 状态: 禁用
[2025-04-25 11:56:27.961] [DEBUG] 尝试通过QNetworkInterface获取子网掩码
[2025-04-25 11:56:27.964] [DEBUG] 确定为静态IP模式
[2025-04-25 11:56:27.964] [INFO] 当前网络配置获取完成
[2025-04-25 11:56:27.965] [DEBUG] 比较DHCP配置
[2025-04-25 11:56:27.965] [DEBUG] 比较静态IP配置
[2025-04-25 11:56:27.965] [DEBUG] 比较DHCP配置
[2025-04-25 11:56:27.965] [INFO] 快速应用菜单更新完成
[2025-04-25 11:56:27.965] [INFO] 网络接口列表更新完成
[2025-04-25 11:56:27.965] [INFO] 开机自启动状态: 已禁用
[2025-04-25 11:56:27.965] [DEBUG] 显示浮动窗口
[2025-04-25 11:56:27.982] [INFO] 应用程序初始化完成
[2025-04-25 11:56:27.982] [INFO] 初始化系统托盘和悬浮窗
[2025-04-25 11:56:27.982] [INFO] 初始化系统托盘图标
[2025-04-25 11:56:27.987] [DEBUG] 更新快速应用菜单
[2025-04-25 11:56:27.987] [DEBUG] 获取当前网卡的网络配置
[2025-04-25 11:56:27.987] [DEBUG] 查询接口配置: WLAN
[2025-04-25 11:56:28.042] [DEBUG] 接口 DHCP 状态: 禁用
[2025-04-25 11:56:28.094] [DEBUG] 尝试通过QNetworkInterface获取子网掩码
[2025-04-25 11:56:28.098] [DEBUG] 确定为静态IP模式
[2025-04-25 11:56:28.098] [INFO] 当前网络配置获取完成
[2025-04-25 11:56:28.098] [DEBUG] 比较DHCP配置
[2025-04-25 11:56:28.098] [DEBUG] 获取当前网卡的网络配置
[2025-04-25 11:56:28.098] [DEBUG] 查询接口配置: 2
[2025-04-25 11:56:28.150] [DEBUG] 接口 DHCP 状态: 禁用
[2025-04-25 11:56:28.203] [DEBUG] 尝试通过QNetworkInterface获取子网掩码
[2025-04-25 11:56:28.206] [DEBUG] 确定为静态IP模式
[2025-04-25 11:56:28.206] [INFO] 当前网络配置获取完成
[2025-04-25 11:56:28.206] [DEBUG] 获取当前网卡的网络配置
[2025-04-25 11:56:28.206] [DEBUG] 查询接口配置: 以太网
[2025-04-25 11:56:28.260] [DEBUG] 接口 DHCP 状态: 禁用
[2025-04-25 11:56:28.311] [DEBUG] 尝试通过QNetworkInterface获取子网掩码
[2025-04-25 11:56:28.314] [DEBUG] 确定为静态IP模式
[2025-04-25 11:56:28.314] [INFO] 当前网络配置获取完成
[2025-04-25 11:56:28.314] [DEBUG] 比较DHCP配置
[2025-04-25 11:56:28.315] [DEBUG] 比较静态IP配置
[2025-04-25 11:56:28.315] [DEBUG] 比较DHCP配置
[2025-04-25 11:56:28.315] [INFO] 快速应用菜单更新完成
[2025-04-25 11:56:28.331] [INFO] 系统托盘图标初始化完成
[2025-04-25 11:56:28.331] [DEBUG] 建立信号槽连接
[2025-04-25 11:56:28.331] [DEBUG] 开始建立信号槽连接
[2025-04-25 11:56:28.331] [INFO] 初始化系统托盘图标
[2025-04-25 11:56:28.332] [DEBUG] 更新快速应用菜单
[2025-04-25 11:56:28.332] [DEBUG] 获取当前网卡的网络配置
[2025-04-25 11:56:28.332] [DEBUG] 查询接口配置: WLAN
[2025-04-25 11:56:28.385] [DEBUG] 接口 DHCP 状态: 禁用
[2025-04-25 11:56:28.436] [DEBUG] 尝试通过QNetworkInterface获取子网掩码
[2025-04-25 11:56:28.440] [DEBUG] 确定为静态IP模式
[2025-04-25 11:56:28.440] [INFO] 当前网络配置获取完成
[2025-04-25 11:56:28.440] [DEBUG] 比较DHCP配置
[2025-04-25 11:56:28.440] [DEBUG] 获取当前网卡的网络配置
[2025-04-25 11:56:28.440] [DEBUG] 查询接口配置: 2
[2025-04-25 11:56:28.491] [DEBUG] 接口 DHCP 状态: 禁用
[2025-04-25 11:56:28.542] [DEBUG] 尝试通过QNetworkInterface获取子网掩码
[2025-04-25 11:56:28.546] [DEBUG] 确定为静态IP模式
[2025-04-25 11:56:28.546] [INFO] 当前网络配置获取完成
[2025-04-25 11:56:28.546] [DEBUG] 获取当前网卡的网络配置
[2025-04-25 11:56:28.546] [DEBUG] 查询接口配置: 以太网
[2025-04-25 11:56:28.607] [DEBUG] 接口 DHCP 状态: 禁用
[2025-04-25 11:56:28.668] [DEBUG] 尝试通过QNetworkInterface获取子网掩码
[2025-04-25 11:56:28.671] [DEBUG] 确定为静态IP模式
[2025-04-25 11:56:28.671] [INFO] 当前网络配置获取完成
[2025-04-25 11:56:28.672] [DEBUG] 比较DHCP配置
[2025-04-25 11:56:28.672] [DEBUG] 比较静态IP配置
[2025-04-25 11:56:28.672] [DEBUG] 比较DHCP配置
[2025-04-25 11:56:28.672] [INFO] 快速应用菜单更新完成
[2025-04-25 11:56:28.672] [INFO] 系统托盘图标初始化完成
[2025-04-25 11:56:28.672] [INFO] 信号槽连接建立完成
[2025-04-25 11:56:28.673] [DEBUG] 显示悬浮窗
[2025-04-25 11:56:28.679] [INFO] 主窗口初始化完成
[2025-04-25 11:56:33.213] [INFO] 主窗口关闭事件
[2025-04-25 11:56:33.213] [DEBUG] 保存窗口状态
[2025-04-25 11:56:33.213] [INFO] 窗口状态已保存
[2025-04-25 11:56:33.217] [DEBUG] 主窗口已隐藏，程序在后台运行
[2025-04-25 11:57:20.197] [DEBUG] 显示悬浮窗上下文菜单
[2025-04-25 11:57:20.319] [DEBUG] 获取当前网卡的网络配置
[2025-04-25 11:57:20.319] [DEBUG] 查询接口配置: WLAN
[2025-04-25 11:57:20.375] [DEBUG] 接口 DHCP 状态: 禁用
[2025-04-25 11:57:20.427] [DEBUG] 尝试通过QNetworkInterface获取子网掩码
[2025-04-25 11:57:20.430] [DEBUG] 确定为静态IP模式
[2025-04-25 11:57:20.431] [INFO] 当前网络配置获取完成
[2025-04-25 11:57:20.431] [DEBUG] 比较DHCP配置
[2025-04-25 11:57:20.431] [DEBUG] 获取当前网卡的网络配置
[2025-04-25 11:57:20.431] [DEBUG] 查询接口配置: 2
[2025-04-25 11:57:20.483] [DEBUG] 接口 DHCP 状态: 禁用
[2025-04-25 11:57:20.537] [DEBUG] 尝试通过QNetworkInterface获取子网掩码
[2025-04-25 11:57:20.540] [DEBUG] 确定为静态IP模式
[2025-04-25 11:57:20.541] [INFO] 当前网络配置获取完成
[2025-04-25 11:57:20.541] [DEBUG] 获取当前网卡的网络配置
[2025-04-25 11:57:20.541] [DEBUG] 查询接口配置: 以太网
[2025-04-25 11:57:20.595] [DEBUG] 接口 DHCP 状态: 禁用
[2025-04-25 11:57:20.649] [DEBUG] 尝试通过QNetworkInterface获取子网掩码
[2025-04-25 11:57:20.652] [DEBUG] 确定为静态IP模式
[2025-04-25 11:57:20.652] [INFO] 当前网络配置获取完成
[2025-04-25 11:57:20.652] [DEBUG] 比较DHCP配置
[2025-04-25 11:57:20.654] [DEBUG] 比较静态IP配置
[2025-04-25 11:57:20.654] [DEBUG] 比较DHCP配置
[2025-04-25 11:57:21.878] [DEBUG] 悬浮窗上下文菜单已显示
[2025-04-25 11:57:21.934] [INFO] 开始销毁主窗口
[2025-04-25 11:57:21.934] [DEBUG] 保存窗口状态
[2025-04-25 11:57:21.934] [DEBUG] 保存窗口状态
[2025-04-25 11:57:21.934] [INFO] 窗口状态已保存
[2025-04-25 11:57:21.934] [INFO] 主窗口销毁完成
[2025-04-25 14:25:28.080] [DEBUG] 开始检查单实例运行
[2025-04-25 14:25:28.087] [DEBUG] 检查程序是否已运行
[2025-04-25 14:25:28.087] [INFO] 单实例检查通过
[2025-04-25 14:25:28.088] [INFO] 使用的配置文件路径:D:\_Tools\My_Tools_Project\NetworkConfigManager\bin\config\posConfig.ini
[2025-04-25 14:25:28.088] [DEBUG] 初始化快速应用配置菜单
[2025-04-25 14:25:28.088] [INFO] 开始初始化UI组件
[2025-04-25 14:25:28.089] [DEBUG] 设置UI初始状态
[2025-04-25 14:25:28.089] [DEBUG] IP方法切换: DHCP
[2025-04-25 14:25:28.102] [DEBUG] 恢复窗口状态
[2025-04-25 14:25:28.102] [DEBUG] 恢复窗口状态
[2025-04-25 14:25:28.103] [INFO] 窗口状态已恢复
[2025-04-25 14:25:28.103] [INFO] UI初始化完成
[2025-04-25 14:25:28.103] [INFO] 开始初始化应用程序配置
[2025-04-25 14:25:28.103] [INFO] 开始初始化应用程序
[2025-04-25 14:25:28.120] [INFO] 配置文件加载成功
[2025-04-25 14:25:28.121] [DEBUG] 更新网络接口列表
[2025-04-25 14:25:28.121] [DEBUG] 更新网络接口列表
[2025-04-25 14:25:28.241] [INFO] 找到 2 个网络接口
[2025-04-25 14:25:28.242] [DEBUG] 更新所有配置列表
[2025-04-25 14:25:28.242] [INFO] 显示 4 个配置
[2025-04-25 14:25:28.242] [DEBUG] 更新快速应用菜单
[2025-04-25 14:25:28.242] [DEBUG] 获取当前网卡的网络配置
[2025-04-25 14:25:28.242] [DEBUG] 查询接口配置: WLAN
[2025-04-25 14:25:28.339] [DEBUG] 接口 DHCP 状态: 禁用
[2025-04-25 14:25:28.437] [DEBUG] 尝试通过QNetworkInterface获取子网掩码
[2025-04-25 14:25:28.462] [DEBUG] 确定为静态IP模式
[2025-04-25 14:25:28.462] [INFO] 当前网络配置获取完成
[2025-04-25 14:25:28.463] [DEBUG] 比较DHCP配置
[2025-04-25 14:25:28.463] [DEBUG] 获取当前网卡的网络配置
[2025-04-25 14:25:28.463] [DEBUG] 查询接口配置: 以太网
[2025-04-25 14:25:28.544] [DEBUG] 接口 DHCP 状态: 禁用
[2025-04-25 14:25:28.622] [DEBUG] 尝试通过QNetworkInterface获取子网掩码
[2025-04-25 14:25:28.630] [DEBUG] 确定为静态IP模式
[2025-04-25 14:25:28.630] [INFO] 当前网络配置获取完成
[2025-04-25 14:25:28.630] [DEBUG] 比较DHCP配置
[2025-04-25 14:25:28.630] [DEBUG] 比较静态IP配置
[2025-04-25 14:25:28.630] [DEBUG] 比较DHCP配置
[2025-04-25 14:25:28.630] [INFO] 快速应用菜单更新完成
[2025-04-25 14:25:28.630] [INFO] 网络接口列表更新完成
[2025-04-25 14:25:28.630] [INFO] 开机自启动状态: 已禁用
[2025-04-25 14:25:28.630] [DEBUG] 显示浮动窗口
[2025-04-25 14:25:28.674] [INFO] 应用程序初始化完成
[2025-04-25 14:25:28.674] [INFO] 初始化系统托盘和悬浮窗
[2025-04-25 14:25:28.674] [INFO] 初始化系统托盘图标
[2025-04-25 14:25:28.679] [DEBUG] 更新快速应用菜单
[2025-04-25 14:25:28.679] [DEBUG] 获取当前网卡的网络配置
[2025-04-25 14:25:28.679] [DEBUG] 查询接口配置: WLAN
[2025-04-25 14:25:28.776] [DEBUG] 接口 DHCP 状态: 禁用
[2025-04-25 14:25:28.890] [DEBUG] 尝试通过QNetworkInterface获取子网掩码
[2025-04-25 14:25:28.898] [DEBUG] 确定为静态IP模式
[2025-04-25 14:25:28.898] [INFO] 当前网络配置获取完成
[2025-04-25 14:25:28.898] [DEBUG] 比较DHCP配置
[2025-04-25 14:25:28.898] [DEBUG] 获取当前网卡的网络配置
[2025-04-25 14:25:28.898] [DEBUG] 查询接口配置: 以太网
[2025-04-25 14:25:28.975] [DEBUG] 接口 DHCP 状态: 禁用
[2025-04-25 14:25:29.053] [DEBUG] 尝试通过QNetworkInterface获取子网掩码
[2025-04-25 14:25:29.061] [DEBUG] 确定为静态IP模式
[2025-04-25 14:25:29.061] [INFO] 当前网络配置获取完成
[2025-04-25 14:25:29.061] [DEBUG] 比较DHCP配置
[2025-04-25 14:25:29.061] [DEBUG] 比较静态IP配置
[2025-04-25 14:25:29.062] [DEBUG] 比较DHCP配置
[2025-04-25 14:25:29.062] [INFO] 快速应用菜单更新完成
[2025-04-25 14:25:29.073] [INFO] 系统托盘图标初始化完成
[2025-04-25 14:25:29.074] [DEBUG] 建立信号槽连接
[2025-04-25 14:25:29.074] [DEBUG] 开始建立信号槽连接
[2025-04-25 14:25:29.074] [INFO] 初始化系统托盘图标
[2025-04-25 14:25:29.074] [DEBUG] 更新快速应用菜单
[2025-04-25 14:25:29.075] [DEBUG] 获取当前网卡的网络配置
[2025-04-25 14:25:29.075] [DEBUG] 查询接口配置: WLAN
[2025-04-25 14:25:29.156] [DEBUG] 接口 DHCP 状态: 禁用
[2025-04-25 14:25:29.233] [DEBUG] 尝试通过QNetworkInterface获取子网掩码
[2025-04-25 14:25:29.240] [DEBUG] 确定为静态IP模式
[2025-04-25 14:25:29.240] [INFO] 当前网络配置获取完成
[2025-04-25 14:25:29.240] [DEBUG] 比较DHCP配置
[2025-04-25 14:25:29.241] [DEBUG] 获取当前网卡的网络配置
[2025-04-25 14:25:29.241] [DEBUG] 查询接口配置: 以太网
[2025-04-25 14:25:29.324] [DEBUG] 接口 DHCP 状态: 禁用
[2025-04-25 14:25:29.400] [DEBUG] 尝试通过QNetworkInterface获取子网掩码
[2025-04-25 14:25:29.407] [DEBUG] 确定为静态IP模式
[2025-04-25 14:25:29.407] [INFO] 当前网络配置获取完成
[2025-04-25 14:25:29.407] [DEBUG] 比较DHCP配置
[2025-04-25 14:25:29.408] [DEBUG] 比较静态IP配置
[2025-04-25 14:25:29.408] [DEBUG] 比较DHCP配置
[2025-04-25 14:25:29.408] [INFO] 快速应用菜单更新完成
[2025-04-25 14:25:29.408] [INFO] 系统托盘图标初始化完成
[2025-04-25 14:25:29.408] [INFO] 信号槽连接建立完成
[2025-04-25 14:25:29.408] [DEBUG] 显示悬浮窗
[2025-04-25 14:25:29.417] [INFO] 主窗口初始化完成
[2025-04-25 14:25:36.566] [DEBUG] 选择配置: [WLAN] 自动获取IP
[2025-04-25 14:25:36.566] [DEBUG] 配置使用DHCP模式
[2025-04-25 14:25:36.566] [INFO] 已加载配置: [WLAN] 自动获取IP
[2025-04-25 14:25:37.958] [INFO] 开始删除配置
[2025-04-25 14:25:38.921] [DEBUG] 用户确认删除配置: [WLAN] 自动获取IP
[2025-04-25 14:25:38.921] [INFO] 配置删除成功: [WLAN] 自动获取IP
[2025-04-25 14:25:38.922] [DEBUG] 更新所有配置列表
[2025-04-25 14:25:38.922] [INFO] 显示 3 个配置
[2025-04-25 14:25:38.922] [DEBUG] 更新快速应用菜单
[2025-04-25 14:25:38.922] [DEBUG] 获取当前网卡的网络配置
[2025-04-25 14:25:38.922] [DEBUG] 查询接口配置: WLAN
[2025-04-25 14:25:39.008] [DEBUG] 接口 DHCP 状态: 禁用
[2025-04-25 14:25:39.091] [DEBUG] 尝试通过QNetworkInterface获取子网掩码
[2025-04-25 14:25:39.098] [DEBUG] 确定为静态IP模式
[2025-04-25 14:25:39.098] [INFO] 当前网络配置获取完成
[2025-04-25 14:25:39.098] [DEBUG] 获取当前网卡的网络配置
[2025-04-25 14:25:39.098] [DEBUG] 查询接口配置: 以太网
[2025-04-25 14:25:39.183] [DEBUG] 接口 DHCP 状态: 禁用
[2025-04-25 14:25:39.263] [DEBUG] 尝试通过QNetworkInterface获取子网掩码
[2025-04-25 14:25:39.272] [DEBUG] 确定为静态IP模式
[2025-04-25 14:25:39.272] [INFO] 当前网络配置获取完成
[2025-04-25 14:25:39.272] [DEBUG] 比较DHCP配置
[2025-04-25 14:25:39.272] [DEBUG] 比较静态IP配置
[2025-04-25 14:25:39.273] [DEBUG] 比较DHCP配置
[2025-04-25 14:25:39.273] [INFO] 快速应用菜单更新完成
[2025-04-25 14:25:39.273] [DEBUG] 清空表单字段
[2025-04-25 14:25:41.126] [DEBUG] 选择配置: [2] 自动获取IP
[2025-04-25 14:25:41.126] [DEBUG] 配置使用DHCP模式
[2025-04-25 14:25:41.127] [INFO] 已加载配置: [2] 自动获取IP
[2025-04-25 14:25:41.911] [INFO] 开始删除配置
[2025-04-25 14:25:42.617] [DEBUG] 用户确认删除配置: [2] 自动获取IP
[2025-04-25 14:25:42.618] [INFO] 配置删除成功: [2] 自动获取IP
[2025-04-25 14:25:42.618] [DEBUG] 更新所有配置列表
[2025-04-25 14:25:42.619] [INFO] 显示 2 个配置
[2025-04-25 14:25:42.619] [DEBUG] 更新快速应用菜单
[2025-04-25 14:25:42.619] [DEBUG] 获取当前网卡的网络配置
[2025-04-25 14:25:42.619] [DEBUG] 查询接口配置: WLAN
[2025-04-25 14:25:42.704] [DEBUG] 接口 DHCP 状态: 禁用
[2025-04-25 14:25:42.787] [DEBUG] 尝试通过QNetworkInterface获取子网掩码
[2025-04-25 14:25:42.795] [DEBUG] 确定为静态IP模式
[2025-04-25 14:25:42.795] [INFO] 当前网络配置获取完成
[2025-04-25 14:25:42.795] [DEBUG] 获取当前网卡的网络配置
[2025-04-25 14:25:42.796] [DEBUG] 查询接口配置: 以太网
[2025-04-25 14:25:42.876] [DEBUG] 接口 DHCP 状态: 禁用
[2025-04-25 14:25:42.959] [DEBUG] 尝试通过QNetworkInterface获取子网掩码
[2025-04-25 14:25:42.965] [DEBUG] 确定为静态IP模式
[2025-04-25 14:25:42.965] [INFO] 当前网络配置获取完成
[2025-04-25 14:25:42.966] [DEBUG] 比较静态IP配置
[2025-04-25 14:25:42.966] [DEBUG] 比较DHCP配置
[2025-04-25 14:25:42.966] [INFO] 快速应用菜单更新完成
[2025-04-25 14:25:42.966] [DEBUG] 清空表单字段
[2025-04-25 14:25:46.502] [DEBUG] 更新网络接口列表
[2025-04-25 14:25:46.502] [WARNING] 无效的网络接口索引
[2025-04-25 14:25:46.502] [INFO] 找到 2 个网络接口
[2025-04-25 14:25:46.502] [DEBUG] 选择网络接口: WLAN (专用)
[2025-04-25 14:25:46.503] [DEBUG] 更新所有配置列表
[2025-04-25 14:25:46.503] [INFO] 显示 2 个配置
[2025-04-25 14:25:46.503] [DEBUG] 更新快速应用菜单
[2025-04-25 14:25:46.503] [DEBUG] 获取当前网卡的网络配置
[2025-04-25 14:25:46.503] [DEBUG] 查询接口配置: WLAN
[2025-04-25 14:25:46.584] [DEBUG] 接口 DHCP 状态: 禁用
[2025-04-25 14:25:46.663] [DEBUG] 尝试通过QNetworkInterface获取子网掩码
[2025-04-25 14:25:46.670] [DEBUG] 确定为静态IP模式
[2025-04-25 14:25:46.670] [INFO] 当前网络配置获取完成
[2025-04-25 14:25:46.670] [DEBUG] 获取当前网卡的网络配置
[2025-04-25 14:25:46.670] [DEBUG] 查询接口配置: 以太网
[2025-04-25 14:25:46.750] [DEBUG] 接口 DHCP 状态: 禁用
[2025-04-25 14:25:46.826] [DEBUG] 尝试通过QNetworkInterface获取子网掩码
[2025-04-25 14:25:46.833] [DEBUG] 确定为静态IP模式
[2025-04-25 14:25:46.833] [INFO] 当前网络配置获取完成
[2025-04-25 14:25:46.834] [DEBUG] 比较静态IP配置
[2025-04-25 14:25:46.834] [DEBUG] 比较DHCP配置
[2025-04-25 14:25:46.834] [INFO] 快速应用菜单更新完成
[2025-04-25 14:25:46.834] [INFO] 网络接口列表更新完成
[2025-04-25 14:25:47.061] [DEBUG] 更新网络接口列表
[2025-04-25 14:25:47.061] [WARNING] 无效的网络接口索引
[2025-04-25 14:25:47.061] [INFO] 找到 2 个网络接口
[2025-04-25 14:25:47.061] [DEBUG] 选择网络接口: WLAN (专用)
[2025-04-25 14:25:47.062] [DEBUG] 更新所有配置列表
[2025-04-25 14:25:47.062] [INFO] 显示 2 个配置
[2025-04-25 14:25:47.062] [DEBUG] 更新快速应用菜单
[2025-04-25 14:25:47.062] [DEBUG] 获取当前网卡的网络配置
[2025-04-25 14:25:47.062] [DEBUG] 查询接口配置: WLAN
[2025-04-25 14:25:47.143] [DEBUG] 接口 DHCP 状态: 禁用
[2025-04-25 14:25:47.220] [DEBUG] 尝试通过QNetworkInterface获取子网掩码
[2025-04-25 14:25:47.228] [DEBUG] 确定为静态IP模式
[2025-04-25 14:25:47.228] [INFO] 当前网络配置获取完成
[2025-04-25 14:25:47.228] [DEBUG] 获取当前网卡的网络配置
[2025-04-25 14:25:47.228] [DEBUG] 查询接口配置: 以太网
[2025-04-25 14:25:47.308] [DEBUG] 接口 DHCP 状态: 禁用
[2025-04-25 14:25:47.386] [DEBUG] 尝试通过QNetworkInterface获取子网掩码
[2025-04-25 14:25:47.393] [DEBUG] 确定为静态IP模式
[2025-04-25 14:25:47.393] [INFO] 当前网络配置获取完成
[2025-04-25 14:25:47.393] [DEBUG] 比较静态IP配置
[2025-04-25 14:25:47.393] [DEBUG] 比较DHCP配置
[2025-04-25 14:25:47.393] [INFO] 快速应用菜单更新完成
[2025-04-25 14:25:47.393] [INFO] 网络接口列表更新完成
[2025-04-25 14:25:47.397] [DEBUG] 更新网络接口列表
[2025-04-25 14:25:47.398] [WARNING] 无效的网络接口索引
[2025-04-25 14:25:47.398] [INFO] 找到 2 个网络接口
[2025-04-25 14:25:47.398] [DEBUG] 选择网络接口: WLAN (专用)
[2025-04-25 14:25:47.398] [DEBUG] 更新所有配置列表
[2025-04-25 14:25:47.398] [INFO] 显示 2 个配置
[2025-04-25 14:25:47.398] [DEBUG] 更新快速应用菜单
[2025-04-25 14:25:47.398] [DEBUG] 获取当前网卡的网络配置
[2025-04-25 14:25:47.398] [DEBUG] 查询接口配置: WLAN
[2025-04-25 14:25:47.478] [DEBUG] 接口 DHCP 状态: 禁用
[2025-04-25 14:25:47.560] [DEBUG] 尝试通过QNetworkInterface获取子网掩码
[2025-04-25 14:25:47.566] [DEBUG] 确定为静态IP模式
[2025-04-25 14:25:47.566] [INFO] 当前网络配置获取完成
[2025-04-25 14:25:47.567] [DEBUG] 获取当前网卡的网络配置
[2025-04-25 14:25:47.567] [DEBUG] 查询接口配置: 以太网
[2025-04-25 14:25:47.646] [DEBUG] 接口 DHCP 状态: 禁用
[2025-04-25 14:25:47.724] [DEBUG] 尝试通过QNetworkInterface获取子网掩码
[2025-04-25 14:25:47.731] [DEBUG] 确定为静态IP模式
[2025-04-25 14:25:47.731] [INFO] 当前网络配置获取完成
[2025-04-25 14:25:47.732] [DEBUG] 比较静态IP配置
[2025-04-25 14:25:47.732] [DEBUG] 比较DHCP配置
[2025-04-25 14:25:47.732] [INFO] 快速应用菜单更新完成
[2025-04-25 14:25:47.732] [INFO] 网络接口列表更新完成
[2025-04-25 14:25:50.406] [DEBUG] 选择配置: [以太网] 192.168.4.101
[2025-04-25 14:25:50.406] [DEBUG] 选择网络接口: 以太网 (专用)
[2025-04-25 14:25:50.407] [DEBUG] IP方法切换: 静态IP
[2025-04-25 14:25:50.407] [DEBUG] 配置使用静态IP模式
[2025-04-25 14:25:50.408] [INFO] 已加载配置: [以太网] 192.168.4.101
[2025-04-25 14:25:52.925] [INFO] 开始应用配置
[2025-04-25 14:25:52.926] [DEBUG] 获取当前网卡的网络配置
[2025-04-25 14:25:52.926] [DEBUG] 查询接口配置: 以太网
[2025-04-25 14:25:53.006] [DEBUG] 接口 DHCP 状态: 禁用
[2025-04-25 14:25:53.085] [DEBUG] 尝试通过QNetworkInterface获取子网掩码
[2025-04-25 14:25:53.091] [DEBUG] 确定为静态IP模式
[2025-04-25 14:25:53.091] [INFO] 当前网络配置获取完成
[2025-04-25 14:25:53.092] [DEBUG] 比较静态IP配置
[2025-04-25 14:25:53.092] [DEBUG] 应用配置: [以太网] 192.168.4.101
[2025-04-25 14:25:53.360] [INFO] 配置应用成功: 以太网[192.168.4.101]
[2025-04-25 14:25:53.360] [DEBUG] 更新快速应用菜单
[2025-04-25 14:25:53.360] [DEBUG] 获取当前网卡的网络配置
[2025-04-25 14:25:53.360] [DEBUG] 查询接口配置: WLAN
[2025-04-25 14:25:53.441] [DEBUG] 接口 DHCP 状态: 禁用
[2025-04-25 14:25:53.518] [DEBUG] 尝试通过QNetworkInterface获取子网掩码
[2025-04-25 14:25:53.525] [DEBUG] 确定为静态IP模式
[2025-04-25 14:25:53.526] [INFO] 当前网络配置获取完成
[2025-04-25 14:25:53.526] [DEBUG] 获取当前网卡的网络配置
[2025-04-25 14:25:53.526] [DEBUG] 查询接口配置: 以太网
[2025-04-25 14:25:53.605] [DEBUG] 接口 DHCP 状态: 禁用
[2025-04-25 14:25:53.682] [DEBUG] 尝试通过QNetworkInterface获取子网掩码
[2025-04-25 14:25:53.689] [DEBUG] 确定为静态IP模式
[2025-04-25 14:25:53.689] [INFO] 当前网络配置获取完成
[2025-04-25 14:25:53.689] [DEBUG] 比较静态IP配置
[2025-04-25 14:25:53.689] [DEBUG] 比较DHCP配置
[2025-04-25 14:25:53.689] [INFO] 快速应用菜单更新完成
[2025-04-25 14:25:53.690] [INFO] 配置应用请求已发送
[2025-04-25 14:25:54.557] [DEBUG] 选择配置: [以太网] 自动获取IP
[2025-04-25 14:25:54.557] [DEBUG] IP方法切换: DHCP
[2025-04-25 14:25:54.557] [DEBUG] 配置使用DHCP模式
[2025-04-25 14:25:54.557] [INFO] 已加载配置: [以太网] 自动获取IP
[2025-04-25 14:25:55.390] [INFO] 开始应用配置
[2025-04-25 14:25:55.390] [DEBUG] 获取当前网卡的网络配置
[2025-04-25 14:25:55.390] [DEBUG] 查询接口配置: 以太网
[2025-04-25 14:25:55.483] [DEBUG] 接口 DHCP 状态: 禁用
[2025-04-25 14:25:55.567] [DEBUG] 尝试通过QNetworkInterface获取子网掩码
[2025-04-25 14:25:55.575] [DEBUG] 确定为静态IP模式
[2025-04-25 14:25:55.575] [INFO] 当前网络配置获取完成
[2025-04-25 14:25:55.575] [DEBUG] 比较DHCP配置
[2025-04-25 14:25:55.575] [DEBUG] 应用配置: [以太网] 自动获取IP
[2025-04-25 14:25:56.021] [INFO] 配置应用成功: 以太网[自动获取IP]
[2025-04-25 14:25:56.021] [DEBUG] 更新快速应用菜单
[2025-04-25 14:25:56.233] [DEBUG] 获取当前网卡的网络配置
[2025-04-25 14:25:56.233] [DEBUG] 查询接口配置: WLAN
[2025-04-25 14:25:56.316] [DEBUG] 接口 DHCP 状态: 禁用
[2025-04-25 14:25:56.393] [DEBUG] 尝试通过QNetworkInterface获取子网掩码
[2025-04-25 14:25:56.400] [DEBUG] 确定为静态IP模式
[2025-04-25 14:25:56.400] [INFO] 当前网络配置获取完成
[2025-04-25 14:25:56.401] [DEBUG] 获取当前网卡的网络配置
[2025-04-25 14:25:56.401] [DEBUG] 查询接口配置: 以太网
[2025-04-25 14:25:56.480] [DEBUG] 接口 DHCP 状态: 禁用
[2025-04-25 14:25:56.566] [DEBUG] 尝试通过QNetworkInterface获取子网掩码
[2025-04-25 14:25:56.576] [DEBUG] 确定为静态IP模式
[2025-04-25 14:25:56.576] [INFO] 当前网络配置获取完成
[2025-04-25 14:25:56.576] [DEBUG] 比较静态IP配置
[2025-04-25 14:25:56.577] [DEBUG] 比较DHCP配置
[2025-04-25 14:25:56.577] [INFO] 快速应用菜单更新完成
[2025-04-25 14:25:56.577] [INFO] 配置应用请求已发送
[2025-04-25 14:25:58.941] [INFO] 主窗口关闭事件
[2025-04-25 14:25:58.941] [DEBUG] 保存窗口状态
[2025-04-25 14:25:58.941] [INFO] 窗口状态已保存
[2025-04-25 14:25:58.943] [DEBUG] 主窗口已隐藏，程序在后台运行
[2025-04-25 14:26:31.079] [INFO] 从快速菜单应用配置: 以太网 (专用)
[2025-04-25 14:26:31.459] [INFO] 配置应用成功: 以太网[192.168.4.101]
[2025-04-25 14:26:31.459] [DEBUG] 更新快速应用菜单
[2025-04-25 14:26:31.603] [DEBUG] 获取当前网卡的网络配置
[2025-04-25 14:26:31.909] [DEBUG] 查询接口配置: WLAN
[2025-04-25 14:26:32.025] [DEBUG] 接口 DHCP 状态: 禁用
[2025-04-25 14:26:32.104] [DEBUG] 尝试通过QNetworkInterface获取子网掩码
[2025-04-25 14:26:32.112] [DEBUG] 确定为静态IP模式
[2025-04-25 14:26:32.112] [INFO] 当前网络配置获取完成
[2025-04-25 14:26:32.113] [DEBUG] 获取当前网卡的网络配置
[2025-04-25 14:26:32.113] [DEBUG] 查询接口配置: 以太网
[2025-04-25 14:26:32.192] [DEBUG] 接口 DHCP 状态: 禁用
[2025-04-25 14:26:32.276] [DEBUG] 尝试通过QNetworkInterface获取子网掩码
[2025-04-25 14:26:32.283] [DEBUG] 确定为静态IP模式
[2025-04-25 14:26:32.283] [INFO] 当前网络配置获取完成
[2025-04-25 14:26:32.284] [DEBUG] 比较静态IP配置
[2025-04-25 14:26:32.284] [DEBUG] 比较DHCP配置
[2025-04-25 14:26:32.284] [INFO] 快速应用菜单更新完成
[2025-04-25 14:26:32.295] [DEBUG] 更新快速应用菜单
[2025-04-25 14:26:32.395] [DEBUG] 获取当前网卡的网络配置
[2025-04-25 14:26:32.396] [DEBUG] 查询接口配置: WLAN
[2025-04-25 14:26:32.484] [DEBUG] 接口 DHCP 状态: 禁用
[2025-04-25 14:26:32.565] [DEBUG] 尝试通过QNetworkInterface获取子网掩码
[2025-04-25 14:26:32.572] [DEBUG] 确定为静态IP模式
[2025-04-25 14:26:32.572] [INFO] 当前网络配置获取完成
[2025-04-25 14:26:32.572] [DEBUG] 获取当前网卡的网络配置
[2025-04-25 14:26:32.572] [DEBUG] 查询接口配置: 以太网
[2025-04-25 14:26:32.652] [DEBUG] 接口 DHCP 状态: 禁用
[2025-04-25 14:26:32.733] [DEBUG] 尝试通过QNetworkInterface获取子网掩码
[2025-04-25 14:26:32.740] [DEBUG] 确定为静态IP模式
[2025-04-25 14:26:32.740] [INFO] 当前网络配置获取完成
[2025-04-25 14:26:32.740] [DEBUG] 比较静态IP配置
[2025-04-25 14:26:32.740] [DEBUG] 比较DHCP配置
[2025-04-25 14:26:32.741] [INFO] 快速应用菜单更新完成
[2025-04-25 14:39:45.742] [INFO] 设置开机自启动: 启用
[2025-04-25 14:39:56.597] [INFO] 设置开机自启动: 禁用
[2025-04-25 14:39:58.806] [INFO] 设置开机自启动: 启用
[2025-04-25 14:40:06.681] [INFO] 设置开机自启动: 启用
[2025-04-25 14:40:26.374] [INFO] 从快速菜单应用配置: 以太网 (专用)
[2025-04-25 14:40:27.240] [INFO] 配置应用成功: 以太网[192.168.4.101]
[2025-04-25 14:40:27.240] [DEBUG] 更新快速应用菜单
[2025-04-25 14:40:28.069] [DEBUG] 获取当前网卡的网络配置
[2025-04-25 14:40:28.069] [DEBUG] 查询接口配置: WLAN
[2025-04-25 14:40:28.279] [DEBUG] 接口 DHCP 状态: 禁用
[2025-04-25 14:40:28.488] [DEBUG] 尝试通过QNetworkInterface获取子网掩码
[2025-04-25 14:40:28.498] [DEBUG] 确定为静态IP模式
[2025-04-25 14:40:28.498] [INFO] 当前网络配置获取完成
[2025-04-25 14:40:28.498] [DEBUG] 获取当前网卡的网络配置
[2025-04-25 14:40:28.499] [DEBUG] 查询接口配置: 以太网
[2025-04-25 14:40:28.655] [DEBUG] 接口 DHCP 状态: 禁用
[2025-04-25 14:40:28.807] [DEBUG] 尝试通过QNetworkInterface获取子网掩码
[2025-04-25 14:40:28.823] [DEBUG] 确定为静态IP模式
[2025-04-25 14:40:28.823] [INFO] 当前网络配置获取完成
[2025-04-25 14:40:28.823] [DEBUG] 比较静态IP配置
[2025-04-25 14:40:28.824] [DEBUG] 比较DHCP配置
[2025-04-25 14:40:28.824] [INFO] 快速应用菜单更新完成
[2025-04-25 14:40:28.835] [DEBUG] 更新快速应用菜单
[2025-04-25 14:40:29.006] [DEBUG] 获取当前网卡的网络配置
[2025-04-25 14:40:29.006] [DEBUG] 查询接口配置: WLAN
[2025-04-25 14:40:29.152] [DEBUG] 接口 DHCP 状态: 禁用
[2025-04-25 14:40:29.304] [DEBUG] 尝试通过QNetworkInterface获取子网掩码
[2025-04-25 14:40:29.319] [DEBUG] 确定为静态IP模式
[2025-04-25 14:40:29.319] [INFO] 当前网络配置获取完成
[2025-04-25 14:40:29.320] [DEBUG] 获取当前网卡的网络配置
[2025-04-25 14:40:29.320] [DEBUG] 查询接口配置: 以太网
[2025-04-25 14:40:29.466] [DEBUG] 接口 DHCP 状态: 禁用
[2025-04-25 14:40:29.649] [DEBUG] 尝试通过QNetworkInterface获取子网掩码
[2025-04-25 14:40:29.665] [DEBUG] 确定为静态IP模式
[2025-04-25 14:40:29.665] [INFO] 当前网络配置获取完成
[2025-04-25 14:40:29.665] [DEBUG] 比较静态IP配置
[2025-04-25 14:40:29.666] [DEBUG] 比较DHCP配置
[2025-04-25 14:40:29.666] [INFO] 快速应用菜单更新完成
[2025-04-25 14:40:35.731] [INFO] 主窗口关闭事件
[2025-04-25 14:40:35.732] [DEBUG] 保存窗口状态
[2025-04-25 14:40:35.732] [INFO] 窗口状态已保存
[2025-04-25 14:40:35.734] [DEBUG] 主窗口已隐藏，程序在后台运行
[2025-04-25 14:40:38.141] [INFO] 开始销毁主窗口
[2025-04-25 14:40:38.141] [DEBUG] 保存窗口状态
[2025-04-25 14:40:38.141] [DEBUG] 保存窗口状态
[2025-04-25 14:40:38.141] [INFO] 窗口状态已保存
[2025-04-25 14:40:38.141] [INFO] 主窗口销毁完成
[2025-04-25 14:40:44.705] [DEBUG] 开始检查单实例运行
[2025-04-25 14:40:44.705] [DEBUG] 检查程序是否已运行
[2025-04-25 14:40:44.705] [INFO] 单实例检查通过
[2025-04-25 14:40:44.705] [INFO] 使用的配置文件路径:D:\_Tools\My_Tools_Project\NetworkConfigManager\bin\config\posConfig.ini
[2025-04-25 14:40:44.705] [DEBUG] 初始化快速应用配置菜单
[2025-04-25 14:40:44.706] [INFO] 开始初始化UI组件
[2025-04-25 14:40:44.706] [DEBUG] 设置UI初始状态
[2025-04-25 14:40:44.706] [DEBUG] IP方法切换: DHCP
[2025-04-25 14:40:44.706] [DEBUG] 恢复窗口状态
[2025-04-25 14:40:44.706] [DEBUG] 恢复窗口状态
[2025-04-25 14:40:44.706] [INFO] 窗口状态已恢复
[2025-04-25 14:40:44.706] [INFO] UI初始化完成
[2025-04-25 14:40:44.706] [INFO] 开始初始化应用程序配置
[2025-04-25 14:40:44.706] [INFO] 开始初始化应用程序
[2025-04-25 14:40:44.707] [INFO] 配置文件加载成功
[2025-04-25 14:40:44.707] [DEBUG] 更新网络接口列表
[2025-04-25 14:40:44.707] [DEBUG] 更新网络接口列表
[2025-04-25 14:40:44.990] [INFO] 找到 2 个网络接口
[2025-04-25 14:40:44.991] [DEBUG] 更新所有配置列表
[2025-04-25 14:40:44.991] [INFO] 显示 2 个配置
[2025-04-25 14:40:44.991] [DEBUG] 更新快速应用菜单
[2025-04-25 14:40:44.991] [DEBUG] 获取当前网卡的网络配置
[2025-04-25 14:40:44.991] [DEBUG] 查询接口配置: WLAN
[2025-04-25 14:40:45.150] [DEBUG] 接口 DHCP 状态: 禁用
[2025-04-25 14:40:45.292] [DEBUG] 尝试通过QNetworkInterface获取子网掩码
[2025-04-25 14:40:45.304] [DEBUG] 确定为静态IP模式
[2025-04-25 14:40:45.304] [INFO] 当前网络配置获取完成
[2025-04-25 14:40:45.304] [DEBUG] 获取当前网卡的网络配置
[2025-04-25 14:40:45.304] [DEBUG] 查询接口配置: 以太网
[2025-04-25 14:40:45.451] [DEBUG] 接口 DHCP 状态: 禁用
[2025-04-25 14:40:45.595] [DEBUG] 尝试通过QNetworkInterface获取子网掩码
[2025-04-25 14:40:45.605] [DEBUG] 确定为静态IP模式
[2025-04-25 14:40:45.605] [INFO] 当前网络配置获取完成
[2025-04-25 14:40:45.605] [DEBUG] 比较静态IP配置
[2025-04-25 14:40:45.606] [DEBUG] 比较DHCP配置
[2025-04-25 14:40:45.606] [INFO] 快速应用菜单更新完成
[2025-04-25 14:40:45.606] [INFO] 网络接口列表更新完成
[2025-04-25 14:40:45.606] [INFO] 开机自启动状态: 已启用
[2025-04-25 14:40:45.606] [DEBUG] 显示浮动窗口
[2025-04-25 14:40:45.646] [INFO] 应用程序初始化完成
[2025-04-25 14:40:45.646] [INFO] 初始化系统托盘和悬浮窗
[2025-04-25 14:40:45.646] [INFO] 初始化系统托盘图标
[2025-04-25 14:40:45.653] [DEBUG] 更新快速应用菜单
[2025-04-25 14:40:45.653] [DEBUG] 获取当前网卡的网络配置
[2025-04-25 14:40:45.654] [DEBUG] 查询接口配置: WLAN
[2025-04-25 14:40:45.784] [DEBUG] 接口 DHCP 状态: 禁用
[2025-04-25 14:40:45.953] [DEBUG] 尝试通过QNetworkInterface获取子网掩码
[2025-04-25 14:40:45.963] [DEBUG] 确定为静态IP模式
[2025-04-25 14:40:45.963] [INFO] 当前网络配置获取完成
[2025-04-25 14:40:45.965] [DEBUG] 获取当前网卡的网络配置
[2025-04-25 14:40:45.965] [DEBUG] 查询接口配置: 以太网
[2025-04-25 14:40:46.109] [DEBUG] 接口 DHCP 状态: 禁用
[2025-04-25 14:40:46.249] [DEBUG] 尝试通过QNetworkInterface获取子网掩码
[2025-04-25 14:40:46.259] [DEBUG] 确定为静态IP模式
[2025-04-25 14:40:46.259] [INFO] 当前网络配置获取完成
[2025-04-25 14:40:46.260] [DEBUG] 比较静态IP配置
[2025-04-25 14:40:46.260] [DEBUG] 比较DHCP配置
[2025-04-25 14:40:46.261] [INFO] 快速应用菜单更新完成
[2025-04-25 14:40:46.282] [INFO] 系统托盘图标初始化完成
[2025-04-25 14:40:46.282] [DEBUG] 建立信号槽连接
[2025-04-25 14:40:46.282] [DEBUG] 开始建立信号槽连接
[2025-04-25 14:40:46.282] [INFO] 初始化系统托盘图标
[2025-04-25 14:40:46.283] [DEBUG] 更新快速应用菜单
[2025-04-25 14:40:46.283] [DEBUG] 获取当前网卡的网络配置
[2025-04-25 14:40:46.283] [DEBUG] 查询接口配置: WLAN
[2025-04-25 14:40:46.455] [DEBUG] 接口 DHCP 状态: 禁用
[2025-04-25 14:40:46.598] [DEBUG] 尝试通过QNetworkInterface获取子网掩码
[2025-04-25 14:40:46.608] [DEBUG] 确定为静态IP模式
[2025-04-25 14:40:46.608] [INFO] 当前网络配置获取完成
[2025-04-25 14:40:46.608] [DEBUG] 获取当前网卡的网络配置
[2025-04-25 14:40:46.608] [DEBUG] 查询接口配置: 以太网
[2025-04-25 14:40:46.803] [DEBUG] 接口 DHCP 状态: 禁用
[2025-04-25 14:40:47.035] [DEBUG] 尝试通过QNetworkInterface获取子网掩码
[2025-04-25 14:40:47.045] [DEBUG] 确定为静态IP模式
[2025-04-25 14:40:47.045] [INFO] 当前网络配置获取完成
[2025-04-25 14:40:47.046] [DEBUG] 比较静态IP配置
[2025-04-25 14:40:47.046] [DEBUG] 比较DHCP配置
[2025-04-25 14:40:47.046] [INFO] 快速应用菜单更新完成
[2025-04-25 14:40:47.046] [INFO] 系统托盘图标初始化完成
[2025-04-25 14:40:47.046] [INFO] 信号槽连接建立完成
[2025-04-25 14:40:47.047] [DEBUG] 显示悬浮窗
[2025-04-25 14:40:47.058] [INFO] 主窗口初始化完成
[2025-04-25 14:40:55.964] [DEBUG] 显示悬浮窗上下文菜单
[2025-04-25 14:40:55.964] [DEBUG] 获取当前网卡的网络配置
[2025-04-25 14:40:55.964] [DEBUG] 查询接口配置: WLAN
[2025-04-25 14:40:56.105] [DEBUG] 接口 DHCP 状态: 禁用
[2025-04-25 14:40:56.259] [DEBUG] 尝试通过QNetworkInterface获取子网掩码
[2025-04-25 14:40:56.274] [DEBUG] 确定为静态IP模式
[2025-04-25 14:40:56.274] [INFO] 当前网络配置获取完成
[2025-04-25 14:40:56.274] [DEBUG] 获取当前网卡的网络配置
[2025-04-25 14:40:56.274] [DEBUG] 查询接口配置: 以太网
[2025-04-25 14:40:56.416] [DEBUG] 接口 DHCP 状态: 禁用
[2025-04-25 14:40:56.541] [DEBUG] 尝试通过QNetworkInterface获取子网掩码
[2025-04-25 14:40:56.556] [DEBUG] 确定为静态IP模式
[2025-04-25 14:40:56.556] [INFO] 当前网络配置获取完成
[2025-04-25 14:40:56.556] [DEBUG] 比较静态IP配置
[2025-04-25 14:40:56.557] [DEBUG] 比较DHCP配置
[2025-04-25 14:41:07.538] [DEBUG] 悬浮窗上下文菜单已显示
[2025-04-25 14:41:08.427] [INFO] 主窗口关闭事件
[2025-04-25 14:41:08.427] [DEBUG] 保存窗口状态
[2025-04-25 14:41:08.427] [INFO] 窗口状态已保存
[2025-04-25 14:41:08.429] [DEBUG] 主窗口已隐藏，程序在后台运行
[2025-04-25 14:41:23.813] [INFO] 主窗口关闭事件
[2025-04-25 14:41:23.813] [DEBUG] 保存窗口状态
[2025-04-25 14:41:23.813] [INFO] 窗口状态已保存
[2025-04-25 14:41:23.813] [DEBUG] 主窗口已隐藏，程序在后台运行
[2025-04-25 14:41:23.813] [INFO] 开始销毁主窗口
[2025-04-25 14:41:23.814] [DEBUG] 保存窗口状态
[2025-04-25 14:41:23.814] [DEBUG] 保存窗口状态
[2025-04-25 14:41:23.814] [INFO] 窗口状态已保存
[2025-04-25 14:41:23.814] [INFO] 主窗口销毁完成
[2025-04-25 14:41:40.190] [DEBUG] 开始检查单实例运行
[2025-04-25 14:41:40.191] [DEBUG] 检查程序是否已运行
[2025-04-25 14:41:40.191] [INFO] 单实例检查通过
[2025-04-25 14:41:40.191] [INFO] 使用的配置文件路径:D:\_Tools\My_Tools_Project\NetworkConfigManager\bin\config\posConfig.ini
[2025-04-25 14:41:40.191] [DEBUG] 初始化快速应用配置菜单
[2025-04-25 14:41:40.191] [INFO] 开始初始化UI组件
[2025-04-25 14:41:40.191] [DEBUG] 设置UI初始状态
[2025-04-25 14:41:40.191] [DEBUG] IP方法切换: DHCP
[2025-04-25 14:41:40.192] [DEBUG] 恢复窗口状态
[2025-04-25 14:41:40.192] [DEBUG] 恢复窗口状态
[2025-04-25 14:41:40.192] [INFO] 窗口状态已恢复
[2025-04-25 14:41:40.192] [INFO] UI初始化完成
[2025-04-25 14:41:40.192] [INFO] 开始初始化应用程序配置
[2025-04-25 14:41:40.192] [INFO] 开始初始化应用程序
[2025-04-25 14:41:40.192] [INFO] 配置文件加载成功
[2025-04-25 14:41:40.192] [DEBUG] 更新网络接口列表
[2025-04-25 14:41:40.192] [DEBUG] 更新网络接口列表
[2025-04-25 14:41:40.362] [INFO] 找到 2 个网络接口
[2025-04-25 14:41:40.363] [DEBUG] 更新所有配置列表
[2025-04-25 14:41:40.363] [INFO] 显示 2 个配置
[2025-04-25 14:41:40.363] [DEBUG] 更新快速应用菜单
[2025-04-25 14:41:40.363] [DEBUG] 获取当前网卡的网络配置
[2025-04-25 14:41:40.363] [DEBUG] 查询接口配置: WLAN
[2025-04-25 14:41:40.443] [DEBUG] 接口 DHCP 状态: 禁用
[2025-04-25 14:41:40.527] [DEBUG] 尝试通过QNetworkInterface获取子网掩码
[2025-04-25 14:41:40.537] [DEBUG] 确定为静态IP模式
[2025-04-25 14:41:40.537] [INFO] 当前网络配置获取完成
[2025-04-25 14:41:40.538] [DEBUG] 获取当前网卡的网络配置
[2025-04-25 14:41:40.538] [DEBUG] 查询接口配置: 以太网
[2025-04-25 14:41:40.622] [DEBUG] 接口 DHCP 状态: 禁用
[2025-04-25 14:41:40.705] [DEBUG] 尝试通过QNetworkInterface获取子网掩码
[2025-04-25 14:41:40.713] [DEBUG] 确定为静态IP模式
[2025-04-25 14:41:40.713] [INFO] 当前网络配置获取完成
[2025-04-25 14:41:40.713] [DEBUG] 比较静态IP配置
[2025-04-25 14:41:40.713] [DEBUG] 比较DHCP配置
[2025-04-25 14:41:40.714] [INFO] 快速应用菜单更新完成
[2025-04-25 14:41:40.714] [INFO] 网络接口列表更新完成
[2025-04-25 14:41:40.714] [INFO] 开机自启动状态: 已启用
[2025-04-25 14:41:40.714] [DEBUG] 显示浮动窗口
[2025-04-25 14:41:40.736] [INFO] 应用程序初始化完成
[2025-04-25 14:41:40.736] [INFO] 初始化系统托盘和悬浮窗
[2025-04-25 14:41:40.736] [INFO] 初始化系统托盘图标
[2025-04-25 14:41:40.741] [DEBUG] 更新快速应用菜单
[2025-04-25 14:41:40.741] [DEBUG] 获取当前网卡的网络配置
[2025-04-25 14:41:40.741] [DEBUG] 查询接口配置: WLAN
[2025-04-25 14:41:40.825] [DEBUG] 接口 DHCP 状态: 禁用
[2025-04-25 14:41:40.910] [DEBUG] 尝试通过QNetworkInterface获取子网掩码
[2025-04-25 14:41:40.917] [DEBUG] 确定为静态IP模式
[2025-04-25 14:41:40.917] [INFO] 当前网络配置获取完成
[2025-04-25 14:41:40.917] [DEBUG] 获取当前网卡的网络配置
[2025-04-25 14:41:40.917] [DEBUG] 查询接口配置: 以太网
[2025-04-25 14:41:40.997] [DEBUG] 接口 DHCP 状态: 禁用
[2025-04-25 14:41:41.082] [DEBUG] 尝试通过QNetworkInterface获取子网掩码
[2025-04-25 14:41:41.091] [DEBUG] 确定为静态IP模式
[2025-04-25 14:41:41.091] [INFO] 当前网络配置获取完成
[2025-04-25 14:41:41.091] [DEBUG] 比较静态IP配置
[2025-04-25 14:41:41.091] [DEBUG] 比较DHCP配置
[2025-04-25 14:41:41.091] [INFO] 快速应用菜单更新完成
[2025-04-25 14:41:41.107] [INFO] 系统托盘图标初始化完成
[2025-04-25 14:41:41.107] [DEBUG] 建立信号槽连接
[2025-04-25 14:41:41.107] [DEBUG] 开始建立信号槽连接
[2025-04-25 14:41:41.107] [INFO] 初始化系统托盘图标
[2025-04-25 14:41:41.109] [DEBUG] 更新快速应用菜单
[2025-04-25 14:41:41.109] [DEBUG] 获取当前网卡的网络配置
[2025-04-25 14:41:41.109] [DEBUG] 查询接口配置: WLAN
[2025-04-25 14:41:41.191] [DEBUG] 接口 DHCP 状态: 禁用
[2025-04-25 14:41:41.271] [DEBUG] 尝试通过QNetworkInterface获取子网掩码
[2025-04-25 14:41:41.279] [DEBUG] 确定为静态IP模式
[2025-04-25 14:41:41.279] [INFO] 当前网络配置获取完成
[2025-04-25 14:41:41.279] [DEBUG] 获取当前网卡的网络配置
[2025-04-25 14:41:41.279] [DEBUG] 查询接口配置: 以太网
[2025-04-25 14:41:41.368] [DEBUG] 接口 DHCP 状态: 禁用
[2025-04-25 14:41:41.447] [DEBUG] 尝试通过QNetworkInterface获取子网掩码
[2025-04-25 14:41:41.454] [DEBUG] 确定为静态IP模式
[2025-04-25 14:41:41.454] [INFO] 当前网络配置获取完成
[2025-04-25 14:41:41.455] [DEBUG] 比较静态IP配置
[2025-04-25 14:41:41.455] [DEBUG] 比较DHCP配置
[2025-04-25 14:41:41.455] [INFO] 快速应用菜单更新完成
[2025-04-25 14:41:41.455] [INFO] 系统托盘图标初始化完成
[2025-04-25 14:41:41.455] [INFO] 信号槽连接建立完成
[2025-04-25 14:41:41.456] [DEBUG] 显示悬浮窗
[2025-04-25 14:41:41.462] [INFO] 主窗口初始化完成
[2025-04-25 14:41:44.802] [INFO] 主窗口关闭事件
[2025-04-25 14:41:44.803] [DEBUG] 保存窗口状态
[2025-04-25 14:41:44.803] [INFO] 窗口状态已保存
[2025-04-25 14:41:44.805] [DEBUG] 主窗口已隐藏，程序在后台运行
[2025-04-25 14:41:47.214] [INFO] 主窗口关闭事件
[2025-04-25 14:41:47.214] [DEBUG] 保存窗口状态
[2025-04-25 14:41:47.214] [INFO] 窗口状态已保存
[2025-04-25 14:41:47.215] [DEBUG] 主窗口已隐藏，程序在后台运行
[2025-04-25 14:41:47.216] [INFO] 开始销毁主窗口
[2025-04-25 14:41:47.216] [DEBUG] 保存窗口状态
[2025-04-25 14:41:47.216] [DEBUG] 保存窗口状态
[2025-04-25 14:41:47.216] [INFO] 窗口状态已保存
[2025-04-25 14:41:47.216] [INFO] 主窗口销毁完成
[2025-04-25 14:44:58.622] [DEBUG] 开始检查单实例运行
[2025-04-25 14:44:58.639] [DEBUG] 检查程序是否已运行
[2025-04-25 14:44:58.639] [INFO] 单实例检查通过
[2025-04-25 14:44:58.640] [INFO] 使用的配置文件路径:D:\_Tools\My_Tools_Project\NetworkConfigManager\bin\config\posConfig.ini
[2025-04-25 14:44:58.640] [DEBUG] 初始化快速应用配置菜单
[2025-04-25 14:44:58.641] [INFO] 开始初始化UI组件
[2025-04-25 14:44:58.641] [DEBUG] 设置UI初始状态
[2025-04-25 14:44:58.641] [DEBUG] IP方法切换: DHCP
[2025-04-25 14:44:58.671] [DEBUG] 恢复窗口状态
[2025-04-25 14:44:58.671] [DEBUG] 恢复窗口状态
[2025-04-25 14:44:58.671] [INFO] 窗口状态已恢复
[2025-04-25 14:44:58.672] [INFO] UI初始化完成
[2025-04-25 14:44:58.672] [INFO] 开始初始化应用程序配置
[2025-04-25 14:44:58.672] [INFO] 开始初始化应用程序
[2025-04-25 14:44:58.698] [INFO] 配置文件加载成功
[2025-04-25 14:44:58.698] [DEBUG] 更新网络接口列表
[2025-04-25 14:44:58.698] [DEBUG] 更新网络接口列表
[2025-04-25 14:44:58.819] [INFO] 找到 2 个网络接口
[2025-04-25 14:44:58.819] [DEBUG] 更新所有配置列表
[2025-04-25 14:44:58.819] [INFO] 显示 2 个配置
[2025-04-25 14:44:58.819] [DEBUG] 更新快速应用菜单
[2025-04-25 14:44:58.819] [DEBUG] 获取当前网卡的网络配置
[2025-04-25 14:44:58.819] [DEBUG] 查询接口配置: WLAN
[2025-04-25 14:44:58.896] [DEBUG] 接口 DHCP 状态: 禁用
[2025-04-25 14:44:59.004] [DEBUG] 尝试通过QNetworkInterface获取子网掩码
[2025-04-25 14:44:59.050] [DEBUG] 确定为静态IP模式
[2025-04-25 14:44:59.050] [INFO] 当前网络配置获取完成
[2025-04-25 14:44:59.050] [DEBUG] 获取当前网卡的网络配置
[2025-04-25 14:44:59.050] [DEBUG] 查询接口配置: 以太网
[2025-04-25 14:44:59.145] [DEBUG] 接口 DHCP 状态: 禁用
[2025-04-25 14:44:59.206] [DEBUG] 尝试通过QNetworkInterface获取子网掩码
[2025-04-25 14:44:59.208] [DEBUG] 确定为静态IP模式
[2025-04-25 14:44:59.209] [INFO] 当前网络配置获取完成
[2025-04-25 14:44:59.209] [DEBUG] 比较静态IP配置
[2025-04-25 14:44:59.209] [DEBUG] 比较DHCP配置
[2025-04-25 14:44:59.209] [INFO] 快速应用菜单更新完成
[2025-04-25 14:44:59.209] [INFO] 网络接口列表更新完成
[2025-04-25 14:44:59.209] [INFO] 开机自启动状态: 已启用
[2025-04-25 14:44:59.209] [DEBUG] 显示浮动窗口
[2025-04-25 14:44:59.265] [INFO] 应用程序初始化完成
[2025-04-25 14:44:59.265] [INFO] 初始化系统托盘和悬浮窗
[2025-04-25 14:44:59.265] [INFO] 初始化系统托盘图标
[2025-04-25 14:44:59.268] [DEBUG] 更新快速应用菜单
[2025-04-25 14:44:59.268] [DEBUG] 获取当前网卡的网络配置
[2025-04-25 14:44:59.268] [DEBUG] 查询接口配置: WLAN
[2025-04-25 14:44:59.326] [DEBUG] 接口 DHCP 状态: 禁用
[2025-04-25 14:44:59.391] [DEBUG] 尝试通过QNetworkInterface获取子网掩码
[2025-04-25 14:44:59.397] [DEBUG] 确定为静态IP模式
[2025-04-25 14:44:59.397] [INFO] 当前网络配置获取完成
[2025-04-25 14:44:59.397] [DEBUG] 获取当前网卡的网络配置
[2025-04-25 14:44:59.397] [DEBUG] 查询接口配置: 以太网
[2025-04-25 14:44:59.457] [DEBUG] 接口 DHCP 状态: 禁用
[2025-04-25 14:44:59.507] [DEBUG] 尝试通过QNetworkInterface获取子网掩码
[2025-04-25 14:44:59.509] [DEBUG] 确定为静态IP模式
[2025-04-25 14:44:59.509] [INFO] 当前网络配置获取完成
[2025-04-25 14:44:59.510] [DEBUG] 比较静态IP配置
[2025-04-25 14:44:59.510] [DEBUG] 比较DHCP配置
[2025-04-25 14:44:59.510] [INFO] 快速应用菜单更新完成
[2025-04-25 14:44:59.519] [INFO] 系统托盘图标初始化完成
[2025-04-25 14:44:59.519] [DEBUG] 建立信号槽连接
[2025-04-25 14:44:59.519] [DEBUG] 开始建立信号槽连接
[2025-04-25 14:44:59.519] [INFO] 初始化系统托盘图标
[2025-04-25 14:44:59.520] [DEBUG] 更新快速应用菜单
[2025-04-25 14:44:59.520] [DEBUG] 获取当前网卡的网络配置
[2025-04-25 14:44:59.520] [DEBUG] 查询接口配置: WLAN
[2025-04-25 14:44:59.572] [DEBUG] 接口 DHCP 状态: 禁用
[2025-04-25 14:44:59.622] [DEBUG] 尝试通过QNetworkInterface获取子网掩码
[2025-04-25 14:44:59.625] [DEBUG] 确定为静态IP模式
[2025-04-25 14:44:59.625] [INFO] 当前网络配置获取完成
[2025-04-25 14:44:59.625] [DEBUG] 获取当前网卡的网络配置
[2025-04-25 14:44:59.625] [DEBUG] 查询接口配置: 以太网
[2025-04-25 14:44:59.679] [DEBUG] 接口 DHCP 状态: 禁用
[2025-04-25 14:44:59.732] [DEBUG] 尝试通过QNetworkInterface获取子网掩码
[2025-04-25 14:44:59.736] [DEBUG] 确定为静态IP模式
[2025-04-25 14:44:59.736] [INFO] 当前网络配置获取完成
[2025-04-25 14:44:59.737] [DEBUG] 比较静态IP配置
[2025-04-25 14:44:59.737] [DEBUG] 比较DHCP配置
[2025-04-25 14:44:59.737] [INFO] 快速应用菜单更新完成
[2025-04-25 14:44:59.737] [INFO] 系统托盘图标初始化完成
[2025-04-25 14:44:59.737] [INFO] 信号槽连接建立完成
[2025-04-25 14:44:59.737] [DEBUG] 显示悬浮窗
[2025-04-25 14:44:59.746] [INFO] 主窗口初始化完成
[2025-04-25 15:12:36.558] [INFO] 开始销毁主窗口
[2025-04-25 15:12:36.558] [DEBUG] 保存窗口状态
[2025-04-25 15:12:36.558] [DEBUG] 保存窗口状态
[2025-04-25 15:12:36.647] [INFO] 窗口状态已保存
[2025-04-25 15:12:36.647] [INFO] 主窗口销毁完成
[2025-04-25 15:13:46.512] [DEBUG] 开始检查单实例运行
[2025-04-25 15:13:46.526] [DEBUG] 检查程序是否已运行
[2025-04-25 15:13:46.526] [INFO] 单实例检查通过
[2025-04-25 15:13:46.548] [INFO] 使用的配置文件路径:D:\_Tools\My_Tools_Project\NetworkConfigManager\bin\config\posConfig.ini
[2025-04-25 15:13:46.548] [DEBUG] 初始化快速应用配置菜单
[2025-04-25 15:13:46.548] [INFO] 开始初始化UI组件
[2025-04-25 15:13:46.548] [DEBUG] 设置UI初始状态
[2025-04-25 15:13:46.548] [DEBUG] IP方法切换: DHCP
[2025-04-25 15:13:46.578] [DEBUG] 恢复窗口状态
[2025-04-25 15:13:46.578] [DEBUG] 恢复窗口状态
[2025-04-25 15:13:46.579] [INFO] 窗口状态已恢复
[2025-04-25 15:13:46.579] [INFO] UI初始化完成
[2025-04-25 15:13:46.579] [INFO] 开始初始化应用程序配置
[2025-04-25 15:13:46.579] [INFO] 开始初始化应用程序
[2025-04-25 15:13:46.594] [INFO] 配置文件加载成功
[2025-04-25 15:13:46.594] [DEBUG] 更新网络接口列表
[2025-04-25 15:13:46.594] [DEBUG] 更新网络接口列表
[2025-04-25 15:13:46.682] [INFO] 找到 2 个网络接口
[2025-04-25 15:13:46.682] [DEBUG] 更新所有配置列表
[2025-04-25 15:13:46.682] [INFO] 显示 2 个配置
[2025-04-25 15:13:46.682] [DEBUG] 更新快速应用菜单
[2025-04-25 15:13:46.682] [DEBUG] 获取当前网卡的网络配置
[2025-04-25 15:13:46.682] [DEBUG] 查询接口配置: 2
[2025-04-25 15:13:46.774] [DEBUG] 接口 DHCP 状态: 禁用
[2025-04-25 15:13:46.857] [DEBUG] 尝试通过QNetworkInterface获取子网掩码
[2025-04-25 15:13:46.881] [DEBUG] 确定为静态IP模式
[2025-04-25 15:13:46.881] [INFO] 当前网络配置获取完成
[2025-04-25 15:13:46.881] [DEBUG] 获取当前网卡的网络配置
[2025-04-25 15:13:46.881] [DEBUG] 查询接口配置: 以太网
[2025-04-25 15:13:46.981] [DEBUG] 接口 DHCP 状态: 禁用
[2025-04-25 15:13:47.067] [DEBUG] 尝试通过QNetworkInterface获取子网掩码
[2025-04-25 15:13:47.075] [DEBUG] 确定为静态IP模式
[2025-04-25 15:13:47.075] [INFO] 当前网络配置获取完成
[2025-04-25 15:13:47.075] [DEBUG] 比较静态IP配置
[2025-04-25 15:13:47.075] [DEBUG] 比较DHCP配置
[2025-04-25 15:13:47.075] [INFO] 快速应用菜单更新完成
[2025-04-25 15:13:47.075] [INFO] 网络接口列表更新完成
[2025-04-25 15:13:47.075] [INFO] 开机自启动状态: 已启用
[2025-04-25 15:13:47.075] [DEBUG] 显示浮动窗口
[2025-04-25 15:13:47.131] [INFO] 应用程序初始化完成
[2025-04-25 15:13:47.131] [INFO] 初始化系统托盘和悬浮窗
[2025-04-25 15:13:47.131] [INFO] 初始化系统托盘图标
[2025-04-25 15:13:47.131] [DEBUG] 更新快速应用菜单
[2025-04-25 15:13:47.131] [DEBUG] 获取当前网卡的网络配置
[2025-04-25 15:13:47.131] [DEBUG] 查询接口配置: 2
[2025-04-25 15:13:47.214] [DEBUG] 接口 DHCP 状态: 禁用
[2025-04-25 15:13:47.294] [DEBUG] 尝试通过QNetworkInterface获取子网掩码
[2025-04-25 15:13:47.294] [DEBUG] 确定为静态IP模式
[2025-04-25 15:13:47.294] [INFO] 当前网络配置获取完成
[2025-04-25 15:13:47.294] [DEBUG] 获取当前网卡的网络配置
[2025-04-25 15:13:47.294] [DEBUG] 查询接口配置: 以太网
[2025-04-25 15:13:47.378] [DEBUG] 接口 DHCP 状态: 禁用
[2025-04-25 15:13:47.450] [DEBUG] 尝试通过QNetworkInterface获取子网掩码
[2025-04-25 15:13:47.450] [DEBUG] 确定为静态IP模式
[2025-04-25 15:13:47.450] [INFO] 当前网络配置获取完成
[2025-04-25 15:13:47.450] [DEBUG] 比较静态IP配置
[2025-04-25 15:13:47.450] [DEBUG] 比较DHCP配置
[2025-04-25 15:13:47.450] [INFO] 快速应用菜单更新完成
[2025-04-25 15:13:47.470] [INFO] 系统托盘图标初始化完成
[2025-04-25 15:13:47.471] [DEBUG] 建立信号槽连接
[2025-04-25 15:13:47.471] [DEBUG] 开始建立信号槽连接
[2025-04-25 15:13:47.471] [INFO] 初始化系统托盘图标
[2025-04-25 15:13:47.472] [DEBUG] 更新快速应用菜单
[2025-04-25 15:13:47.472] [DEBUG] 获取当前网卡的网络配置
[2025-04-25 15:13:47.472] [DEBUG] 查询接口配置: 2
[2025-04-25 15:13:47.548] [DEBUG] 接口 DHCP 状态: 禁用
[2025-04-25 15:13:47.619] [DEBUG] 尝试通过QNetworkInterface获取子网掩码
[2025-04-25 15:13:47.619] [DEBUG] 确定为静态IP模式
[2025-04-25 15:13:47.619] [INFO] 当前网络配置获取完成
[2025-04-25 15:13:47.619] [DEBUG] 获取当前网卡的网络配置
[2025-04-25 15:13:47.619] [DEBUG] 查询接口配置: 以太网
[2025-04-25 15:13:47.689] [DEBUG] 接口 DHCP 状态: 禁用
[2025-04-25 15:13:47.769] [DEBUG] 尝试通过QNetworkInterface获取子网掩码
[2025-04-25 15:13:47.769] [DEBUG] 确定为静态IP模式
[2025-04-25 15:13:47.769] [INFO] 当前网络配置获取完成
[2025-04-25 15:13:47.769] [DEBUG] 比较静态IP配置
[2025-04-25 15:13:47.769] [DEBUG] 比较DHCP配置
[2025-04-25 15:13:47.769] [INFO] 快速应用菜单更新完成
[2025-04-25 15:13:47.769] [INFO] 系统托盘图标初始化完成
[2025-04-25 15:13:47.769] [INFO] 信号槽连接建立完成
[2025-04-25 15:13:47.769] [DEBUG] 显示悬浮窗
[2025-04-25 15:13:47.793] [INFO] 主窗口初始化完成
[2025-04-25 16:53:41.860] [INFO] 开始销毁主窗口
[2025-04-25 16:53:41.860] [DEBUG] 保存窗口状态
[2025-04-25 16:53:41.860] [DEBUG] 保存窗口状态
[2025-04-25 16:53:42.013] [INFO] 窗口状态已保存
[2025-04-25 16:53:42.013] [INFO] 主窗口销毁完成
[2025-04-25 16:57:13.338] [DEBUG] 寮濮妫ュ瀹渚杩琛
[2025-04-25 16:57:13.359] [DEBUG] 妫ョ搴宸茶琛
[2025-04-25 16:57:13.359] [INFO] 瀹渚妫ラ杩
[2025-04-25 16:57:13.360] [INFO] 浣跨ㄧ缃浠惰矾寰:D:\_Tools\My_Tools_Project\NetworkConfigManager\bin\config\posConfig.ini
[2025-04-25 16:57:13.360] [DEBUG] 濮蹇搴ㄩ缃
[2025-04-25 16:57:13.361] [INFO] 寮濮濮UI缁浠
[2025-04-25 16:57:13.361] [DEBUG] 璁剧疆UI濮舵
[2025-04-25 16:57:13.361] [DEBUG] IP规: DHCP
[2025-04-25 16:57:13.389] [DEBUG] ㈠绐ｇ舵
[2025-04-25 16:57:13.389] [DEBUG] ㈠绐ｇ舵
[2025-04-25 16:57:13.389] [INFO] 绐ｇ舵宸叉㈠
[2025-04-25 16:57:13.389] [INFO] UI濮瀹
[2025-04-25 16:57:13.389] [INFO] 寮濮濮搴ㄧ搴缃
[2025-04-25 16:57:13.389] [INFO] 寮濮濮搴ㄧ搴
[2025-04-25 16:57:13.428] [INFO] 缃浠跺杞芥
[2025-04-25 16:57:13.428] [DEBUG] 存扮缁ュｅ琛
[2025-04-25 16:57:13.428] [DEBUG] 存扮缁ュｅ琛
[2025-04-25 16:57:13.576] [INFO] 惧 2 涓缃缁ュ
[2025-04-25 16:57:13.577] [DEBUG] 存版缃琛
[2025-04-25 16:57:13.577] [INFO] 剧ず 2 涓缃
[2025-04-25 16:57:13.577] [DEBUG] 存板揩搴ㄨ
[2025-04-25 16:57:13.577] [DEBUG] 峰褰缃＄缃缁缃
[2025-04-25 16:57:13.577] [DEBUG] ヨ㈡ュｉ缃: WLAN
[2025-04-25 16:57:13.630] [DEBUG] ュ DHCP 舵: 
[2025-04-25 16:57:13.682] [DEBUG] 峰IP板: 192.168.156.156
[2025-04-25 16:57:13.683] [DEBUG] 峰瀛缃╃: 255.255.255.0
[2025-04-25 16:57:13.683] [DEBUG] 峰榛璁ょ: 192.168.156.104
[2025-04-25 16:57:13.683] [DEBUG] 纭瀹涓DHCP妯″(杩DHCP舵妫娴)
[2025-04-25 16:57:13.683] [INFO] 褰缃缁缃峰瀹
[2025-04-25 16:57:13.683] [DEBUG] 峰褰缃＄缃缁缃
[2025-04-25 16:57:13.683] [DEBUG] ヨ㈡ュｉ缃: 浠ュお缃
[2025-04-25 16:57:13.737] [DEBUG] ュ DHCP 舵: 绂
[2025-04-25 16:57:13.789] [DEBUG] 峰IP板: 192.168.4.101
[2025-04-25 16:57:13.789] [DEBUG] 峰瀛缃╃: 255.255.255.0
[2025-04-25 16:57:13.789] [DEBUG] 纭瀹涓洪IP妯″
[2025-04-25 16:57:13.789] [INFO] 褰缃缁缃峰瀹
[2025-04-25 16:57:13.790] [DEBUG] 姣杈IP缃
[2025-04-25 16:57:13.790] [DEBUG] 姣杈DHCP缃
[2025-04-25 16:57:13.790] [INFO] 蹇搴ㄨ存板
[2025-04-25 16:57:13.790] [INFO] 缃缁ュｅ琛ㄦ存板
[2025-04-25 16:57:13.790] [INFO] 寮鸿ㄧ舵: 宸插
[2025-04-25 16:57:13.790] [DEBUG] 剧ず娴ㄧ
[2025-04-25 16:57:13.856] [INFO] 搴ㄧ搴濮瀹
[2025-04-25 16:57:13.856] [INFO] 濮绯荤娴绐
[2025-04-25 16:57:13.856] [INFO] 濮绯荤炬
[2025-04-25 16:57:13.859] [DEBUG] 存板揩搴ㄨ
[2025-04-25 16:57:13.859] [DEBUG] 峰褰缃＄缃缁缃
[2025-04-25 16:57:13.859] [DEBUG] ヨ㈡ュｉ缃: WLAN
[2025-04-25 16:57:13.914] [DEBUG] ュ DHCP 舵: 
[2025-04-25 16:57:13.967] [DEBUG] 峰IP板: 192.168.156.156
[2025-04-25 16:57:13.967] [DEBUG] 峰瀛缃╃: 255.255.255.0
[2025-04-25 16:57:13.967] [DEBUG] 峰榛璁ょ: 192.168.156.104
[2025-04-25 16:57:13.967] [DEBUG] 纭瀹涓DHCP妯″(杩DHCP舵妫娴)
[2025-04-25 16:57:13.967] [INFO] 褰缃缁缃峰瀹
[2025-04-25 16:57:13.967] [DEBUG] 峰褰缃＄缃缁缃
[2025-04-25 16:57:13.967] [DEBUG] ヨ㈡ュｉ缃: 浠ュお缃
[2025-04-25 16:57:14.020] [DEBUG] ュ DHCP 舵: 绂
[2025-04-25 16:57:14.073] [DEBUG] 峰IP板: 192.168.4.101
[2025-04-25 16:57:14.073] [DEBUG] 峰瀛缃╃: 255.255.255.0
[2025-04-25 16:57:14.073] [DEBUG] 纭瀹涓洪IP妯″
[2025-04-25 16:57:14.073] [INFO] 褰缃缁缃峰瀹
[2025-04-25 16:57:14.074] [DEBUG] 姣杈IP缃
[2025-04-25 16:57:14.074] [DEBUG] 姣杈DHCP缃
[2025-04-25 16:57:14.074] [INFO] 蹇搴ㄨ存板
[2025-04-25 16:57:14.087] [INFO] 绯荤炬濮瀹
[2025-04-25 16:57:14.087] [DEBUG] 寤虹淇″锋Ы杩
[2025-04-25 16:57:14.087] [DEBUG] 寮濮寤虹淇″锋Ы杩
[2025-04-25 16:57:14.087] [INFO] 濮绯荤炬
[2025-04-25 16:57:14.088] [DEBUG] 存板揩搴ㄨ
[2025-04-25 16:57:14.088] [DEBUG] 峰褰缃＄缃缁缃
[2025-04-25 16:57:14.088] [DEBUG] ヨ㈡ュｉ缃: WLAN
[2025-04-25 16:57:14.148] [DEBUG] ュ DHCP 舵: 
[2025-04-25 16:57:14.206] [DEBUG] 峰IP板: 192.168.156.156
[2025-04-25 16:57:14.206] [DEBUG] 峰瀛缃╃: 255.255.255.0
[2025-04-25 16:57:14.206] [DEBUG] 峰榛璁ょ: 192.168.156.104
[2025-04-25 16:57:14.206] [DEBUG] 纭瀹涓DHCP妯″(杩DHCP舵妫娴)
[2025-04-25 16:57:14.206] [INFO] 褰缃缁缃峰瀹
[2025-04-25 16:57:14.207] [DEBUG] 峰褰缃＄缃缁缃
[2025-04-25 16:57:14.207] [DEBUG] ヨ㈡ュｉ缃: 浠ュお缃
[2025-04-25 16:57:14.262] [DEBUG] ュ DHCP 舵: 绂
[2025-04-25 16:57:14.316] [DEBUG] 峰IP板: 192.168.4.101
[2025-04-25 16:57:14.316] [DEBUG] 峰瀛缃╃: 255.255.255.0
[2025-04-25 16:57:14.316] [DEBUG] 纭瀹涓洪IP妯″
[2025-04-25 16:57:14.316] [INFO] 褰缃缁缃峰瀹
[2025-04-25 16:57:14.316] [DEBUG] 姣杈IP缃
[2025-04-25 16:57:14.317] [DEBUG] 姣杈DHCP缃
[2025-04-25 16:57:14.317] [INFO] 蹇搴ㄨ存板
[2025-04-25 16:57:14.317] [INFO] 绯荤炬濮瀹
[2025-04-25 16:57:14.317] [INFO] 淇″锋Ы杩ュ缓绔瀹
[2025-04-25 16:57:14.317] [DEBUG] 剧ず娴绐
[2025-04-25 16:57:14.328] [INFO] 涓荤ｅ濮瀹
[2025-04-25 17:13:36.725] [DEBUG] 剧ず娴绐涓涓
[2025-04-25 17:13:36.877] [DEBUG] 峰褰缃＄缃缁缃
[2025-04-25 17:13:36.877] [DEBUG] ヨ㈡ュｉ缃: WLAN
[2025-04-25 17:13:36.931] [DEBUG] ュ DHCP 舵: 
[2025-04-25 17:13:36.985] [DEBUG] 峰IP板: 192.168.156.156
[2025-04-25 17:13:36.985] [DEBUG] 峰瀛缃╃: 255.255.255.0
[2025-04-25 17:13:36.985] [DEBUG] 峰榛璁ょ: 192.168.156.104
[2025-04-25 17:13:36.985] [DEBUG] 纭瀹涓DHCP妯″(杩DHCP舵妫娴)
[2025-04-25 17:13:36.985] [INFO] 褰缃缁缃峰瀹
[2025-04-25 17:13:36.985] [DEBUG] 峰褰缃＄缃缁缃
[2025-04-25 17:13:36.985] [DEBUG] ヨ㈡ュｉ缃: 浠ュお缃
[2025-04-25 17:13:37.043] [DEBUG] ュ DHCP 舵: 绂
[2025-04-25 17:13:37.097] [DEBUG] 峰IP板: 192.168.4.101
[2025-04-25 17:13:37.097] [DEBUG] 峰瀛缃╃: 255.255.255.0
[2025-04-25 17:13:37.097] [DEBUG] 纭瀹涓洪IP妯″
[2025-04-25 17:13:37.097] [INFO] 褰缃缁缃峰瀹
[2025-04-25 17:13:37.098] [DEBUG] 姣杈IP缃
[2025-04-25 17:13:37.098] [DEBUG] 姣杈DHCP缃
[2025-04-25 17:13:40.338] [DEBUG] 娴绐涓涓宸叉剧ず
[2025-04-25 17:14:13.601] [DEBUG] 剧ず娴绐涓涓
[2025-04-25 17:14:13.647] [DEBUG] 峰褰缃＄缃缁缃
[2025-04-25 17:14:13.647] [DEBUG] ヨ㈡ュｉ缃: 浠ュお缃
[2025-04-25 17:14:13.708] [DEBUG] ュ DHCP 舵: 绂
[2025-04-25 17:14:13.755] [DEBUG] 峰IP板: 192.168.4.101
[2025-04-25 17:14:13.755] [DEBUG] 峰瀛缃╃: 255.255.255.0
[2025-04-25 17:14:13.755] [DEBUG] 纭瀹涓洪IP妯″
[2025-04-25 17:14:13.755] [INFO] 褰缃缁缃峰瀹
[2025-04-25 17:14:13.755] [DEBUG] 姣杈IP缃
[2025-04-25 17:14:13.755] [DEBUG] 姣杈DHCP缃
[2025-04-25 17:14:15.896] [INFO] 浠娴绐搴ㄩ缃: 浠ュお缃 (涓)
[2025-04-25 17:14:16.100] [INFO] 缃搴ㄦ: 浠ュお缃[ㄨ峰IP]
[2025-04-25 17:14:16.100] [DEBUG] 存板揩搴ㄨ
[2025-04-25 17:14:16.100] [DEBUG] 峰褰缃＄缃缁缃
[2025-04-25 17:14:16.100] [DEBUG] ヨ㈡ュｉ缃: 浠ュお缃
[2025-04-25 17:14:16.157] [DEBUG] ュ DHCP 舵: 
[2025-04-25 17:14:16.219] [DEBUG] 峰IP板: 192.168.20.71
[2025-04-25 17:14:16.219] [DEBUG] 峰瀛缃╃: 255.255.255.0
[2025-04-25 17:14:16.219] [DEBUG] 峰榛璁ょ: 192.168.20.1
[2025-04-25 17:14:16.219] [DEBUG] 纭瀹涓DHCP妯″(杩DHCP舵妫娴)
[2025-04-25 17:14:16.219] [INFO] 褰缃缁缃峰瀹
[2025-04-25 17:14:16.219] [DEBUG] 姣杈IP缃
[2025-04-25 17:14:16.219] [DEBUG] 姣杈DHCP缃
[2025-04-25 17:14:16.219] [INFO] 蹇搴ㄨ存板
[2025-04-25 17:14:16.219] [DEBUG] 娴绐涓涓宸叉剧ず
[2025-04-25 17:36:07.761] [DEBUG] 剧ず娴绐涓涓
[2025-04-25 17:36:07.878] [DEBUG] 峰褰缃＄缃缁缃
[2025-04-25 17:36:07.878] [DEBUG] ヨ㈡ュｉ缃: 浠ュお缃
[2025-04-25 17:36:07.935] [DEBUG] ュ DHCP 舵: 
[2025-04-25 17:36:07.982] [DEBUG] 峰IP板: 192.168.20.83
[2025-04-25 17:36:07.982] [DEBUG] 峰瀛缃╃: 255.255.255.0
[2025-04-25 17:36:07.982] [DEBUG] 峰榛璁ょ: 192.168.20.1
[2025-04-25 17:36:07.982] [DEBUG] 纭瀹涓DHCP妯″(杩DHCP舵妫娴)
[2025-04-25 17:36:07.982] [INFO] 褰缃缁缃峰瀹
[2025-04-25 17:36:07.982] [DEBUG] 姣杈IP缃
[2025-04-25 17:36:07.982] [DEBUG] 姣杈DHCP缃
[2025-04-25 17:36:09.815] [INFO] 浠娴绐搴ㄩ缃: 浠ュお缃 (涓)
[2025-04-25 17:36:10.007] [INFO] 缃搴ㄦ: 浠ュお缃[192.168.4.101]
[2025-04-25 17:36:10.007] [DEBUG] 存板揩搴ㄨ
[2025-04-25 17:36:10.007] [DEBUG] 峰褰缃＄缃缁缃
[2025-04-25 17:36:10.007] [DEBUG] ヨ㈡ュｉ缃: 浠ュお缃
[2025-04-25 17:36:10.054] [DEBUG] ュ DHCP 舵: 绂
[2025-04-25 17:36:10.101] [DEBUG] 灏璇杩QNetworkInterface峰瀛缃╃
[2025-04-25 17:36:10.132] [DEBUG] 纭瀹涓洪IP妯″
[2025-04-25 17:36:10.132] [INFO] 褰缃缁缃峰瀹
[2025-04-25 17:36:10.148] [DEBUG] 姣杈IP缃
[2025-04-25 17:36:10.148] [DEBUG] 姣杈DHCP缃
[2025-04-25 17:36:10.148] [INFO] 蹇搴ㄨ存板
[2025-04-25 17:36:10.148] [DEBUG] 娴绐涓涓宸叉剧ず
[2025-04-25 17:36:45.809] [INFO] 寮濮姣涓荤
[2025-04-25 17:36:45.809] [DEBUG] 淇瀛绐ｇ舵
[2025-04-25 17:36:45.809] [DEBUG] 淇瀛绐ｇ舵
[2025-04-25 17:36:46.106] [INFO] 绐ｇ舵宸蹭瀛
[2025-04-25 17:36:46.106] [INFO] 涓荤ｉ姣瀹
