[2025-05-26 15:20:12.102] [DEBUG] 开始检查单实例运行
[2025-05-26 15:20:12.102] [DEBUG] 检查程序是否已运行
[2025-05-26 15:20:12.103] [INFO] 单实例检查通过
[2025-05-26 15:20:12.116] [INFO] 使用的配置文件路径:D:\_Tools\My_Tools_Project\NetworkConfigManager\bin\config\posConfig.ini
[2025-05-26 15:20:12.116] [DEBUG] 初始化快速应用配置菜单
[2025-05-26 15:20:12.117] [INFO] 开始初始化UI组件
[2025-05-26 15:20:12.117] [DEBUG] 设置UI初始状态
[2025-05-26 15:20:12.117] [DEBUG] IP方法切换: DHCP
[2025-05-26 15:20:12.123] [DEBUG] 恢复窗口状态
[2025-05-26 15:20:12.123] [DEBUG] 恢复窗口状态
[2025-05-26 15:20:12.123] [INFO] 窗口状态已恢复
[2025-05-26 15:20:12.123] [INFO] UI初始化完成
[2025-05-26 15:20:12.123] [INFO] 开始初始化应用程序配置
[2025-05-26 15:20:12.123] [INFO] 开始初始化应用程序
[2025-05-26 15:20:12.160] [INFO] 配置文件加载成功
[2025-05-26 15:20:12.160] [DEBUG] 更新网络接口列表
[2025-05-26 15:20:12.160] [DEBUG] 更新网络接口列表
[2025-05-26 15:20:12.310] [INFO] 找到 2 个网络接口
[2025-05-26 15:20:12.310] [DEBUG] 更新所有配置列表
[2025-05-26 15:20:12.310] [INFO] 显示 2 个配置
[2025-05-26 15:20:12.310] [DEBUG] 更新快速应用菜单
[2025-05-26 15:20:12.310] [DEBUG] 获取当前网卡的网络配置
[2025-05-26 15:20:12.310] [DEBUG] 查询接口配置: WLAN
[2025-05-26 15:20:12.383] [DEBUG] 接口 DHCP 状态: 禁用
[2025-05-26 15:20:12.474] [DEBUG] 尝试通过QNetworkInterface获取子网掩码
[2025-05-26 15:20:12.499] [DEBUG] 确定为静态IP模式
[2025-05-26 15:20:12.499] [INFO] 当前网络配置获取完成
[2025-05-26 15:20:12.500] [DEBUG] 获取当前网卡的网络配置
[2025-05-26 15:20:12.500] [DEBUG] 查询接口配置: 以太网
[2025-05-26 15:20:12.565] [DEBUG] 接口 DHCP 状态: 禁用
[2025-05-26 15:20:12.628] [DEBUG] 尝试通过QNetworkInterface获取子网掩码
[2025-05-26 15:20:12.632] [DEBUG] 确定为静态IP模式
[2025-05-26 15:20:12.632] [INFO] 当前网络配置获取完成
[2025-05-26 15:20:12.633] [DEBUG] 比较静态IP配置
[2025-05-26 15:20:12.633] [DEBUG] 比较DHCP配置
[2025-05-26 15:20:12.633] [INFO] 快速应用菜单更新完成
[2025-05-26 15:20:12.633] [INFO] 网络接口列表更新完成
[2025-05-26 15:20:12.633] [INFO] 开机自启动状态: 已启用
[2025-05-26 15:20:12.633] [DEBUG] 显示浮动窗口
[2025-05-26 15:20:12.668] [INFO] 应用程序初始化完成
[2025-05-26 15:20:12.668] [INFO] 初始化系统托盘和悬浮窗
[2025-05-26 15:20:12.668] [INFO] 初始化系统托盘图标
[2025-05-26 15:20:12.673] [DEBUG] 更新快速应用菜单
[2025-05-26 15:20:12.673] [DEBUG] 获取当前网卡的网络配置
[2025-05-26 15:20:12.673] [DEBUG] 查询接口配置: WLAN
[2025-05-26 15:20:12.733] [DEBUG] 接口 DHCP 状态: 禁用
[2025-05-26 15:20:12.794] [DEBUG] 尝试通过QNetworkInterface获取子网掩码
[2025-05-26 15:20:12.798] [DEBUG] 确定为静态IP模式
[2025-05-26 15:20:12.798] [INFO] 当前网络配置获取完成
[2025-05-26 15:20:12.798] [DEBUG] 获取当前网卡的网络配置
[2025-05-26 15:20:12.798] [DEBUG] 查询接口配置: 以太网
[2025-05-26 15:20:12.856] [DEBUG] 接口 DHCP 状态: 禁用
[2025-05-26 15:20:12.914] [DEBUG] 尝试通过QNetworkInterface获取子网掩码
[2025-05-26 15:20:12.917] [DEBUG] 确定为静态IP模式
[2025-05-26 15:20:12.917] [INFO] 当前网络配置获取完成
[2025-05-26 15:20:12.917] [DEBUG] 比较静态IP配置
[2025-05-26 15:20:12.918] [DEBUG] 比较DHCP配置
[2025-05-26 15:20:12.918] [INFO] 快速应用菜单更新完成
[2025-05-26 15:20:12.931] [INFO] 系统托盘图标初始化完成
[2025-05-26 15:20:12.931] [DEBUG] 建立信号槽连接
[2025-05-26 15:20:12.931] [DEBUG] 开始建立信号槽连接
[2025-05-26 15:20:12.931] [INFO] 初始化系统托盘图标
[2025-05-26 15:20:12.932] [DEBUG] 更新快速应用菜单
[2025-05-26 15:20:12.932] [DEBUG] 获取当前网卡的网络配置
[2025-05-26 15:20:12.932] [DEBUG] 查询接口配置: WLAN
[2025-05-26 15:20:12.990] [DEBUG] 接口 DHCP 状态: 禁用
[2025-05-26 15:20:13.044] [DEBUG] 尝试通过QNetworkInterface获取子网掩码
[2025-05-26 15:20:13.048] [DEBUG] 确定为静态IP模式
[2025-05-26 15:20:13.048] [INFO] 当前网络配置获取完成
[2025-05-26 15:20:13.049] [DEBUG] 获取当前网卡的网络配置
[2025-05-26 15:20:13.049] [DEBUG] 查询接口配置: 以太网
[2025-05-26 15:20:13.104] [DEBUG] 接口 DHCP 状态: 禁用
[2025-05-26 15:20:13.158] [DEBUG] 尝试通过QNetworkInterface获取子网掩码
[2025-05-26 15:20:13.161] [DEBUG] 确定为静态IP模式
[2025-05-26 15:20:13.161] [INFO] 当前网络配置获取完成
[2025-05-26 15:20:13.161] [DEBUG] 比较静态IP配置
[2025-05-26 15:20:13.161] [DEBUG] 比较DHCP配置
[2025-05-26 15:20:13.161] [INFO] 快速应用菜单更新完成
[2025-05-26 15:20:13.161] [INFO] 系统托盘图标初始化完成
[2025-05-26 15:20:13.161] [INFO] 信号槽连接建立完成
[2025-05-26 15:20:13.162] [DEBUG] 显示悬浮窗
[2025-05-26 15:20:13.207] [INFO] 主窗口初始化完成
[2025-05-26 15:20:22.419] [DEBUG] 更新网络接口列表
[2025-05-26 15:20:22.419] [WARNING] 无效的网络接口索引
[2025-05-26 15:20:22.419] [INFO] 找到 2 个网络接口
[2025-05-26 15:20:22.419] [DEBUG] 选择网络接口: WLAN (专用)
[2025-05-26 15:20:22.419] [DEBUG] 更新所有配置列表
[2025-05-26 15:20:22.419] [INFO] 显示 2 个配置
[2025-05-26 15:20:22.419] [DEBUG] 更新快速应用菜单
[2025-05-26 15:20:22.419] [DEBUG] 获取当前网卡的网络配置
[2025-05-26 15:20:22.419] [DEBUG] 查询接口配置: WLAN
[2025-05-26 15:20:22.483] [DEBUG] 接口 DHCP 状态: 禁用
[2025-05-26 15:20:22.541] [DEBUG] 尝试通过QNetworkInterface获取子网掩码
[2025-05-26 15:20:22.544] [DEBUG] 确定为静态IP模式
[2025-05-26 15:20:22.544] [INFO] 当前网络配置获取完成
[2025-05-26 15:20:22.544] [DEBUG] 获取当前网卡的网络配置
[2025-05-26 15:20:22.544] [DEBUG] 查询接口配置: 以太网
[2025-05-26 15:20:22.603] [DEBUG] 接口 DHCP 状态: 禁用
[2025-05-26 15:20:22.660] [DEBUG] 尝试通过QNetworkInterface获取子网掩码
[2025-05-26 15:20:22.663] [DEBUG] 确定为静态IP模式
[2025-05-26 15:20:22.663] [INFO] 当前网络配置获取完成
[2025-05-26 15:20:22.664] [DEBUG] 比较静态IP配置
[2025-05-26 15:20:22.664] [DEBUG] 比较DHCP配置
[2025-05-26 15:20:22.664] [INFO] 快速应用菜单更新完成
[2025-05-26 15:20:22.664] [INFO] 网络接口列表更新完成
[2025-05-26 15:20:27.626] [DEBUG] 选择网络接口: 以太网 (专用)
[2025-05-26 15:20:28.722] [DEBUG] 选择网络接口: WLAN (专用)
[2025-05-26 15:20:32.769] [INFO] 主窗口关闭事件
[2025-05-26 15:20:32.770] [DEBUG] 保存窗口状态
[2025-05-26 15:20:32.770] [INFO] 窗口状态已保存
[2025-05-26 15:20:32.774] [DEBUG] 主窗口已隐藏，程序在后台运行
