[2025-04-29 10:37:48.467] [DEBUG] 开始检查单实例运行
[2025-04-29 10:37:48.467] [DEBUG] 检查程序是否已运行
[2025-04-29 10:37:48.467] [INFO] 单实例检查通过
[2025-04-29 10:37:48.467] [INFO] 使用的配置文件路径:D:\_Tools\My_Tools_Project\NetworkConfigManager\bin\config\posConfig.ini
[2025-04-29 10:37:48.467] [DEBUG] 初始化快速应用配置菜单
[2025-04-29 10:37:48.467] [INFO] 开始初始化UI组件
[2025-04-29 10:37:48.467] [DEBUG] 设置UI初始状态
[2025-04-29 10:37:48.467] [DEBUG] IP方法切换: DHCP
[2025-04-29 10:37:48.483] [DEBUG] 恢复窗口状态
[2025-04-29 10:37:48.483] [DEBUG] 恢复窗口状态
[2025-04-29 10:37:48.483] [INFO] 窗口状态已恢复
[2025-04-29 10:37:48.483] [INFO] UI初始化完成
[2025-04-29 10:37:48.483] [INFO] 开始初始化应用程序配置
[2025-04-29 10:37:48.483] [INFO] 开始初始化应用程序
[2025-04-29 10:37:48.525] [INFO] 配置文件加载成功
[2025-04-29 10:37:48.525] [DEBUG] 更新网络接口列表
[2025-04-29 10:37:48.525] [DEBUG] 更新网络接口列表
[2025-04-29 10:37:48.590] [INFO] 找到 1 个网络接口
[2025-04-29 10:37:48.590] [DEBUG] 更新所有配置列表
[2025-04-29 10:37:48.590] [INFO] 显示 2 个配置
[2025-04-29 10:37:48.590] [DEBUG] 更新快速应用菜单
[2025-04-29 10:37:48.590] [DEBUG] 获取当前网卡的网络配置
[2025-04-29 10:37:48.590] [DEBUG] 查询接口配置: 以太网
[2025-04-29 10:37:48.653] [DEBUG] 接口 DHCP 状态: 禁用
[2025-04-29 10:37:48.700] [DEBUG] 尝试通过QNetworkInterface获取子网掩码
[2025-04-29 10:37:48.731] [DEBUG] 确定为静态IP模式
[2025-04-29 10:37:48.731] [INFO] 当前网络配置获取完成
[2025-04-29 10:37:48.731] [DEBUG] 比较静态IP配置
[2025-04-29 10:37:48.731] [DEBUG] 比较DHCP配置
[2025-04-29 10:37:48.731] [INFO] 快速应用菜单更新完成
[2025-04-29 10:37:48.731] [INFO] 网络接口列表更新完成
[2025-04-29 10:37:48.731] [INFO] 开机自启动状态: 已启用
[2025-04-29 10:37:48.731] [DEBUG] 显示浮动窗口
[2025-04-29 10:37:48.778] [INFO] 应用程序初始化完成
[2025-04-29 10:37:48.778] [INFO] 初始化系统托盘和悬浮窗
[2025-04-29 10:37:48.778] [INFO] 初始化系统托盘图标
[2025-04-29 10:37:48.794] [DEBUG] 更新快速应用菜单
[2025-04-29 10:37:48.794] [DEBUG] 获取当前网卡的网络配置
[2025-04-29 10:37:48.794] [DEBUG] 查询接口配置: 以太网
[2025-04-29 10:37:48.840] [DEBUG] 接口 DHCP 状态: 禁用
[2025-04-29 10:37:48.887] [DEBUG] 尝试通过QNetworkInterface获取子网掩码
[2025-04-29 10:37:48.887] [DEBUG] 确定为静态IP模式
[2025-04-29 10:37:48.887] [INFO] 当前网络配置获取完成
[2025-04-29 10:37:48.887] [DEBUG] 比较静态IP配置
[2025-04-29 10:37:48.887] [DEBUG] 比较DHCP配置
[2025-04-29 10:37:48.887] [INFO] 快速应用菜单更新完成
[2025-04-29 10:37:48.911] [INFO] 系统托盘图标初始化完成
[2025-04-29 10:37:48.911] [DEBUG] 建立信号槽连接
[2025-04-29 10:37:48.911] [DEBUG] 开始建立信号槽连接
[2025-04-29 10:37:48.911] [INFO] 初始化系统托盘图标
[2025-04-29 10:37:48.912] [DEBUG] 更新快速应用菜单
[2025-04-29 10:37:48.912] [DEBUG] 获取当前网卡的网络配置
[2025-04-29 10:37:48.912] [DEBUG] 查询接口配置: 以太网
[2025-04-29 10:37:48.957] [DEBUG] 接口 DHCP 状态: 禁用
[2025-04-29 10:37:49.013] [DEBUG] 尝试通过QNetworkInterface获取子网掩码
[2025-04-29 10:37:49.013] [DEBUG] 确定为静态IP模式
[2025-04-29 10:37:49.013] [INFO] 当前网络配置获取完成
[2025-04-29 10:37:49.013] [DEBUG] 比较静态IP配置
[2025-04-29 10:37:49.013] [DEBUG] 比较DHCP配置
[2025-04-29 10:37:49.013] [INFO] 快速应用菜单更新完成
[2025-04-29 10:37:49.013] [INFO] 系统托盘图标初始化完成
[2025-04-29 10:37:49.013] [INFO] 信号槽连接建立完成
[2025-04-29 10:37:49.013] [DEBUG] 显示悬浮窗
[2025-04-29 10:37:49.029] [INFO] 主窗口初始化完成
[2025-04-29 13:45:23.909] [DEBUG] 显示悬浮窗上下文菜单
[2025-04-29 13:45:24.046] [DEBUG] 获取当前网卡的网络配置
[2025-04-29 13:45:24.046] [DEBUG] 查询接口配置: 以太网
[2025-04-29 13:45:24.093] [DEBUG] 接口 DHCP 状态: 禁用
[2025-04-29 13:45:24.140] [DEBUG] 尝试通过QNetworkInterface获取子网掩码
[2025-04-29 13:45:24.140] [DEBUG] 确定为静态IP模式
[2025-04-29 13:45:24.140] [INFO] 当前网络配置获取完成
[2025-04-29 13:45:24.140] [DEBUG] 比较静态IP配置
[2025-04-29 13:45:24.140] [DEBUG] 比较DHCP配置
[2025-04-29 13:45:27.144] [DEBUG] 悬浮窗上下文菜单已显示
[2025-04-29 14:48:47.475] [DEBUG] 显示悬浮窗上下文菜单
[2025-04-29 14:48:47.616] [DEBUG] 获取当前网卡的网络配置
[2025-04-29 14:48:47.616] [DEBUG] 查询接口配置: 以太网
[2025-04-29 14:48:47.662] [DEBUG] 接口 DHCP 状态: 禁用
[2025-04-29 14:48:47.725] [DEBUG] 尝试通过QNetworkInterface获取子网掩码
[2025-04-29 14:48:47.725] [DEBUG] 确定为静态IP模式
[2025-04-29 14:48:47.725] [INFO] 当前网络配置获取完成
[2025-04-29 14:48:47.725] [DEBUG] 比较静态IP配置
[2025-04-29 14:48:47.725] [DEBUG] 比较DHCP配置
[2025-04-29 14:48:49.480] [INFO] 从悬浮窗菜单应用配置: 以太网 (专用)
[2025-04-29 14:48:49.671] [INFO] 配置应用成功: 以太网[192.168.4.101]
[2025-04-29 14:48:49.671] [DEBUG] 更新快速应用菜单
[2025-04-29 14:48:49.671] [DEBUG] 获取当前网卡的网络配置
[2025-04-29 14:48:49.671] [DEBUG] 查询接口配置: 以太网
[2025-04-29 14:48:49.733] [DEBUG] 接口 DHCP 状态: 禁用
[2025-04-29 14:48:49.796] [DEBUG] 尝试通过QNetworkInterface获取子网掩码
[2025-04-29 14:48:49.796] [DEBUG] 确定为静态IP模式
[2025-04-29 14:48:49.796] [INFO] 当前网络配置获取完成
[2025-04-29 14:48:49.796] [DEBUG] 比较静态IP配置
[2025-04-29 14:48:49.796] [DEBUG] 比较DHCP配置
[2025-04-29 14:48:49.796] [INFO] 快速应用菜单更新完成
[2025-04-29 14:48:49.796] [DEBUG] 悬浮窗上下文菜单已显示
[2025-04-29 15:24:17.483] [DEBUG] 显示悬浮窗上下文菜单
[2025-04-29 15:24:17.657] [DEBUG] 获取当前网卡的网络配置
[2025-04-29 15:24:17.657] [DEBUG] 查询接口配置: 以太网
[2025-04-29 15:24:17.712] [DEBUG] 接口 DHCP 状态: 禁用
[2025-04-29 15:24:17.766] [DEBUG] 尝试通过QNetworkInterface获取子网掩码
[2025-04-29 15:24:17.767] [DEBUG] 确定为静态IP模式
[2025-04-29 15:24:17.768] [INFO] 当前网络配置获取完成
[2025-04-29 15:24:17.768] [DEBUG] 比较静态IP配置
[2025-04-29 15:24:17.768] [DEBUG] 比较DHCP配置
[2025-04-29 15:24:19.788] [INFO] 从悬浮窗菜单应用配置: 以太网 (专用)
[2025-04-29 15:24:20.063] [INFO] 配置应用成功: 以太网[自动获取IP]
[2025-04-29 15:24:20.063] [DEBUG] 更新快速应用菜单
[2025-04-29 15:24:20.063] [DEBUG] 获取当前网卡的网络配置
[2025-04-29 15:24:20.063] [DEBUG] 查询接口配置: 以太网
[2025-04-29 15:24:20.131] [DEBUG] 接口 DHCP 状态: 禁用
[2025-04-29 15:24:20.185] [DEBUG] 尝试通过QNetworkInterface获取子网掩码
[2025-04-29 15:24:20.187] [DEBUG] 确定为静态IP模式
[2025-04-29 15:24:20.187] [INFO] 当前网络配置获取完成
[2025-04-29 15:24:20.187] [DEBUG] 比较静态IP配置
[2025-04-29 15:24:20.187] [DEBUG] 比较DHCP配置
[2025-04-29 15:24:20.187] [INFO] 快速应用菜单更新完成
[2025-04-29 15:24:20.187] [DEBUG] 悬浮窗上下文菜单已显示
[2025-04-29 15:24:33.431] [DEBUG] 显示悬浮窗上下文菜单
[2025-04-29 15:24:33.557] [DEBUG] 获取当前网卡的网络配置
[2025-04-29 15:24:33.557] [DEBUG] 查询接口配置: 以太网
[2025-04-29 15:24:33.610] [DEBUG] 接口 DHCP 状态: 禁用
[2025-04-29 15:24:33.664] [DEBUG] 尝试通过QNetworkInterface获取子网掩码
[2025-04-29 15:24:33.666] [DEBUG] 确定为静态IP模式
[2025-04-29 15:24:33.666] [INFO] 当前网络配置获取完成
[2025-04-29 15:24:33.666] [DEBUG] 比较静态IP配置
[2025-04-29 15:24:33.666] [DEBUG] 比较DHCP配置
[2025-04-29 15:24:35.352] [INFO] 从悬浮窗菜单应用配置: 以太网 (专用)
[2025-04-29 15:24:35.583] [INFO] 配置应用成功: 以太网[192.168.4.101]
[2025-04-29 15:24:35.583] [DEBUG] 更新快速应用菜单
[2025-04-29 15:24:35.583] [DEBUG] 获取当前网卡的网络配置
[2025-04-29 15:24:35.583] [DEBUG] 查询接口配置: 以太网
[2025-04-29 15:24:35.651] [DEBUG] 接口 DHCP 状态: 禁用
[2025-04-29 15:24:35.729] [DEBUG] 尝试通过QNetworkInterface获取子网掩码
[2025-04-29 15:24:35.742] [DEBUG] 确定为静态IP模式
[2025-04-29 15:24:35.742] [INFO] 当前网络配置获取完成
[2025-04-29 15:24:35.743] [DEBUG] 比较静态IP配置
[2025-04-29 15:24:35.743] [DEBUG] 比较DHCP配置
[2025-04-29 15:24:35.743] [INFO] 快速应用菜单更新完成
[2025-04-29 15:24:35.743] [DEBUG] 悬浮窗上下文菜单已显示
[2025-04-29 15:39:26.812] [INFO] 设置悬浮窗可见性: 隐藏
[2025-04-29 15:39:28.037] [INFO] 设置悬浮窗可见性: 隐藏
[2025-04-29 15:39:29.547] [INFO] 设置悬浮窗可见性: 显示
[2025-04-29 15:39:32.106] [DEBUG] 显示悬浮窗上下文菜单
[2025-04-29 15:39:32.168] [DEBUG] 获取当前网卡的网络配置
[2025-04-29 15:39:32.168] [DEBUG] 查询接口配置: 2
[2025-04-29 15:39:32.222] [DEBUG] 接口 DHCP 状态: 禁用
[2025-04-29 15:39:32.273] [DEBUG] 尝试通过QNetworkInterface获取子网掩码
[2025-04-29 15:39:32.276] [DEBUG] 确定为静态IP模式
[2025-04-29 15:39:32.276] [INFO] 当前网络配置获取完成
[2025-04-29 15:39:32.276] [DEBUG] 获取当前网卡的网络配置
[2025-04-29 15:39:32.276] [DEBUG] 查询接口配置: 以太网
[2025-04-29 15:39:32.329] [DEBUG] 接口 DHCP 状态: 禁用
[2025-04-29 15:39:32.381] [DEBUG] 尝试通过QNetworkInterface获取子网掩码
[2025-04-29 15:39:32.383] [DEBUG] 确定为静态IP模式
[2025-04-29 15:39:32.383] [INFO] 当前网络配置获取完成
[2025-04-29 15:39:32.383] [DEBUG] 比较静态IP配置
[2025-04-29 15:39:32.384] [DEBUG] 比较DHCP配置
[2025-04-29 15:39:33.790] [DEBUG] 悬浮窗上下文菜单已显示
[2025-04-29 17:29:30.086] [DEBUG] 开始检查单实例运行
[2025-04-29 17:29:30.179] [DEBUG] 检查程序是否已运行
[2025-04-29 17:29:30.179] [INFO] 单实例检查通过
[2025-04-29 17:29:30.179] [INFO] 使用的配置文件路径:D:\_Tools\My_Tools_Project\NetworkConfigManager - 副本\bin\config\posConfig.ini
[2025-04-29 17:29:30.179] [DEBUG] 初始化快速应用配置菜单
[2025-04-29 17:29:30.179] [INFO] 开始初始化UI组件
[2025-04-29 17:29:30.179] [DEBUG] 设置UI初始状态
[2025-04-29 17:29:30.179] [DEBUG] IP方法切换: DHCP
[2025-04-29 17:29:30.179] [DEBUG] 恢复窗口状态
[2025-04-29 17:29:30.179] [DEBUG] 恢复窗口状态
[2025-04-29 17:29:30.179] [INFO] 窗口状态已恢复
[2025-04-29 17:29:30.179] [INFO] UI初始化完成
[2025-04-29 17:29:30.179] [INFO] 开始初始化应用程序配置
[2025-04-29 17:29:30.179] [INFO] 开始初始化应用程序
[2025-04-29 17:29:30.179] [INFO] 配置文件加载成功
[2025-04-29 17:29:30.179] [DEBUG] 更新网络接口列表
[2025-04-29 17:29:30.179] [DEBUG] 更新网络接口列表
[2025-04-29 17:29:30.240] [INFO] 找到 1 个网络接口
[2025-04-29 17:29:30.240] [DEBUG] 更新所有配置列表
[2025-04-29 17:29:30.240] [INFO] 显示 2 个配置
[2025-04-29 17:29:30.270] [DEBUG] 更新快速应用菜单
[2025-04-29 17:29:30.270] [DEBUG] 获取当前网卡的网络配置
[2025-04-29 17:29:30.270] [DEBUG] 查询接口配置: 以太网
[2025-04-29 17:29:30.316] [DEBUG] 接口 DHCP 状态: 禁用
[2025-04-29 17:29:30.363] [DEBUG] 尝试通过QNetworkInterface获取子网掩码
[2025-04-29 17:29:30.379] [DEBUG] 确定为静态IP模式
[2025-04-29 17:29:30.379] [INFO] 当前网络配置获取完成
[2025-04-29 17:29:30.379] [DEBUG] 比较静态IP配置
[2025-04-29 17:29:30.379] [DEBUG] 比较DHCP配置
[2025-04-29 17:29:30.379] [INFO] 快速应用菜单更新完成
[2025-04-29 17:29:30.379] [INFO] 网络接口列表更新完成
[2025-04-29 17:29:30.379] [INFO] 开机自启动状态: 已启用
[2025-04-29 17:29:30.379] [DEBUG] 显示浮动窗口
[2025-04-29 17:29:30.388] [INFO] 应用程序初始化完成
[2025-04-29 17:29:30.388] [INFO] 初始化系统托盘和悬浮窗
[2025-04-29 17:29:30.388] [INFO] 初始化系统托盘图标
[2025-04-29 17:29:30.399] [DEBUG] 更新快速应用菜单
[2025-04-29 17:29:30.399] [DEBUG] 获取当前网卡的网络配置
[2025-04-29 17:29:30.399] [DEBUG] 查询接口配置: 以太网
[2025-04-29 17:29:30.450] [DEBUG] 接口 DHCP 状态: 禁用
[2025-04-29 17:29:30.500] [DEBUG] 尝试通过QNetworkInterface获取子网掩码
[2025-04-29 17:29:30.500] [DEBUG] 确定为静态IP模式
[2025-04-29 17:29:30.500] [INFO] 当前网络配置获取完成
[2025-04-29 17:29:30.500] [DEBUG] 比较静态IP配置
[2025-04-29 17:29:30.500] [DEBUG] 比较DHCP配置
[2025-04-29 17:29:30.500] [INFO] 快速应用菜单更新完成
[2025-04-29 17:29:30.516] [INFO] 系统托盘图标初始化完成
[2025-04-29 17:29:30.516] [DEBUG] 建立信号槽连接
[2025-04-29 17:29:30.516] [DEBUG] 开始建立信号槽连接
[2025-04-29 17:29:30.516] [INFO] 初始化系统托盘图标
[2025-04-29 17:29:30.517] [DEBUG] 更新快速应用菜单
[2025-04-29 17:29:30.517] [DEBUG] 获取当前网卡的网络配置
[2025-04-29 17:29:30.517] [DEBUG] 查询接口配置: 以太网
[2025-04-29 17:29:30.568] [DEBUG] 接口 DHCP 状态: 禁用
[2025-04-29 17:29:30.614] [DEBUG] 尝试通过QNetworkInterface获取子网掩码
[2025-04-29 17:29:30.614] [DEBUG] 确定为静态IP模式
[2025-04-29 17:29:30.614] [INFO] 当前网络配置获取完成
[2025-04-29 17:29:30.614] [DEBUG] 比较静态IP配置
[2025-04-29 17:29:30.614] [DEBUG] 比较DHCP配置
[2025-04-29 17:29:30.614] [INFO] 快速应用菜单更新完成
[2025-04-29 17:29:30.614] [INFO] 系统托盘图标初始化完成
[2025-04-29 17:29:30.677] [INFO] 信号槽连接建立完成
[2025-04-29 17:29:30.677] [DEBUG] 显示悬浮窗
[2025-04-29 17:29:30.712] [INFO] 主窗口初始化完成
[2025-04-29 17:29:32.574] [INFO] 主窗口关闭事件
[2025-04-29 17:29:32.574] [DEBUG] 保存窗口状态
[2025-04-29 17:29:32.574] [INFO] 窗口状态已保存
[2025-04-29 17:29:32.583] [DEBUG] 主窗口已隐藏，程序在后台运行
[2025-04-29 17:29:33.341] [DEBUG] 显示悬浮窗上下文菜单
[2025-04-29 17:29:33.341] [DEBUG] 获取当前网卡的网络配置
[2025-04-29 17:29:33.341] [DEBUG] 查询接口配置: 以太网
[2025-04-29 17:29:33.387] [DEBUG] 接口 DHCP 状态: 禁用
[2025-04-29 17:29:33.448] [DEBUG] 尝试通过QNetworkInterface获取子网掩码
[2025-04-29 17:29:33.448] [DEBUG] 确定为静态IP模式
[2025-04-29 17:29:33.448] [INFO] 当前网络配置获取完成
[2025-04-29 17:29:33.448] [DEBUG] 比较静态IP配置
[2025-04-29 17:29:33.448] [DEBUG] 比较DHCP配置
[2025-04-29 17:29:35.758] [INFO] 从悬浮窗菜单应用配置: 以太网 (专用)
[2025-04-29 17:29:35.970] [INFO] 配置应用成功: 以太网[自动获取IP]
[2025-04-29 17:29:35.970] [DEBUG] 更新快速应用菜单
[2025-04-29 17:29:35.970] [DEBUG] 获取当前网卡的网络配置
[2025-04-29 17:29:35.970] [DEBUG] 查询接口配置: 以太网
[2025-04-29 17:29:36.078] [DEBUG] 接口 DHCP 状态: 禁用
[2025-04-29 17:29:36.156] [DEBUG] 尝试通过QNetworkInterface获取子网掩码
[2025-04-29 17:29:36.156] [DEBUG] 确定为静态IP模式
[2025-04-29 17:29:36.156] [INFO] 当前网络配置获取完成
[2025-04-29 17:29:36.156] [DEBUG] 比较静态IP配置
[2025-04-29 17:29:36.156] [DEBUG] 比较DHCP配置
[2025-04-29 17:29:36.156] [INFO] 快速应用菜单更新完成
[2025-04-29 17:29:36.156] [DEBUG] 悬浮窗上下文菜单已显示
[2025-04-30 09:12:07.803] [DEBUG] 显示悬浮窗上下文菜单
[2025-04-30 09:12:07.959] [DEBUG] 获取当前网卡的网络配置
[2025-04-30 09:12:07.959] [DEBUG] 查询接口配置: 以太网
[2025-04-30 09:12:08.006] [DEBUG] 接口 DHCP 状态: 禁用
[2025-04-30 09:12:08.052] [DEBUG] 尝试通过QNetworkInterface获取子网掩码
[2025-04-30 09:12:08.052] [DEBUG] 确定为静态IP模式
[2025-04-30 09:12:08.052] [INFO] 当前网络配置获取完成
[2025-04-30 09:12:08.052] [DEBUG] 比较静态IP配置
[2025-04-30 09:12:08.052] [DEBUG] 比较DHCP配置
[2025-04-30 09:12:09.787] [INFO] 从悬浮窗菜单应用配置: 以太网 (专用)
[2025-04-30 09:12:09.863] [ERROR] 配置管理器错误: 设置DHCP地址失败: 
[2025-04-30 09:12:10.911] [ERROR] 配置应用失败: 设置DHCP地址失败: 
[2025-04-30 09:12:12.094] [DEBUG] 悬浮窗上下文菜单已显示
[2025-04-30 09:12:12.141] [INFO] 开始销毁主窗口
[2025-04-30 09:12:12.141] [DEBUG] 保存窗口状态
[2025-04-30 09:12:12.141] [DEBUG] 保存窗口状态
[2025-04-30 09:12:12.141] [INFO] 窗口状态已保存
[2025-04-30 09:12:12.141] [INFO] 主窗口销毁完成
