[2025-04-28 12:45:16.927] [DEBUG] 开始检查单实例运行
[2025-04-28 12:45:16.927] [DEBUG] 检查程序是否已运行
[2025-04-28 12:45:16.927] [INFO] 单实例检查通过
[2025-04-28 12:45:16.928] [INFO] 使用的配置文件路径:D:\_Tools\My_Tools_Project\NetworkConfigManager\bin\config\posConfig.ini
[2025-04-28 12:45:16.928] [DEBUG] 初始化快速应用配置菜单
[2025-04-28 12:45:16.928] [INFO] 开始初始化UI组件
[2025-04-28 12:45:16.928] [DEBUG] 设置UI初始状态
[2025-04-28 12:45:16.928] [DEBUG] IP方法切换: DHCP
[2025-04-28 12:45:16.943] [DEBUG] 恢复窗口状态
[2025-04-28 12:45:16.943] [DEBUG] 恢复窗口状态
[2025-04-28 12:45:16.943] [INFO] 窗口状态已恢复
[2025-04-28 12:45:16.943] [INFO] UI初始化完成
[2025-04-28 12:45:16.943] [INFO] 开始初始化应用程序配置
[2025-04-28 12:45:16.944] [INFO] 开始初始化应用程序
[2025-04-28 12:45:16.993] [INFO] 配置文件加载成功
[2025-04-28 12:45:16.993] [DEBUG] 更新网络接口列表
[2025-04-28 12:45:16.993] [DEBUG] 更新网络接口列表
[2025-04-28 12:45:17.138] [INFO] 找到 2 个网络接口
[2025-04-28 12:45:17.138] [DEBUG] 更新所有配置列表
[2025-04-28 12:45:17.138] [INFO] 显示 2 个配置
[2025-04-28 12:45:17.139] [DEBUG] 更新快速应用菜单
[2025-04-28 12:45:17.139] [DEBUG] 获取当前网卡的网络配置
[2025-04-28 12:45:17.139] [DEBUG] 查询接口配置: WLAN
[2025-04-28 12:45:17.190] [DEBUG] 接口 DHCP 状态: 禁用
[2025-04-28 12:45:17.241] [DEBUG] 尝试通过QNetworkInterface获取子网掩码
[2025-04-28 12:45:17.276] [DEBUG] 确定为静态IP模式
[2025-04-28 12:45:17.276] [INFO] 当前网络配置获取完成
[2025-04-28 12:45:17.276] [DEBUG] 获取当前网卡的网络配置
[2025-04-28 12:45:17.276] [DEBUG] 查询接口配置: 以太网
[2025-04-28 12:45:17.329] [DEBUG] 接口 DHCP 状态: 禁用
[2025-04-28 12:45:17.379] [DEBUG] 尝试通过QNetworkInterface获取子网掩码
[2025-04-28 12:45:17.383] [DEBUG] 确定为静态IP模式
[2025-04-28 12:45:17.383] [INFO] 当前网络配置获取完成
[2025-04-28 12:45:17.384] [DEBUG] 比较静态IP配置
[2025-04-28 12:45:17.384] [DEBUG] 比较DHCP配置
[2025-04-28 12:45:17.384] [INFO] 快速应用菜单更新完成
[2025-04-28 12:45:17.384] [INFO] 网络接口列表更新完成
[2025-04-28 12:45:17.384] [INFO] 开机自启动状态: 已启用
[2025-04-28 12:45:17.385] [DEBUG] 显示浮动窗口
[2025-04-28 12:45:17.439] [INFO] 应用程序初始化完成
[2025-04-28 12:45:17.439] [INFO] 初始化系统托盘和悬浮窗
[2025-04-28 12:45:17.439] [INFO] 初始化系统托盘图标
[2025-04-28 12:45:17.444] [DEBUG] 更新快速应用菜单
[2025-04-28 12:45:17.444] [DEBUG] 获取当前网卡的网络配置
[2025-04-28 12:45:17.444] [DEBUG] 查询接口配置: WLAN
[2025-04-28 12:45:17.494] [DEBUG] 接口 DHCP 状态: 禁用
[2025-04-28 12:45:17.546] [DEBUG] 尝试通过QNetworkInterface获取子网掩码
[2025-04-28 12:45:17.549] [DEBUG] 确定为静态IP模式
[2025-04-28 12:45:17.549] [INFO] 当前网络配置获取完成
[2025-04-28 12:45:17.549] [DEBUG] 获取当前网卡的网络配置
[2025-04-28 12:45:17.549] [DEBUG] 查询接口配置: 以太网
[2025-04-28 12:45:17.601] [DEBUG] 接口 DHCP 状态: 禁用
[2025-04-28 12:45:17.650] [DEBUG] 尝试通过QNetworkInterface获取子网掩码
[2025-04-28 12:45:17.653] [DEBUG] 确定为静态IP模式
[2025-04-28 12:45:17.653] [INFO] 当前网络配置获取完成
[2025-04-28 12:45:17.654] [DEBUG] 比较静态IP配置
[2025-04-28 12:45:17.654] [DEBUG] 比较DHCP配置
[2025-04-28 12:45:17.654] [INFO] 快速应用菜单更新完成
[2025-04-28 12:45:17.666] [INFO] 系统托盘图标初始化完成
[2025-04-28 12:45:17.666] [DEBUG] 建立信号槽连接
[2025-04-28 12:45:17.666] [DEBUG] 开始建立信号槽连接
[2025-04-28 12:45:17.666] [INFO] 初始化系统托盘图标
[2025-04-28 12:45:17.667] [DEBUG] 更新快速应用菜单
[2025-04-28 12:45:17.667] [DEBUG] 获取当前网卡的网络配置
[2025-04-28 12:45:17.667] [DEBUG] 查询接口配置: WLAN
[2025-04-28 12:45:17.720] [DEBUG] 接口 DHCP 状态: 禁用
[2025-04-28 12:45:17.771] [DEBUG] 尝试通过QNetworkInterface获取子网掩码
[2025-04-28 12:45:17.774] [DEBUG] 确定为静态IP模式
[2025-04-28 12:45:17.774] [INFO] 当前网络配置获取完成
[2025-04-28 12:45:17.774] [DEBUG] 获取当前网卡的网络配置
[2025-04-28 12:45:17.774] [DEBUG] 查询接口配置: 以太网
[2025-04-28 12:45:17.826] [DEBUG] 接口 DHCP 状态: 禁用
[2025-04-28 12:45:17.878] [DEBUG] 尝试通过QNetworkInterface获取子网掩码
[2025-04-28 12:45:17.881] [DEBUG] 确定为静态IP模式
[2025-04-28 12:45:17.881] [INFO] 当前网络配置获取完成
[2025-04-28 12:45:17.881] [DEBUG] 比较静态IP配置
[2025-04-28 12:45:17.881] [DEBUG] 比较DHCP配置
[2025-04-28 12:45:17.881] [INFO] 快速应用菜单更新完成
[2025-04-28 12:45:17.881] [INFO] 系统托盘图标初始化完成
[2025-04-28 12:45:17.881] [INFO] 信号槽连接建立完成
[2025-04-28 12:45:17.881] [DEBUG] 显示悬浮窗
[2025-04-28 12:45:17.895] [INFO] 主窗口初始化完成
[2025-04-28 13:30:32.605] [INFO] 开始销毁主窗口
[2025-04-28 13:30:32.605] [DEBUG] 保存窗口状态
[2025-04-28 13:30:32.605] [DEBUG] 保存窗口状态
[2025-04-28 13:30:32.943] [INFO] 窗口状态已保存
[2025-04-28 13:30:32.943] [INFO] 主窗口销毁完成
[2025-04-28 15:33:09.277] [DEBUG] 开始检查单实例运行
[2025-04-28 15:33:09.296] [DEBUG] 检查程序是否已运行
[2025-04-28 15:33:09.298] [INFO] 单实例检查通过
[2025-04-28 15:33:09.300] [INFO] 使用的配置文件路径:D:\_Tools\My_Tools_Project\NetworkConfigManager\bin\config\posConfig.ini
[2025-04-28 15:33:09.300] [DEBUG] 初始化快速应用配置菜单
[2025-04-28 15:33:09.301] [INFO] 开始初始化UI组件
[2025-04-28 15:33:09.301] [DEBUG] 设置UI初始状态
[2025-04-28 15:33:09.301] [DEBUG] IP方法切换: DHCP
[2025-04-28 15:33:09.330] [DEBUG] 恢复窗口状态
[2025-04-28 15:33:09.330] [DEBUG] 恢复窗口状态
[2025-04-28 15:33:09.330] [INFO] 窗口状态已恢复
[2025-04-28 15:33:09.331] [INFO] UI初始化完成
[2025-04-28 15:33:09.331] [INFO] 开始初始化应用程序配置
[2025-04-28 15:33:09.331] [INFO] 开始初始化应用程序
[2025-04-28 15:33:09.355] [INFO] 配置文件加载成功
[2025-04-28 15:33:09.355] [DEBUG] 更新网络接口列表
[2025-04-28 15:33:09.355] [DEBUG] 更新网络接口列表
[2025-04-28 15:33:09.488] [INFO] 找到 2 个网络接口
[2025-04-28 15:33:09.488] [DEBUG] 更新所有配置列表
[2025-04-28 15:33:09.488] [INFO] 显示 2 个配置
[2025-04-28 15:33:09.488] [DEBUG] 更新快速应用菜单
[2025-04-28 15:33:09.488] [DEBUG] 获取当前网卡的网络配置
[2025-04-28 15:33:09.488] [DEBUG] 查询接口配置: WLAN
[2025-04-28 15:33:09.548] [DEBUG] 接口 DHCP 状态: 禁用
[2025-04-28 15:33:09.607] [DEBUG] 尝试通过QNetworkInterface获取子网掩码
[2025-04-28 15:33:09.637] [DEBUG] 确定为静态IP模式
[2025-04-28 15:33:09.637] [INFO] 当前网络配置获取完成
[2025-04-28 15:33:09.639] [DEBUG] 获取当前网卡的网络配置
[2025-04-28 15:33:09.639] [DEBUG] 查询接口配置: 以太网
[2025-04-28 15:33:09.691] [DEBUG] 接口 DHCP 状态: 禁用
[2025-04-28 15:33:09.742] [DEBUG] 尝试通过QNetworkInterface获取子网掩码
[2025-04-28 15:33:09.745] [DEBUG] 确定为静态IP模式
[2025-04-28 15:33:09.745] [INFO] 当前网络配置获取完成
[2025-04-28 15:33:09.746] [DEBUG] 比较静态IP配置
[2025-04-28 15:33:09.746] [DEBUG] 比较DHCP配置
[2025-04-28 15:33:09.746] [INFO] 快速应用菜单更新完成
[2025-04-28 15:33:09.746] [INFO] 网络接口列表更新完成
[2025-04-28 15:33:09.746] [INFO] 开机自启动状态: 已启用
[2025-04-28 15:33:09.746] [DEBUG] 显示浮动窗口
[2025-04-28 15:33:09.805] [INFO] 应用程序初始化完成
[2025-04-28 15:33:09.805] [INFO] 初始化系统托盘和悬浮窗
[2025-04-28 15:33:09.805] [INFO] 初始化系统托盘图标
[2025-04-28 15:33:09.808] [DEBUG] 更新快速应用菜单
[2025-04-28 15:33:09.808] [DEBUG] 获取当前网卡的网络配置
[2025-04-28 15:33:09.808] [DEBUG] 查询接口配置: WLAN
[2025-04-28 15:33:09.866] [DEBUG] 接口 DHCP 状态: 禁用
[2025-04-28 15:33:09.920] [DEBUG] 尝试通过QNetworkInterface获取子网掩码
[2025-04-28 15:33:09.922] [DEBUG] 确定为静态IP模式
[2025-04-28 15:33:09.922] [INFO] 当前网络配置获取完成
[2025-04-28 15:33:09.923] [DEBUG] 获取当前网卡的网络配置
[2025-04-28 15:33:09.923] [DEBUG] 查询接口配置: 以太网
[2025-04-28 15:33:09.976] [DEBUG] 接口 DHCP 状态: 禁用
[2025-04-28 15:33:10.029] [DEBUG] 尝试通过QNetworkInterface获取子网掩码
[2025-04-28 15:33:10.033] [DEBUG] 确定为静态IP模式
[2025-04-28 15:33:10.033] [INFO] 当前网络配置获取完成
[2025-04-28 15:33:10.033] [DEBUG] 比较静态IP配置
[2025-04-28 15:33:10.033] [DEBUG] 比较DHCP配置
[2025-04-28 15:33:10.033] [INFO] 快速应用菜单更新完成
[2025-04-28 15:33:10.046] [INFO] 系统托盘图标初始化完成
[2025-04-28 15:33:10.046] [DEBUG] 建立信号槽连接
[2025-04-28 15:33:10.046] [DEBUG] 开始建立信号槽连接
[2025-04-28 15:33:10.046] [INFO] 初始化系统托盘图标
[2025-04-28 15:33:10.047] [DEBUG] 更新快速应用菜单
[2025-04-28 15:33:10.047] [DEBUG] 获取当前网卡的网络配置
[2025-04-28 15:33:10.047] [DEBUG] 查询接口配置: WLAN
[2025-04-28 15:33:10.101] [DEBUG] 接口 DHCP 状态: 禁用
[2025-04-28 15:33:10.152] [DEBUG] 尝试通过QNetworkInterface获取子网掩码
[2025-04-28 15:33:10.155] [DEBUG] 确定为静态IP模式
[2025-04-28 15:33:10.155] [INFO] 当前网络配置获取完成
[2025-04-28 15:33:10.156] [DEBUG] 获取当前网卡的网络配置
[2025-04-28 15:33:10.156] [DEBUG] 查询接口配置: 以太网
[2025-04-28 15:33:10.210] [DEBUG] 接口 DHCP 状态: 禁用
[2025-04-28 15:33:10.266] [DEBUG] 尝试通过QNetworkInterface获取子网掩码
[2025-04-28 15:33:10.269] [DEBUG] 确定为静态IP模式
[2025-04-28 15:33:10.269] [INFO] 当前网络配置获取完成
[2025-04-28 15:33:10.270] [DEBUG] 比较静态IP配置
[2025-04-28 15:33:10.270] [DEBUG] 比较DHCP配置
[2025-04-28 15:33:10.270] [INFO] 快速应用菜单更新完成
[2025-04-28 15:33:10.270] [INFO] 系统托盘图标初始化完成
[2025-04-28 15:33:10.270] [INFO] 信号槽连接建立完成
[2025-04-28 15:33:10.270] [DEBUG] 显示悬浮窗
[2025-04-28 15:33:10.281] [INFO] 主窗口初始化完成
[2025-04-28 15:42:27.403] [INFO] 开始销毁主窗口
[2025-04-28 15:42:27.403] [DEBUG] 保存窗口状态
[2025-04-28 15:42:27.403] [DEBUG] 保存窗口状态
[2025-04-28 15:42:27.456] [INFO] 窗口状态已保存
[2025-04-28 15:42:27.456] [INFO] 主窗口销毁完成
[2025-04-28 15:54:16.308] [DEBUG] 开始检查单实例运行
[2025-04-28 15:54:16.330] [DEBUG] 检查程序是否已运行
[2025-04-28 15:54:16.330] [INFO] 单实例检查通过
[2025-04-28 15:54:16.367] [INFO] 使用的配置文件路径:D:\_Tools\My_Tools_Project\NetworkConfigManager\bin\config\posConfig.ini
[2025-04-28 15:54:16.367] [DEBUG] 初始化快速应用配置菜单
[2025-04-28 15:54:16.386] [INFO] 开始初始化UI组件
[2025-04-28 15:54:16.386] [DEBUG] 设置UI初始状态
[2025-04-28 15:54:16.386] [DEBUG] IP方法切换: DHCP
[2025-04-28 15:54:16.418] [DEBUG] 恢复窗口状态
[2025-04-28 15:54:16.418] [DEBUG] 恢复窗口状态
[2025-04-28 15:54:16.418] [INFO] 窗口状态已恢复
[2025-04-28 15:54:16.419] [INFO] UI初始化完成
[2025-04-28 15:54:16.419] [INFO] 开始初始化应用程序配置
[2025-04-28 15:54:16.419] [INFO] 开始初始化应用程序
[2025-04-28 15:54:16.481] [INFO] 配置文件加载成功
[2025-04-28 15:54:16.481] [DEBUG] 更新网络接口列表
[2025-04-28 15:54:16.481] [DEBUG] 更新网络接口列表
[2025-04-28 15:54:16.631] [INFO] 找到 2 个网络接口
[2025-04-28 15:54:16.632] [DEBUG] 更新所有配置列表
[2025-04-28 15:54:16.632] [INFO] 显示 2 个配置
[2025-04-28 15:54:16.632] [DEBUG] 更新快速应用菜单
[2025-04-28 15:54:16.632] [DEBUG] 获取当前网卡的网络配置
[2025-04-28 15:54:16.632] [DEBUG] 查询接口配置: WLAN
[2025-04-28 15:54:16.692] [DEBUG] 接口 DHCP 状态: 禁用
[2025-04-28 15:54:16.751] [DEBUG] 尝试通过QNetworkInterface获取子网掩码
[2025-04-28 15:54:16.785] [DEBUG] 确定为静态IP模式
[2025-04-28 15:54:16.785] [INFO] 当前网络配置获取完成
[2025-04-28 15:54:16.786] [DEBUG] 获取当前网卡的网络配置
[2025-04-28 15:54:16.786] [DEBUG] 查询接口配置: 以太网
[2025-04-28 15:54:16.892] [DEBUG] 接口 DHCP 状态: 禁用
[2025-04-28 15:54:16.945] [DEBUG] 尝试通过QNetworkInterface获取子网掩码
[2025-04-28 15:54:16.949] [DEBUG] 确定为静态IP模式
[2025-04-28 15:54:16.949] [INFO] 当前网络配置获取完成
[2025-04-28 15:54:16.949] [DEBUG] 比较静态IP配置
[2025-04-28 15:54:16.949] [DEBUG] 比较DHCP配置
[2025-04-28 15:54:16.949] [INFO] 快速应用菜单更新完成
[2025-04-28 15:54:16.949] [INFO] 网络接口列表更新完成
[2025-04-28 15:54:16.949] [INFO] 开机自启动状态: 已启用
[2025-04-28 15:54:16.949] [DEBUG] 显示浮动窗口
[2025-04-28 15:54:16.981] [INFO] 应用程序初始化完成
[2025-04-28 15:54:16.981] [INFO] 初始化系统托盘和悬浮窗
[2025-04-28 15:54:16.981] [INFO] 初始化系统托盘图标
[2025-04-28 15:54:16.986] [DEBUG] 更新快速应用菜单
[2025-04-28 15:54:16.986] [DEBUG] 获取当前网卡的网络配置
[2025-04-28 15:54:16.986] [DEBUG] 查询接口配置: WLAN
[2025-04-28 15:54:17.045] [DEBUG] 接口 DHCP 状态: 禁用
[2025-04-28 15:54:17.120] [DEBUG] 尝试通过QNetworkInterface获取子网掩码
[2025-04-28 15:54:17.124] [DEBUG] 确定为静态IP模式
[2025-04-28 15:54:17.124] [INFO] 当前网络配置获取完成
[2025-04-28 15:54:17.124] [DEBUG] 获取当前网卡的网络配置
[2025-04-28 15:54:17.124] [DEBUG] 查询接口配置: 以太网
[2025-04-28 15:54:17.181] [DEBUG] 接口 DHCP 状态: 禁用
[2025-04-28 15:54:17.237] [DEBUG] 尝试通过QNetworkInterface获取子网掩码
[2025-04-28 15:54:17.240] [DEBUG] 确定为静态IP模式
[2025-04-28 15:54:17.240] [INFO] 当前网络配置获取完成
[2025-04-28 15:54:17.240] [DEBUG] 比较静态IP配置
[2025-04-28 15:54:17.240] [DEBUG] 比较DHCP配置
[2025-04-28 15:54:17.240] [INFO] 快速应用菜单更新完成
[2025-04-28 15:54:17.251] [INFO] 系统托盘图标初始化完成
[2025-04-28 15:54:17.251] [DEBUG] 建立信号槽连接
[2025-04-28 15:54:17.251] [DEBUG] 开始建立信号槽连接
[2025-04-28 15:54:17.252] [INFO] 初始化系统托盘图标
[2025-04-28 15:54:17.252] [DEBUG] 更新快速应用菜单
[2025-04-28 15:54:17.252] [DEBUG] 获取当前网卡的网络配置
[2025-04-28 15:54:17.252] [DEBUG] 查询接口配置: WLAN
[2025-04-28 15:54:17.312] [DEBUG] 接口 DHCP 状态: 禁用
[2025-04-28 15:54:17.367] [DEBUG] 尝试通过QNetworkInterface获取子网掩码
[2025-04-28 15:54:17.371] [DEBUG] 确定为静态IP模式
[2025-04-28 15:54:17.371] [INFO] 当前网络配置获取完成
[2025-04-28 15:54:17.371] [DEBUG] 获取当前网卡的网络配置
[2025-04-28 15:54:17.371] [DEBUG] 查询接口配置: 以太网
[2025-04-28 15:54:17.477] [DEBUG] 接口 DHCP 状态: 禁用
[2025-04-28 15:54:17.533] [DEBUG] 尝试通过QNetworkInterface获取子网掩码
[2025-04-28 15:54:17.536] [DEBUG] 确定为静态IP模式
[2025-04-28 15:54:17.536] [INFO] 当前网络配置获取完成
[2025-04-28 15:54:17.536] [DEBUG] 比较静态IP配置
[2025-04-28 15:54:17.536] [DEBUG] 比较DHCP配置
[2025-04-28 15:54:17.536] [INFO] 快速应用菜单更新完成
[2025-04-28 15:54:17.536] [INFO] 系统托盘图标初始化完成
[2025-04-28 15:54:17.536] [INFO] 信号槽连接建立完成
[2025-04-28 15:54:17.537] [DEBUG] 显示悬浮窗
[2025-04-28 15:54:17.542] [INFO] 主窗口初始化完成
[2025-04-28 15:56:14.344] [DEBUG] 双击托盘图标，显示主窗口
[2025-04-28 15:56:14.356] [DEBUG] 双击托盘图标，显示主窗口
[2025-04-28 15:56:15.280] [INFO] 主窗口关闭事件
[2025-04-28 15:56:15.280] [DEBUG] 保存窗口状态
[2025-04-28 15:56:15.280] [INFO] 窗口状态已保存
[2025-04-28 15:56:15.282] [DEBUG] 主窗口已隐藏，程序在后台运行
[2025-04-28 16:28:21.398] [DEBUG] 显示悬浮窗上下文菜单
[2025-04-28 16:28:21.530] [DEBUG] 获取当前网卡的网络配置
[2025-04-28 16:28:21.530] [DEBUG] 查询接口配置: WLAN
[2025-04-28 16:28:21.585] [DEBUG] 接口 DHCP 状态: 禁用
[2025-04-28 16:28:21.636] [DEBUG] 尝试通过QNetworkInterface获取子网掩码
[2025-04-28 16:28:21.640] [DEBUG] 确定为静态IP模式
[2025-04-28 16:28:21.640] [INFO] 当前网络配置获取完成
[2025-04-28 16:28:21.640] [DEBUG] 获取当前网卡的网络配置
[2025-04-28 16:28:21.640] [DEBUG] 查询接口配置: 以太网
[2025-04-28 16:28:21.693] [DEBUG] 接口 DHCP 状态: 禁用
[2025-04-28 16:28:21.746] [DEBUG] 尝试通过QNetworkInterface获取子网掩码
[2025-04-28 16:28:21.749] [DEBUG] 确定为静态IP模式
[2025-04-28 16:28:21.749] [INFO] 当前网络配置获取完成
[2025-04-28 16:28:21.749] [DEBUG] 比较静态IP配置
[2025-04-28 16:28:21.750] [DEBUG] 比较DHCP配置
[2025-04-28 16:28:23.432] [INFO] 从悬浮窗菜单应用配置: 以太网 (专用)
[2025-04-28 16:28:23.816] [INFO] 配置应用成功: 以太网[自动获取IP]
[2025-04-28 16:28:23.816] [DEBUG] 更新快速应用菜单
[2025-04-28 16:28:23.816] [DEBUG] 获取当前网卡的网络配置
[2025-04-28 16:28:23.816] [DEBUG] 查询接口配置: WLAN
[2025-04-28 16:28:23.902] [DEBUG] 接口 DHCP 状态: 禁用
[2025-04-28 16:28:23.953] [DEBUG] 尝试通过QNetworkInterface获取子网掩码
[2025-04-28 16:28:23.955] [DEBUG] 确定为静态IP模式
[2025-04-28 16:28:23.956] [INFO] 当前网络配置获取完成
[2025-04-28 16:28:23.956] [DEBUG] 获取当前网卡的网络配置
[2025-04-28 16:28:23.956] [DEBUG] 查询接口配置: 以太网
[2025-04-28 16:28:24.006] [DEBUG] 接口 DHCP 状态: 禁用
[2025-04-28 16:28:24.062] [DEBUG] 尝试通过QNetworkInterface获取子网掩码
[2025-04-28 16:28:24.066] [DEBUG] 确定为静态IP模式
[2025-04-28 16:28:24.066] [INFO] 当前网络配置获取完成
[2025-04-28 16:28:24.066] [DEBUG] 比较静态IP配置
[2025-04-28 16:28:24.066] [DEBUG] 比较DHCP配置
[2025-04-28 16:28:24.066] [INFO] 快速应用菜单更新完成
[2025-04-28 16:28:24.066] [DEBUG] 悬浮窗上下文菜单已显示
[2025-04-28 16:30:47.680] [DEBUG] 显示悬浮窗上下文菜单
[2025-04-28 16:30:47.801] [DEBUG] 获取当前网卡的网络配置
[2025-04-28 16:30:47.801] [DEBUG] 查询接口配置: WLAN
[2025-04-28 16:30:47.857] [DEBUG] 接口 DHCP 状态: 禁用
[2025-04-28 16:30:47.910] [DEBUG] 尝试通过QNetworkInterface获取子网掩码
[2025-04-28 16:30:47.913] [DEBUG] 确定为静态IP模式
[2025-04-28 16:30:47.913] [INFO] 当前网络配置获取完成
[2025-04-28 16:30:47.913] [DEBUG] 获取当前网卡的网络配置
[2025-04-28 16:30:47.913] [DEBUG] 查询接口配置: 以太网
[2025-04-28 16:30:47.969] [DEBUG] 接口 DHCP 状态: 禁用
[2025-04-28 16:30:48.024] [DEBUG] 尝试通过QNetworkInterface获取子网掩码
[2025-04-28 16:30:48.027] [DEBUG] 确定为静态IP模式
[2025-04-28 16:30:48.027] [INFO] 当前网络配置获取完成
[2025-04-28 16:30:48.027] [DEBUG] 比较静态IP配置
[2025-04-28 16:30:48.028] [DEBUG] 比较DHCP配置
[2025-04-28 16:30:49.501] [INFO] 从悬浮窗菜单应用配置: 以太网 (专用)
[2025-04-28 16:30:49.777] [INFO] 配置应用成功: 以太网[192.168.4.101]
[2025-04-28 16:30:49.777] [DEBUG] 更新快速应用菜单
[2025-04-28 16:30:49.777] [DEBUG] 获取当前网卡的网络配置
[2025-04-28 16:30:49.777] [DEBUG] 查询接口配置: WLAN
[2025-04-28 16:30:49.937] [DEBUG] 接口 DHCP 状态: 禁用
[2025-04-28 16:30:50.021] [DEBUG] 尝试通过QNetworkInterface获取子网掩码
[2025-04-28 16:30:50.025] [DEBUG] 确定为静态IP模式
[2025-04-28 16:30:50.025] [INFO] 当前网络配置获取完成
[2025-04-28 16:30:50.026] [DEBUG] 获取当前网卡的网络配置
[2025-04-28 16:30:50.026] [DEBUG] 查询接口配置: 以太网
[2025-04-28 16:30:50.159] [DEBUG] 接口 DHCP 状态: 禁用
[2025-04-28 16:30:50.255] [DEBUG] 尝试通过QNetworkInterface获取子网掩码
[2025-04-28 16:30:50.260] [DEBUG] 确定为静态IP模式
[2025-04-28 16:30:50.260] [INFO] 当前网络配置获取完成
[2025-04-28 16:30:50.261] [DEBUG] 比较静态IP配置
[2025-04-28 16:30:50.261] [DEBUG] 比较DHCP配置
[2025-04-28 16:30:50.261] [INFO] 快速应用菜单更新完成
[2025-04-28 16:30:50.261] [DEBUG] 悬浮窗上下文菜单已显示
[2025-04-28 17:30:52.400] [INFO] 开始销毁主窗口
[2025-04-28 17:30:52.400] [DEBUG] 保存窗口状态
[2025-04-28 17:30:52.400] [DEBUG] 保存窗口状态
[2025-04-28 17:30:52.400] [INFO] 窗口状态已保存
[2025-04-28 17:30:52.400] [INFO] 主窗口销毁完成
