[2025-04-21 09:14:15.374] [DEBUG] 开始检查单实例运行
[2025-04-21 09:14:15.375] [DEBUG] 检查程序是否已运行
[2025-04-21 09:14:15.375] [INFO] 单实例检查通过
[2025-04-21 09:14:15.376] [INFO] 使用的配置文件路径:D:\_Tools\My_Tools_Project\NetworkConfigManager\bin\config\posConfig.ini
[2025-04-21 09:14:15.376] [DEBUG] 初始化快速应用配置菜单
[2025-04-21 09:14:15.378] [INFO] 开始初始化UI组件
[2025-04-21 09:14:15.378] [DEBUG] 设置UI初始状态
[2025-04-21 09:14:15.378] [DEBUG] IP方法切换: DHCP
[2025-04-21 09:14:15.389] [DEBUG] 恢复窗口状态
[2025-04-21 09:14:15.389] [DEBUG] 恢复窗口状态
[2025-04-21 09:14:15.390] [INFO] 窗口状态已恢复
[2025-04-21 09:14:15.390] [INFO] UI初始化完成
[2025-04-21 09:14:15.390] [INFO] 开始初始化应用程序配置
[2025-04-21 09:14:15.390] [INFO] 开始初始化应用程序
[2025-04-21 09:14:15.430] [INFO] 配置文件加载成功
[2025-04-21 09:14:15.430] [DEBUG] 更新网络接口列表
[2025-04-21 09:14:15.430] [DEBUG] 更新网络接口列表
[2025-04-21 09:14:15.489] [INFO] 找到 1 个网络接口
[2025-04-21 09:14:15.489] [DEBUG] 更新所有配置列表
[2025-04-21 09:14:15.489] [INFO] 显示 3 个配置
[2025-04-21 09:14:15.489] [DEBUG] 更新快速应用菜单
[2025-04-21 09:14:15.489] [DEBUG] 获取当前网卡的网络配置
[2025-04-21 09:14:15.489] [DEBUG] 查询接口配置: 以太网
[2025-04-21 09:14:15.546] [DEBUG] 接口 DHCP 状态: 禁用
[2025-04-21 09:14:15.602] [DEBUG] 获取IP地址: 192.168.4.101
[2025-04-21 09:14:15.602] [DEBUG] 获取子网掩码: 255.255.255.0
[2025-04-21 09:14:15.602] [DEBUG] 确定为静态IP模式
[2025-04-21 09:14:15.602] [INFO] 当前网络配置获取完成
[2025-04-21 09:14:15.602] [DEBUG] 比较静态IP配置
[2025-04-21 09:14:15.603] [DEBUG] 比较DHCP配置
[2025-04-21 09:14:15.603] [INFO] 快速应用菜单更新完成
[2025-04-21 09:14:15.603] [INFO] 网络接口列表更新完成
[2025-04-21 09:14:15.603] [INFO] 开机自启动状态: 已启用
[2025-04-21 09:14:15.603] [DEBUG] 显示浮动窗口
[2025-04-21 09:14:15.650] [INFO] 应用程序初始化完成
[2025-04-21 09:14:15.650] [INFO] 初始化系统托盘和悬浮窗
[2025-04-21 09:14:15.650] [INFO] 初始化系统托盘图标
[2025-04-21 09:14:15.658] [DEBUG] 更新快速应用菜单
[2025-04-21 09:14:15.658] [DEBUG] 获取当前网卡的网络配置
[2025-04-21 09:14:15.658] [DEBUG] 查询接口配置: 以太网
[2025-04-21 09:14:15.714] [DEBUG] 接口 DHCP 状态: 禁用
[2025-04-21 09:14:15.769] [DEBUG] 获取IP地址: 192.168.4.101
[2025-04-21 09:14:15.769] [DEBUG] 获取子网掩码: 255.255.255.0
[2025-04-21 09:14:15.769] [DEBUG] 确定为静态IP模式
[2025-04-21 09:14:15.769] [INFO] 当前网络配置获取完成
[2025-04-21 09:14:15.770] [DEBUG] 比较静态IP配置
[2025-04-21 09:14:15.770] [DEBUG] 比较DHCP配置
[2025-04-21 09:14:15.770] [INFO] 快速应用菜单更新完成
[2025-04-21 09:14:15.771] [INFO] 系统托盘图标初始化完成
[2025-04-21 09:14:15.771] [DEBUG] 建立信号槽连接
[2025-04-21 09:14:15.771] [DEBUG] 开始建立信号槽连接
[2025-04-21 09:14:15.771] [INFO] 初始化系统托盘图标
[2025-04-21 09:14:15.778] [DEBUG] 更新快速应用菜单
[2025-04-21 09:14:15.778] [DEBUG] 获取当前网卡的网络配置
[2025-04-21 09:14:15.778] [DEBUG] 查询接口配置: 以太网
[2025-04-21 09:14:15.840] [DEBUG] 接口 DHCP 状态: 禁用
[2025-04-21 09:14:15.897] [DEBUG] 获取IP地址: 192.168.4.101
[2025-04-21 09:14:15.897] [DEBUG] 获取子网掩码: 255.255.255.0
[2025-04-21 09:14:15.897] [DEBUG] 确定为静态IP模式
[2025-04-21 09:14:15.897] [INFO] 当前网络配置获取完成
[2025-04-21 09:14:15.897] [DEBUG] 比较静态IP配置
[2025-04-21 09:14:15.897] [DEBUG] 比较DHCP配置
[2025-04-21 09:14:15.897] [INFO] 快速应用菜单更新完成
[2025-04-21 09:14:15.897] [INFO] 系统托盘图标初始化完成
[2025-04-21 09:14:15.897] [INFO] 信号槽连接建立完成
[2025-04-21 09:14:15.898] [DEBUG] 显示悬浮窗
[2025-04-21 09:14:15.912] [INFO] 主窗口初始化完成
[2025-04-21 09:21:57.250] [DEBUG] 显示悬浮窗上下文菜单
[2025-04-21 09:21:57.379] [DEBUG] 获取当前网卡的网络配置
[2025-04-21 09:21:57.379] [DEBUG] 查询接口配置: 以太网
[2025-04-21 09:21:57.435] [DEBUG] 接口 DHCP 状态: 禁用
[2025-04-21 09:21:57.490] [DEBUG] 获取IP地址: 192.168.4.101
[2025-04-21 09:21:57.490] [DEBUG] 获取子网掩码: 255.255.255.0
[2025-04-21 09:21:57.490] [DEBUG] 确定为静态IP模式
[2025-04-21 09:21:57.490] [INFO] 当前网络配置获取完成
[2025-04-21 09:21:57.490] [DEBUG] 比较静态IP配置
[2025-04-21 09:21:57.491] [DEBUG] 比较DHCP配置
[2025-04-21 09:22:00.333] [DEBUG] 悬浮窗上下文菜单已显示
[2025-04-21 17:28:23.673] [DEBUG] 显示悬浮窗上下文菜单
[2025-04-21 17:28:23.833] [DEBUG] 获取当前网卡的网络配置
[2025-04-21 17:28:23.833] [DEBUG] 查询接口配置: WLAN
[2025-04-21 17:28:23.898] [DEBUG] 接口 DHCP 状态: 启用
[2025-04-21 17:28:23.956] [DEBUG] 获取IP地址: 192.168.0.100
[2025-04-21 17:28:23.956] [DEBUG] 获取子网掩码: 255.255.255.0
[2025-04-21 17:28:23.956] [DEBUG] 获取默认网关: 192.168.0.1
[2025-04-21 17:28:23.956] [DEBUG] 确定为DHCP模式(通过DHCP状态检测)
[2025-04-21 17:28:23.956] [INFO] 当前网络配置获取完成
[2025-04-21 17:28:23.956] [DEBUG] 比较DHCP配置
[2025-04-21 17:28:23.957] [DEBUG] 获取当前网卡的网络配置
[2025-04-21 17:28:23.957] [DEBUG] 查询接口配置: 以太网
[2025-04-21 17:28:24.014] [DEBUG] 接口 DHCP 状态: 禁用
[2025-04-21 17:28:24.071] [DEBUG] 获取IP地址: 192.168.4.101
[2025-04-21 17:28:24.071] [DEBUG] 获取子网掩码: 255.255.255.0
[2025-04-21 17:28:24.071] [DEBUG] 确定为静态IP模式
[2025-04-21 17:28:24.071] [INFO] 当前网络配置获取完成
[2025-04-21 17:28:24.071] [DEBUG] 比较静态IP配置
[2025-04-21 17:28:24.072] [DEBUG] 比较DHCP配置
[2025-04-21 17:28:26.659] [INFO] 从悬浮窗菜单应用配置: 以太网 (Dedicated)
[2025-04-21 17:28:27.141] [INFO] 配置应用成功: 以太网[自动获取IP]
[2025-04-21 17:28:27.141] [DEBUG] 更新快速应用菜单
[2025-04-21 17:28:27.141] [DEBUG] 获取当前网卡的网络配置
[2025-04-21 17:28:27.141] [DEBUG] 查询接口配置: WLAN
[2025-04-21 17:28:27.237] [DEBUG] 接口 DHCP 状态: 启用
[2025-04-21 17:28:27.313] [DEBUG] 获取IP地址: 192.168.0.100
[2025-04-21 17:28:27.313] [DEBUG] 获取子网掩码: 255.255.255.0
[2025-04-21 17:28:27.313] [DEBUG] 获取默认网关: 192.168.0.1
[2025-04-21 17:28:27.313] [DEBUG] 确定为DHCP模式(通过DHCP状态检测)
[2025-04-21 17:28:27.313] [INFO] 当前网络配置获取完成
[2025-04-21 17:28:27.314] [DEBUG] 比较DHCP配置
[2025-04-21 17:28:27.314] [DEBUG] 获取当前网卡的网络配置
[2025-04-21 17:28:27.314] [DEBUG] 查询接口配置: 以太网
[2025-04-21 17:28:27.403] [DEBUG] 接口 DHCP 状态: 启用
[2025-04-21 17:28:27.462] [DEBUG] 获取IP地址: 192.168.20.82
[2025-04-21 17:28:27.462] [DEBUG] 获取子网掩码: 255.255.255.0
[2025-04-21 17:28:27.462] [DEBUG] 获取默认网关: 192.168.20.1
[2025-04-21 17:28:27.462] [DEBUG] 确定为DHCP模式(通过DHCP状态检测)
[2025-04-21 17:28:27.462] [INFO] 当前网络配置获取完成
[2025-04-21 17:28:27.463] [DEBUG] 比较静态IP配置
[2025-04-21 17:28:27.463] [DEBUG] 比较DHCP配置
[2025-04-21 17:28:27.463] [INFO] 快速应用菜单更新完成
[2025-04-21 17:28:27.463] [DEBUG] 悬浮窗上下文菜单已显示
[2025-04-21 17:28:36.640] [DEBUG] 显示悬浮窗上下文菜单
[2025-04-21 17:28:36.745] [DEBUG] 获取当前网卡的网络配置
[2025-04-21 17:28:36.745] [DEBUG] 查询接口配置: WLAN
[2025-04-21 17:28:36.807] [DEBUG] 接口 DHCP 状态: 启用
[2025-04-21 17:28:36.873] [DEBUG] 获取IP地址: 192.168.0.100
[2025-04-21 17:28:36.873] [DEBUG] 获取子网掩码: 255.255.255.0
[2025-04-21 17:28:36.873] [DEBUG] 获取默认网关: 192.168.0.1
[2025-04-21 17:28:36.873] [DEBUG] 确定为DHCP模式(通过DHCP状态检测)
[2025-04-21 17:28:37.458] [INFO] 当前网络配置获取完成
[2025-04-21 17:28:37.458] [DEBUG] 比较DHCP配置
[2025-04-21 17:28:37.458] [DEBUG] 获取当前网卡的网络配置
[2025-04-21 17:28:37.458] [DEBUG] 查询接口配置: 以太网
[2025-04-21 17:28:37.525] [DEBUG] 接口 DHCP 状态: 启用
[2025-04-21 17:28:37.590] [DEBUG] 获取IP地址: 192.168.20.82
[2025-04-21 17:28:37.590] [DEBUG] 获取子网掩码: 255.255.255.0
[2025-04-21 17:28:37.591] [DEBUG] 获取默认网关: 192.168.20.1
[2025-04-21 17:28:37.591] [DEBUG] 确定为DHCP模式(通过DHCP状态检测)
[2025-04-21 17:28:37.591] [INFO] 当前网络配置获取完成
[2025-04-21 17:28:37.591] [DEBUG] 比较静态IP配置
[2025-04-21 17:28:37.591] [DEBUG] 比较DHCP配置
[2025-04-21 17:28:40.988] [INFO] 从悬浮窗菜单应用配置: 以太网 (Dedicated)
[2025-04-21 17:28:41.458] [INFO] 配置应用成功: 以太网[192.168.4.101]
[2025-04-21 17:28:41.458] [DEBUG] 更新快速应用菜单
[2025-04-21 17:28:41.458] [DEBUG] 获取当前网卡的网络配置
[2025-04-21 17:28:41.458] [DEBUG] 查询接口配置: WLAN
[2025-04-21 17:28:41.583] [DEBUG] 接口 DHCP 状态: 启用
[2025-04-21 17:28:41.717] [DEBUG] 获取IP地址: 192.168.0.100
[2025-04-21 17:28:41.717] [DEBUG] 获取子网掩码: 255.255.255.0
[2025-04-21 17:28:41.718] [DEBUG] 获取默认网关: 192.168.0.1
[2025-04-21 17:28:41.718] [DEBUG] 确定为DHCP模式(通过DHCP状态检测)
[2025-04-21 17:28:41.718] [INFO] 当前网络配置获取完成
[2025-04-21 17:28:41.718] [DEBUG] 比较DHCP配置
[2025-04-21 17:28:41.719] [DEBUG] 获取当前网卡的网络配置
[2025-04-21 17:28:41.719] [DEBUG] 查询接口配置: 以太网
[2025-04-21 17:28:41.810] [DEBUG] 接口 DHCP 状态: 禁用
[2025-04-21 17:28:41.889] [DEBUG] 尝试通过QNetworkInterface获取子网掩码
[2025-04-21 17:28:41.894] [DEBUG] 确定为静态IP模式
[2025-04-21 17:28:41.894] [INFO] 当前网络配置获取完成
[2025-04-21 17:28:41.895] [DEBUG] 比较静态IP配置
[2025-04-21 17:28:41.895] [DEBUG] 比较DHCP配置
[2025-04-21 17:28:41.895] [INFO] 快速应用菜单更新完成
[2025-04-21 17:28:41.895] [DEBUG] 悬浮窗上下文菜单已显示
[2025-04-22 09:28:28.947] [DEBUG] 显示悬浮窗上下文菜单
[2025-04-22 09:28:29.075] [DEBUG] 获取当前网卡的网络配置
[2025-04-22 09:28:29.075] [DEBUG] 查询接口配置: WLAN
[2025-04-22 09:28:29.136] [DEBUG] 接口 DHCP 状态: 启用
[2025-04-22 09:28:29.197] [DEBUG] 获取IP地址: 192.168.0.100
[2025-04-22 09:28:29.197] [DEBUG] 获取子网掩码: 255.255.255.0
[2025-04-22 09:28:29.197] [DEBUG] 获取默认网关: 192.168.0.1
[2025-04-22 09:28:29.197] [DEBUG] 确定为DHCP模式(通过DHCP状态检测)
[2025-04-22 09:28:29.197] [INFO] 当前网络配置获取完成
[2025-04-22 09:28:29.197] [DEBUG] 比较DHCP配置
[2025-04-22 09:28:29.198] [DEBUG] 获取当前网卡的网络配置
[2025-04-22 09:28:29.198] [DEBUG] 查询接口配置: 以太网
[2025-04-22 09:28:29.255] [DEBUG] 接口 DHCP 状态: 禁用
[2025-04-22 09:28:29.315] [DEBUG] 获取IP地址: 192.168.4.101
[2025-04-22 09:28:29.315] [DEBUG] 获取子网掩码: 255.255.255.0
[2025-04-22 09:28:29.315] [DEBUG] 确定为静态IP模式
[2025-04-22 09:28:29.315] [INFO] 当前网络配置获取完成
[2025-04-22 09:28:29.315] [DEBUG] 比较静态IP配置
[2025-04-22 09:28:29.316] [DEBUG] 比较DHCP配置
[2025-04-22 09:28:31.542] [INFO] 从悬浮窗菜单应用配置: 以太网 (Dedicated)
[2025-04-22 09:28:31.845] [INFO] 配置应用成功: 以太网[自动获取IP]
[2025-04-22 09:28:31.846] [DEBUG] 更新快速应用菜单
[2025-04-22 09:28:31.846] [DEBUG] 获取当前网卡的网络配置
[2025-04-22 09:28:31.846] [DEBUG] 查询接口配置: WLAN
[2025-04-22 09:28:32.002] [DEBUG] 接口 DHCP 状态: 启用
[2025-04-22 09:28:32.092] [DEBUG] 获取IP地址: 192.168.0.100
[2025-04-22 09:28:32.092] [DEBUG] 获取子网掩码: 255.255.255.0
[2025-04-22 09:28:32.092] [DEBUG] 获取默认网关: 192.168.0.1
[2025-04-22 09:28:32.092] [DEBUG] 确定为DHCP模式(通过DHCP状态检测)
[2025-04-22 09:28:32.092] [INFO] 当前网络配置获取完成
[2025-04-22 09:28:32.093] [DEBUG] 比较DHCP配置
[2025-04-22 09:28:32.093] [DEBUG] 获取当前网卡的网络配置
[2025-04-22 09:28:32.093] [DEBUG] 查询接口配置: 以太网
[2025-04-22 09:28:32.178] [DEBUG] 接口 DHCP 状态: 启用
[2025-04-22 09:28:32.251] [DEBUG] 尝试通过QNetworkInterface获取子网掩码
[2025-04-22 09:28:32.255] [DEBUG] 确定为DHCP模式(通过DHCP状态检测)
[2025-04-22 09:28:32.255] [INFO] 当前网络配置获取完成
[2025-04-22 09:28:32.256] [DEBUG] 比较静态IP配置
[2025-04-22 09:28:32.256] [DEBUG] 比较DHCP配置
[2025-04-22 09:28:32.256] [INFO] 快速应用菜单更新完成
[2025-04-22 09:28:32.256] [DEBUG] 悬浮窗上下文菜单已显示
[2025-04-22 09:28:38.547] [DEBUG] 显示悬浮窗上下文菜单
[2025-04-22 09:28:38.672] [DEBUG] 获取当前网卡的网络配置
[2025-04-22 09:28:38.672] [DEBUG] 查询接口配置: WLAN
[2025-04-22 09:28:38.735] [DEBUG] 接口 DHCP 状态: 启用
[2025-04-22 09:28:38.793] [DEBUG] 获取IP地址: 192.168.0.100
[2025-04-22 09:28:38.793] [DEBUG] 获取子网掩码: 255.255.255.0
[2025-04-22 09:28:38.793] [DEBUG] 获取默认网关: 192.168.0.1
[2025-04-22 09:28:38.793] [DEBUG] 确定为DHCP模式(通过DHCP状态检测)
[2025-04-22 09:28:38.793] [INFO] 当前网络配置获取完成
[2025-04-22 09:28:38.794] [DEBUG] 比较DHCP配置
[2025-04-22 09:28:38.794] [DEBUG] 获取当前网卡的网络配置
[2025-04-22 09:28:38.794] [DEBUG] 查询接口配置: 以太网
[2025-04-22 09:28:38.852] [DEBUG] 接口 DHCP 状态: 启用
[2025-04-22 09:28:38.909] [DEBUG] 尝试通过QNetworkInterface获取子网掩码
[2025-04-22 09:28:38.913] [DEBUG] 确定为DHCP模式(通过DHCP状态检测)
[2025-04-22 09:28:38.913] [INFO] 当前网络配置获取完成
[2025-04-22 09:28:38.914] [DEBUG] 比较静态IP配置
[2025-04-22 09:28:38.914] [DEBUG] 比较DHCP配置
[2025-04-22 09:28:41.138] [DEBUG] 悬浮窗上下文菜单已显示
[2025-04-22 09:54:11.863] [DEBUG] 显示悬浮窗上下文菜单
[2025-04-22 09:54:11.988] [DEBUG] 获取当前网卡的网络配置
[2025-04-22 09:54:11.988] [DEBUG] 查询接口配置: WLAN
[2025-04-22 09:54:12.051] [DEBUG] 接口 DHCP 状态: 启用
[2025-04-22 09:54:12.109] [DEBUG] 获取IP地址: 192.168.0.100
[2025-04-22 09:54:12.109] [DEBUG] 获取子网掩码: 255.255.255.0
[2025-04-22 09:54:12.109] [DEBUG] 获取默认网关: 192.168.0.1
[2025-04-22 09:54:12.109] [DEBUG] 确定为DHCP模式(通过DHCP状态检测)
[2025-04-22 09:54:12.110] [INFO] 当前网络配置获取完成
[2025-04-22 09:54:12.110] [DEBUG] 比较DHCP配置
[2025-04-22 09:54:12.110] [DEBUG] 获取当前网卡的网络配置
[2025-04-22 09:54:12.110] [DEBUG] 查询接口配置: 以太网
[2025-04-22 09:54:12.170] [DEBUG] 接口 DHCP 状态: 启用
[2025-04-22 09:54:12.230] [DEBUG] 获取IP地址: 192.168.20.52
[2025-04-22 09:54:12.230] [DEBUG] 获取子网掩码: 255.255.255.0
[2025-04-22 09:54:12.230] [DEBUG] 获取默认网关: 192.168.20.1
[2025-04-22 09:54:12.230] [DEBUG] 确定为DHCP模式(通过DHCP状态检测)
[2025-04-22 09:54:12.230] [INFO] 当前网络配置获取完成
[2025-04-22 09:54:12.230] [DEBUG] 比较静态IP配置
[2025-04-22 09:54:12.231] [DEBUG] 比较DHCP配置
[2025-04-22 09:54:14.130] [INFO] 从悬浮窗菜单应用配置: 以太网 (Dedicated)
[2025-04-22 09:54:14.731] [INFO] 配置应用成功: 以太网[192.168.4.101]
[2025-04-22 09:54:14.731] [DEBUG] 更新快速应用菜单
[2025-04-22 09:54:14.731] [DEBUG] 获取当前网卡的网络配置
[2025-04-22 09:54:14.731] [DEBUG] 查询接口配置: WLAN
[2025-04-22 09:54:14.908] [DEBUG] 接口 DHCP 状态: 启用
[2025-04-22 09:54:15.032] [DEBUG] 获取IP地址: 192.168.0.100
[2025-04-22 09:54:15.032] [DEBUG] 获取子网掩码: 255.255.255.0
[2025-04-22 09:54:15.033] [DEBUG] 获取默认网关: 192.168.0.1
[2025-04-22 09:54:15.033] [DEBUG] 确定为DHCP模式(通过DHCP状态检测)
[2025-04-22 09:54:15.033] [INFO] 当前网络配置获取完成
[2025-04-22 09:54:15.033] [DEBUG] 比较DHCP配置
[2025-04-22 09:54:15.034] [DEBUG] 获取当前网卡的网络配置
[2025-04-22 09:54:15.034] [DEBUG] 查询接口配置: 以太网
[2025-04-22 09:54:15.121] [DEBUG] 接口 DHCP 状态: 禁用
[2025-04-22 09:54:15.205] [DEBUG] 尝试通过QNetworkInterface获取子网掩码
[2025-04-22 09:54:15.211] [DEBUG] 确定为静态IP模式
[2025-04-22 09:54:15.211] [INFO] 当前网络配置获取完成
[2025-04-22 09:54:15.212] [DEBUG] 比较静态IP配置
[2025-04-22 09:54:15.212] [DEBUG] 比较DHCP配置
[2025-04-22 09:54:15.212] [INFO] 快速应用菜单更新完成
[2025-04-22 09:54:15.212] [DEBUG] 悬浮窗上下文菜单已显示
