[2025-04-24 17:28:42.210] [DEBUG] 开始检查单实例运行
[2025-04-24 17:28:42.210] [DEBUG] 检查程序是否已运行
[2025-04-24 17:28:42.211] [INFO] 单实例检查通过
[2025-04-24 17:28:42.212] [INFO] 使用的配置文件路径:D:\_Tools\My_Tools_Project\NetworkConfigManager\bin\config\posConfig.ini
[2025-04-24 17:28:42.212] [DEBUG] 初始化快速应用配置菜单
[2025-04-24 17:28:42.212] [INFO] 开始初始化UI组件
[2025-04-24 17:28:42.212] [DEBUG] 设置UI初始状态
[2025-04-24 17:28:42.212] [DEBUG] IP方法切换: DHCP
[2025-04-24 17:28:42.250] [DEBUG] 恢复窗口状态
[2025-04-24 17:28:42.250] [DEBUG] 恢复窗口状态
[2025-04-24 17:28:42.251] [INFO] 窗口状态已恢复
[2025-04-24 17:28:42.251] [INFO] UI初始化完成
[2025-04-24 17:28:42.251] [INFO] 开始初始化应用程序配置
[2025-04-24 17:28:42.251] [INFO] 开始初始化应用程序
[2025-04-24 17:28:42.350] [INFO] 配置文件加载成功
[2025-04-24 17:28:42.350] [DEBUG] 更新网络接口列表
[2025-04-24 17:28:42.350] [DEBUG] 更新网络接口列表
[2025-04-24 17:28:42.497] [INFO] 找到 1 个网络接口
[2025-04-24 17:28:42.498] [DEBUG] 更新所有配置列表
[2025-04-24 17:28:42.498] [INFO] 显示 3 个配置
[2025-04-24 17:28:42.498] [DEBUG] 更新快速应用菜单
[2025-04-24 17:28:42.498] [DEBUG] 获取当前网卡的网络配置
[2025-04-24 17:28:42.498] [DEBUG] 查询接口配置: WLAN
[2025-04-24 17:28:42.568] [DEBUG] 接口 DHCP 状态: 禁用
[2025-04-24 17:28:42.633] [DEBUG] 尝试通过QNetworkInterface获取子网掩码
[2025-04-24 17:28:42.663] [DEBUG] 确定为静态IP模式
[2025-04-24 17:28:42.663] [INFO] 当前网络配置获取完成
[2025-04-24 17:28:42.665] [DEBUG] 比较DHCP配置
[2025-04-24 17:28:42.665] [INFO] 快速应用菜单更新完成
[2025-04-24 17:28:42.665] [INFO] 网络接口列表更新完成
[2025-04-24 17:28:42.665] [INFO] 开机自启动状态: 已禁用
[2025-04-24 17:28:42.665] [DEBUG] 显示浮动窗口
[2025-04-24 17:28:42.752] [INFO] 应用程序初始化完成
[2025-04-24 17:28:42.752] [INFO] 初始化系统托盘和悬浮窗
[2025-04-24 17:28:42.752] [INFO] 初始化系统托盘图标
[2025-04-24 17:28:42.756] [DEBUG] 更新快速应用菜单
[2025-04-24 17:28:42.756] [DEBUG] 获取当前网卡的网络配置
[2025-04-24 17:28:42.756] [DEBUG] 查询接口配置: WLAN
[2025-04-24 17:28:42.818] [DEBUG] 接口 DHCP 状态: 禁用
[2025-04-24 17:28:42.878] [DEBUG] 尝试通过QNetworkInterface获取子网掩码
[2025-04-24 17:28:42.881] [DEBUG] 确定为静态IP模式
[2025-04-24 17:28:42.881] [INFO] 当前网络配置获取完成
[2025-04-24 17:28:42.881] [DEBUG] 比较DHCP配置
[2025-04-24 17:28:42.881] [INFO] 快速应用菜单更新完成
[2025-04-24 17:28:42.898] [INFO] 系统托盘图标初始化完成
[2025-04-24 17:28:42.898] [DEBUG] 建立信号槽连接
[2025-04-24 17:28:42.898] [DEBUG] 开始建立信号槽连接
[2025-04-24 17:28:42.898] [INFO] 初始化系统托盘图标
[2025-04-24 17:28:42.899] [DEBUG] 更新快速应用菜单
[2025-04-24 17:28:42.899] [DEBUG] 获取当前网卡的网络配置
[2025-04-24 17:28:42.899] [DEBUG] 查询接口配置: WLAN
[2025-04-24 17:28:42.968] [DEBUG] 接口 DHCP 状态: 禁用
[2025-04-24 17:28:43.035] [DEBUG] 尝试通过QNetworkInterface获取子网掩码
[2025-04-24 17:28:43.038] [DEBUG] 确定为静态IP模式
[2025-04-24 17:28:43.039] [INFO] 当前网络配置获取完成
[2025-04-24 17:28:43.039] [DEBUG] 比较DHCP配置
[2025-04-24 17:28:43.039] [INFO] 快速应用菜单更新完成
[2025-04-24 17:28:43.039] [INFO] 系统托盘图标初始化完成
[2025-04-24 17:28:43.039] [INFO] 信号槽连接建立完成
[2025-04-24 17:28:43.040] [DEBUG] 显示悬浮窗
[2025-04-24 17:28:43.053] [INFO] 主窗口初始化完成
[2025-04-24 17:28:48.896] [DEBUG] 更新网络接口列表
[2025-04-24 17:28:48.896] [WARNING] 无效的网络接口索引
[2025-04-24 17:28:48.896] [INFO] 找到 1 个网络接口
[2025-04-24 17:28:48.896] [DEBUG] 选择网络接口: WLAN (专用)
[2025-04-24 17:28:48.896] [DEBUG] 更新所有配置列表
[2025-04-24 17:28:48.896] [INFO] 显示 3 个配置
[2025-04-24 17:28:48.896] [DEBUG] 更新快速应用菜单
[2025-04-24 17:28:48.896] [DEBUG] 获取当前网卡的网络配置
[2025-04-24 17:28:48.896] [DEBUG] 查询接口配置: WLAN
[2025-04-24 17:28:48.958] [DEBUG] 接口 DHCP 状态: 禁用
[2025-04-24 17:28:49.020] [DEBUG] 尝试通过QNetworkInterface获取子网掩码
[2025-04-24 17:28:49.022] [DEBUG] 确定为静态IP模式
[2025-04-24 17:28:49.022] [INFO] 当前网络配置获取完成
[2025-04-24 17:28:49.023] [DEBUG] 比较DHCP配置
[2025-04-24 17:28:49.023] [INFO] 快速应用菜单更新完成
[2025-04-24 17:28:49.023] [INFO] 网络接口列表更新完成
[2025-04-24 17:28:54.767] [DEBUG] 选择配置: [以太网] 自动获取IP
[2025-04-24 17:28:54.767] [DEBUG] 配置使用DHCP模式
[2025-04-24 17:28:54.767] [INFO] 已加载配置: [以太网] 自动获取IP
[2025-04-24 17:28:55.472] [INFO] 开始删除配置
[2025-04-24 17:28:56.218] [DEBUG] 用户确认删除配置: [以太网] 自动获取IP
[2025-04-24 17:28:56.218] [INFO] 配置删除成功: [以太网] 自动获取IP
[2025-04-24 17:28:56.218] [DEBUG] 更新所有配置列表
[2025-04-24 17:28:56.218] [INFO] 显示 2 个配置
[2025-04-24 17:28:56.218] [DEBUG] 更新快速应用菜单
[2025-04-24 17:28:56.218] [DEBUG] 获取当前网卡的网络配置
[2025-04-24 17:28:56.218] [DEBUG] 查询接口配置: WLAN
[2025-04-24 17:28:56.285] [DEBUG] 接口 DHCP 状态: 禁用
[2025-04-24 17:28:56.350] [DEBUG] 尝试通过QNetworkInterface获取子网掩码
[2025-04-24 17:28:56.352] [DEBUG] 确定为静态IP模式
[2025-04-24 17:28:56.352] [INFO] 当前网络配置获取完成
[2025-04-24 17:28:56.353] [DEBUG] 比较DHCP配置
[2025-04-24 17:28:56.353] [INFO] 快速应用菜单更新完成
[2025-04-24 17:28:56.353] [DEBUG] 清空表单字段
[2025-04-24 17:28:57.575] [DEBUG] 选择配置: [以太网] 192.168.4.101
[2025-04-24 17:28:57.576] [DEBUG] IP方法切换: 静态IP
[2025-04-24 17:28:57.576] [DEBUG] 配置使用静态IP模式
[2025-04-24 17:28:57.577] [INFO] 已加载配置: [以太网] 192.168.4.101
[2025-04-24 17:28:58.240] [INFO] 开始删除配置
[2025-04-24 17:28:58.873] [DEBUG] 用户确认删除配置: [以太网] 192.168.4.101
[2025-04-24 17:28:58.874] [INFO] 配置删除成功: [以太网] 192.168.4.101
[2025-04-24 17:28:58.874] [DEBUG] 更新所有配置列表
[2025-04-24 17:28:58.874] [INFO] 显示 1 个配置
[2025-04-24 17:28:58.874] [DEBUG] 更新快速应用菜单
[2025-04-24 17:28:58.874] [DEBUG] 获取当前网卡的网络配置
[2025-04-24 17:28:58.874] [DEBUG] 查询接口配置: WLAN
[2025-04-24 17:28:58.944] [DEBUG] 接口 DHCP 状态: 禁用
[2025-04-24 17:28:59.006] [DEBUG] 尝试通过QNetworkInterface获取子网掩码
[2025-04-24 17:28:59.009] [DEBUG] 确定为静态IP模式
[2025-04-24 17:28:59.009] [INFO] 当前网络配置获取完成
[2025-04-24 17:28:59.009] [DEBUG] 比较DHCP配置
[2025-04-24 17:28:59.009] [INFO] 快速应用菜单更新完成
[2025-04-24 17:28:59.009] [DEBUG] 清空表单字段
[2025-04-24 17:28:59.010] [DEBUG] IP方法切换: DHCP
[2025-04-24 17:29:00.247] [DEBUG] 选择配置: [WLAN] 自动获取IP
[2025-04-24 17:29:00.247] [DEBUG] 配置使用DHCP模式
[2025-04-24 17:29:00.247] [INFO] 已加载配置: [WLAN] 自动获取IP
[2025-04-24 17:29:00.839] [INFO] 开始删除配置
[2025-04-24 17:29:01.498] [DEBUG] 用户确认删除配置: [WLAN] 自动获取IP
[2025-04-24 17:29:01.499] [INFO] 配置删除成功: [WLAN] 自动获取IP
[2025-04-24 17:29:01.499] [DEBUG] 更新所有配置列表
[2025-04-24 17:29:01.499] [INFO] 显示 0 个配置
[2025-04-24 17:29:01.499] [DEBUG] 更新快速应用菜单
[2025-04-24 17:29:01.499] [DEBUG] 获取当前网卡的网络配置
[2025-04-24 17:29:01.499] [DEBUG] 查询接口配置: WLAN
[2025-04-24 17:29:01.567] [DEBUG] 接口 DHCP 状态: 禁用
[2025-04-24 17:29:01.634] [DEBUG] 尝试通过QNetworkInterface获取子网掩码
[2025-04-24 17:29:01.638] [DEBUG] 确定为静态IP模式
[2025-04-24 17:29:01.638] [INFO] 当前网络配置获取完成
[2025-04-24 17:29:01.638] [INFO] 快速应用菜单更新完成
[2025-04-24 17:29:01.638] [DEBUG] 清空表单字段
[2025-04-24 17:29:17.983] [DEBUG] 更新网络接口列表
[2025-04-24 17:29:17.983] [WARNING] 无效的网络接口索引
[2025-04-24 17:29:18.056] [INFO] 找到 2 个网络接口
[2025-04-24 17:29:18.056] [DEBUG] 选择网络接口: WLAN (专用)
[2025-04-24 17:29:18.056] [DEBUG] 更新所有配置列表
[2025-04-24 17:29:18.056] [INFO] 显示 0 个配置
[2025-04-24 17:29:18.056] [DEBUG] 更新快速应用菜单
[2025-04-24 17:29:18.056] [DEBUG] 获取当前网卡的网络配置
[2025-04-24 17:29:18.056] [DEBUG] 查询接口配置: WLAN
[2025-04-24 17:29:18.120] [DEBUG] 接口 DHCP 状态: 禁用
[2025-04-24 17:29:18.189] [DEBUG] 尝试通过QNetworkInterface获取子网掩码
[2025-04-24 17:29:18.192] [DEBUG] 确定为静态IP模式
[2025-04-24 17:29:18.192] [INFO] 当前网络配置获取完成
[2025-04-24 17:29:18.192] [DEBUG] 获取当前网卡的网络配置
[2025-04-24 17:29:18.192] [DEBUG] 查询接口配置: 以太网
[2025-04-24 17:29:18.253] [DEBUG] 接口 DHCP 状态: 禁用
[2025-04-24 17:29:18.317] [DEBUG] 尝试通过QNetworkInterface获取子网掩码
[2025-04-24 17:29:18.321] [DEBUG] 确定为静态IP模式
[2025-04-24 17:29:18.321] [INFO] 当前网络配置获取完成
[2025-04-24 17:29:18.321] [INFO] 快速应用菜单更新完成
[2025-04-24 17:29:18.321] [INFO] 网络接口列表更新完成
[2025-04-24 17:29:19.912] [DEBUG] 选择网络接口: 以太网 (专用)
[2025-04-24 17:29:22.807] [DEBUG] IP方法切换: 静态IP
[2025-04-24 17:29:23.975] [DEBUG] IP方法切换: DHCP
[2025-04-24 17:29:25.495] [INFO] 开始添加新配置
[2025-04-24 17:29:34.877] [DEBUG] 获取当前表单配置: 方法=dhcp, IP=
[2025-04-24 17:29:34.877] [DEBUG] DHCP配置无需验证
[2025-04-24 17:29:34.877] [INFO] IP配置验证通过
[2025-04-24 17:29:34.878] [INFO] 配置添加成功: [以太网] 自动获取IP
[2025-04-24 17:29:34.878] [DEBUG] 更新所有配置列表
[2025-04-24 17:29:34.878] [INFO] 显示 1 个配置
[2025-04-24 17:29:34.878] [DEBUG] 更新快速应用菜单
[2025-04-24 17:29:34.878] [DEBUG] 获取当前网卡的网络配置
[2025-04-24 17:29:34.878] [DEBUG] 查询接口配置: WLAN
[2025-04-24 17:29:34.946] [DEBUG] 接口 DHCP 状态: 禁用
[2025-04-24 17:29:35.012] [DEBUG] 尝试通过QNetworkInterface获取子网掩码
[2025-04-24 17:29:35.016] [DEBUG] 确定为静态IP模式
[2025-04-24 17:29:35.016] [INFO] 当前网络配置获取完成
[2025-04-24 17:29:35.016] [DEBUG] 获取当前网卡的网络配置
[2025-04-24 17:29:35.016] [DEBUG] 查询接口配置: 以太网
[2025-04-24 17:29:35.083] [DEBUG] 接口 DHCP 状态: 禁用
[2025-04-24 17:29:35.146] [DEBUG] 尝试通过QNetworkInterface获取子网掩码
[2025-04-24 17:29:35.149] [DEBUG] 确定为静态IP模式
[2025-04-24 17:29:35.149] [INFO] 当前网络配置获取完成
[2025-04-24 17:29:35.149] [DEBUG] 比较DHCP配置
[2025-04-24 17:29:35.149] [INFO] 快速应用菜单更新完成
[2025-04-24 17:29:38.160] [DEBUG] IP方法切换: 静态IP
[2025-04-24 17:29:50.015] [INFO] 开始添加新配置
[2025-04-24 17:29:52.313] [DEBUG] 用户取消添加配置或输入为空
[2025-04-24 17:29:54.095] [INFO] 开始添加新配置
[2025-04-24 17:29:55.425] [DEBUG] 获取当前表单配置: 方法=static, IP=192.168.4.101
[2025-04-24 17:29:55.425] [DEBUG] 验证静态IP配置
[2025-04-24 17:29:55.425] [INFO] IP配置验证通过
[2025-04-24 17:29:55.426] [INFO] 配置添加成功: [以太网] 192.168.4.101
[2025-04-24 17:29:55.426] [DEBUG] 更新所有配置列表
[2025-04-24 17:29:55.426] [INFO] 显示 2 个配置
[2025-04-24 17:29:55.426] [DEBUG] 更新快速应用菜单
[2025-04-24 17:29:55.495] [DEBUG] 获取当前网卡的网络配置
[2025-04-24 17:29:55.495] [DEBUG] 查询接口配置: WLAN
[2025-04-24 17:29:55.564] [DEBUG] 接口 DHCP 状态: 禁用
[2025-04-24 17:29:55.631] [DEBUG] 尝试通过QNetworkInterface获取子网掩码
[2025-04-24 17:29:55.636] [DEBUG] 确定为静态IP模式
[2025-04-24 17:29:55.636] [INFO] 当前网络配置获取完成
[2025-04-24 17:29:55.637] [DEBUG] 获取当前网卡的网络配置
[2025-04-24 17:29:55.637] [DEBUG] 查询接口配置: 以太网
[2025-04-24 17:29:55.703] [DEBUG] 接口 DHCP 状态: 禁用
[2025-04-24 17:29:55.765] [DEBUG] 尝试通过QNetworkInterface获取子网掩码
[2025-04-24 17:29:55.768] [DEBUG] 确定为静态IP模式
[2025-04-24 17:29:55.768] [INFO] 当前网络配置获取完成
[2025-04-24 17:29:55.769] [DEBUG] 比较静态IP配置
[2025-04-24 17:29:55.769] [DEBUG] 比较DHCP配置
[2025-04-24 17:29:55.769] [INFO] 快速应用菜单更新完成
[2025-04-24 17:29:58.319] [DEBUG] 选择网络接口: WLAN (专用)
[2025-04-24 17:29:59.694] [DEBUG] IP方法切换: DHCP
[2025-04-24 17:30:02.069] [DEBUG] IP方法切换: 静态IP
[2025-04-24 17:30:04.557] [DEBUG] IP方法切换: DHCP
[2025-04-24 17:30:06.525] [INFO] 开始添加新配置
[2025-04-24 17:30:11.522] [DEBUG] 获取当前表单配置: 方法=dhcp, IP=
[2025-04-24 17:30:11.522] [DEBUG] DHCP配置无需验证
[2025-04-24 17:30:11.522] [INFO] IP配置验证通过
[2025-04-24 17:30:11.522] [INFO] 配置添加成功: [WLAN] 自动获取IP
[2025-04-24 17:30:11.522] [DEBUG] 更新所有配置列表
[2025-04-24 17:30:11.522] [INFO] 显示 3 个配置
[2025-04-24 17:30:11.522] [DEBUG] 更新快速应用菜单
[2025-04-24 17:30:11.522] [DEBUG] 获取当前网卡的网络配置
[2025-04-24 17:30:11.522] [DEBUG] 查询接口配置: WLAN
[2025-04-24 17:30:11.592] [DEBUG] 接口 DHCP 状态: 禁用
[2025-04-24 17:30:11.659] [DEBUG] 尝试通过QNetworkInterface获取子网掩码
[2025-04-24 17:30:11.663] [DEBUG] 确定为静态IP模式
[2025-04-24 17:30:11.663] [INFO] 当前网络配置获取完成
[2025-04-24 17:30:11.664] [DEBUG] 比较DHCP配置
[2025-04-24 17:30:11.664] [DEBUG] 获取当前网卡的网络配置
[2025-04-24 17:30:11.664] [DEBUG] 查询接口配置: 以太网
[2025-04-24 17:30:11.730] [DEBUG] 接口 DHCP 状态: 禁用
[2025-04-24 17:30:11.793] [DEBUG] 尝试通过QNetworkInterface获取子网掩码
[2025-04-24 17:30:11.796] [DEBUG] 确定为静态IP模式
[2025-04-24 17:30:11.796] [INFO] 当前网络配置获取完成
[2025-04-24 17:30:11.796] [DEBUG] 比较静态IP配置
[2025-04-24 17:30:11.797] [DEBUG] 比较DHCP配置
[2025-04-24 17:30:11.797] [INFO] 快速应用菜单更新完成
[2025-04-24 17:30:16.087] [INFO] 主窗口关闭事件
[2025-04-24 17:30:16.087] [DEBUG] 保存窗口状态
[2025-04-24 17:30:16.087] [INFO] 窗口状态已保存
[2025-04-24 17:30:16.090] [DEBUG] 主窗口已隐藏，程序在后台运行
[2025-04-24 17:30:17.311] [DEBUG] 显示悬浮窗上下文菜单
[2025-04-24 17:30:17.311] [DEBUG] 获取当前网卡的网络配置
[2025-04-24 17:30:17.311] [DEBUG] 查询接口配置: WLAN
[2025-04-24 17:30:17.377] [DEBUG] 接口 DHCP 状态: 禁用
[2025-04-24 17:30:17.440] [DEBUG] 尝试通过QNetworkInterface获取子网掩码
[2025-04-24 17:30:17.443] [DEBUG] 确定为静态IP模式
[2025-04-24 17:30:17.443] [INFO] 当前网络配置获取完成
[2025-04-24 17:30:17.444] [DEBUG] 比较DHCP配置
[2025-04-24 17:30:17.444] [DEBUG] 获取当前网卡的网络配置
[2025-04-24 17:30:17.444] [DEBUG] 查询接口配置: 以太网
[2025-04-24 17:30:17.506] [DEBUG] 接口 DHCP 状态: 禁用
[2025-04-24 17:30:17.570] [DEBUG] 尝试通过QNetworkInterface获取子网掩码
[2025-04-24 17:30:17.573] [DEBUG] 确定为静态IP模式
[2025-04-24 17:30:17.573] [INFO] 当前网络配置获取完成
[2025-04-24 17:30:17.574] [DEBUG] 比较静态IP配置
[2025-04-24 17:30:17.574] [DEBUG] 比较DHCP配置
[2025-04-24 17:30:20.448] [INFO] 从悬浮窗菜单应用配置: 以太网 (专用)
[2025-04-24 17:30:20.448] [ERROR] 配置管理器错误: 需要管理员权限来修改网络配置
[2025-04-24 17:30:21.802] [ERROR] 配置应用失败: 需要管理员权限
[2025-04-24 17:30:22.521] [DEBUG] 悬浮窗上下文菜单已显示
[2025-04-24 17:30:22.649] [INFO] 开始销毁主窗口
[2025-04-24 17:30:22.649] [DEBUG] 保存窗口状态
[2025-04-24 17:30:22.649] [DEBUG] 保存窗口状态
[2025-04-24 17:30:22.649] [INFO] 窗口状态已保存
[2025-04-24 17:30:22.649] [INFO] 主窗口销毁完成
