[2025-04-30 09:22:35.134] [DEBUG] 开始检查单实例运行
[2025-04-30 09:22:35.134] [DEBUG] 检查程序是否已运行
[2025-04-30 09:22:35.134] [INFO] 单实例检查通过
[2025-04-30 09:22:35.150] [INFO] 使用的配置文件路径:D:\_Tools\My_Tools_Project\NetworkConfigManager - 副本\bin\config\posConfig.ini
[2025-04-30 09:22:35.150] [DEBUG] 初始化快速应用配置菜单
[2025-04-30 09:22:35.150] [INFO] 开始初始化UI组件
[2025-04-30 09:22:35.150] [DEBUG] 设置UI初始状态
[2025-04-30 09:22:35.150] [DEBUG] IP方法切换: DHCP
[2025-04-30 09:22:35.150] [DEBUG] 恢复窗口状态
[2025-04-30 09:22:35.150] [DEBUG] 恢复窗口状态
[2025-04-30 09:22:35.150] [INFO] 窗口状态已恢复
[2025-04-30 09:22:35.150] [INFO] UI初始化完成
[2025-04-30 09:22:35.150] [INFO] 开始初始化应用程序配置
[2025-04-30 09:22:35.150] [INFO] 开始初始化应用程序
[2025-04-30 09:22:35.150] [INFO] 配置文件加载成功
[2025-04-30 09:22:35.150] [DEBUG] 更新网络接口列表
[2025-04-30 09:22:35.150] [DEBUG] 更新网络接口列表
[2025-04-30 09:22:35.267] [INFO] 找到 1 个网络接口
[2025-04-30 09:22:35.267] [DEBUG] 更新所有配置列表
[2025-04-30 09:22:35.267] [INFO] 显示 2 个配置
[2025-04-30 09:22:35.267] [DEBUG] 更新快速应用菜单
[2025-04-30 09:22:35.267] [DEBUG] 获取当前网卡的网络配置
[2025-04-30 09:22:35.267] [DEBUG] 查询接口配置: 以太网
[2025-04-30 09:22:35.314] [DEBUG] 接口 DHCP 状态: 禁用
[2025-04-30 09:22:35.361] [DEBUG] 尝试通过QNetworkInterface获取子网掩码
[2025-04-30 09:22:35.361] [DEBUG] 确定为静态IP模式
[2025-04-30 09:22:35.361] [INFO] 当前网络配置获取完成
[2025-04-30 09:22:35.361] [DEBUG] 比较静态IP配置
[2025-04-30 09:22:35.361] [DEBUG] 比较DHCP配置
[2025-04-30 09:22:35.361] [INFO] 快速应用菜单更新完成
[2025-04-30 09:22:35.361] [INFO] 网络接口列表更新完成
[2025-04-30 09:22:35.361] [INFO] 开机自启动状态: 已启用
[2025-04-30 09:22:35.361] [DEBUG] 显示浮动窗口
[2025-04-30 09:22:35.376] [INFO] 应用程序初始化完成
[2025-04-30 09:22:35.376] [INFO] 初始化系统托盘和悬浮窗
[2025-04-30 09:22:35.376] [INFO] 初始化系统托盘图标
[2025-04-30 09:22:35.392] [DEBUG] 更新快速应用菜单
[2025-04-30 09:22:35.392] [DEBUG] 获取当前网卡的网络配置
[2025-04-30 09:22:35.392] [DEBUG] 查询接口配置: 以太网
[2025-04-30 09:22:35.439] [DEBUG] 接口 DHCP 状态: 禁用
[2025-04-30 09:22:35.486] [DEBUG] 尝试通过QNetworkInterface获取子网掩码
[2025-04-30 09:22:35.486] [DEBUG] 确定为静态IP模式
[2025-04-30 09:22:35.486] [INFO] 当前网络配置获取完成
[2025-04-30 09:22:35.486] [DEBUG] 比较静态IP配置
[2025-04-30 09:22:35.486] [DEBUG] 比较DHCP配置
[2025-04-30 09:22:35.486] [INFO] 快速应用菜单更新完成
[2025-04-30 09:22:35.486] [INFO] 系统托盘图标初始化完成
[2025-04-30 09:22:35.486] [DEBUG] 建立信号槽连接
[2025-04-30 09:22:35.486] [DEBUG] 开始建立信号槽连接
[2025-04-30 09:22:35.486] [INFO] 初始化系统托盘图标
[2025-04-30 09:22:35.486] [DEBUG] 更新快速应用菜单
[2025-04-30 09:22:35.486] [DEBUG] 获取当前网卡的网络配置
[2025-04-30 09:22:35.486] [DEBUG] 查询接口配置: 以太网
[2025-04-30 09:22:35.533] [DEBUG] 接口 DHCP 状态: 禁用
[2025-04-30 09:22:35.579] [DEBUG] 尝试通过QNetworkInterface获取子网掩码
[2025-04-30 09:22:35.579] [DEBUG] 确定为静态IP模式
[2025-04-30 09:22:35.579] [INFO] 当前网络配置获取完成
[2025-04-30 09:22:35.579] [DEBUG] 比较静态IP配置
[2025-04-30 09:22:35.579] [DEBUG] 比较DHCP配置
[2025-04-30 09:22:35.579] [INFO] 快速应用菜单更新完成
[2025-04-30 09:22:35.579] [INFO] 系统托盘图标初始化完成
[2025-04-30 09:22:35.579] [INFO] 信号槽连接建立完成
[2025-04-30 09:22:35.579] [DEBUG] 显示悬浮窗
[2025-04-30 09:22:35.595] [INFO] 主窗口初始化完成
[2025-04-30 09:22:37.796] [DEBUG] 选择配置: [以太网] 自动获取IP
[2025-04-30 09:22:37.796] [DEBUG] 配置使用DHCP模式
[2025-04-30 09:22:37.796] [INFO] 已加载配置: [以太网] 自动获取IP
[2025-04-30 09:22:38.857] [INFO] 开始应用配置
[2025-04-30 09:22:38.857] [DEBUG] 获取当前网卡的网络配置
[2025-04-30 09:22:38.857] [DEBUG] 查询接口配置: 以太网
[2025-04-30 09:22:38.904] [DEBUG] 接口 DHCP 状态: 禁用
[2025-04-30 09:22:38.951] [DEBUG] 尝试通过QNetworkInterface获取子网掩码
[2025-04-30 09:22:38.951] [DEBUG] 确定为静态IP模式
[2025-04-30 09:22:38.951] [INFO] 当前网络配置获取完成
[2025-04-30 09:22:38.951] [DEBUG] 比较DHCP配置
[2025-04-30 09:22:38.951] [DEBUG] 应用配置: [以太网] 自动获取IP
[2025-04-30 09:22:38.998] [ERROR] 配置管理器错误: 设置DHCP地址失败: 
[2025-04-30 09:22:39.826] [ERROR] 配置应用失败: 设置DHCP地址失败: 
[2025-04-30 09:22:40.355] [ERROR] 应用配置失败
[2025-04-30 09:22:56.597] [INFO] 主窗口关闭事件
[2025-04-30 09:22:56.597] [DEBUG] 保存窗口状态
[2025-04-30 09:22:56.597] [INFO] 窗口状态已保存
[2025-04-30 09:22:56.597] [DEBUG] 主窗口已隐藏，程序在后台运行
[2025-04-30 09:25:43.604] [DEBUG] 显示悬浮窗上下文菜单
[2025-04-30 09:25:43.651] [DEBUG] 获取当前网卡的网络配置
[2025-04-30 09:25:43.651] [DEBUG] 查询接口配置: 以太网
[2025-04-30 09:25:43.698] [DEBUG] 接口 DHCP 状态: 禁用
[2025-04-30 09:25:43.745] [DEBUG] 尝试通过QNetworkInterface获取子网掩码
[2025-04-30 09:25:43.745] [DEBUG] 确定为静态IP模式
[2025-04-30 09:25:43.745] [INFO] 当前网络配置获取完成
[2025-04-30 09:25:43.745] [DEBUG] 比较静态IP配置
[2025-04-30 09:25:43.745] [DEBUG] 比较DHCP配置
[2025-04-30 09:25:45.194] [INFO] 从悬浮窗菜单应用配置: 以太网 (专用)
[2025-04-30 09:25:45.346] [INFO] 配置应用成功: 以太网[192.168.4.101]
[2025-04-30 09:25:45.346] [DEBUG] 更新快速应用菜单
[2025-04-30 09:25:45.346] [DEBUG] 获取当前网卡的网络配置
[2025-04-30 09:25:45.346] [DEBUG] 查询接口配置: 以太网
[2025-04-30 09:25:45.393] [DEBUG] 接口 DHCP 状态: 禁用
[2025-04-30 09:25:45.455] [DEBUG] 尝试通过QNetworkInterface获取子网掩码
[2025-04-30 09:25:45.455] [DEBUG] 确定为静态IP模式
[2025-04-30 09:25:45.455] [INFO] 当前网络配置获取完成
[2025-04-30 09:25:45.455] [DEBUG] 比较静态IP配置
[2025-04-30 09:25:45.455] [DEBUG] 比较DHCP配置
[2025-04-30 09:25:45.455] [INFO] 快速应用菜单更新完成
[2025-04-30 09:25:45.455] [DEBUG] 悬浮窗上下文菜单已显示
[2025-04-30 09:25:48.262] [DEBUG] 显示悬浮窗上下文菜单
[2025-04-30 09:25:48.309] [DEBUG] 获取当前网卡的网络配置
[2025-04-30 09:25:48.309] [DEBUG] 查询接口配置: 以太网
[2025-04-30 09:25:48.356] [DEBUG] 接口 DHCP 状态: 禁用
[2025-04-30 09:25:48.403] [DEBUG] 尝试通过QNetworkInterface获取子网掩码
[2025-04-30 09:25:48.403] [DEBUG] 确定为静态IP模式
[2025-04-30 09:25:48.403] [INFO] 当前网络配置获取完成
[2025-04-30 09:25:48.403] [DEBUG] 比较静态IP配置
[2025-04-30 09:25:48.403] [DEBUG] 比较DHCP配置
[2025-04-30 09:25:49.998] [INFO] 从悬浮窗菜单应用配置: 以太网 (专用)
[2025-04-30 09:25:50.108] [INFO] 配置应用成功: 以太网[自动获取IP]
[2025-04-30 09:25:50.108] [DEBUG] 更新快速应用菜单
[2025-04-30 09:25:50.108] [DEBUG] 获取当前网卡的网络配置
[2025-04-30 09:25:50.108] [DEBUG] 查询接口配置: 以太网
[2025-04-30 09:25:50.155] [DEBUG] 接口 DHCP 状态: 禁用
[2025-04-30 09:25:50.201] [DEBUG] 尝试通过QNetworkInterface获取子网掩码
[2025-04-30 09:25:50.201] [DEBUG] 确定为静态IP模式
[2025-04-30 09:25:50.201] [INFO] 当前网络配置获取完成
[2025-04-30 09:25:50.201] [DEBUG] 比较静态IP配置
[2025-04-30 09:25:50.201] [DEBUG] 比较DHCP配置
[2025-04-30 09:25:50.201] [INFO] 快速应用菜单更新完成
[2025-04-30 09:25:50.201] [DEBUG] 悬浮窗上下文菜单已显示
[2025-04-30 09:26:01.260] [INFO] 开始销毁主窗口
[2025-04-30 09:26:01.260] [DEBUG] 保存窗口状态
[2025-04-30 09:26:01.260] [DEBUG] 保存窗口状态
[2025-04-30 09:26:01.260] [INFO] 窗口状态已保存
[2025-04-30 09:26:01.260] [INFO] 主窗口销毁完成
[2025-04-30 09:26:46.273] [DEBUG] 开始检查单实例运行
[2025-04-30 09:26:46.273] [DEBUG] 检查程序是否已运行
[2025-04-30 09:26:46.273] [INFO] 单实例检查通过
[2025-04-30 09:26:46.273] [INFO] 使用的配置文件路径:D:\_Tools\My_Tools_Project\NetworkConfigManager\bin\config\posConfig.ini
[2025-04-30 09:26:46.273] [DEBUG] 初始化快速应用配置菜单
[2025-04-30 09:26:46.273] [INFO] 开始初始化UI组件
[2025-04-30 09:26:46.273] [DEBUG] 设置UI初始状态
[2025-04-30 09:26:46.273] [DEBUG] IP方法切换: DHCP
[2025-04-30 09:26:46.273] [DEBUG] 恢复窗口状态
[2025-04-30 09:26:46.273] [DEBUG] 恢复窗口状态
[2025-04-30 09:26:46.273] [INFO] 窗口状态已恢复
[2025-04-30 09:26:46.273] [INFO] UI初始化完成
[2025-04-30 09:26:46.273] [INFO] 开始初始化应用程序配置
[2025-04-30 09:26:46.273] [INFO] 开始初始化应用程序
[2025-04-30 09:26:46.273] [INFO] 配置文件加载成功
[2025-04-30 09:26:46.273] [DEBUG] 更新网络接口列表
[2025-04-30 09:26:46.273] [DEBUG] 更新网络接口列表
[2025-04-30 09:26:46.383] [INFO] 找到 1 个网络接口
[2025-04-30 09:26:46.383] [DEBUG] 更新所有配置列表
[2025-04-30 09:26:46.383] [INFO] 显示 2 个配置
[2025-04-30 09:26:46.383] [DEBUG] 更新快速应用菜单
[2025-04-30 09:26:46.383] [DEBUG] 获取当前网卡的网络配置
[2025-04-30 09:26:46.383] [DEBUG] 查询接口配置: 以太网
[2025-04-30 09:26:46.430] [DEBUG] 接口 DHCP 状态: 禁用
[2025-04-30 09:26:46.477] [DEBUG] 尝试通过QNetworkInterface获取子网掩码
[2025-04-30 09:26:46.477] [DEBUG] 确定为静态IP模式
[2025-04-30 09:26:46.477] [INFO] 当前网络配置获取完成
[2025-04-30 09:26:46.477] [DEBUG] 比较静态IP配置
[2025-04-30 09:26:46.477] [DEBUG] 比较DHCP配置
[2025-04-30 09:26:46.477] [INFO] 快速应用菜单更新完成
[2025-04-30 09:26:46.477] [INFO] 网络接口列表更新完成
[2025-04-30 09:26:46.477] [INFO] 开机自启动状态: 已启用
[2025-04-30 09:26:46.477] [DEBUG] 显示浮动窗口
[2025-04-30 09:26:46.492] [INFO] 应用程序初始化完成
[2025-04-30 09:26:46.492] [INFO] 初始化系统托盘和悬浮窗
[2025-04-30 09:26:46.492] [INFO] 初始化系统托盘图标
[2025-04-30 09:26:46.492] [DEBUG] 更新快速应用菜单
[2025-04-30 09:26:46.492] [DEBUG] 获取当前网卡的网络配置
[2025-04-30 09:26:46.492] [DEBUG] 查询接口配置: 以太网
[2025-04-30 09:26:46.539] [DEBUG] 接口 DHCP 状态: 禁用
[2025-04-30 09:26:46.602] [DEBUG] 尝试通过QNetworkInterface获取子网掩码
[2025-04-30 09:26:46.602] [DEBUG] 确定为静态IP模式
[2025-04-30 09:26:46.602] [INFO] 当前网络配置获取完成
[2025-04-30 09:26:46.602] [DEBUG] 比较静态IP配置
[2025-04-30 09:26:46.602] [DEBUG] 比较DHCP配置
[2025-04-30 09:26:46.602] [INFO] 快速应用菜单更新完成
[2025-04-30 09:26:46.602] [INFO] 系统托盘图标初始化完成
[2025-04-30 09:26:46.602] [DEBUG] 建立信号槽连接
[2025-04-30 09:26:46.602] [DEBUG] 开始建立信号槽连接
[2025-04-30 09:26:46.602] [INFO] 初始化系统托盘图标
[2025-04-30 09:26:46.602] [DEBUG] 更新快速应用菜单
[2025-04-30 09:26:46.602] [DEBUG] 获取当前网卡的网络配置
[2025-04-30 09:26:46.602] [DEBUG] 查询接口配置: 以太网
[2025-04-30 09:26:46.648] [DEBUG] 接口 DHCP 状态: 禁用
[2025-04-30 09:26:46.711] [DEBUG] 尝试通过QNetworkInterface获取子网掩码
[2025-04-30 09:26:46.711] [DEBUG] 确定为静态IP模式
[2025-04-30 09:26:46.711] [INFO] 当前网络配置获取完成
[2025-04-30 09:26:46.711] [DEBUG] 比较静态IP配置
[2025-04-30 09:26:46.711] [DEBUG] 比较DHCP配置
[2025-04-30 09:26:46.711] [INFO] 快速应用菜单更新完成
[2025-04-30 09:26:46.711] [INFO] 系统托盘图标初始化完成
[2025-04-30 09:26:46.711] [INFO] 信号槽连接建立完成
[2025-04-30 09:26:46.711] [DEBUG] 显示悬浮窗
[2025-04-30 09:26:46.711] [INFO] 主窗口初始化完成
[2025-04-30 09:26:55.800] [DEBUG] 选择配置: [以太网] 192.168.4.101
[2025-04-30 09:26:55.800] [DEBUG] IP方法切换: 静态IP
[2025-04-30 09:26:55.800] [DEBUG] 配置使用静态IP模式
[2025-04-30 09:26:55.800] [INFO] 已加载配置: [以太网] 192.168.4.101
[2025-04-30 09:26:56.956] [INFO] 开始应用配置
[2025-04-30 09:26:56.956] [DEBUG] 获取当前网卡的网络配置
[2025-04-30 09:26:56.956] [DEBUG] 查询接口配置: 以太网
[2025-04-30 09:26:57.003] [DEBUG] 接口 DHCP 状态: 禁用
[2025-04-30 09:26:57.050] [DEBUG] 尝试通过QNetworkInterface获取子网掩码
[2025-04-30 09:26:57.050] [DEBUG] 确定为静态IP模式
[2025-04-30 09:26:57.050] [INFO] 当前网络配置获取完成
[2025-04-30 09:26:57.050] [DEBUG] 比较静态IP配置
[2025-04-30 09:26:57.050] [DEBUG] 应用配置: [以太网] 192.168.4.101
[2025-04-30 09:26:57.176] [INFO] 配置应用成功: 以太网[192.168.4.101]
[2025-04-30 09:26:57.176] [DEBUG] 更新快速应用菜单
[2025-04-30 09:26:57.176] [DEBUG] 获取当前网卡的网络配置
[2025-04-30 09:26:57.176] [DEBUG] 查询接口配置: 以太网
[2025-04-30 09:26:57.239] [DEBUG] 接口 DHCP 状态: 禁用
[2025-04-30 09:26:57.285] [DEBUG] 尝试通过QNetworkInterface获取子网掩码
[2025-04-30 09:26:57.301] [DEBUG] 确定为静态IP模式
[2025-04-30 09:26:57.301] [INFO] 当前网络配置获取完成
[2025-04-30 09:26:57.301] [DEBUG] 比较静态IP配置
[2025-04-30 09:26:57.301] [DEBUG] 比较DHCP配置
[2025-04-30 09:26:57.301] [INFO] 快速应用菜单更新完成
[2025-04-30 09:26:57.301] [INFO] 配置应用请求已发送
[2025-04-30 09:26:59.967] [DEBUG] 选择配置: [以太网] 192.168.4.101
[2025-04-30 09:26:59.967] [DEBUG] 配置使用静态IP模式
[2025-04-30 09:26:59.967] [INFO] 已加载配置: [以太网] 192.168.4.101
[2025-04-30 09:27:01.745] [INFO] 开始应用配置
[2025-04-30 09:27:01.745] [DEBUG] 获取当前网卡的网络配置
[2025-04-30 09:27:01.745] [DEBUG] 查询接口配置: 以太网
[2025-04-30 09:27:01.792] [DEBUG] 接口 DHCP 状态: 禁用
[2025-04-30 09:27:01.839] [DEBUG] 尝试通过QNetworkInterface获取子网掩码
[2025-04-30 09:27:01.839] [DEBUG] 确定为静态IP模式
[2025-04-30 09:27:01.839] [INFO] 当前网络配置获取完成
[2025-04-30 09:27:01.839] [DEBUG] 比较静态IP配置
[2025-04-30 09:27:01.839] [DEBUG] 应用配置: [以太网] 192.168.4.101
[2025-04-30 09:27:01.948] [INFO] 配置应用成功: 以太网[192.168.4.101]
[2025-04-30 09:27:01.948] [DEBUG] 更新快速应用菜单
[2025-04-30 09:27:01.995] [DEBUG] 获取当前网卡的网络配置
[2025-04-30 09:27:01.995] [DEBUG] 查询接口配置: 以太网
[2025-04-30 09:27:02.042] [DEBUG] 接口 DHCP 状态: 禁用
[2025-04-30 09:27:02.089] [DEBUG] 尝试通过QNetworkInterface获取子网掩码
[2025-04-30 09:27:02.089] [DEBUG] 确定为静态IP模式
[2025-04-30 09:27:02.089] [INFO] 当前网络配置获取完成
[2025-04-30 09:27:02.089] [DEBUG] 比较静态IP配置
[2025-04-30 09:27:02.089] [DEBUG] 比较DHCP配置
[2025-04-30 09:27:02.089] [INFO] 快速应用菜单更新完成
[2025-04-30 09:27:02.089] [INFO] 配置应用请求已发送
[2025-04-30 09:27:03.679] [DEBUG] 选择配置: [以太网] 自动获取IP
[2025-04-30 09:27:03.679] [DEBUG] IP方法切换: DHCP
[2025-04-30 09:27:03.679] [DEBUG] 配置使用DHCP模式
[2025-04-30 09:27:03.679] [INFO] 已加载配置: [以太网] 自动获取IP
[2025-04-30 09:27:05.905] [INFO] 开始应用配置
[2025-04-30 09:27:05.905] [DEBUG] 获取当前网卡的网络配置
[2025-04-30 09:27:05.905] [DEBUG] 查询接口配置: 以太网
[2025-04-30 09:27:05.952] [DEBUG] 接口 DHCP 状态: 禁用
[2025-04-30 09:27:05.999] [DEBUG] 尝试通过QNetworkInterface获取子网掩码
[2025-04-30 09:27:05.999] [DEBUG] 确定为静态IP模式
[2025-04-30 09:27:05.999] [INFO] 当前网络配置获取完成
[2025-04-30 09:27:05.999] [DEBUG] 比较DHCP配置
[2025-04-30 09:27:05.999] [DEBUG] 应用配置: [以太网] 自动获取IP
[2025-04-30 09:27:06.108] [INFO] 配置应用成功: 以太网[自动获取IP]
[2025-04-30 09:27:06.108] [DEBUG] 更新快速应用菜单
[2025-04-30 09:27:06.155] [DEBUG] 获取当前网卡的网络配置
[2025-04-30 09:27:06.155] [DEBUG] 查询接口配置: 以太网
[2025-04-30 09:27:06.217] [DEBUG] 接口 DHCP 状态: 禁用
[2025-04-30 09:27:06.264] [DEBUG] 尝试通过QNetworkInterface获取子网掩码
[2025-04-30 09:27:06.264] [DEBUG] 确定为静态IP模式
[2025-04-30 09:27:06.264] [INFO] 当前网络配置获取完成
[2025-04-30 09:27:06.264] [DEBUG] 比较静态IP配置
[2025-04-30 09:27:06.264] [DEBUG] 比较DHCP配置
[2025-04-30 09:27:06.264] [INFO] 快速应用菜单更新完成
[2025-04-30 09:27:06.264] [INFO] 配置应用请求已发送
[2025-04-30 09:27:10.784] [DEBUG] 选择配置: [以太网] 自动获取IP
[2025-04-30 09:27:10.784] [DEBUG] 配置使用DHCP模式
[2025-04-30 09:27:10.784] [INFO] 已加载配置: [以太网] 自动获取IP
[2025-04-30 09:27:12.641] [INFO] 开始应用配置
[2025-04-30 09:27:12.641] [DEBUG] 获取当前网卡的网络配置
[2025-04-30 09:27:12.641] [DEBUG] 查询接口配置: 以太网
[2025-04-30 09:27:12.688] [DEBUG] 接口 DHCP 状态: 禁用
[2025-04-30 09:27:12.735] [DEBUG] 尝试通过QNetworkInterface获取子网掩码
[2025-04-30 09:27:12.735] [DEBUG] 确定为静态IP模式
[2025-04-30 09:27:12.735] [INFO] 当前网络配置获取完成
[2025-04-30 09:27:12.735] [DEBUG] 比较DHCP配置
[2025-04-30 09:27:12.735] [DEBUG] 应用配置: [以太网] 自动获取IP
[2025-04-30 09:27:12.782] [ERROR] 配置管理器错误: 设置DHCP地址失败: 
[2025-04-30 09:27:13.731] [ERROR] 配置应用失败: 设置DHCP地址失败: 
[2025-04-30 09:27:14.231] [ERROR] 应用配置失败
[2025-04-30 09:27:22.502] [INFO] 主窗口关闭事件
[2025-04-30 09:27:22.502] [DEBUG] 保存窗口状态
[2025-04-30 09:27:22.502] [INFO] 窗口状态已保存
[2025-04-30 09:27:22.508] [DEBUG] 主窗口已隐藏，程序在后台运行
[2025-04-30 09:27:26.804] [INFO] 主窗口关闭事件
[2025-04-30 09:27:26.804] [DEBUG] 保存窗口状态
[2025-04-30 09:27:26.804] [INFO] 窗口状态已保存
[2025-04-30 09:27:26.804] [DEBUG] 主窗口已隐藏，程序在后台运行
[2025-04-30 09:27:26.804] [INFO] 开始销毁主窗口
[2025-04-30 09:27:26.804] [DEBUG] 保存窗口状态
[2025-04-30 09:27:26.804] [DEBUG] 保存窗口状态
[2025-04-30 09:27:26.804] [INFO] 窗口状态已保存
[2025-04-30 09:27:26.804] [INFO] 主窗口销毁完成
[2025-04-30 09:27:32.967] [DEBUG] 开始检查单实例运行
[2025-04-30 09:27:32.967] [DEBUG] 检查程序是否已运行
[2025-04-30 09:27:32.967] [INFO] 单实例检查通过
[2025-04-30 09:27:32.967] [INFO] 使用的配置文件路径:D:\_Tools\My_Tools_Project\NetworkConfigManager\bin\config\posConfig.ini
[2025-04-30 09:27:32.967] [DEBUG] 初始化快速应用配置菜单
[2025-04-30 09:27:32.967] [INFO] 开始初始化UI组件
[2025-04-30 09:27:32.967] [DEBUG] 设置UI初始状态
[2025-04-30 09:27:32.967] [DEBUG] IP方法切换: DHCP
[2025-04-30 09:27:32.967] [DEBUG] 恢复窗口状态
[2025-04-30 09:27:32.967] [DEBUG] 恢复窗口状态
[2025-04-30 09:27:32.967] [INFO] 窗口状态已恢复
[2025-04-30 09:27:32.967] [INFO] UI初始化完成
[2025-04-30 09:27:32.967] [INFO] 开始初始化应用程序配置
[2025-04-30 09:27:32.967] [INFO] 开始初始化应用程序
[2025-04-30 09:27:32.967] [INFO] 配置文件加载成功
[2025-04-30 09:27:32.967] [DEBUG] 更新网络接口列表
[2025-04-30 09:27:32.967] [DEBUG] 更新网络接口列表
[2025-04-30 09:27:33.014] [INFO] 找到 1 个网络接口
[2025-04-30 09:27:33.014] [DEBUG] 更新所有配置列表
[2025-04-30 09:27:33.014] [INFO] 显示 2 个配置
[2025-04-30 09:27:33.014] [DEBUG] 更新快速应用菜单
[2025-04-30 09:27:33.014] [DEBUG] 获取当前网卡的网络配置
[2025-04-30 09:27:33.014] [DEBUG] 查询接口配置: 以太网
[2025-04-30 09:27:33.061] [DEBUG] 接口 DHCP 状态: 禁用
[2025-04-30 09:27:33.124] [DEBUG] 尝试通过QNetworkInterface获取子网掩码
[2025-04-30 09:27:33.124] [DEBUG] 确定为静态IP模式
[2025-04-30 09:27:33.124] [INFO] 当前网络配置获取完成
[2025-04-30 09:27:33.124] [DEBUG] 比较静态IP配置
[2025-04-30 09:27:33.124] [DEBUG] 比较DHCP配置
[2025-04-30 09:27:33.124] [INFO] 快速应用菜单更新完成
[2025-04-30 09:27:33.124] [INFO] 网络接口列表更新完成
[2025-04-30 09:27:33.124] [INFO] 开机自启动状态: 已启用
[2025-04-30 09:27:33.124] [DEBUG] 显示浮动窗口
[2025-04-30 09:27:33.139] [INFO] 应用程序初始化完成
[2025-04-30 09:27:33.139] [INFO] 初始化系统托盘和悬浮窗
[2025-04-30 09:27:33.139] [INFO] 初始化系统托盘图标
[2025-04-30 09:27:33.139] [DEBUG] 更新快速应用菜单
[2025-04-30 09:27:33.139] [DEBUG] 获取当前网卡的网络配置
[2025-04-30 09:27:33.139] [DEBUG] 查询接口配置: 以太网
[2025-04-30 09:27:33.186] [DEBUG] 接口 DHCP 状态: 禁用
[2025-04-30 09:27:33.233] [DEBUG] 尝试通过QNetworkInterface获取子网掩码
[2025-04-30 09:27:33.233] [DEBUG] 确定为静态IP模式
[2025-04-30 09:27:33.233] [INFO] 当前网络配置获取完成
[2025-04-30 09:27:33.233] [DEBUG] 比较静态IP配置
[2025-04-30 09:27:33.233] [DEBUG] 比较DHCP配置
[2025-04-30 09:27:33.233] [INFO] 快速应用菜单更新完成
[2025-04-30 09:27:33.249] [INFO] 系统托盘图标初始化完成
[2025-04-30 09:27:33.249] [DEBUG] 建立信号槽连接
[2025-04-30 09:27:33.249] [DEBUG] 开始建立信号槽连接
[2025-04-30 09:27:33.249] [INFO] 初始化系统托盘图标
[2025-04-30 09:27:33.249] [DEBUG] 更新快速应用菜单
[2025-04-30 09:27:33.249] [DEBUG] 获取当前网卡的网络配置
[2025-04-30 09:27:33.249] [DEBUG] 查询接口配置: 以太网
[2025-04-30 09:27:33.296] [DEBUG] 接口 DHCP 状态: 禁用
[2025-04-30 09:27:33.342] [DEBUG] 尝试通过QNetworkInterface获取子网掩码
[2025-04-30 09:27:33.342] [DEBUG] 确定为静态IP模式
[2025-04-30 09:27:33.342] [INFO] 当前网络配置获取完成
[2025-04-30 09:27:33.342] [DEBUG] 比较静态IP配置
[2025-04-30 09:27:33.342] [DEBUG] 比较DHCP配置
[2025-04-30 09:27:33.342] [INFO] 快速应用菜单更新完成
[2025-04-30 09:27:33.342] [INFO] 系统托盘图标初始化完成
[2025-04-30 09:27:33.342] [INFO] 信号槽连接建立完成
[2025-04-30 09:27:33.342] [DEBUG] 显示悬浮窗
[2025-04-30 09:27:33.358] [INFO] 主窗口初始化完成
[2025-04-30 09:27:35.887] [INFO] 主窗口关闭事件
[2025-04-30 09:27:35.887] [DEBUG] 保存窗口状态
[2025-04-30 09:27:35.887] [INFO] 窗口状态已保存
[2025-04-30 09:27:35.887] [DEBUG] 主窗口已隐藏，程序在后台运行
[2025-04-30 09:53:49.014] [DEBUG] 显示悬浮窗上下文菜单
[2025-04-30 09:53:49.190] [DEBUG] 获取当前网卡的网络配置
[2025-04-30 09:53:49.190] [DEBUG] 查询接口配置: 以太网
[2025-04-30 09:53:49.237] [DEBUG] 接口 DHCP 状态: 禁用
[2025-04-30 09:53:49.284] [DEBUG] 尝试通过QNetworkInterface获取子网掩码
[2025-04-30 09:53:49.299] [DEBUG] 确定为静态IP模式
[2025-04-30 09:53:49.299] [INFO] 当前网络配置获取完成
[2025-04-30 09:53:49.299] [DEBUG] 比较静态IP配置
[2025-04-30 09:53:49.299] [DEBUG] 比较DHCP配置
[2025-04-30 09:53:51.656] [DEBUG] 悬浮窗上下文菜单已显示
[2025-04-30 09:53:57.075] [DEBUG] 显示悬浮窗上下文菜单
[2025-04-30 09:53:57.075] [DEBUG] 获取当前网卡的网络配置
[2025-04-30 09:53:57.075] [DEBUG] 查询接口配置: 以太网
[2025-04-30 09:53:57.122] [DEBUG] 接口 DHCP 状态: 禁用
[2025-04-30 09:53:57.169] [DEBUG] 尝试通过QNetworkInterface获取子网掩码
[2025-04-30 09:53:57.184] [DEBUG] 确定为静态IP模式
[2025-04-30 09:53:57.184] [INFO] 当前网络配置获取完成
[2025-04-30 09:53:57.184] [DEBUG] 比较静态IP配置
[2025-04-30 09:53:57.184] [DEBUG] 比较DHCP配置
[2025-04-30 09:54:00.429] [DEBUG] 悬浮窗上下文菜单已显示
[2025-04-30 09:54:08.973] [INFO] 设置开机自启动: 禁用
[2025-04-30 09:54:11.455] [INFO] 设置开机自启动: 启用
[2025-04-30 09:54:18.734] [DEBUG] 双击托盘图标，显示主窗口
[2025-04-30 09:54:18.750] [DEBUG] 双击托盘图标，显示主窗口
[2025-04-30 09:54:21.171] [DEBUG] 更新网络接口列表
[2025-04-30 09:54:21.171] [WARNING] 无效的网络接口索引
[2025-04-30 09:54:21.217] [INFO] 找到 2 个网络接口
[2025-04-30 09:54:21.217] [DEBUG] 选择网络接口: 2 (以太网)
[2025-04-30 09:54:21.233] [DEBUG] 更新所有配置列表
[2025-04-30 09:54:21.233] [INFO] 显示 2 个配置
[2025-04-30 09:54:21.233] [DEBUG] 更新快速应用菜单
[2025-04-30 09:54:21.233] [DEBUG] 获取当前网卡的网络配置
[2025-04-30 09:54:21.233] [DEBUG] 查询接口配置: 2
[2025-04-30 09:54:21.280] [DEBUG] 接口 DHCP 状态: 禁用
[2025-04-30 09:54:21.327] [DEBUG] 尝试通过QNetworkInterface获取子网掩码
[2025-04-30 09:54:21.327] [DEBUG] 确定为静态IP模式
[2025-04-30 09:54:21.327] [INFO] 当前网络配置获取完成
[2025-04-30 09:54:21.327] [DEBUG] 获取当前网卡的网络配置
[2025-04-30 09:54:21.327] [DEBUG] 查询接口配置: 以太网
[2025-04-30 09:54:21.379] [DEBUG] 接口 DHCP 状态: 禁用
[2025-04-30 09:54:21.425] [DEBUG] 尝试通过QNetworkInterface获取子网掩码
[2025-04-30 09:54:21.425] [DEBUG] 确定为静态IP模式
[2025-04-30 09:54:21.425] [INFO] 当前网络配置获取完成
[2025-04-30 09:54:21.425] [DEBUG] 比较静态IP配置
[2025-04-30 09:54:21.425] [DEBUG] 比较DHCP配置
[2025-04-30 09:54:21.425] [INFO] 快速应用菜单更新完成
[2025-04-30 09:54:21.425] [INFO] 网络接口列表更新完成
[2025-04-30 09:54:25.486] [INFO] 主窗口关闭事件
[2025-04-30 09:54:25.486] [DEBUG] 保存窗口状态
[2025-04-30 09:54:25.486] [INFO] 窗口状态已保存
[2025-04-30 09:54:25.486] [DEBUG] 主窗口已隐藏，程序在后台运行
[2025-04-30 09:54:27.174] [DEBUG] 显示悬浮窗上下文菜单
[2025-04-30 09:54:27.174] [DEBUG] 获取当前网卡的网络配置
[2025-04-30 09:54:27.174] [DEBUG] 查询接口配置: 2
[2025-04-30 09:54:27.221] [DEBUG] 接口 DHCP 状态: 禁用
[2025-04-30 09:54:27.284] [DEBUG] 尝试通过QNetworkInterface获取子网掩码
[2025-04-30 09:54:27.284] [DEBUG] 确定为静态IP模式
[2025-04-30 09:54:27.284] [INFO] 当前网络配置获取完成
[2025-04-30 09:54:27.284] [DEBUG] 获取当前网卡的网络配置
[2025-04-30 09:54:27.284] [DEBUG] 查询接口配置: 以太网
[2025-04-30 09:54:27.331] [DEBUG] 接口 DHCP 状态: 禁用
[2025-04-30 09:54:27.377] [DEBUG] 尝试通过QNetworkInterface获取子网掩码
[2025-04-30 09:54:27.377] [DEBUG] 确定为静态IP模式
[2025-04-30 09:54:27.377] [INFO] 当前网络配置获取完成
[2025-04-30 09:54:27.377] [DEBUG] 比较静态IP配置
[2025-04-30 09:54:27.377] [DEBUG] 比较DHCP配置
[2025-04-30 09:54:32.230] [DEBUG] 悬浮窗上下文菜单已显示
[2025-04-30 09:57:48.126] [DEBUG] 显示悬浮窗上下文菜单
[2025-04-30 09:57:48.188] [DEBUG] 获取当前网卡的网络配置
[2025-04-30 09:57:48.188] [DEBUG] 查询接口配置: 2
[2025-04-30 09:57:48.238] [DEBUG] 接口 DHCP 状态: 禁用
[2025-04-30 09:57:48.285] [DEBUG] 尝试通过QNetworkInterface获取子网掩码
[2025-04-30 09:57:48.285] [DEBUG] 确定为静态IP模式
[2025-04-30 09:57:48.285] [INFO] 当前网络配置获取完成
[2025-04-30 09:57:48.285] [DEBUG] 获取当前网卡的网络配置
[2025-04-30 09:57:48.285] [DEBUG] 查询接口配置: 以太网
[2025-04-30 09:57:48.334] [DEBUG] 接口 DHCP 状态: 禁用
[2025-04-30 09:57:48.390] [DEBUG] 尝试通过QNetworkInterface获取子网掩码
[2025-04-30 09:57:48.392] [DEBUG] 确定为静态IP模式
[2025-04-30 09:57:48.392] [INFO] 当前网络配置获取完成
[2025-04-30 09:57:48.392] [DEBUG] 比较静态IP配置
[2025-04-30 09:57:48.392] [DEBUG] 比较DHCP配置
[2025-04-30 09:57:50.071] [INFO] 从悬浮窗菜单应用配置: 以太网 (专用)
[2025-04-30 09:57:50.421] [INFO] 配置应用成功: 以太网[192.168.4.101]
[2025-04-30 09:57:50.421] [DEBUG] 更新快速应用菜单
[2025-04-30 09:57:50.421] [DEBUG] 获取当前网卡的网络配置
[2025-04-30 09:57:50.421] [DEBUG] 查询接口配置: 2
[2025-04-30 09:57:50.521] [DEBUG] 接口 DHCP 状态: 禁用
[2025-04-30 09:57:50.604] [DEBUG] 尝试通过QNetworkInterface获取子网掩码
[2025-04-30 09:57:50.604] [DEBUG] 确定为静态IP模式
[2025-04-30 09:57:50.604] [INFO] 当前网络配置获取完成
[2025-04-30 09:57:50.604] [DEBUG] 获取当前网卡的网络配置
[2025-04-30 09:57:50.604] [DEBUG] 查询接口配置: 以太网
[2025-04-30 09:57:50.685] [DEBUG] 接口 DHCP 状态: 禁用
[2025-04-30 09:57:50.753] [DEBUG] 尝试通过QNetworkInterface获取子网掩码
[2025-04-30 09:57:50.771] [DEBUG] 确定为静态IP模式
[2025-04-30 09:57:50.771] [INFO] 当前网络配置获取完成
[2025-04-30 09:57:50.771] [DEBUG] 比较静态IP配置
[2025-04-30 09:57:50.771] [DEBUG] 比较DHCP配置
[2025-04-30 09:57:50.771] [INFO] 快速应用菜单更新完成
[2025-04-30 09:57:50.771] [DEBUG] 悬浮窗上下文菜单已显示
[2025-04-30 16:37:14.027] [INFO] 开始销毁主窗口
[2025-04-30 16:37:14.027] [DEBUG] 保存窗口状态
[2025-04-30 16:37:14.027] [DEBUG] 保存窗口状态
[2025-04-30 16:37:14.027] [INFO] 窗口状态已保存
[2025-04-30 16:37:14.027] [INFO] 主窗口销毁完成
ConfigManager\bin\config\posConfig.ini
[2025-04-30 11:30:45.282] [DEBUG] 初始化快速应用配置菜单
[2025-04-30 11:30:45.282] [INFO] 开始初始化UI组件
[2025-04-30 11:30:45.282] [DEBUG] 设置UI初始状态
[2025-04-30 11:30:45.282] [DEBUG] IP方法切换: DHCP
[2025-04-30 11:30:45.282] [DEBUG] 恢复窗口状态
[2025-04-30 11:30:45.282] [DEBUG] 恢复窗口状态
[2025-04-30 11:30:45.282] [INFO] 窗口状态已恢复
[2025-04-30 11:30:45.282] [INFO] UI初始化完成
[2025-04-30 11:30:45.282] [INFO] 开始初始化应用程序配置
[2025-04-30 11:30:45.282] [INFO] 开始初始化应用程序
[2025-04-30 11:30:45.282] [INFO] 配置文件加载成功
[2025-04-30 11:30:45.282] [DEBUG] 更新网络接口列表
[2025-04-30 11:30:45.282] [DEBUG] 更新网络接口列表
[2025-04-30 11:30:45.418] [INFO] 找到 2 个网络接口
[2025-04-30 11:30:45.418] [DEBUG] 更新所有配置列表
[2025-04-30 11:30:45.418] [INFO] 显示 2 个配置
[2025-04-30 11:30:45.418] [DEBUG] 更新快速应用菜单
[2025-04-30 11:30:45.418] [DEBUG] 获取当前网卡的网络配置
[2025-04-30 11:30:45.418] [DEBUG] 查询接口配置: 2
[2025-04-30 11:30:45.464] [DEBUG] 接口 DHCP 状态: 禁用
[2025-04-30 11:30:45.527] [DEBUG] 尝试通过QNetworkInterface获取子网掩码
[2025-04-30 11:30:45.527] [DEBUG] 确定为静态IP模式
[2025-04-30 11:30:45.527] [INFO] 当前网络配置获取完成
[2025-04-30 11:30:45.527] [DEBUG] 获取当前网卡的网络配置
[2025-04-30 11:30:45.527] [DEBUG] 查询接口配置: 以太网
[2025-04-30 11:30:45.589] [DEBUG] 接口 DHCP 状态: 禁用
[2025-04-30 11:30:45.636] [DEBUG] 尝试通过QNetworkInterface获取子网掩码
[2025-04-30 11:30:45.636] [DEBUG] 确定为静态IP模式
[2025-04-30 11:30:45.636] [INFO] 当前网络配置获取完成
[2025-04-30 11:30:45.636] [DEBUG] 比较静态IP配置
[2025-04-30 11:30:45.636] [DEBUG] 比较DHCP配置
[2025-04-30 11:30:45.636] [INFO] 快速应用菜单更新完成
[2025-04-30 11:30:45.636] [INFO] 网络接口列表更新完成
[2025-04-30 11:30:45.636] [INFO] 开机自启动状态: 已启用
[2025-04-30 11:30:45.636] [DEBUG] 显示浮动窗口
[2025-04-30 11:30:45.652] [INFO] 应用程序初始化完成
[2025-04-30 11:30:45.652] [INFO] 初始化系统托盘和悬浮窗
[2025-04-30 11:30:45.652] [INFO] 初始化系统托盘图标
[2025-04-30 11:30:45.652] [DEBUG] 更新快速应用菜单
[2025-04-30 11:30:45.652] [DEBUG] 获取当前网卡的网络配置
[2025-04-30 11:30:45.652] [DEBUG] 查询接口配置: 2
[2025-04-30 11:30:45.720] [DEBUG] 接口 DHCP 状态: 禁用
[2025-04-30 11:30:45.758] [DEBUG] 尝试通过QNetworkInterface获取子网掩码
[2025-04-30 11:30:45.758] [DEBUG] 确定为静态IP模式
[2025-04-30 11:30:45.758] [INFO] 当前网络配置获取完成
[2025-04-30 11:30:45.758] [DEBUG] 获取当前网卡的网络配置
[2025-04-30 11:30:45.758] [DEBUG] 查询接口配置: 以太网
[2025-04-30 11:30:45.820] [DEBUG] 接口 DHCP 状态: 禁用
[2025-04-30 11:30:45.867] [DEBUG] 尝试通过QNetworkInterface获取子网掩码
[2025-04-30 11:30:45.867] [DEBUG] 确定为静态IP模式
[2025-04-30 11:30:45.867] [INFO] 当前网络配置获取完成
[2025-04-30 11:30:45.867] [DEBUG] 比较静态IP配置
[2025-04-30 11:30:45.867] [DEBUG] 比较DHCP配置
[2025-04-30 11:30:45.867] [INFO] 快速应用菜单更新完成
[2025-04-30 11:30:45.883] [INFO] 系统托盘图标初始化完成
[2025-04-30 11:30:45.883] [DEBUG] 建立信号槽连接
[2025-04-30 11:30:45.883] [DEBUG] 开始建立信号槽连接
[2025-04-30 11:30:45.883] [INFO] 初始化系统托盘图标
[2025-04-30 11:30:45.883] [DEBUG] 更新快速应用菜单
[2025-04-30 11:30:45.883] [DEBUG] 获取当前网卡的网络配置
[2025-04-30 11:30:45.883] [DEBUG] 查询接口配置: 2
[2025-04-30 11:30:45.945] [DEBUG] 接口 DHCP 状态: 禁用
[2025-04-30 11:30:45.992] [DEBUG] 尝试通过QNetworkInterface获取子网掩码
[2025-04-30 11:30:45.992] [DEBUG] 确定为静态IP模式
[2025-04-30 11:30:45.992] [INFO] 当前网络配置获取完成
[2025-04-30 11:30:45.992] [DEBUG] 获取当前网卡的网络配置
[2025-04-30 11:30:45.992] [DEBUG] 查询接口配置: 以太网
[2025-04-30 11:30:46.055] [DEBUG] 接口 DHCP 状态: 禁用
[2025-04-30 11:30:46.102] [DEBUG] 尝试通过QNetworkInterface获取子网掩码
[2025-04-30 11:30:46.118] [DEBUG] 确定为静态IP模式
[2025-04-30 11:30:46.118] [INFO] 当前网络配置获取完成
[2025-04-30 11:30:46.118] [DEBUG] 比较静态IP配置
[2025-04-30 11:30:46.118] [DEBUG] 比较DHCP配置
[2025-04-30 11:30:46.118] [INFO] 快速应用菜单更新完成
[2025-04-30 11:30:46.118] [INFO] 系统托盘图标初始化完成
[2025-04-30 11:30:46.118] [INFO] 信号槽连接建立完成
[2025-04-30 11:30:46.118] [DEBUG] 显示悬浮窗
[2025-04-30 11:30:46.118] [INFO] 主窗口初始化完成
[2025-04-30 11:30:47.691] [INFO] 主窗口关闭事件
[2025-04-30 11:30:47.691] [DEBUG] 保存窗口状态
[2025-04-30 11:30:47.691] [INFO] 窗口状态已保存
[2025-04-30 11:30:47.691] [DEBUG] 主窗口已隐藏，程序在后台运行
