[2025-05-27 09:16:52.319] [DEBUG] 开始检查单实例运行
[2025-05-27 09:16:52.319] [DEBUG] 检查程序是否已运行
[2025-05-27 09:16:52.319] [INFO] 单实例检查通过
[2025-05-27 09:16:52.319] [INFO] 使用的配置文件路径:D:\_Tools\My_Tools_Project\NetworkConfigManager\bin\config\posConfig.ini
[2025-05-27 09:16:52.319] [DEBUG] 初始化快速应用配置菜单
[2025-05-27 09:16:52.319] [INFO] 开始初始化UI组件
[2025-05-27 09:16:52.319] [DEBUG] 设置UI初始状态
[2025-05-27 09:16:52.319] [DEBUG] IP方法切换: DHCP
[2025-05-27 09:16:52.320] [DEBUG] 恢复窗口状态
[2025-05-27 09:16:52.320] [DEBUG] 恢复窗口状态
[2025-05-27 09:16:52.320] [INFO] 窗口状态已恢复
[2025-05-27 09:16:52.320] [INFO] UI初始化完成
[2025-05-27 09:16:52.320] [INFO] 开始初始化应用程序配置
[2025-05-27 09:16:52.320] [INFO] 开始初始化应用程序
[2025-05-27 09:16:52.321] [INFO] 配置文件加载成功
[2025-05-27 09:16:52.321] [DEBUG] 更新网络接口列表
[2025-05-27 09:16:52.321] [DEBUG] 更新网络接口列表
[2025-05-27 09:16:52.460] [INFO] 找到 1 个网络接口
[2025-05-27 09:16:52.460] [DEBUG] 更新所有配置列表
[2025-05-27 09:16:52.460] [INFO] 显示 2 个配置
[2025-05-27 09:16:52.460] [DEBUG] 更新快速应用菜单
[2025-05-27 09:16:52.460] [DEBUG] 获取当前网卡的网络配置
[2025-05-27 09:16:52.460] [DEBUG] 查询接口配置: WLAN
[2025-05-27 09:16:52.522] [DEBUG] 接口 DHCP 状态: 禁用
[2025-05-27 09:16:52.584] [DEBUG] 尝试通过QNetworkInterface获取子网掩码
[2025-05-27 09:16:52.588] [DEBUG] 确定为静态IP模式
[2025-05-27 09:16:52.588] [INFO] 当前网络配置获取完成
[2025-05-27 09:16:52.588] [INFO] 快速应用菜单更新完成
[2025-05-27 09:16:52.588] [INFO] 网络接口列表更新完成
[2025-05-27 09:16:52.588] [INFO] 开机自启动状态: 已启用
[2025-05-27 09:16:52.588] [DEBUG] 显示浮动窗口
[2025-05-27 09:16:52.611] [INFO] 应用程序初始化完成
[2025-05-27 09:16:52.611] [INFO] 初始化系统托盘和悬浮窗
[2025-05-27 09:16:52.611] [INFO] 初始化系统托盘图标
[2025-05-27 09:16:52.614] [DEBUG] 更新快速应用菜单
[2025-05-27 09:16:52.614] [DEBUG] 获取当前网卡的网络配置
[2025-05-27 09:16:52.615] [DEBUG] 查询接口配置: WLAN
[2025-05-27 09:16:52.677] [DEBUG] 接口 DHCP 状态: 禁用
[2025-05-27 09:16:52.741] [DEBUG] 尝试通过QNetworkInterface获取子网掩码
[2025-05-27 09:16:52.744] [DEBUG] 确定为静态IP模式
[2025-05-27 09:16:52.744] [INFO] 当前网络配置获取完成
[2025-05-27 09:16:52.744] [INFO] 快速应用菜单更新完成
[2025-05-27 09:16:52.757] [INFO] 系统托盘图标初始化完成
[2025-05-27 09:16:52.757] [DEBUG] 建立信号槽连接
[2025-05-27 09:16:52.757] [DEBUG] 开始建立信号槽连接
[2025-05-27 09:16:52.757] [INFO] 初始化系统托盘图标
[2025-05-27 09:16:52.759] [DEBUG] 更新快速应用菜单
[2025-05-27 09:16:52.759] [DEBUG] 获取当前网卡的网络配置
[2025-05-27 09:16:52.759] [DEBUG] 查询接口配置: WLAN
[2025-05-27 09:16:52.814] [DEBUG] 接口 DHCP 状态: 禁用
[2025-05-27 09:16:52.881] [DEBUG] 尝试通过QNetworkInterface获取子网掩码
[2025-05-27 09:16:52.884] [DEBUG] 确定为静态IP模式
[2025-05-27 09:16:52.884] [INFO] 当前网络配置获取完成
[2025-05-27 09:16:52.885] [INFO] 快速应用菜单更新完成
[2025-05-27 09:16:52.885] [INFO] 系统托盘图标初始化完成
[2025-05-27 09:16:52.885] [INFO] 信号槽连接建立完成
[2025-05-27 09:16:52.885] [DEBUG] 显示悬浮窗
[2025-05-27 09:16:52.896] [INFO] 主窗口初始化完成
[2025-05-27 09:17:03.308] [DEBUG] 刷新网卡列表
[2025-05-27 09:17:03.622] [DEBUG] 更新网卡控制状态: WLAN, 可启用: 0, 可禁用: 1
[2025-05-27 09:17:03.985] [DEBUG] 更新网卡控制状态: WLAN, 可启用: 0, 可禁用: 1
[2025-05-27 09:17:22.751] [DEBUG] 更新网卡控制状态: MWS_WIFI, 可启用: 1, 可禁用: 0
[2025-05-27 09:17:24.690] [DEBUG] 更新网卡控制状态: WLAN, 可启用: 0, 可禁用: 1
[2025-05-27 09:17:28.188] [DEBUG] 更新网卡控制状态: 以太网, 可启用: 1, 可禁用: 0
[2025-05-27 09:17:33.010] [DEBUG] 刷新网卡列表
[2025-05-27 09:17:33.124] [DEBUG] 无可用网卡，禁用操作按钮
[2025-05-27 09:17:33.360] [DEBUG] 更新网卡控制状态: WLAN, 可启用: 0, 可禁用: 1
[2025-05-27 09:17:33.710] [DEBUG] 更新网卡控制状态: WLAN, 可启用: 0, 可禁用: 1
[2025-05-27 09:17:42.093] [DEBUG] 更新网卡控制状态: 以太网, 可启用: 0, 可禁用: 1
[2025-05-27 09:17:43.557] [DEBUG] 刷新网卡列表
[2025-05-27 09:17:43.621] [DEBUG] 无可用网卡，禁用操作按钮
[2025-05-27 09:17:43.850] [DEBUG] 更新网卡控制状态: WLAN, 可启用: 0, 可禁用: 1
[2025-05-27 09:17:44.192] [DEBUG] 更新网卡控制状态: WLAN, 可启用: 0, 可禁用: 1
[2025-05-27 09:17:48.007] [DEBUG] 刷新网卡列表
[2025-05-27 09:17:48.257] [DEBUG] 无可用网卡，禁用操作按钮
[2025-05-27 09:17:48.593] [DEBUG] 更新网卡控制状态: WLAN, 可启用: 1, 可禁用: 0
[2025-05-27 09:17:48.929] [DEBUG] 更新网卡控制状态: WLAN, 可启用: 1, 可禁用: 0
[2025-05-27 09:17:52.701] [DEBUG] 更新网卡控制状态: MWS_WIFI, 可启用: 1, 可禁用: 0
[2025-05-27 09:17:53.534] [DEBUG] 刷新网卡列表
[2025-05-27 09:17:54.086] [DEBUG] 无可用网卡，禁用操作按钮
[2025-05-27 09:17:54.529] [DEBUG] 更新网卡控制状态: WLAN, 可启用: 1, 可禁用: 0
[2025-05-27 09:17:55.046] [DEBUG] 更新网卡控制状态: WLAN, 可启用: 1, 可禁用: 0
[2025-05-27 09:18:10.233] [DEBUG] 更新网卡控制状态: MWS_WIFI, 可启用: 0, 可禁用: 1
[2025-05-27 09:18:11.323] [DEBUG] 刷新网卡列表
[2025-05-27 09:18:11.582] [DEBUG] 无可用网卡，禁用操作按钮
[2025-05-27 09:18:11.900] [DEBUG] 更新网卡控制状态: WLAN, 可启用: 1, 可禁用: 0
[2025-05-27 09:18:12.252] [DEBUG] 更新网卡控制状态: WLAN, 可启用: 1, 可禁用: 0
[2025-05-27 09:18:25.775] [INFO] 主窗口关闭事件
[2025-05-27 09:18:25.775] [DEBUG] 保存窗口状态
[2025-05-27 09:18:25.775] [INFO] 窗口状态已保存
[2025-05-27 09:18:25.795] [DEBUG] 主窗口已隐藏，程序在后台运行
[2025-05-27 09:18:33.701] [DEBUG] 显示悬浮窗上下文菜单
[2025-05-27 09:18:33.763] [DEBUG] 获取当前网卡的网络配置
[2025-05-27 09:18:33.763] [DEBUG] 查询接口配置: WLAN
[2025-05-27 09:18:33.821] [DEBUG] 接口 DHCP 状态: 禁用
[2025-05-27 09:18:33.886] [DEBUG] 尝试通过QNetworkInterface获取子网掩码
[2025-05-27 09:18:33.888] [DEBUG] 确定为静态IP模式
[2025-05-27 09:18:33.888] [INFO] 当前网络配置获取完成
[2025-05-27 09:18:38.722] [DEBUG] 悬浮窗上下文菜单已显示
[2025-05-27 09:31:58.970] [INFO] 主窗口关闭事件
[2025-05-27 09:31:58.970] [DEBUG] 保存窗口状态
[2025-05-27 09:31:58.970] [INFO] 窗口状态已保存
[2025-05-27 09:31:58.970] [DEBUG] 主窗口已隐藏，程序在后台运行
[2025-05-27 09:31:58.970] [INFO] 开始销毁主窗口
[2025-05-27 09:31:58.970] [DEBUG] 保存窗口状态
[2025-05-27 09:31:58.970] [DEBUG] 保存窗口状态
[2025-05-27 09:31:58.970] [INFO] 窗口状态已保存
[2025-05-27 09:31:58.970] [INFO] 主窗口销毁完成
[2025-05-27 09:34:18.195] [DEBUG] 开始检查单实例运行
[2025-05-27 09:34:18.195] [DEBUG] 检查程序是否已运行
[2025-05-27 09:34:18.195] [INFO] 单实例检查通过
[2025-05-27 09:34:18.195] [INFO] 使用的配置文件路径:D:\_Tools\My_Tools_Project\NetworkConfigManager\bin\config\posConfig.ini
[2025-05-27 09:34:18.195] [DEBUG] 初始化快速应用配置菜单
[2025-05-27 09:34:18.195] [INFO] 开始初始化UI组件
[2025-05-27 09:34:18.196] [DEBUG] 设置UI初始状态
[2025-05-27 09:34:18.196] [DEBUG] IP方法切换: DHCP
[2025-05-27 09:34:18.196] [DEBUG] 恢复窗口状态
[2025-05-27 09:34:18.196] [DEBUG] 恢复窗口状态
[2025-05-27 09:34:18.196] [INFO] 窗口状态已恢复
[2025-05-27 09:34:18.196] [INFO] UI初始化完成
[2025-05-27 09:34:18.196] [INFO] 开始初始化应用程序配置
[2025-05-27 09:34:18.196] [INFO] 开始初始化应用程序
[2025-05-27 09:34:18.197] [INFO] 配置文件加载成功
[2025-05-27 09:34:18.197] [DEBUG] 更新网络接口列表
[2025-05-27 09:34:18.197] [DEBUG] 更新网络接口列表
[2025-05-27 09:34:18.335] [INFO] 找到 1 个网络接口
[2025-05-27 09:34:18.335] [DEBUG] 更新所有配置列表
[2025-05-27 09:34:18.335] [INFO] 显示 2 个配置
[2025-05-27 09:34:18.335] [DEBUG] 更新快速应用菜单
[2025-05-27 09:34:18.335] [DEBUG] 获取当前网卡的网络配置
[2025-05-27 09:34:18.335] [DEBUG] 查询接口配置: WLAN
[2025-05-27 09:34:18.394] [DEBUG] 接口 DHCP 状态: 禁用
[2025-05-27 09:34:18.451] [DEBUG] 尝试通过QNetworkInterface获取子网掩码
[2025-05-27 09:34:18.485] [DEBUG] 确定为静态IP模式
[2025-05-27 09:34:18.485] [INFO] 当前网络配置获取完成
[2025-05-27 09:34:18.486] [INFO] 快速应用菜单更新完成
[2025-05-27 09:34:18.486] [INFO] 网络接口列表更新完成
[2025-05-27 09:34:18.486] [INFO] 开机自启动状态: 已启用
[2025-05-27 09:34:18.486] [DEBUG] 显示浮动窗口
[2025-05-27 09:34:18.822] [INFO] 应用程序初始化完成
[2025-05-27 09:34:18.822] [INFO] 初始化系统托盘和悬浮窗
[2025-05-27 09:34:18.822] [INFO] 初始化系统托盘图标
[2025-05-27 09:34:18.827] [DEBUG] 更新快速应用菜单
[2025-05-27 09:34:18.827] [DEBUG] 获取当前网卡的网络配置
[2025-05-27 09:34:18.827] [DEBUG] 查询接口配置: WLAN
[2025-05-27 09:34:18.886] [DEBUG] 接口 DHCP 状态: 禁用
[2025-05-27 09:34:18.943] [DEBUG] 尝试通过QNetworkInterface获取子网掩码
[2025-05-27 09:34:18.946] [DEBUG] 确定为静态IP模式
[2025-05-27 09:34:18.946] [INFO] 当前网络配置获取完成
[2025-05-27 09:34:18.947] [INFO] 快速应用菜单更新完成
[2025-05-27 09:34:55.939] [INFO] 系统托盘图标初始化完成
[2025-05-27 09:35:16.558] [DEBUG] 建立信号槽连接
[2025-05-27 09:35:16.558] [DEBUG] 开始建立信号槽连接
[2025-05-27 09:35:16.559] [INFO] 初始化系统托盘图标
[2025-05-27 09:35:16.561] [DEBUG] 更新快速应用菜单
[2025-05-27 09:35:16.690] [DEBUG] 获取当前网卡的网络配置
[2025-05-27 09:35:16.690] [DEBUG] 查询接口配置: WLAN
[2025-05-27 09:35:16.756] [DEBUG] 接口 DHCP 状态: 禁用
[2025-05-27 09:35:16.817] [DEBUG] 尝试通过QNetworkInterface获取子网掩码
[2025-05-27 09:35:16.820] [DEBUG] 确定为静态IP模式
[2025-05-27 09:35:16.820] [INFO] 当前网络配置获取完成
[2025-05-27 09:35:16.820] [INFO] 快速应用菜单更新完成
[2025-05-27 09:35:16.820] [INFO] 系统托盘图标初始化完成
[2025-05-27 09:35:16.820] [INFO] 信号槽连接建立完成
[2025-05-27 09:35:16.820] [DEBUG] 显示悬浮窗
[2025-05-27 09:35:16.840] [INFO] 主窗口初始化完成
[2025-05-27 09:35:19.015] [DEBUG] 刷新网卡列表
[2025-05-27 09:35:19.325] [DEBUG] 更新网卡控制状态: WLAN, 可启用: 0, 可禁用: 1
[2025-05-27 09:35:19.697] [DEBUG] 更新网卡控制状态: WLAN, 可启用: 0, 可禁用: 1
[2025-05-27 09:35:25.326] [DEBUG] 更新网卡控制状态: MWS_WIFI, 可启用: 1, 可禁用: 0
[2025-05-27 09:35:27.826] [DEBUG] 更新网卡控制状态: 以太网, 可启用: 1, 可禁用: 0
[2025-05-27 09:35:29.405] [DEBUG] 更新网卡控制状态: WLAN, 可启用: 0, 可禁用: 1
[2025-05-27 09:35:38.973] [DEBUG] 显示悬浮窗上下文菜单
[2025-05-27 09:35:38.973] [DEBUG] 获取当前网卡的网络配置
[2025-05-27 09:35:38.973] [DEBUG] 查询接口配置: WLAN
[2025-05-27 09:35:39.036] [DEBUG] 接口 DHCP 状态: 禁用
[2025-05-27 09:35:39.095] [DEBUG] 尝试通过QNetworkInterface获取子网掩码
[2025-05-27 09:35:39.123] [DEBUG] 确定为静态IP模式
[2025-05-27 09:35:39.123] [INFO] 当前网络配置获取完成
[2025-05-27 09:35:46.651] [DEBUG] 悬浮窗上下文菜单已显示
[2025-05-27 09:35:48.246] [INFO] 主窗口关闭事件
[2025-05-27 09:35:48.246] [DEBUG] 保存窗口状态
[2025-05-27 09:35:48.246] [INFO] 窗口状态已保存
[2025-05-27 09:35:48.251] [DEBUG] 主窗口已隐藏，程序在后台运行
[2025-05-27 09:51:03.322] [DEBUG] 开始检查单实例运行
[2025-05-27 09:51:03.322] [DEBUG] 检查程序是否已运行
[2025-05-27 09:51:03.323] [INFO] 单实例检查通过
[2025-05-27 09:51:03.323] [INFO] 使用的配置文件路径:D:\_Tools\My_Tools_Project\NetworkConfigManager\bin\config\posConfig.ini
[2025-05-27 09:51:03.323] [DEBUG] 初始化快速应用配置菜单
[2025-05-27 09:51:03.323] [INFO] 开始初始化UI组件
[2025-05-27 09:51:03.323] [DEBUG] 设置UI初始状态
[2025-05-27 09:51:03.323] [DEBUG] IP方法切换: DHCP
[2025-05-27 09:51:03.323] [DEBUG] 恢复窗口状态
[2025-05-27 09:51:03.323] [DEBUG] 恢复窗口状态
[2025-05-27 09:51:03.323] [INFO] 窗口状态已恢复
[2025-05-27 09:51:03.323] [INFO] UI初始化完成
[2025-05-27 09:51:03.323] [INFO] 开始初始化应用程序配置
[2025-05-27 09:51:03.323] [INFO] 开始初始化应用程序
[2025-05-27 09:51:03.324] [INFO] 配置文件加载成功
[2025-05-27 09:51:03.324] [DEBUG] 更新网络接口列表
[2025-05-27 09:51:03.324] [DEBUG] 更新网络接口列表
[2025-05-27 09:51:03.456] [INFO] 找到 3 个网络接口
[2025-05-27 09:51:03.456] [DEBUG] 更新所有配置列表
[2025-05-27 09:51:03.457] [INFO] 显示 2 个配置
[2025-05-27 09:51:03.457] [DEBUG] 更新快速应用菜单
[2025-05-27 09:51:03.522] [DEBUG] 获取当前网卡的网络配置
[2025-05-27 09:51:03.522] [DEBUG] 查询接口配置: WLAN
[2025-05-27 09:51:03.583] [DEBUG] 接口 DHCP 状态: 禁用
[2025-05-27 09:51:03.643] [DEBUG] 尝试通过QNetworkInterface获取子网掩码
[2025-05-27 09:51:03.647] [DEBUG] 确定为静态IP模式
[2025-05-27 09:51:03.647] [INFO] 当前网络配置获取完成
[2025-05-27 09:51:03.647] [DEBUG] 获取当前网卡的网络配置
[2025-05-27 09:51:03.647] [DEBUG] 查询接口配置: MWS_WIFI
[2025-05-27 09:51:03.705] [DEBUG] 接口 DHCP 状态: 禁用
[2025-05-27 09:51:03.765] [DEBUG] 尝试通过QNetworkInterface获取子网掩码
[2025-05-27 09:51:03.768] [DEBUG] 确定为静态IP模式
[2025-05-27 09:51:03.768] [INFO] 当前网络配置获取完成
[2025-05-27 09:51:03.768] [DEBUG] 获取当前网卡的网络配置
[2025-05-27 09:51:03.768] [DEBUG] 查询接口配置: 以太网
[2025-05-27 09:51:03.827] [DEBUG] 接口 DHCP 状态: 禁用
[2025-05-27 09:51:03.882] [DEBUG] 尝试通过QNetworkInterface获取子网掩码
[2025-05-27 09:51:03.886] [DEBUG] 确定为静态IP模式
[2025-05-27 09:51:03.886] [INFO] 当前网络配置获取完成
[2025-05-27 09:51:03.886] [DEBUG] 比较静态IP配置
[2025-05-27 09:51:03.886] [DEBUG] 比较DHCP配置
[2025-05-27 09:51:03.886] [INFO] 快速应用菜单更新完成
[2025-05-27 09:51:03.886] [INFO] 网络接口列表更新完成
[2025-05-27 09:51:03.887] [INFO] 开机自启动状态: 已启用
[2025-05-27 09:51:03.887] [DEBUG] 显示浮动窗口
[2025-05-27 09:51:03.910] [INFO] 应用程序初始化完成
[2025-05-27 09:51:03.910] [INFO] 初始化系统托盘和悬浮窗
[2025-05-27 09:51:03.910] [INFO] 初始化系统托盘图标
[2025-05-27 09:51:03.914] [DEBUG] 更新快速应用菜单
[2025-05-27 09:51:03.976] [DEBUG] 获取当前网卡的网络配置
[2025-05-27 09:51:03.976] [DEBUG] 查询接口配置: WLAN
[2025-05-27 09:51:04.035] [DEBUG] 接口 DHCP 状态: 禁用
[2025-05-27 09:51:04.097] [DEBUG] 尝试通过QNetworkInterface获取子网掩码
[2025-05-27 09:51:04.101] [DEBUG] 确定为静态IP模式
[2025-05-27 09:51:04.101] [INFO] 当前网络配置获取完成
[2025-05-27 09:51:04.101] [DEBUG] 获取当前网卡的网络配置
[2025-05-27 09:51:04.101] [DEBUG] 查询接口配置: MWS_WIFI
[2025-05-27 09:51:04.157] [DEBUG] 接口 DHCP 状态: 禁用
[2025-05-27 09:51:04.212] [DEBUG] 尝试通过QNetworkInterface获取子网掩码
[2025-05-27 09:51:04.214] [DEBUG] 确定为静态IP模式
[2025-05-27 09:51:04.214] [INFO] 当前网络配置获取完成
[2025-05-27 09:51:04.214] [DEBUG] 获取当前网卡的网络配置
[2025-05-27 09:51:04.214] [DEBUG] 查询接口配置: 以太网
[2025-05-27 09:51:04.271] [DEBUG] 接口 DHCP 状态: 禁用
[2025-05-27 09:51:04.329] [DEBUG] 尝试通过QNetworkInterface获取子网掩码
[2025-05-27 09:51:04.332] [DEBUG] 确定为静态IP模式
[2025-05-27 09:51:04.332] [INFO] 当前网络配置获取完成
[2025-05-27 09:51:04.332] [DEBUG] 比较静态IP配置
[2025-05-27 09:51:04.332] [DEBUG] 比较DHCP配置
[2025-05-27 09:51:04.332] [INFO] 快速应用菜单更新完成
[2025-05-27 09:51:04.413] [INFO] 系统托盘图标初始化完成
[2025-05-27 09:51:04.413] [DEBUG] 建立信号槽连接
[2025-05-27 09:51:04.413] [DEBUG] 开始建立信号槽连接
[2025-05-27 09:51:04.413] [INFO] 初始化系统托盘图标
[2025-05-27 09:51:04.414] [DEBUG] 更新快速应用菜单
[2025-05-27 09:51:04.475] [DEBUG] 获取当前网卡的网络配置
[2025-05-27 09:51:04.475] [DEBUG] 查询接口配置: WLAN
[2025-05-27 09:51:04.538] [DEBUG] 接口 DHCP 状态: 禁用
[2025-05-27 09:51:04.597] [DEBUG] 尝试通过QNetworkInterface获取子网掩码
[2025-05-27 09:51:04.601] [DEBUG] 确定为静态IP模式
[2025-05-27 09:51:04.601] [INFO] 当前网络配置获取完成
[2025-05-27 09:51:04.601] [DEBUG] 获取当前网卡的网络配置
[2025-05-27 09:51:04.601] [DEBUG] 查询接口配置: MWS_WIFI
[2025-05-27 09:51:04.657] [DEBUG] 接口 DHCP 状态: 禁用
[2025-05-27 09:51:04.709] [DEBUG] 尝试通过QNetworkInterface获取子网掩码
[2025-05-27 09:51:04.713] [DEBUG] 确定为静态IP模式
[2025-05-27 09:51:04.713] [INFO] 当前网络配置获取完成
[2025-05-27 09:51:04.713] [DEBUG] 获取当前网卡的网络配置
[2025-05-27 09:51:04.713] [DEBUG] 查询接口配置: 以太网
[2025-05-27 09:51:04.765] [DEBUG] 接口 DHCP 状态: 禁用
[2025-05-27 09:51:04.818] [DEBUG] 尝试通过QNetworkInterface获取子网掩码
[2025-05-27 09:51:04.822] [DEBUG] 确定为静态IP模式
[2025-05-27 09:51:04.822] [INFO] 当前网络配置获取完成
[2025-05-27 09:51:04.822] [DEBUG] 比较静态IP配置
[2025-05-27 09:51:04.822] [DEBUG] 比较DHCP配置
[2025-05-27 09:51:04.822] [INFO] 快速应用菜单更新完成
[2025-05-27 09:51:04.879] [INFO] 系统托盘图标初始化完成
[2025-05-27 09:51:04.879] [INFO] 信号槽连接建立完成
[2025-05-27 09:51:04.880] [DEBUG] 显示悬浮窗
[2025-05-27 09:51:04.888] [INFO] 主窗口初始化完成
[2025-05-27 09:51:10.523] [DEBUG] 刷新网卡列表
[2025-05-27 09:51:10.903] [DEBUG] 更新网卡控制状态: WLAN, 可启用: 0, 可禁用: 1
[2025-05-27 09:51:11.271] [DEBUG] 更新网卡控制状态: WLAN, 可启用: 0, 可禁用: 1
[2025-05-27 09:51:13.393] [DEBUG] 显示悬浮窗上下文菜单
[2025-05-27 09:51:13.453] [DEBUG] 获取当前网卡的网络配置
[2025-05-27 09:51:13.453] [DEBUG] 查询接口配置: WLAN
[2025-05-27 09:51:13.511] [DEBUG] 接口 DHCP 状态: 禁用
[2025-05-27 09:51:13.568] [DEBUG] 尝试通过QNetworkInterface获取子网掩码
[2025-05-27 09:51:13.570] [DEBUG] 确定为静态IP模式
[2025-05-27 09:51:13.570] [INFO] 当前网络配置获取完成
[2025-05-27 09:51:13.571] [DEBUG] 获取当前网卡的网络配置
[2025-05-27 09:51:13.571] [DEBUG] 查询接口配置: MWS_WIFI
[2025-05-27 09:51:13.625] [DEBUG] 接口 DHCP 状态: 禁用
[2025-05-27 09:51:13.678] [DEBUG] 尝试通过QNetworkInterface获取子网掩码
[2025-05-27 09:51:13.681] [DEBUG] 确定为静态IP模式
[2025-05-27 09:51:13.681] [INFO] 当前网络配置获取完成
[2025-05-27 09:51:13.681] [DEBUG] 获取当前网卡的网络配置
[2025-05-27 09:51:13.681] [DEBUG] 查询接口配置: 以太网
[2025-05-27 09:51:13.736] [DEBUG] 接口 DHCP 状态: 禁用
[2025-05-27 09:51:13.789] [DEBUG] 尝试通过QNetworkInterface获取子网掩码
[2025-05-27 09:51:13.792] [DEBUG] 确定为静态IP模式
[2025-05-27 09:51:13.792] [INFO] 当前网络配置获取完成
[2025-05-27 09:51:13.792] [DEBUG] 比较静态IP配置
[2025-05-27 09:51:13.792] [DEBUG] 比较DHCP配置
[2025-05-27 09:51:27.630] [DEBUG] 悬浮窗上下文菜单已显示
[2025-05-27 09:51:41.620] [INFO] 主窗口关闭事件
[2025-05-27 09:51:41.620] [DEBUG] 保存窗口状态
[2025-05-27 09:51:41.620] [INFO] 窗口状态已保存
[2025-05-27 09:51:41.624] [DEBUG] 主窗口已隐藏，程序在后台运行
[2025-05-27 09:55:13.431] [DEBUG] 显示悬浮窗上下文菜单
[2025-05-27 09:55:13.593] [DEBUG] 获取当前网卡的网络配置
[2025-05-27 09:55:13.593] [DEBUG] 查询接口配置: WLAN
[2025-05-27 09:55:13.652] [DEBUG] 接口 DHCP 状态: 禁用
[2025-05-27 09:55:13.765] [DEBUG] 尝试通过QNetworkInterface获取子网掩码
[2025-05-27 09:55:13.770] [DEBUG] 确定为静态IP模式
[2025-05-27 09:55:13.770] [INFO] 当前网络配置获取完成
[2025-05-27 09:55:13.770] [DEBUG] 获取当前网卡的网络配置
[2025-05-27 09:55:13.770] [DEBUG] 查询接口配置: MWS_WIFI
[2025-05-27 09:55:13.836] [DEBUG] 接口 DHCP 状态: 禁用
[2025-05-27 09:55:13.899] [DEBUG] 尝试通过QNetworkInterface获取子网掩码
[2025-05-27 09:55:13.902] [DEBUG] 确定为静态IP模式
[2025-05-27 09:55:13.902] [INFO] 当前网络配置获取完成
[2025-05-27 09:55:13.905] [DEBUG] 获取当前网卡的网络配置
[2025-05-27 09:55:13.905] [DEBUG] 查询接口配置: 以太网
[2025-05-27 09:55:13.965] [DEBUG] 接口 DHCP 状态: 禁用
[2025-05-27 09:55:14.017] [DEBUG] 尝试通过QNetworkInterface获取子网掩码
[2025-05-27 09:55:14.020] [DEBUG] 确定为静态IP模式
[2025-05-27 09:55:14.020] [INFO] 当前网络配置获取完成
[2025-05-27 09:55:14.020] [DEBUG] 比较静态IP配置
[2025-05-27 09:55:14.020] [DEBUG] 比较DHCP配置
[2025-05-27 09:55:22.901] [DEBUG] 悬浮窗上下文菜单已显示
[2025-05-27 09:59:17.475] [INFO] 主窗口关闭事件
[2025-05-27 09:59:17.475] [DEBUG] 保存窗口状态
[2025-05-27 09:59:17.475] [INFO] 窗口状态已保存
[2025-05-27 09:59:17.475] [DEBUG] 主窗口已隐藏，程序在后台运行
[2025-05-27 09:59:17.479] [INFO] 开始销毁主窗口
[2025-05-27 09:59:17.479] [DEBUG] 保存窗口状态
[2025-05-27 09:59:17.479] [DEBUG] 保存窗口状态
[2025-05-27 09:59:17.479] [INFO] 窗口状态已保存
[2025-05-27 09:59:17.479] [INFO] 主窗口销毁完成
[2025-05-27 09:59:26.396] [DEBUG] 开始检查单实例运行
[2025-05-27 09:59:26.396] [DEBUG] 检查程序是否已运行
[2025-05-27 09:59:26.397] [INFO] 单实例检查通过
[2025-05-27 09:59:26.397] [INFO] 使用的配置文件路径:D:\_Tools\My_Tools_Project\NetworkConfigManager\bin\config\posConfig.ini
[2025-05-27 09:59:26.397] [DEBUG] 初始化快速应用配置菜单
[2025-05-27 09:59:26.397] [INFO] 开始初始化UI组件
[2025-05-27 09:59:26.397] [DEBUG] 设置UI初始状态
[2025-05-27 09:59:26.397] [DEBUG] IP方法切换: DHCP
[2025-05-27 09:59:26.397] [DEBUG] 恢复窗口状态
[2025-05-27 09:59:26.397] [DEBUG] 恢复窗口状态
[2025-05-27 09:59:26.397] [INFO] 窗口状态已恢复
[2025-05-27 09:59:26.397] [INFO] UI初始化完成
[2025-05-27 09:59:26.397] [INFO] 开始初始化应用程序配置
[2025-05-27 09:59:26.397] [INFO] 开始初始化应用程序
[2025-05-27 09:59:26.398] [INFO] 配置文件加载成功
[2025-05-27 09:59:26.398] [DEBUG] 更新网络接口列表
[2025-05-27 09:59:26.398] [DEBUG] 更新网络接口列表
[2025-05-27 09:59:26.521] [INFO] 找到 3 个网络接口
[2025-05-27 09:59:26.521] [DEBUG] 更新所有配置列表
[2025-05-27 09:59:26.521] [INFO] 显示 2 个配置
[2025-05-27 09:59:26.521] [DEBUG] 更新快速应用菜单
[2025-05-27 09:59:26.582] [DEBUG] 获取当前网卡的网络配置
[2025-05-27 09:59:26.582] [DEBUG] 查询接口配置: WLAN
[2025-05-27 09:59:26.639] [DEBUG] 接口 DHCP 状态: 禁用
[2025-05-27 09:59:26.694] [DEBUG] 尝试通过QNetworkInterface获取子网掩码
[2025-05-27 09:59:26.698] [DEBUG] 确定为静态IP模式
[2025-05-27 09:59:26.698] [INFO] 当前网络配置获取完成
[2025-05-27 09:59:26.698] [DEBUG] 获取当前网卡的网络配置
[2025-05-27 09:59:26.698] [DEBUG] 查询接口配置: MWS_WIFI
[2025-05-27 09:59:26.755] [DEBUG] 接口 DHCP 状态: 禁用
[2025-05-27 09:59:26.808] [DEBUG] 尝试通过QNetworkInterface获取子网掩码
[2025-05-27 09:59:26.812] [DEBUG] 确定为静态IP模式
[2025-05-27 09:59:26.812] [INFO] 当前网络配置获取完成
[2025-05-27 09:59:26.812] [DEBUG] 获取当前网卡的网络配置
[2025-05-27 09:59:26.812] [DEBUG] 查询接口配置: 以太网
[2025-05-27 09:59:26.865] [DEBUG] 接口 DHCP 状态: 禁用
[2025-05-27 09:59:26.919] [DEBUG] 尝试通过QNetworkInterface获取子网掩码
[2025-05-27 09:59:26.922] [DEBUG] 确定为静态IP模式
[2025-05-27 09:59:26.922] [INFO] 当前网络配置获取完成
[2025-05-27 09:59:26.922] [DEBUG] 比较静态IP配置
[2025-05-27 09:59:26.922] [DEBUG] 比较DHCP配置
[2025-05-27 09:59:26.922] [INFO] 快速应用菜单更新完成
[2025-05-27 09:59:26.922] [INFO] 网络接口列表更新完成
[2025-05-27 09:59:26.922] [INFO] 开机自启动状态: 已启用
[2025-05-27 09:59:26.922] [DEBUG] 显示浮动窗口
[2025-05-27 09:59:26.941] [INFO] 应用程序初始化完成
[2025-05-27 09:59:26.941] [INFO] 初始化系统托盘和悬浮窗
[2025-05-27 09:59:26.942] [INFO] 初始化系统托盘图标
[2025-05-27 09:59:26.945] [DEBUG] 更新快速应用菜单
[2025-05-27 09:59:27.006] [DEBUG] 获取当前网卡的网络配置
[2025-05-27 09:59:27.006] [DEBUG] 查询接口配置: WLAN
[2025-05-27 09:59:27.061] [DEBUG] 接口 DHCP 状态: 禁用
[2025-05-27 09:59:27.115] [DEBUG] 尝试通过QNetworkInterface获取子网掩码
[2025-05-27 09:59:27.117] [DEBUG] 确定为静态IP模式
[2025-05-27 09:59:27.117] [INFO] 当前网络配置获取完成
[2025-05-27 09:59:27.117] [DEBUG] 获取当前网卡的网络配置
[2025-05-27 09:59:27.117] [DEBUG] 查询接口配置: MWS_WIFI
[2025-05-27 09:59:27.172] [DEBUG] 接口 DHCP 状态: 禁用
[2025-05-27 09:59:27.226] [DEBUG] 尝试通过QNetworkInterface获取子网掩码
[2025-05-27 09:59:27.229] [DEBUG] 确定为静态IP模式
[2025-05-27 09:59:27.229] [INFO] 当前网络配置获取完成
[2025-05-27 09:59:27.229] [DEBUG] 获取当前网卡的网络配置
[2025-05-27 09:59:27.229] [DEBUG] 查询接口配置: 以太网
[2025-05-27 09:59:27.283] [DEBUG] 接口 DHCP 状态: 禁用
[2025-05-27 09:59:27.337] [DEBUG] 尝试通过QNetworkInterface获取子网掩码
[2025-05-27 09:59:27.340] [DEBUG] 确定为静态IP模式
[2025-05-27 09:59:27.340] [INFO] 当前网络配置获取完成
[2025-05-27 09:59:27.340] [DEBUG] 比较静态IP配置
[2025-05-27 09:59:27.340] [DEBUG] 比较DHCP配置
[2025-05-27 09:59:27.340] [INFO] 快速应用菜单更新完成
[2025-05-27 09:59:27.592] [INFO] 系统托盘图标初始化完成
[2025-05-27 09:59:27.592] [DEBUG] 建立信号槽连接
[2025-05-27 09:59:27.592] [DEBUG] 开始建立信号槽连接
[2025-05-27 09:59:27.592] [INFO] 初始化系统托盘图标
[2025-05-27 09:59:27.593] [DEBUG] 更新快速应用菜单
[2025-05-27 09:59:27.651] [DEBUG] 获取当前网卡的网络配置
[2025-05-27 09:59:27.652] [DEBUG] 查询接口配置: WLAN
[2025-05-27 09:59:27.707] [DEBUG] 接口 DHCP 状态: 禁用
[2025-05-27 09:59:27.760] [DEBUG] 尝试通过QNetworkInterface获取子网掩码
[2025-05-27 09:59:27.763] [DEBUG] 确定为静态IP模式
[2025-05-27 09:59:27.763] [INFO] 当前网络配置获取完成
[2025-05-27 09:59:27.763] [DEBUG] 获取当前网卡的网络配置
[2025-05-27 09:59:27.763] [DEBUG] 查询接口配置: MWS_WIFI
[2025-05-27 09:59:27.817] [DEBUG] 接口 DHCP 状态: 禁用
[2025-05-27 09:59:27.871] [DEBUG] 尝试通过QNetworkInterface获取子网掩码
[2025-05-27 09:59:27.873] [DEBUG] 确定为静态IP模式
[2025-05-27 09:59:27.873] [INFO] 当前网络配置获取完成
[2025-05-27 09:59:27.873] [DEBUG] 获取当前网卡的网络配置
[2025-05-27 09:59:27.873] [DEBUG] 查询接口配置: 以太网
[2025-05-27 09:59:27.927] [DEBUG] 接口 DHCP 状态: 禁用
[2025-05-27 09:59:27.981] [DEBUG] 尝试通过QNetworkInterface获取子网掩码
[2025-05-27 09:59:27.984] [DEBUG] 确定为静态IP模式
[2025-05-27 09:59:27.984] [INFO] 当前网络配置获取完成
[2025-05-27 09:59:27.984] [DEBUG] 比较静态IP配置
[2025-05-27 09:59:27.984] [DEBUG] 比较DHCP配置
[2025-05-27 09:59:27.984] [INFO] 快速应用菜单更新完成
[2025-05-27 09:59:28.216] [INFO] 系统托盘图标初始化完成
[2025-05-27 09:59:28.216] [INFO] 信号槽连接建立完成
[2025-05-27 09:59:28.217] [DEBUG] 显示悬浮窗
[2025-05-27 09:59:28.226] [INFO] 主窗口初始化完成
[2025-05-27 10:00:09.091] [DEBUG] 刷新网卡列表
[2025-05-27 10:00:09.463] [DEBUG] 更新网卡控制状态: WLAN, 可启用: 0, 可禁用: 1
[2025-05-27 10:00:09.814] [DEBUG] 更新网卡控制状态: WLAN, 可启用: 0, 可禁用: 1
[2025-05-27 10:00:11.146] [DEBUG] 显示悬浮窗上下文菜单
[2025-05-27 10:00:11.206] [DEBUG] 获取当前网卡的网络配置
[2025-05-27 10:00:11.206] [DEBUG] 查询接口配置: WLAN
[2025-05-27 10:00:11.262] [DEBUG] 接口 DHCP 状态: 禁用
[2025-05-27 10:00:11.318] [DEBUG] 尝试通过QNetworkInterface获取子网掩码
[2025-05-27 10:00:11.320] [DEBUG] 确定为静态IP模式
[2025-05-27 10:00:11.321] [INFO] 当前网络配置获取完成
[2025-05-27 10:00:11.380] [DEBUG] 获取当前网卡的网络配置
[2025-05-27 10:00:11.380] [DEBUG] 查询接口配置: MWS_WIFI
[2025-05-27 10:00:11.435] [DEBUG] 接口 DHCP 状态: 禁用
[2025-05-27 10:00:11.488] [DEBUG] 尝试通过QNetworkInterface获取子网掩码
[2025-05-27 10:00:11.491] [DEBUG] 确定为静态IP模式
[2025-05-27 10:00:11.491] [INFO] 当前网络配置获取完成
[2025-05-27 10:00:11.552] [DEBUG] 获取当前网卡的网络配置
[2025-05-27 10:00:11.552] [DEBUG] 查询接口配置: 以太网
[2025-05-27 10:00:11.606] [DEBUG] 接口 DHCP 状态: 禁用
[2025-05-27 10:00:11.659] [DEBUG] 尝试通过QNetworkInterface获取子网掩码
[2025-05-27 10:00:11.662] [DEBUG] 确定为静态IP模式
[2025-05-27 10:00:11.662] [INFO] 当前网络配置获取完成
[2025-05-27 10:00:11.662] [DEBUG] 比较静态IP配置
[2025-05-27 10:00:11.662] [DEBUG] 比较DHCP配置
[2025-05-27 10:00:21.735] [DEBUG] 悬浮窗上下文菜单已显示
[2025-05-27 10:00:23.034] [INFO] 主窗口关闭事件
[2025-05-27 10:00:23.034] [DEBUG] 保存窗口状态
[2025-05-27 10:00:23.034] [INFO] 窗口状态已保存
[2025-05-27 10:00:23.038] [DEBUG] 主窗口已隐藏，程序在后台运行
[2025-05-27 10:00:23.979] [DEBUG] 显示悬浮窗上下文菜单
[2025-05-27 10:00:24.096] [DEBUG] 获取当前网卡的网络配置
[2025-05-27 10:00:24.096] [DEBUG] 查询接口配置: WLAN
[2025-05-27 10:00:24.152] [DEBUG] 接口 DHCP 状态: 禁用
[2025-05-27 10:00:24.207] [DEBUG] 尝试通过QNetworkInterface获取子网掩码
[2025-05-27 10:00:24.210] [DEBUG] 确定为静态IP模式
[2025-05-27 10:00:24.210] [INFO] 当前网络配置获取完成
[2025-05-27 10:00:24.269] [DEBUG] 获取当前网卡的网络配置
[2025-05-27 10:00:24.269] [DEBUG] 查询接口配置: MWS_WIFI
[2025-05-27 10:00:24.324] [DEBUG] 接口 DHCP 状态: 禁用
[2025-05-27 10:00:24.377] [DEBUG] 尝试通过QNetworkInterface获取子网掩码
[2025-05-27 10:00:24.380] [DEBUG] 确定为静态IP模式
[2025-05-27 10:00:24.380] [INFO] 当前网络配置获取完成
[2025-05-27 10:00:24.439] [DEBUG] 获取当前网卡的网络配置
[2025-05-27 10:00:24.439] [DEBUG] 查询接口配置: 以太网
[2025-05-27 10:00:24.495] [DEBUG] 接口 DHCP 状态: 禁用
[2025-05-27 10:00:24.551] [DEBUG] 尝试通过QNetworkInterface获取子网掩码
[2025-05-27 10:00:24.554] [DEBUG] 确定为静态IP模式
[2025-05-27 10:00:24.554] [INFO] 当前网络配置获取完成
[2025-05-27 10:00:24.554] [DEBUG] 比较静态IP配置
[2025-05-27 10:00:24.554] [DEBUG] 比较DHCP配置
[2025-05-27 10:00:28.695] [DEBUG] 悬浮窗上下文菜单已显示
[2025-05-27 10:00:28.797] [INFO] 开始销毁主窗口
[2025-05-27 10:00:28.797] [DEBUG] 保存窗口状态
[2025-05-27 10:00:28.797] [DEBUG] 保存窗口状态
[2025-05-27 10:00:28.797] [INFO] 窗口状态已保存
[2025-05-27 10:00:28.797] [INFO] 主窗口销毁完成
[2025-05-27 10:11:41.683] [DEBUG] 开始检查单实例运行
[2025-05-27 10:11:41.683] [DEBUG] 检查程序是否已运行
[2025-05-27 10:11:41.683] [INFO] 单实例检查通过
[2025-05-27 10:11:41.684] [INFO] 使用的配置文件路径:D:\_Tools\My_Tools_Project\NetworkConfigManager\bin\config\posConfig.ini
[2025-05-27 10:11:41.684] [DEBUG] 初始化快速应用配置菜单
[2025-05-27 10:11:41.684] [INFO] 开始初始化UI组件
[2025-05-27 10:11:41.684] [DEBUG] 设置UI初始状态
[2025-05-27 10:11:41.684] [DEBUG] IP方法切换: DHCP
[2025-05-27 10:11:41.684] [DEBUG] 恢复窗口状态
[2025-05-27 10:11:41.684] [DEBUG] 恢复窗口状态
[2025-05-27 10:11:41.684] [INFO] 窗口状态已恢复
[2025-05-27 10:11:41.684] [INFO] UI初始化完成
[2025-05-27 10:11:41.684] [INFO] 开始初始化应用程序配置
[2025-05-27 10:11:41.684] [INFO] 开始初始化应用程序
[2025-05-27 10:11:41.684] [INFO] 配置文件加载成功
[2025-05-27 10:11:41.684] [DEBUG] 更新网络接口列表
[2025-05-27 10:11:41.684] [DEBUG] 更新网络接口列表
[2025-05-27 10:11:41.808] [INFO] 找到 3 个网络接口
[2025-05-27 10:11:41.808] [DEBUG] 更新所有配置列表
[2025-05-27 10:11:41.808] [INFO] 显示 2 个配置
[2025-05-27 10:11:41.808] [DEBUG] 更新快速应用菜单
[2025-05-27 10:11:41.869] [DEBUG] 获取当前网卡的网络配置
[2025-05-27 10:11:41.869] [DEBUG] 查询接口配置: WLAN
[2025-05-27 10:11:41.927] [DEBUG] 接口 DHCP 状态: 禁用
[2025-05-27 10:11:41.982] [DEBUG] 尝试通过QNetworkInterface获取子网掩码
[2025-05-27 10:11:41.986] [DEBUG] 确定为静态IP模式
[2025-05-27 10:11:41.986] [INFO] 当前网络配置获取完成
[2025-05-27 10:11:41.987] [DEBUG] 获取当前网卡的网络配置
[2025-05-27 10:11:41.987] [DEBUG] 查询接口配置: MWS_WIFI
[2025-05-27 10:11:42.042] [DEBUG] 接口 DHCP 状态: 禁用
[2025-05-27 10:11:42.098] [DEBUG] 尝试通过QNetworkInterface获取子网掩码
[2025-05-27 10:11:42.100] [DEBUG] 确定为静态IP模式
[2025-05-27 10:11:42.100] [INFO] 当前网络配置获取完成
[2025-05-27 10:11:42.100] [DEBUG] 获取当前网卡的网络配置
[2025-05-27 10:11:42.100] [DEBUG] 查询接口配置: 以太网
[2025-05-27 10:11:42.157] [DEBUG] 接口 DHCP 状态: 禁用
[2025-05-27 10:11:42.212] [DEBUG] 尝试通过QNetworkInterface获取子网掩码
[2025-05-27 10:11:42.215] [DEBUG] 确定为静态IP模式
[2025-05-27 10:11:42.215] [INFO] 当前网络配置获取完成
[2025-05-27 10:11:42.215] [DEBUG] 比较静态IP配置
[2025-05-27 10:11:42.215] [DEBUG] 比较DHCP配置
[2025-05-27 10:11:42.215] [INFO] 快速应用菜单更新完成
[2025-05-27 10:11:42.215] [INFO] 网络接口列表更新完成
[2025-05-27 10:11:42.215] [INFO] 开机自启动状态: 已启用
[2025-05-27 10:11:42.215] [DEBUG] 显示浮动窗口
[2025-05-27 10:11:42.239] [INFO] 应用程序初始化完成
[2025-05-27 10:11:42.239] [INFO] 初始化系统托盘和悬浮窗
[2025-05-27 10:11:42.239] [INFO] 初始化系统托盘图标
[2025-05-27 10:11:42.243] [DEBUG] 更新快速应用菜单
[2025-05-27 10:11:42.302] [DEBUG] 获取当前网卡的网络配置
[2025-05-27 10:11:42.302] [DEBUG] 查询接口配置: WLAN
[2025-05-27 10:11:42.361] [DEBUG] 接口 DHCP 状态: 禁用
[2025-05-27 10:11:42.416] [DEBUG] 尝试通过QNetworkInterface获取子网掩码
[2025-05-27 10:11:42.419] [DEBUG] 确定为静态IP模式
[2025-05-27 10:11:42.419] [INFO] 当前网络配置获取完成
[2025-05-27 10:11:42.419] [DEBUG] 获取当前网卡的网络配置
[2025-05-27 10:11:42.419] [DEBUG] 查询接口配置: MWS_WIFI
[2025-05-27 10:11:42.476] [DEBUG] 接口 DHCP 状态: 禁用
[2025-05-27 10:11:42.533] [DEBUG] 尝试通过QNetworkInterface获取子网掩码
[2025-05-27 10:11:42.536] [DEBUG] 确定为静态IP模式
[2025-05-27 10:11:42.536] [INFO] 当前网络配置获取完成
[2025-05-27 10:11:42.537] [DEBUG] 获取当前网卡的网络配置
[2025-05-27 10:11:42.537] [DEBUG] 查询接口配置: 以太网
[2025-05-27 10:11:42.594] [DEBUG] 接口 DHCP 状态: 禁用
[2025-05-27 10:11:42.647] [DEBUG] 尝试通过QNetworkInterface获取子网掩码
[2025-05-27 10:11:42.649] [DEBUG] 确定为静态IP模式
[2025-05-27 10:11:42.649] [INFO] 当前网络配置获取完成
[2025-05-27 10:11:42.650] [DEBUG] 比较静态IP配置
[2025-05-27 10:11:42.650] [DEBUG] 比较DHCP配置
[2025-05-27 10:11:42.650] [INFO] 快速应用菜单更新完成
[2025-05-27 10:11:42.903] [INFO] 系统托盘图标初始化完成
[2025-05-27 10:11:42.903] [DEBUG] 建立信号槽连接
[2025-05-27 10:11:42.903] [DEBUG] 开始建立信号槽连接
[2025-05-27 10:11:42.904] [INFO] 信号槽连接建立完成
[2025-05-27 10:11:42.904] [INFO] 初始化系统托盘图标
[2025-05-27 10:11:42.905] [DEBUG] 更新快速应用菜单
[2025-05-27 10:11:42.963] [DEBUG] 获取当前网卡的网络配置
[2025-05-27 10:11:42.963] [DEBUG] 查询接口配置: WLAN
[2025-05-27 10:11:43.018] [DEBUG] 接口 DHCP 状态: 禁用
[2025-05-27 10:11:43.074] [DEBUG] 尝试通过QNetworkInterface获取子网掩码
[2025-05-27 10:11:43.076] [DEBUG] 确定为静态IP模式
[2025-05-27 10:11:43.076] [INFO] 当前网络配置获取完成
[2025-05-27 10:11:43.076] [DEBUG] 获取当前网卡的网络配置
[2025-05-27 10:11:43.076] [DEBUG] 查询接口配置: MWS_WIFI
[2025-05-27 10:11:43.129] [DEBUG] 接口 DHCP 状态: 禁用
[2025-05-27 10:11:43.183] [DEBUG] 尝试通过QNetworkInterface获取子网掩码
[2025-05-27 10:11:43.185] [DEBUG] 确定为静态IP模式
[2025-05-27 10:11:43.185] [INFO] 当前网络配置获取完成
[2025-05-27 10:11:43.185] [DEBUG] 获取当前网卡的网络配置
[2025-05-27 10:11:43.185] [DEBUG] 查询接口配置: 以太网
[2025-05-27 10:11:43.241] [DEBUG] 接口 DHCP 状态: 禁用
[2025-05-27 10:11:43.294] [DEBUG] 尝试通过QNetworkInterface获取子网掩码
[2025-05-27 10:11:43.296] [DEBUG] 确定为静态IP模式
[2025-05-27 10:11:43.296] [INFO] 当前网络配置获取完成
[2025-05-27 10:11:43.296] [DEBUG] 比较静态IP配置
[2025-05-27 10:11:43.296] [DEBUG] 比较DHCP配置
[2025-05-27 10:11:43.296] [INFO] 快速应用菜单更新完成
[2025-05-27 10:11:43.528] [INFO] 系统托盘图标初始化完成
[2025-05-27 10:11:43.528] [DEBUG] 显示悬浮窗
[2025-05-27 10:11:43.539] [INFO] 主窗口初始化完成
[2025-05-27 10:11:49.643] [DEBUG] 显示悬浮窗上下文菜单
[2025-05-27 10:11:49.771] [DEBUG] 获取当前网卡的网络配置
[2025-05-27 10:11:49.771] [DEBUG] 查询接口配置: WLAN
[2025-05-27 10:11:49.828] [DEBUG] 接口 DHCP 状态: 禁用
[2025-05-27 10:11:49.883] [DEBUG] 尝试通过QNetworkInterface获取子网掩码
[2025-05-27 10:11:49.886] [DEBUG] 确定为静态IP模式
[2025-05-27 10:11:49.886] [INFO] 当前网络配置获取完成
[2025-05-27 10:11:49.946] [DEBUG] 获取当前网卡的网络配置
[2025-05-27 10:11:49.946] [DEBUG] 查询接口配置: MWS_WIFI
[2025-05-27 10:11:50.001] [DEBUG] 接口 DHCP 状态: 禁用
[2025-05-27 10:11:50.056] [DEBUG] 尝试通过QNetworkInterface获取子网掩码
[2025-05-27 10:11:50.059] [DEBUG] 确定为静态IP模式
[2025-05-27 10:11:50.059] [INFO] 当前网络配置获取完成
[2025-05-27 10:11:50.118] [DEBUG] 获取当前网卡的网络配置
[2025-05-27 10:11:50.118] [DEBUG] 查询接口配置: 以太网
[2025-05-27 10:11:50.173] [DEBUG] 接口 DHCP 状态: 禁用
[2025-05-27 10:11:50.229] [DEBUG] 尝试通过QNetworkInterface获取子网掩码
[2025-05-27 10:11:50.232] [DEBUG] 确定为静态IP模式
[2025-05-27 10:11:50.232] [INFO] 当前网络配置获取完成
[2025-05-27 10:11:50.232] [DEBUG] 比较静态IP配置
[2025-05-27 10:11:50.232] [DEBUG] 比较DHCP配置
[2025-05-27 10:11:59.343] [DEBUG] 悬浮窗上下文菜单已显示
[2025-05-27 10:12:06.452] [DEBUG] 显示悬浮窗上下文菜单
[2025-05-27 10:12:06.582] [DEBUG] 获取当前网卡的网络配置
[2025-05-27 10:12:06.582] [DEBUG] 查询接口配置: WLAN
[2025-05-27 10:12:06.638] [DEBUG] 接口 DHCP 状态: 禁用
[2025-05-27 10:12:06.694] [DEBUG] 尝试通过QNetworkInterface获取子网掩码
[2025-05-27 10:12:06.697] [DEBUG] 确定为静态IP模式
[2025-05-27 10:12:06.697] [INFO] 当前网络配置获取完成
[2025-05-27 10:12:06.755] [DEBUG] 获取当前网卡的网络配置
[2025-05-27 10:12:06.755] [DEBUG] 查询接口配置: MWS_WIFI
[2025-05-27 10:12:06.811] [DEBUG] 接口 DHCP 状态: 禁用
[2025-05-27 10:12:06.865] [DEBUG] 尝试通过QNetworkInterface获取子网掩码
[2025-05-27 10:12:06.867] [DEBUG] 确定为静态IP模式
[2025-05-27 10:12:06.867] [INFO] 当前网络配置获取完成
[2025-05-27 10:12:06.928] [DEBUG] 获取当前网卡的网络配置
[2025-05-27 10:12:06.928] [DEBUG] 查询接口配置: 以太网
[2025-05-27 10:12:06.983] [DEBUG] 接口 DHCP 状态: 禁用
[2025-05-27 10:12:07.038] [DEBUG] 尝试通过QNetworkInterface获取子网掩码
[2025-05-27 10:12:07.041] [DEBUG] 确定为静态IP模式
[2025-05-27 10:12:07.041] [INFO] 当前网络配置获取完成
[2025-05-27 10:12:07.041] [DEBUG] 比较静态IP配置
[2025-05-27 10:12:07.041] [DEBUG] 比较DHCP配置
[2025-05-27 10:12:08.516] [INFO] 设置悬浮窗置顶: 否
[2025-05-27 10:12:08.522] [DEBUG] 悬浮窗上下文菜单已显示
[2025-05-27 10:12:09.083] [DEBUG] 显示悬浮窗上下文菜单
[2025-05-27 10:12:09.141] [DEBUG] 获取当前网卡的网络配置
[2025-05-27 10:12:09.141] [DEBUG] 查询接口配置: WLAN
[2025-05-27 10:12:09.199] [DEBUG] 接口 DHCP 状态: 禁用
[2025-05-27 10:12:09.255] [DEBUG] 尝试通过QNetworkInterface获取子网掩码
[2025-05-27 10:12:09.257] [DEBUG] 确定为静态IP模式
[2025-05-27 10:12:09.257] [INFO] 当前网络配置获取完成
[2025-05-27 10:12:09.317] [DEBUG] 获取当前网卡的网络配置
[2025-05-27 10:12:09.317] [DEBUG] 查询接口配置: MWS_WIFI
[2025-05-27 10:12:09.374] [DEBUG] 接口 DHCP 状态: 禁用
[2025-05-27 10:12:09.449] [DEBUG] 尝试通过QNetworkInterface获取子网掩码
[2025-05-27 10:12:09.453] [DEBUG] 确定为静态IP模式
[2025-05-27 10:12:09.453] [INFO] 当前网络配置获取完成
[2025-05-27 10:12:09.514] [DEBUG] 获取当前网卡的网络配置
[2025-05-27 10:12:09.514] [DEBUG] 查询接口配置: 以太网
[2025-05-27 10:12:09.574] [DEBUG] 接口 DHCP 状态: 禁用
[2025-05-27 10:12:09.629] [DEBUG] 尝试通过QNetworkInterface获取子网掩码
[2025-05-27 10:12:09.632] [DEBUG] 确定为静态IP模式
[2025-05-27 10:12:09.632] [INFO] 当前网络配置获取完成
[2025-05-27 10:12:09.632] [DEBUG] 比较静态IP配置
[2025-05-27 10:12:09.632] [DEBUG] 比较DHCP配置
[2025-05-27 10:12:10.539] [INFO] 设置悬浮窗置顶: 是
[2025-05-27 10:12:10.543] [DEBUG] 悬浮窗上下文菜单已显示
[2025-05-27 10:12:14.370] [INFO] 主窗口关闭事件
[2025-05-27 10:12:14.370] [DEBUG] 保存窗口状态
[2025-05-27 10:12:14.370] [INFO] 窗口状态已保存
[2025-05-27 10:12:14.375] [DEBUG] 主窗口已隐藏，程序在后台运行
[2025-05-27 10:12:15.658] [DEBUG] 显示悬浮窗上下文菜单
[2025-05-27 10:12:15.783] [DEBUG] 获取当前网卡的网络配置
[2025-05-27 10:12:15.783] [DEBUG] 查询接口配置: WLAN
[2025-05-27 10:12:15.840] [DEBUG] 接口 DHCP 状态: 禁用
[2025-05-27 10:12:15.895] [DEBUG] 尝试通过QNetworkInterface获取子网掩码
[2025-05-27 10:12:15.898] [DEBUG] 确定为静态IP模式
[2025-05-27 10:12:15.898] [INFO] 当前网络配置获取完成
[2025-05-27 10:12:15.960] [DEBUG] 获取当前网卡的网络配置
[2025-05-27 10:12:15.960] [DEBUG] 查询接口配置: MWS_WIFI
[2025-05-27 10:12:16.014] [DEBUG] 接口 DHCP 状态: 禁用
[2025-05-27 10:12:16.070] [DEBUG] 尝试通过QNetworkInterface获取子网掩码
[2025-05-27 10:12:16.073] [DEBUG] 确定为静态IP模式
[2025-05-27 10:12:16.073] [INFO] 当前网络配置获取完成
[2025-05-27 10:12:16.133] [DEBUG] 获取当前网卡的网络配置
[2025-05-27 10:12:16.133] [DEBUG] 查询接口配置: 以太网
[2025-05-27 10:12:16.189] [DEBUG] 接口 DHCP 状态: 禁用
[2025-05-27 10:12:16.245] [DEBUG] 尝试通过QNetworkInterface获取子网掩码
[2025-05-27 10:12:16.247] [DEBUG] 确定为静态IP模式
[2025-05-27 10:12:16.247] [INFO] 当前网络配置获取完成
[2025-05-27 10:12:16.248] [DEBUG] 比较静态IP配置
[2025-05-27 10:12:16.248] [DEBUG] 比较DHCP配置
[2025-05-27 10:12:20.431] [DEBUG] 悬浮窗上下文菜单已显示
[2025-05-27 10:12:20.539] [INFO] 开始销毁主窗口
[2025-05-27 10:12:20.539] [DEBUG] 保存窗口状态
[2025-05-27 10:12:20.539] [DEBUG] 保存窗口状态
[2025-05-27 10:12:20.539] [INFO] 窗口状态已保存
[2025-05-27 10:12:20.539] [INFO] 主窗口销毁完成
[2025-05-27 10:30:39.588] [DEBUG] 开始检查单实例运行
[2025-05-27 10:30:39.588] [DEBUG] 检查程序是否已运行
[2025-05-27 10:30:39.588] [INFO] 单实例检查通过
[2025-05-27 10:30:39.588] [INFO] 使用的配置文件路径:D:\_Tools\My_Tools_Project\NetworkConfigManager\bin\config\posConfig.ini
[2025-05-27 10:30:39.588] [DEBUG] 初始化快速应用配置菜单
[2025-05-27 10:30:39.588] [INFO] 开始初始化UI组件
[2025-05-27 10:30:39.588] [DEBUG] 设置UI初始状态
[2025-05-27 10:30:39.588] [DEBUG] IP方法切换: DHCP
[2025-05-27 10:30:39.589] [DEBUG] 恢复窗口状态
[2025-05-27 10:30:39.589] [DEBUG] 恢复窗口状态
[2025-05-27 10:30:39.589] [INFO] 窗口状态已恢复
[2025-05-27 10:30:39.589] [INFO] UI初始化完成
[2025-05-27 10:30:39.589] [INFO] 开始初始化应用程序配置
[2025-05-27 10:30:39.589] [INFO] 开始初始化应用程序
[2025-05-27 10:30:39.590] [INFO] 配置文件加载成功
[2025-05-27 10:30:39.590] [DEBUG] 更新网络接口列表
[2025-05-27 10:30:39.590] [DEBUG] 更新网络接口列表
[2025-05-27 10:30:39.723] [INFO] 找到 3 个网络接口
[2025-05-27 10:30:39.723] [DEBUG] 更新所有配置列表
[2025-05-27 10:30:39.723] [INFO] 显示 2 个配置
[2025-05-27 10:30:39.723] [DEBUG] 更新快速应用菜单
[2025-05-27 10:30:39.783] [DEBUG] 获取当前网卡的网络配置
[2025-05-27 10:30:39.783] [DEBUG] 查询接口配置: WLAN
[2025-05-27 10:30:39.845] [DEBUG] 接口 DHCP 状态: 禁用
[2025-05-27 10:30:39.909] [DEBUG] 尝试通过QNetworkInterface获取子网掩码
[2025-05-27 10:30:39.944] [DEBUG] 确定为静态IP模式
[2025-05-27 10:30:39.944] [INFO] 当前网络配置获取完成
[2025-05-27 10:30:39.945] [DEBUG] 获取当前网卡的网络配置
[2025-05-27 10:30:39.945] [DEBUG] 查询接口配置: MWS_WIFI
[2025-05-27 10:30:40.002] [DEBUG] 接口 DHCP 状态: 禁用
[2025-05-27 10:30:40.060] [DEBUG] 尝试通过QNetworkInterface获取子网掩码
[2025-05-27 10:30:40.067] [DEBUG] 确定为静态IP模式
[2025-05-27 10:30:40.067] [INFO] 当前网络配置获取完成
[2025-05-27 10:30:40.067] [DEBUG] 获取当前网卡的网络配置
[2025-05-27 10:30:40.067] [DEBUG] 查询接口配置: 以太网
[2025-05-27 10:30:40.125] [DEBUG] 接口 DHCP 状态: 禁用
[2025-05-27 10:30:40.181] [DEBUG] 尝试通过QNetworkInterface获取子网掩码
[2025-05-27 10:30:40.187] [DEBUG] 确定为静态IP模式
[2025-05-27 10:30:40.187] [INFO] 当前网络配置获取完成
[2025-05-27 10:30:40.188] [DEBUG] 比较静态IP配置
[2025-05-27 10:30:40.188] [DEBUG] 比较DHCP配置
[2025-05-27 10:30:40.188] [INFO] 快速应用菜单更新完成
[2025-05-27 10:30:40.188] [INFO] 网络接口列表更新完成
[2025-05-27 10:30:40.188] [INFO] 开机自启动状态: 已启用
[2025-05-27 10:30:40.188] [DEBUG] 显示浮动窗口
[2025-05-27 10:30:40.530] [INFO] 应用程序初始化完成
[2025-05-27 10:30:40.530] [INFO] 初始化系统托盘和悬浮窗
[2025-05-27 10:30:40.530] [INFO] 初始化系统托盘图标
[2025-05-27 10:30:40.534] [DEBUG] 更新快速应用菜单
[2025-05-27 10:30:40.596] [DEBUG] 获取当前网卡的网络配置
[2025-05-27 10:30:40.596] [DEBUG] 查询接口配置: WLAN
[2025-05-27 10:30:40.653] [DEBUG] 接口 DHCP 状态: 禁用
[2025-05-27 10:30:40.713] [DEBUG] 尝试通过QNetworkInterface获取子网掩码
[2025-05-27 10:30:40.716] [DEBUG] 确定为静态IP模式
[2025-05-27 10:30:40.716] [INFO] 当前网络配置获取完成
[2025-05-27 10:30:40.717] [DEBUG] 获取当前网卡的网络配置
[2025-05-27 10:30:40.717] [DEBUG] 查询接口配置: MWS_WIFI
[2025-05-27 10:30:40.772] [DEBUG] 接口 DHCP 状态: 禁用
[2025-05-27 10:30:40.829] [DEBUG] 尝试通过QNetworkInterface获取子网掩码
[2025-05-27 10:30:40.832] [DEBUG] 确定为静态IP模式
[2025-05-27 10:30:40.832] [INFO] 当前网络配置获取完成
[2025-05-27 10:30:40.833] [DEBUG] 获取当前网卡的网络配置
[2025-05-27 10:30:40.833] [DEBUG] 查询接口配置: 以太网
[2025-05-27 10:30:40.889] [DEBUG] 接口 DHCP 状态: 禁用
[2025-05-27 10:30:40.945] [DEBUG] 尝试通过QNetworkInterface获取子网掩码
[2025-05-27 10:30:40.948] [DEBUG] 确定为静态IP模式
[2025-05-27 10:30:40.948] [INFO] 当前网络配置获取完成
[2025-05-27 10:30:40.948] [DEBUG] 比较静态IP配置
[2025-05-27 10:30:40.949] [DEBUG] 比较DHCP配置
[2025-05-27 10:30:40.949] [INFO] 快速应用菜单更新完成
[2025-05-27 10:30:41.205] [INFO] 系统托盘图标初始化完成
[2025-05-27 10:30:41.205] [DEBUG] 建立信号槽连接
[2025-05-27 10:30:41.205] [DEBUG] 开始建立信号槽连接
[2025-05-27 10:30:41.205] [INFO] 信号槽连接建立完成
[2025-05-27 10:30:41.205] [INFO] 初始化系统托盘图标
[2025-05-27 10:30:41.207] [DEBUG] 更新快速应用菜单
[2025-05-27 10:30:41.270] [DEBUG] 获取当前网卡的网络配置
[2025-05-27 10:30:41.270] [DEBUG] 查询接口配置: WLAN
[2025-05-27 10:30:41.330] [DEBUG] 接口 DHCP 状态: 禁用
[2025-05-27 10:30:41.387] [DEBUG] 尝试通过QNetworkInterface获取子网掩码
[2025-05-27 10:30:41.390] [DEBUG] 确定为静态IP模式
[2025-05-27 10:30:41.390] [INFO] 当前网络配置获取完成
[2025-05-27 10:30:41.390] [DEBUG] 获取当前网卡的网络配置
[2025-05-27 10:30:41.390] [DEBUG] 查询接口配置: MWS_WIFI
[2025-05-27 10:30:41.447] [DEBUG] 接口 DHCP 状态: 禁用
[2025-05-27 10:30:41.502] [DEBUG] 尝试通过QNetworkInterface获取子网掩码
[2025-05-27 10:30:41.506] [DEBUG] 确定为静态IP模式
[2025-05-27 10:30:41.506] [INFO] 当前网络配置获取完成
[2025-05-27 10:30:41.506] [DEBUG] 获取当前网卡的网络配置
[2025-05-27 10:30:41.506] [DEBUG] 查询接口配置: 以太网
[2025-05-27 10:30:41.562] [DEBUG] 接口 DHCP 状态: 禁用
[2025-05-27 10:30:41.619] [DEBUG] 尝试通过QNetworkInterface获取子网掩码
[2025-05-27 10:30:41.623] [DEBUG] 确定为静态IP模式
[2025-05-27 10:30:41.623] [INFO] 当前网络配置获取完成
[2025-05-27 10:30:41.623] [DEBUG] 比较静态IP配置
[2025-05-27 10:30:41.623] [DEBUG] 比较DHCP配置
[2025-05-27 10:30:41.623] [INFO] 快速应用菜单更新完成
[2025-05-27 10:30:41.866] [INFO] 系统托盘图标初始化完成
[2025-05-27 10:30:41.866] [DEBUG] 显示悬浮窗
[2025-05-27 10:30:41.884] [INFO] 主窗口初始化完成
[2025-05-27 10:30:44.255] [DEBUG] 刷新网卡列表
[2025-05-27 10:30:44.559] [DEBUG] 更新网卡控制状态: WLAN, 可启用: 0, 可禁用: 1
[2025-05-27 10:30:44.929] [DEBUG] 更新网卡控制状态: WLAN, 可启用: 0, 可禁用: 1
[2025-05-27 10:30:46.670] [INFO] 主窗口关闭事件
[2025-05-27 10:30:46.670] [DEBUG] 保存窗口状态
[2025-05-27 10:30:46.670] [INFO] 窗口状态已保存
[2025-05-27 10:30:46.676] [DEBUG] 主窗口已隐藏，程序在后台运行
[2025-05-27 10:30:47.470] [DEBUG] 显示悬浮窗上下文菜单
[2025-05-27 10:30:47.535] [DEBUG] 获取当前网卡的网络配置
[2025-05-27 10:30:47.535] [DEBUG] 查询接口配置: WLAN
[2025-05-27 10:30:47.592] [DEBUG] 接口 DHCP 状态: 禁用
[2025-05-27 10:30:47.655] [DEBUG] 尝试通过QNetworkInterface获取子网掩码
[2025-05-27 10:30:47.666] [DEBUG] 确定为静态IP模式
[2025-05-27 10:30:47.666] [INFO] 当前网络配置获取完成
[2025-05-27 10:30:47.726] [DEBUG] 获取当前网卡的网络配置
[2025-05-27 10:30:47.726] [DEBUG] 查询接口配置: MWS_WIFI
[2025-05-27 10:30:47.784] [DEBUG] 接口 DHCP 状态: 禁用
[2025-05-27 10:30:47.840] [DEBUG] 尝试通过QNetworkInterface获取子网掩码
[2025-05-27 10:30:47.851] [DEBUG] 确定为静态IP模式
[2025-05-27 10:30:47.851] [INFO] 当前网络配置获取完成
[2025-05-27 10:30:47.909] [DEBUG] 获取当前网卡的网络配置
[2025-05-27 10:30:47.909] [DEBUG] 查询接口配置: 以太网
[2025-05-27 10:30:47.965] [DEBUG] 接口 DHCP 状态: 禁用
[2025-05-27 10:30:48.019] [DEBUG] 尝试通过QNetworkInterface获取子网掩码
[2025-05-27 10:30:48.029] [DEBUG] 确定为静态IP模式
[2025-05-27 10:30:48.029] [INFO] 当前网络配置获取完成
[2025-05-27 10:30:48.029] [DEBUG] 比较静态IP配置
[2025-05-27 10:30:48.029] [DEBUG] 比较DHCP配置
[2025-05-27 10:31:41.908] [DEBUG] 悬浮窗上下文菜单已显示
[2025-05-27 10:31:42.002] [INFO] 开始销毁主窗口
[2025-05-27 10:31:42.003] [DEBUG] 保存窗口状态
[2025-05-27 10:31:42.003] [DEBUG] 保存窗口状态
[2025-05-27 10:31:42.003] [INFO] 窗口状态已保存
[2025-05-27 10:31:42.003] [INFO] 主窗口销毁完成
[2025-05-27 10:31:59.883] [DEBUG] 开始检查单实例运行
[2025-05-27 10:31:59.883] [DEBUG] 检查程序是否已运行
[2025-05-27 10:31:59.883] [INFO] 单实例检查通过
[2025-05-27 10:31:59.883] [INFO] 使用的配置文件路径:D:\_Tools\My_Tools_Project\NetworkConfigManager\bin\config\posConfig.ini
[2025-05-27 10:31:59.883] [DEBUG] 初始化快速应用配置菜单
[2025-05-27 10:31:59.883] [INFO] 开始初始化UI组件
[2025-05-27 10:31:59.883] [DEBUG] 设置UI初始状态
[2025-05-27 10:31:59.883] [DEBUG] IP方法切换: DHCP
[2025-05-27 10:31:59.884] [DEBUG] 恢复窗口状态
[2025-05-27 10:31:59.884] [DEBUG] 恢复窗口状态
[2025-05-27 10:31:59.884] [INFO] 窗口状态已恢复
[2025-05-27 10:31:59.884] [INFO] UI初始化完成
[2025-05-27 10:31:59.884] [INFO] 开始初始化应用程序配置
[2025-05-27 10:31:59.884] [INFO] 开始初始化应用程序
[2025-05-27 10:31:59.885] [INFO] 配置文件加载成功
[2025-05-27 10:31:59.885] [DEBUG] 更新网络接口列表
[2025-05-27 10:31:59.885] [DEBUG] 更新网络接口列表
[2025-05-27 10:32:00.014] [INFO] 找到 3 个网络接口
[2025-05-27 10:32:00.014] [DEBUG] 更新所有配置列表
[2025-05-27 10:32:00.014] [INFO] 显示 2 个配置
[2025-05-27 10:32:00.014] [DEBUG] 更新快速应用菜单
[2025-05-27 10:32:00.078] [DEBUG] 获取当前网卡的网络配置
[2025-05-27 10:32:00.078] [DEBUG] 查询接口配置: WLAN
[2025-05-27 10:32:00.134] [DEBUG] 接口 DHCP 状态: 禁用
[2025-05-27 10:32:00.194] [DEBUG] 尝试通过QNetworkInterface获取子网掩码
[2025-05-27 10:32:00.228] [DEBUG] 确定为静态IP模式
[2025-05-27 10:32:00.228] [INFO] 当前网络配置获取完成
[2025-05-27 10:32:00.229] [DEBUG] 获取当前网卡的网络配置
[2025-05-27 10:32:00.229] [DEBUG] 查询接口配置: MWS_WIFI
[2025-05-27 10:32:00.286] [DEBUG] 接口 DHCP 状态: 禁用
[2025-05-27 10:32:00.342] [DEBUG] 尝试通过QNetworkInterface获取子网掩码
[2025-05-27 10:32:00.347] [DEBUG] 确定为静态IP模式
[2025-05-27 10:32:00.348] [INFO] 当前网络配置获取完成
[2025-05-27 10:32:00.348] [DEBUG] 获取当前网卡的网络配置
[2025-05-27 10:32:00.348] [DEBUG] 查询接口配置: 以太网
[2025-05-27 10:32:00.406] [DEBUG] 接口 DHCP 状态: 禁用
[2025-05-27 10:32:00.461] [DEBUG] 尝试通过QNetworkInterface获取子网掩码
[2025-05-27 10:32:00.464] [DEBUG] 确定为静态IP模式
[2025-05-27 10:32:00.464] [INFO] 当前网络配置获取完成
[2025-05-27 10:32:00.465] [DEBUG] 比较静态IP配置
[2025-05-27 10:32:00.465] [DEBUG] 比较DHCP配置
[2025-05-27 10:32:00.465] [INFO] 快速应用菜单更新完成
[2025-05-27 10:32:00.465] [INFO] 网络接口列表更新完成
[2025-05-27 10:32:00.465] [INFO] 开机自启动状态: 已启用
[2025-05-27 10:32:00.465] [DEBUG] 显示浮动窗口
[2025-05-27 10:32:00.801] [INFO] 应用程序初始化完成
[2025-05-27 10:32:00.801] [INFO] 初始化系统托盘和悬浮窗
[2025-05-27 10:32:00.801] [INFO] 初始化系统托盘图标
[2025-05-27 10:32:00.806] [DEBUG] 更新快速应用菜单
[2025-05-27 10:32:00.866] [DEBUG] 获取当前网卡的网络配置
[2025-05-27 10:32:00.867] [DEBUG] 查询接口配置: WLAN
[2025-05-27 10:32:00.925] [DEBUG] 接口 DHCP 状态: 禁用
[2025-05-27 10:32:00.982] [DEBUG] 尝试通过QNetworkInterface获取子网掩码
[2025-05-27 10:32:00.985] [DEBUG] 确定为静态IP模式
[2025-05-27 10:32:00.985] [INFO] 当前网络配置获取完成
[2025-05-27 10:32:00.985] [DEBUG] 获取当前网卡的网络配置
[2025-05-27 10:32:00.985] [DEBUG] 查询接口配置: MWS_WIFI
[2025-05-27 10:32:01.040] [DEBUG] 接口 DHCP 状态: 禁用
[2025-05-27 10:32:01.095] [DEBUG] 尝试通过QNetworkInterface获取子网掩码
[2025-05-27 10:32:01.099] [DEBUG] 确定为静态IP模式
[2025-05-27 10:32:01.099] [INFO] 当前网络配置获取完成
[2025-05-27 10:32:01.099] [DEBUG] 获取当前网卡的网络配置
[2025-05-27 10:32:01.099] [DEBUG] 查询接口配置: 以太网
[2025-05-27 10:32:01.156] [DEBUG] 接口 DHCP 状态: 禁用
[2025-05-27 10:32:01.212] [DEBUG] 尝试通过QNetworkInterface获取子网掩码
[2025-05-27 10:32:01.216] [DEBUG] 确定为静态IP模式
[2025-05-27 10:32:01.216] [INFO] 当前网络配置获取完成
[2025-05-27 10:32:01.216] [DEBUG] 比较静态IP配置
[2025-05-27 10:32:01.216] [DEBUG] 比较DHCP配置
[2025-05-27 10:32:01.216] [INFO] 快速应用菜单更新完成
[2025-05-27 10:32:01.470] [INFO] 系统托盘图标初始化完成
[2025-05-27 10:32:01.471] [DEBUG] 建立信号槽连接
[2025-05-27 10:32:01.471] [DEBUG] 开始建立信号槽连接
[2025-05-27 10:32:01.471] [INFO] 信号槽连接建立完成
[2025-05-27 10:32:01.471] [INFO] 初始化系统托盘图标
[2025-05-27 10:32:01.474] [DEBUG] 更新快速应用菜单
[2025-05-27 10:32:01.533] [DEBUG] 获取当前网卡的网络配置
[2025-05-27 10:32:01.533] [DEBUG] 查询接口配置: WLAN
[2025-05-27 10:32:01.591] [DEBUG] 接口 DHCP 状态: 禁用
[2025-05-27 10:32:01.644] [DEBUG] 尝试通过QNetworkInterface获取子网掩码
[2025-05-27 10:32:01.647] [DEBUG] 确定为静态IP模式
[2025-05-27 10:32:01.648] [INFO] 当前网络配置获取完成
[2025-05-27 10:32:01.648] [DEBUG] 获取当前网卡的网络配置
[2025-05-27 10:32:01.648] [DEBUG] 查询接口配置: MWS_WIFI
[2025-05-27 10:32:01.702] [DEBUG] 接口 DHCP 状态: 禁用
[2025-05-27 10:32:01.756] [DEBUG] 尝试通过QNetworkInterface获取子网掩码
[2025-05-27 10:32:01.759] [DEBUG] 确定为静态IP模式
[2025-05-27 10:32:01.759] [INFO] 当前网络配置获取完成
[2025-05-27 10:32:01.759] [DEBUG] 获取当前网卡的网络配置
[2025-05-27 10:32:01.759] [DEBUG] 查询接口配置: 以太网
[2025-05-27 10:32:01.814] [DEBUG] 接口 DHCP 状态: 禁用
[2025-05-27 10:32:01.867] [DEBUG] 尝试通过QNetworkInterface获取子网掩码
[2025-05-27 10:32:01.871] [DEBUG] 确定为静态IP模式
[2025-05-27 10:32:01.871] [INFO] 当前网络配置获取完成
[2025-05-27 10:32:01.871] [DEBUG] 比较静态IP配置
[2025-05-27 10:32:01.871] [DEBUG] 比较DHCP配置
[2025-05-27 10:32:01.871] [INFO] 快速应用菜单更新完成
[2025-05-27 10:32:02.103] [INFO] 系统托盘图标初始化完成
[2025-05-27 10:32:02.103] [DEBUG] 显示悬浮窗
[2025-05-27 10:32:02.120] [INFO] 主窗口初始化完成
[2025-05-27 10:32:04.678] [DEBUG] 显示悬浮窗上下文菜单
[2025-05-27 10:32:04.739] [DEBUG] 获取当前网卡的网络配置
[2025-05-27 10:32:04.739] [DEBUG] 查询接口配置: WLAN
[2025-05-27 10:32:04.797] [DEBUG] 接口 DHCP 状态: 禁用
[2025-05-27 10:32:04.854] [DEBUG] 尝试通过QNetworkInterface获取子网掩码
[2025-05-27 10:32:04.859] [DEBUG] 确定为静态IP模式
[2025-05-27 10:32:04.859] [INFO] 当前网络配置获取完成
[2025-05-27 10:32:04.919] [DEBUG] 获取当前网卡的网络配置
[2025-05-27 10:32:04.919] [DEBUG] 查询接口配置: MWS_WIFI
[2025-05-27 10:32:04.976] [DEBUG] 接口 DHCP 状态: 禁用
[2025-05-27 10:32:05.033] [DEBUG] 尝试通过QNetworkInterface获取子网掩码
[2025-05-27 10:32:05.036] [DEBUG] 确定为静态IP模式
[2025-05-27 10:32:05.036] [INFO] 当前网络配置获取完成
[2025-05-27 10:32:05.097] [DEBUG] 获取当前网卡的网络配置
[2025-05-27 10:32:05.097] [DEBUG] 查询接口配置: 以太网
[2025-05-27 10:32:05.151] [DEBUG] 接口 DHCP 状态: 禁用
[2025-05-27 10:32:05.205] [DEBUG] 尝试通过QNetworkInterface获取子网掩码
[2025-05-27 10:32:05.208] [DEBUG] 确定为静态IP模式
[2025-05-27 10:32:05.208] [INFO] 当前网络配置获取完成
[2025-05-27 10:32:05.208] [DEBUG] 比较静态IP配置
[2025-05-27 10:32:05.209] [DEBUG] 比较DHCP配置
[2025-05-27 10:32:29.943] [DEBUG] 刷新网卡列表
[2025-05-27 10:32:30.258] [DEBUG] 更新网卡控制状态: WLAN, 可启用: 0, 可禁用: 1
[2025-05-27 10:32:30.617] [DEBUG] 更新网卡控制状态: WLAN, 可启用: 0, 可禁用: 1
[2025-05-27 10:32:35.400] [DEBUG] 悬浮窗上下文菜单已显示
[2025-05-27 10:32:43.834] [DEBUG] 显示悬浮窗上下文菜单
[2025-05-27 10:32:43.895] [DEBUG] 获取当前网卡的网络配置
[2025-05-27 10:32:43.895] [DEBUG] 查询接口配置: WLAN
[2025-05-27 10:32:43.953] [DEBUG] 接口 DHCP 状态: 禁用
[2025-05-27 10:32:44.009] [DEBUG] 尝试通过QNetworkInterface获取子网掩码
[2025-05-27 10:32:44.014] [DEBUG] 确定为静态IP模式
[2025-05-27 10:32:44.014] [INFO] 当前网络配置获取完成
[2025-05-27 10:32:44.074] [DEBUG] 获取当前网卡的网络配置
[2025-05-27 10:32:44.074] [DEBUG] 查询接口配置: MWS_WIFI
[2025-05-27 10:32:44.131] [DEBUG] 接口 DHCP 状态: 禁用
[2025-05-27 10:32:44.187] [DEBUG] 尝试通过QNetworkInterface获取子网掩码
[2025-05-27 10:32:44.191] [DEBUG] 确定为静态IP模式
[2025-05-27 10:32:44.191] [INFO] 当前网络配置获取完成
[2025-05-27 10:32:44.255] [DEBUG] 获取当前网卡的网络配置
[2025-05-27 10:32:44.255] [DEBUG] 查询接口配置: 以太网
[2025-05-27 10:32:44.311] [DEBUG] 接口 DHCP 状态: 禁用
[2025-05-27 10:32:44.367] [DEBUG] 尝试通过QNetworkInterface获取子网掩码
[2025-05-27 10:32:44.371] [DEBUG] 确定为静态IP模式
[2025-05-27 10:32:44.371] [INFO] 当前网络配置获取完成
[2025-05-27 10:32:44.373] [DEBUG] 比较静态IP配置
[2025-05-27 10:32:44.373] [DEBUG] 比较DHCP配置
[2025-05-27 10:32:46.616] [DEBUG] 悬浮窗上下文菜单已显示
[2025-05-27 10:33:05.283] [INFO] 主窗口关闭事件
[2025-05-27 10:33:05.283] [DEBUG] 保存窗口状态
[2025-05-27 10:33:05.283] [INFO] 窗口状态已保存
[2025-05-27 10:33:05.288] [DEBUG] 主窗口已隐藏，程序在后台运行
[2025-05-27 10:33:06.059] [DEBUG] 显示悬浮窗上下文菜单
[2025-05-27 10:33:06.125] [DEBUG] 获取当前网卡的网络配置
[2025-05-27 10:33:06.125] [DEBUG] 查询接口配置: WLAN
[2025-05-27 10:33:06.185] [DEBUG] 接口 DHCP 状态: 禁用
[2025-05-27 10:33:06.241] [DEBUG] 尝试通过QNetworkInterface获取子网掩码
[2025-05-27 10:33:06.245] [DEBUG] 确定为静态IP模式
[2025-05-27 10:33:06.245] [INFO] 当前网络配置获取完成
[2025-05-27 10:33:06.305] [DEBUG] 获取当前网卡的网络配置
[2025-05-27 10:33:06.305] [DEBUG] 查询接口配置: MWS_WIFI
[2025-05-27 10:33:06.365] [DEBUG] 接口 DHCP 状态: 禁用
[2025-05-27 10:33:06.424] [DEBUG] 尝试通过QNetworkInterface获取子网掩码
[2025-05-27 10:33:06.428] [DEBUG] 确定为静态IP模式
[2025-05-27 10:33:06.428] [INFO] 当前网络配置获取完成
[2025-05-27 10:33:06.490] [DEBUG] 获取当前网卡的网络配置
[2025-05-27 10:33:06.490] [DEBUG] 查询接口配置: 以太网
[2025-05-27 10:33:06.549] [DEBUG] 接口 DHCP 状态: 禁用
[2025-05-27 10:33:06.614] [DEBUG] 尝试通过QNetworkInterface获取子网掩码
[2025-05-27 10:33:06.619] [DEBUG] 确定为静态IP模式
[2025-05-27 10:33:06.619] [INFO] 当前网络配置获取完成
[2025-05-27 10:33:06.619] [DEBUG] 比较静态IP配置
[2025-05-27 10:33:06.619] [DEBUG] 比较DHCP配置
[2025-05-27 10:33:12.061] [DEBUG] 刷新网卡列表
[2025-05-27 10:33:12.136] [DEBUG] 无可用网卡，禁用操作按钮
[2025-05-27 10:33:12.390] [DEBUG] 更新网卡控制状态: WLAN, 可启用: 0, 可禁用: 1
[2025-05-27 10:33:12.745] [DEBUG] 更新网卡控制状态: WLAN, 可启用: 0, 可禁用: 1
[2025-05-27 10:33:12.745] [DEBUG] 悬浮窗上下文菜单已显示
[2025-05-27 10:33:17.435] [DEBUG] 显示悬浮窗上下文菜单
[2025-05-27 10:33:17.501] [DEBUG] 获取当前网卡的网络配置
[2025-05-27 10:33:17.501] [DEBUG] 查询接口配置: WLAN
[2025-05-27 10:33:17.560] [DEBUG] 接口 DHCP 状态: 禁用
[2025-05-27 10:33:17.618] [DEBUG] 尝试通过QNetworkInterface获取子网掩码
[2025-05-27 10:33:17.622] [DEBUG] 确定为静态IP模式
[2025-05-27 10:33:17.622] [INFO] 当前网络配置获取完成
[2025-05-27 10:33:17.683] [DEBUG] 获取当前网卡的网络配置
[2025-05-27 10:33:17.683] [DEBUG] 查询接口配置: MWS_WIFI
[2025-05-27 10:33:17.743] [DEBUG] 接口 DHCP 状态: 禁用
[2025-05-27 10:33:17.800] [DEBUG] 尝试通过QNetworkInterface获取子网掩码
[2025-05-27 10:33:17.804] [DEBUG] 确定为静态IP模式
[2025-05-27 10:33:17.804] [INFO] 当前网络配置获取完成
[2025-05-27 10:33:17.865] [DEBUG] 获取当前网卡的网络配置
[2025-05-27 10:33:17.865] [DEBUG] 查询接口配置: 以太网
[2025-05-27 10:33:17.923] [DEBUG] 接口 DHCP 状态: 禁用
[2025-05-27 10:33:17.980] [DEBUG] 尝试通过QNetworkInterface获取子网掩码
[2025-05-27 10:33:17.984] [DEBUG] 确定为静态IP模式
[2025-05-27 10:33:17.984] [INFO] 当前网络配置获取完成
[2025-05-27 10:33:17.985] [DEBUG] 比较静态IP配置
[2025-05-27 10:33:17.985] [DEBUG] 比较DHCP配置
[2025-05-27 10:33:22.139] [DEBUG] 刷新网卡列表
[2025-05-27 10:33:22.507] [DEBUG] 无可用网卡，禁用操作按钮
[2025-05-27 10:33:22.994] [DEBUG] 更新网卡控制状态: WLAN, 可启用: 0, 可禁用: 1
[2025-05-27 10:33:23.475] [DEBUG] 更新网卡控制状态: WLAN, 可启用: 0, 可禁用: 1
[2025-05-27 10:33:23.475] [DEBUG] 悬浮窗上下文菜单已显示
[2025-05-27 10:33:25.082] [DEBUG] 显示悬浮窗上下文菜单
[2025-05-27 10:33:25.145] [DEBUG] 获取当前网卡的网络配置
[2025-05-27 10:33:25.145] [DEBUG] 查询接口配置: WLAN
[2025-05-27 10:33:25.203] [DEBUG] 接口 DHCP 状态: 禁用
[2025-05-27 10:33:25.261] [DEBUG] 尝试通过QNetworkInterface获取子网掩码
[2025-05-27 10:33:25.271] [DEBUG] 确定为静态IP模式
[2025-05-27 10:33:25.271] [INFO] 当前网络配置获取完成
[2025-05-27 10:33:25.333] [DEBUG] 获取当前网卡的网络配置
[2025-05-27 10:33:25.333] [DEBUG] 查询接口配置: MWS_WIFI
[2025-05-27 10:33:25.390] [DEBUG] 接口 DHCP 状态: 禁用
[2025-05-27 10:33:25.447] [DEBUG] 尝试通过QNetworkInterface获取子网掩码
[2025-05-27 10:33:25.457] [DEBUG] 确定为静态IP模式
[2025-05-27 10:33:25.457] [INFO] 当前网络配置获取完成
[2025-05-27 10:33:25.519] [DEBUG] 获取当前网卡的网络配置
[2025-05-27 10:33:25.519] [DEBUG] 查询接口配置: 以太网
[2025-05-27 10:33:25.579] [DEBUG] 接口 DHCP 状态: 禁用
[2025-05-27 10:33:25.640] [DEBUG] 尝试通过QNetworkInterface获取子网掩码
[2025-05-27 10:33:25.654] [DEBUG] 确定为静态IP模式
[2025-05-27 10:33:25.654] [INFO] 当前网络配置获取完成
[2025-05-27 10:33:25.654] [DEBUG] 比较静态IP配置
[2025-05-27 10:33:25.654] [DEBUG] 比较DHCP配置
[2025-05-27 10:33:28.108] [DEBUG] 刷新网卡列表
[2025-05-27 10:33:28.201] [DEBUG] 无可用网卡，禁用操作按钮
[2025-05-27 10:33:28.478] [DEBUG] 更新网卡控制状态: WLAN, 可启用: 0, 可禁用: 1
[2025-05-27 10:33:28.843] [DEBUG] 更新网卡控制状态: WLAN, 可启用: 0, 可禁用: 1
[2025-05-27 10:33:28.843] [DEBUG] 悬浮窗上下文菜单已显示
[2025-05-27 10:33:28.851] [DEBUG] 显示悬浮窗上下文菜单
[2025-05-27 10:33:28.911] [DEBUG] 获取当前网卡的网络配置
[2025-05-27 10:33:28.912] [DEBUG] 查询接口配置: WLAN
[2025-05-27 10:33:28.980] [DEBUG] 接口 DHCP 状态: 禁用
[2025-05-27 10:33:29.035] [DEBUG] 尝试通过QNetworkInterface获取子网掩码
[2025-05-27 10:33:29.045] [DEBUG] 确定为静态IP模式
[2025-05-27 10:33:29.045] [INFO] 当前网络配置获取完成
[2025-05-27 10:33:29.103] [DEBUG] 获取当前网卡的网络配置
[2025-05-27 10:33:29.103] [DEBUG] 查询接口配置: MWS_WIFI
[2025-05-27 10:33:29.161] [DEBUG] 接口 DHCP 状态: 禁用
[2025-05-27 10:33:29.214] [DEBUG] 尝试通过QNetworkInterface获取子网掩码
[2025-05-27 10:33:29.225] [DEBUG] 确定为静态IP模式
[2025-05-27 10:33:29.225] [INFO] 当前网络配置获取完成
[2025-05-27 10:33:29.284] [DEBUG] 获取当前网卡的网络配置
[2025-05-27 10:33:29.284] [DEBUG] 查询接口配置: 以太网
[2025-05-27 10:33:29.338] [DEBUG] 接口 DHCP 状态: 禁用
[2025-05-27 10:33:29.393] [DEBUG] 尝试通过QNetworkInterface获取子网掩码
[2025-05-27 10:33:29.403] [DEBUG] 确定为静态IP模式
[2025-05-27 10:33:29.403] [INFO] 当前网络配置获取完成
[2025-05-27 10:33:29.404] [DEBUG] 比较静态IP配置
[2025-05-27 10:33:29.404] [DEBUG] 比较DHCP配置
[2025-05-27 10:33:44.313] [DEBUG] 悬浮窗上下文菜单已显示
