[2025-05-27 10:59:18.390] [DEBUG] 开始检查单实例运行
[2025-05-27 10:59:18.390] [DEBUG] 检查程序是否已运行
[2025-05-27 10:59:18.390] [INFO] 单实例检查通过
[2025-05-27 10:59:18.390] [INFO] 使用的配置文件路径:D:\_Tools\My_Tools_Project\打包\NetworkConfigManager2.1_windeployqt\config\posConfig.ini
[2025-05-27 10:59:18.390] [DEBUG] 初始化快速应用配置菜单
[2025-05-27 10:59:18.390] [INFO] 开始初始化UI组件
[2025-05-27 10:59:18.390] [DEBUG] 设置UI初始状态
[2025-05-27 10:59:18.390] [DEBUG] IP方法切换: DHCP
[2025-05-27 10:59:18.391] [DEBUG] 恢复窗口状态
[2025-05-27 10:59:18.391] [DEBUG] 恢复窗口状态
[2025-05-27 10:59:18.391] [INFO] 窗口状态已恢复
[2025-05-27 10:59:18.391] [INFO] UI初始化完成
[2025-05-27 10:59:18.391] [INFO] 开始初始化应用程序配置
[2025-05-27 10:59:18.391] [INFO] 开始初始化应用程序
[2025-05-27 10:59:18.392] [INFO] 配置文件加载成功
[2025-05-27 10:59:18.392] [DEBUG] 更新网络接口列表
[2025-05-27 10:59:18.392] [DEBUG] 更新网络接口列表
[2025-05-27 10:59:18.522] [INFO] 找到 3 个网络接口
[2025-05-27 10:59:18.522] [DEBUG] 更新所有配置列表
[2025-05-27 10:59:18.522] [INFO] 显示 2 个配置
[2025-05-27 10:59:18.522] [DEBUG] 更新快速应用菜单
[2025-05-27 10:59:18.584] [DEBUG] 获取当前网卡的网络配置
[2025-05-27 10:59:18.584] [DEBUG] 查询接口配置: WLAN
[2025-05-27 10:59:18.641] [DEBUG] 接口 DHCP 状态: 禁用
[2025-05-27 10:59:18.698] [DEBUG] 尝试通过QNetworkInterface获取子网掩码
[2025-05-27 10:59:18.702] [DEBUG] 确定为静态IP模式
[2025-05-27 10:59:18.702] [INFO] 当前网络配置获取完成
[2025-05-27 10:59:18.702] [DEBUG] 获取当前网卡的网络配置
[2025-05-27 10:59:18.702] [DEBUG] 查询接口配置: MWS_WIFI
[2025-05-27 10:59:18.759] [DEBUG] 接口 DHCP 状态: 禁用
[2025-05-27 10:59:18.812] [DEBUG] 尝试通过QNetworkInterface获取子网掩码
[2025-05-27 10:59:18.815] [DEBUG] 确定为静态IP模式
[2025-05-27 10:59:18.815] [INFO] 当前网络配置获取完成
[2025-05-27 10:59:18.815] [DEBUG] 获取当前网卡的网络配置
[2025-05-27 10:59:18.816] [DEBUG] 查询接口配置: 以太网
[2025-05-27 10:59:18.871] [DEBUG] 接口 DHCP 状态: 禁用
[2025-05-27 10:59:18.924] [DEBUG] 尝试通过QNetworkInterface获取子网掩码
[2025-05-27 10:59:18.926] [DEBUG] 确定为静态IP模式
[2025-05-27 10:59:18.926] [INFO] 当前网络配置获取完成
[2025-05-27 10:59:18.927] [DEBUG] 比较静态IP配置
[2025-05-27 10:59:18.927] [DEBUG] 比较DHCP配置
[2025-05-27 10:59:18.927] [INFO] 快速应用菜单更新完成
[2025-05-27 10:59:18.927] [INFO] 网络接口列表更新完成
[2025-05-27 10:59:18.927] [DEBUG] 刷新网卡列表
[2025-05-27 10:59:19.214] [DEBUG] 更新网卡控制状态: WLAN, 可启用: 0, 可禁用: 1
[2025-05-27 10:59:19.556] [DEBUG] 更新网卡控制状态: WLAN, 可启用: 0, 可禁用: 1
[2025-05-27 10:59:19.556] [INFO] 开机自启动状态: 已启用
[2025-05-27 10:59:19.556] [DEBUG] 显示浮动窗口
[2025-05-27 10:59:19.575] [INFO] 应用程序初始化完成
[2025-05-27 10:59:19.576] [INFO] 初始化系统托盘和悬浮窗
[2025-05-27 10:59:19.576] [INFO] 初始化系统托盘图标
[2025-05-27 10:59:19.579] [DEBUG] 更新快速应用菜单
[2025-05-27 10:59:19.636] [DEBUG] 获取当前网卡的网络配置
[2025-05-27 10:59:19.636] [DEBUG] 查询接口配置: WLAN
[2025-05-27 10:59:19.688] [DEBUG] 接口 DHCP 状态: 禁用
[2025-05-27 10:59:19.741] [DEBUG] 尝试通过QNetworkInterface获取子网掩码
[2025-05-27 10:59:19.743] [DEBUG] 确定为静态IP模式
[2025-05-27 10:59:19.743] [INFO] 当前网络配置获取完成
[2025-05-27 10:59:19.744] [DEBUG] 获取当前网卡的网络配置
[2025-05-27 10:59:19.744] [DEBUG] 查询接口配置: MWS_WIFI
[2025-05-27 10:59:19.795] [DEBUG] 接口 DHCP 状态: 禁用
[2025-05-27 10:59:19.848] [DEBUG] 尝试通过QNetworkInterface获取子网掩码
[2025-05-27 10:59:19.851] [DEBUG] 确定为静态IP模式
[2025-05-27 10:59:19.851] [INFO] 当前网络配置获取完成
[2025-05-27 10:59:19.852] [DEBUG] 获取当前网卡的网络配置
[2025-05-27 10:59:19.852] [DEBUG] 查询接口配置: 以太网
[2025-05-27 10:59:19.904] [DEBUG] 接口 DHCP 状态: 禁用
[2025-05-27 10:59:19.956] [DEBUG] 尝试通过QNetworkInterface获取子网掩码
[2025-05-27 10:59:19.959] [DEBUG] 确定为静态IP模式
[2025-05-27 10:59:19.959] [INFO] 当前网络配置获取完成
[2025-05-27 10:59:19.959] [DEBUG] 比较静态IP配置
[2025-05-27 10:59:19.959] [DEBUG] 比较DHCP配置
[2025-05-27 10:59:19.959] [INFO] 快速应用菜单更新完成
[2025-05-27 10:59:20.208] [INFO] 系统托盘图标初始化完成
[2025-05-27 10:59:20.208] [DEBUG] 建立信号槽连接
[2025-05-27 10:59:20.208] [DEBUG] 开始建立信号槽连接
[2025-05-27 10:59:20.208] [INFO] 信号槽连接建立完成
[2025-05-27 10:59:20.209] [DEBUG] 显示悬浮窗
[2025-05-27 10:59:20.219] [INFO] 主窗口初始化完成
[2025-05-27 10:59:26.455] [INFO] 主窗口关闭事件
[2025-05-27 10:59:26.456] [DEBUG] 保存窗口状态
[2025-05-27 10:59:26.456] [INFO] 窗口状态已保存
[2025-05-27 10:59:26.463] [DEBUG] 主窗口已隐藏，程序在后台运行
[2025-05-27 11:00:14.553] [INFO] 开始销毁主窗口
[2025-05-27 11:00:14.553] [DEBUG] 保存窗口状态
[2025-05-27 11:00:14.553] [DEBUG] 保存窗口状态
[2025-05-27 11:00:14.553] [INFO] 窗口状态已保存
[2025-05-27 11:00:14.553] [INFO] 主窗口销毁完成
[2025-05-27 11:00:26.791] [DEBUG] 开始检查单实例运行
[2025-05-27 11:00:26.791] [DEBUG] 检查程序是否已运行
[2025-05-27 11:00:26.791] [INFO] 单实例检查通过
[2025-05-27 11:00:26.792] [INFO] 使用的配置文件路径:D:\_Tools\My_Tools_Project\打包\NetworkConfigManager2.1_windeployqt\config\posConfig.ini
[2025-05-27 11:00:26.792] [DEBUG] 初始化快速应用配置菜单
[2025-05-27 11:00:26.792] [INFO] 开始初始化UI组件
[2025-05-27 11:00:26.792] [DEBUG] 设置UI初始状态
[2025-05-27 11:00:26.792] [DEBUG] IP方法切换: DHCP
[2025-05-27 11:00:26.792] [DEBUG] 恢复窗口状态
[2025-05-27 11:00:26.792] [DEBUG] 恢复窗口状态
[2025-05-27 11:00:26.792] [INFO] 窗口状态已恢复
[2025-05-27 11:00:26.792] [INFO] UI初始化完成
[2025-05-27 11:00:26.792] [INFO] 开始初始化应用程序配置
[2025-05-27 11:00:26.792] [INFO] 开始初始化应用程序
[2025-05-27 11:00:26.793] [INFO] 配置文件加载成功
[2025-05-27 11:00:26.793] [DEBUG] 更新网络接口列表
[2025-05-27 11:00:26.793] [DEBUG] 更新网络接口列表
[2025-05-27 11:00:26.922] [INFO] 找到 3 个网络接口
[2025-05-27 11:00:26.922] [DEBUG] 更新所有配置列表
[2025-05-27 11:00:26.922] [INFO] 显示 2 个配置
[2025-05-27 11:00:26.922] [DEBUG] 更新快速应用菜单
[2025-05-27 11:00:26.982] [DEBUG] 获取当前网卡的网络配置
[2025-05-27 11:00:26.982] [DEBUG] 查询接口配置: WLAN
[2025-05-27 11:00:27.042] [DEBUG] 接口 DHCP 状态: 禁用
[2025-05-27 11:00:27.098] [DEBUG] 尝试通过QNetworkInterface获取子网掩码
[2025-05-27 11:00:27.104] [DEBUG] 确定为静态IP模式
[2025-05-27 11:00:27.104] [INFO] 当前网络配置获取完成
[2025-05-27 11:00:27.104] [DEBUG] 获取当前网卡的网络配置
[2025-05-27 11:00:27.104] [DEBUG] 查询接口配置: MWS_WIFI
[2025-05-27 11:00:27.159] [DEBUG] 接口 DHCP 状态: 禁用
[2025-05-27 11:00:27.215] [DEBUG] 尝试通过QNetworkInterface获取子网掩码
[2025-05-27 11:00:27.219] [DEBUG] 确定为静态IP模式
[2025-05-27 11:00:27.219] [INFO] 当前网络配置获取完成
[2025-05-27 11:00:27.219] [DEBUG] 获取当前网卡的网络配置
[2025-05-27 11:00:27.219] [DEBUG] 查询接口配置: 以太网
[2025-05-27 11:00:27.273] [DEBUG] 接口 DHCP 状态: 禁用
[2025-05-27 11:00:27.328] [DEBUG] 尝试通过QNetworkInterface获取子网掩码
[2025-05-27 11:00:27.330] [DEBUG] 确定为静态IP模式
[2025-05-27 11:00:27.331] [INFO] 当前网络配置获取完成
[2025-05-27 11:00:27.331] [DEBUG] 比较静态IP配置
[2025-05-27 11:00:27.331] [DEBUG] 比较DHCP配置
[2025-05-27 11:00:27.331] [INFO] 快速应用菜单更新完成
[2025-05-27 11:00:27.331] [INFO] 网络接口列表更新完成
[2025-05-27 11:00:27.331] [DEBUG] 刷新网卡列表
[2025-05-27 11:00:27.615] [DEBUG] 更新网卡控制状态: WLAN, 可启用: 0, 可禁用: 1
[2025-05-27 11:00:27.957] [DEBUG] 更新网卡控制状态: WLAN, 可启用: 0, 可禁用: 1
[2025-05-27 11:00:27.957] [INFO] 开机自启动状态: 已启用
[2025-05-27 11:00:27.957] [DEBUG] 显示浮动窗口
[2025-05-27 11:00:27.976] [INFO] 应用程序初始化完成
[2025-05-27 11:00:27.976] [INFO] 初始化系统托盘和悬浮窗
[2025-05-27 11:00:27.976] [INFO] 初始化系统托盘图标
[2025-05-27 11:00:27.980] [DEBUG] 更新快速应用菜单
[2025-05-27 11:00:28.038] [DEBUG] 获取当前网卡的网络配置
[2025-05-27 11:00:28.038] [DEBUG] 查询接口配置: WLAN
[2025-05-27 11:00:28.093] [DEBUG] 接口 DHCP 状态: 禁用
[2025-05-27 11:00:28.145] [DEBUG] 尝试通过QNetworkInterface获取子网掩码
[2025-05-27 11:00:28.148] [DEBUG] 确定为静态IP模式
[2025-05-27 11:00:28.148] [INFO] 当前网络配置获取完成
[2025-05-27 11:00:28.148] [DEBUG] 获取当前网卡的网络配置
[2025-05-27 11:00:28.148] [DEBUG] 查询接口配置: MWS_WIFI
[2025-05-27 11:00:28.200] [DEBUG] 接口 DHCP 状态: 禁用
[2025-05-27 11:00:28.253] [DEBUG] 尝试通过QNetworkInterface获取子网掩码
[2025-05-27 11:00:28.257] [DEBUG] 确定为静态IP模式
[2025-05-27 11:00:28.257] [INFO] 当前网络配置获取完成
[2025-05-27 11:00:28.257] [DEBUG] 获取当前网卡的网络配置
[2025-05-27 11:00:28.257] [DEBUG] 查询接口配置: 以太网
[2025-05-27 11:00:28.308] [DEBUG] 接口 DHCP 状态: 禁用
[2025-05-27 11:00:28.360] [DEBUG] 尝试通过QNetworkInterface获取子网掩码
[2025-05-27 11:00:28.362] [DEBUG] 确定为静态IP模式
[2025-05-27 11:00:28.362] [INFO] 当前网络配置获取完成
[2025-05-27 11:00:28.363] [DEBUG] 比较静态IP配置
[2025-05-27 11:00:28.363] [DEBUG] 比较DHCP配置
[2025-05-27 11:00:28.363] [INFO] 快速应用菜单更新完成
[2025-05-27 11:00:28.604] [INFO] 系统托盘图标初始化完成
[2025-05-27 11:00:28.604] [DEBUG] 建立信号槽连接
[2025-05-27 11:00:28.604] [DEBUG] 开始建立信号槽连接
[2025-05-27 11:00:28.604] [INFO] 信号槽连接建立完成
[2025-05-27 11:00:28.604] [DEBUG] 显示悬浮窗
[2025-05-27 11:00:28.611] [INFO] 主窗口初始化完成
[2025-05-27 11:00:30.070] [INFO] 主窗口关闭事件
[2025-05-27 11:00:30.070] [DEBUG] 保存窗口状态
[2025-05-27 11:00:30.070] [INFO] 窗口状态已保存
[2025-05-27 11:00:30.077] [DEBUG] 主窗口已隐藏，程序在后台运行
[2025-05-27 11:01:14.134] [DEBUG] 显示悬浮窗上下文菜单
[2025-05-27 11:01:14.353] [DEBUG] 获取当前网卡的网络配置
[2025-05-27 11:01:14.353] [DEBUG] 查询接口配置: WLAN
[2025-05-27 11:01:14.436] [DEBUG] 接口 DHCP 状态: 禁用
[2025-05-27 11:01:14.510] [DEBUG] 尝试通过QNetworkInterface获取子网掩码
[2025-05-27 11:01:14.513] [DEBUG] 确定为静态IP模式
[2025-05-27 11:01:14.513] [INFO] 当前网络配置获取完成
[2025-05-27 11:01:14.591] [DEBUG] 获取当前网卡的网络配置
[2025-05-27 11:01:14.591] [DEBUG] 查询接口配置: MWS_WIFI
[2025-05-27 11:01:14.661] [DEBUG] 接口 DHCP 状态: 禁用
[2025-05-27 11:01:14.722] [DEBUG] 尝试通过QNetworkInterface获取子网掩码
[2025-05-27 11:01:14.724] [DEBUG] 确定为静态IP模式
[2025-05-27 11:01:14.724] [INFO] 当前网络配置获取完成
[2025-05-27 11:01:14.787] [DEBUG] 获取当前网卡的网络配置
[2025-05-27 11:01:14.787] [DEBUG] 查询接口配置: 以太网
[2025-05-27 11:01:14.843] [DEBUG] 接口 DHCP 状态: 禁用
[2025-05-27 11:01:14.895] [DEBUG] 尝试通过QNetworkInterface获取子网掩码
[2025-05-27 11:01:14.898] [DEBUG] 确定为静态IP模式
[2025-05-27 11:01:14.898] [INFO] 当前网络配置获取完成
[2025-05-27 11:01:14.898] [DEBUG] 比较静态IP配置
[2025-05-27 11:01:14.899] [DEBUG] 比较DHCP配置
[2025-05-27 11:01:29.261] [DEBUG] 刷新网卡列表
[2025-05-27 11:01:29.350] [DEBUG] 无可用网卡，禁用操作按钮
[2025-05-27 11:01:29.575] [DEBUG] 更新网卡控制状态: WLAN, 可启用: 0, 可禁用: 1
[2025-05-27 11:01:29.902] [DEBUG] 更新网卡控制状态: WLAN, 可启用: 0, 可禁用: 1
[2025-05-27 11:01:29.902] [DEBUG] 悬浮窗上下文菜单已显示
[2025-05-27 11:01:29.905] [DEBUG] 显示悬浮窗上下文菜单
[2025-05-27 11:01:29.960] [DEBUG] 获取当前网卡的网络配置
[2025-05-27 11:01:29.960] [DEBUG] 查询接口配置: WLAN
[2025-05-27 11:01:30.013] [DEBUG] 接口 DHCP 状态: 禁用
[2025-05-27 11:01:30.065] [DEBUG] 尝试通过QNetworkInterface获取子网掩码
[2025-05-27 11:01:30.068] [DEBUG] 确定为静态IP模式
[2025-05-27 11:01:30.068] [INFO] 当前网络配置获取完成
[2025-05-27 11:01:30.122] [DEBUG] 获取当前网卡的网络配置
[2025-05-27 11:01:30.122] [DEBUG] 查询接口配置: MWS_WIFI
[2025-05-27 11:01:30.173] [DEBUG] 接口 DHCP 状态: 禁用
[2025-05-27 11:01:30.226] [DEBUG] 尝试通过QNetworkInterface获取子网掩码
[2025-05-27 11:01:30.229] [DEBUG] 确定为静态IP模式
[2025-05-27 11:01:30.229] [INFO] 当前网络配置获取完成
[2025-05-27 11:01:30.291] [DEBUG] 获取当前网卡的网络配置
[2025-05-27 11:01:30.291] [DEBUG] 查询接口配置: 以太网
[2025-05-27 11:01:30.349] [DEBUG] 接口 DHCP 状态: 禁用
[2025-05-27 11:01:30.402] [DEBUG] 尝试通过QNetworkInterface获取子网掩码
[2025-05-27 11:01:30.405] [DEBUG] 确定为静态IP模式
[2025-05-27 11:01:30.405] [INFO] 当前网络配置获取完成
[2025-05-27 11:01:30.405] [DEBUG] 比较静态IP配置
[2025-05-27 11:01:30.405] [DEBUG] 比较DHCP配置
[2025-05-27 11:01:32.550] [INFO] 从悬浮窗菜单应用配置: 以太网 (专用)
[2025-05-27 11:01:32.690] [INFO] 配置应用成功: 以太网[192.168.4.101]
[2025-05-27 11:01:32.690] [DEBUG] 更新快速应用菜单
[2025-05-27 11:01:32.745] [DEBUG] 获取当前网卡的网络配置
[2025-05-27 11:01:32.745] [DEBUG] 查询接口配置: WLAN
[2025-05-27 11:01:32.801] [DEBUG] 接口 DHCP 状态: 禁用
[2025-05-27 11:01:32.854] [DEBUG] 尝试通过QNetworkInterface获取子网掩码
[2025-05-27 11:01:32.858] [DEBUG] 确定为静态IP模式
[2025-05-27 11:01:32.858] [INFO] 当前网络配置获取完成
[2025-05-27 11:01:32.859] [DEBUG] 获取当前网卡的网络配置
[2025-05-27 11:01:32.859] [DEBUG] 查询接口配置: MWS_WIFI
[2025-05-27 11:01:32.914] [DEBUG] 接口 DHCP 状态: 禁用
[2025-05-27 11:01:32.968] [DEBUG] 尝试通过QNetworkInterface获取子网掩码
[2025-05-27 11:01:32.971] [DEBUG] 确定为静态IP模式
[2025-05-27 11:01:32.971] [INFO] 当前网络配置获取完成
[2025-05-27 11:01:32.971] [DEBUG] 获取当前网卡的网络配置
[2025-05-27 11:01:32.971] [DEBUG] 查询接口配置: 以太网
[2025-05-27 11:01:33.025] [DEBUG] 接口 DHCP 状态: 禁用
[2025-05-27 11:01:33.080] [DEBUG] 尝试通过QNetworkInterface获取子网掩码
[2025-05-27 11:01:33.083] [DEBUG] 确定为静态IP模式
[2025-05-27 11:01:33.084] [INFO] 当前网络配置获取完成
[2025-05-27 11:01:33.084] [DEBUG] 比较静态IP配置
[2025-05-27 11:01:33.084] [DEBUG] 比较DHCP配置
[2025-05-27 11:01:33.084] [INFO] 快速应用菜单更新完成
[2025-05-27 11:01:33.084] [DEBUG] 悬浮窗上下文菜单已显示
[2025-05-27 11:06:59.087] [INFO] 开始销毁主窗口
[2025-05-27 11:06:59.087] [DEBUG] 保存窗口状态
[2025-05-27 11:06:59.087] [DEBUG] 保存窗口状态
[2025-05-27 11:06:59.088] [INFO] 窗口状态已保存
[2025-05-27 11:06:59.088] [INFO] 主窗口销毁完成
